12:47:58.283 [main                     ] DEBUG Logger               - Configured Logger
12:47:58.308 [main                     ] DEBUG GameApplication      - Logging settings
Title: Academic Rumble
Version: 1.0
Width: 1280
Height: 640
Fullscreen: false
Intro: false
Profiling: false
Single step:false
App Mode: DEVELOPER
Menu Key: ESCAPE
Stage Style: DECORATED
Scene Factory: class com.example.academicrumble.MySceneFactory

12:47:58.720 [JavaFX Application Thread] DEBUG FXGLApplication      - Initializing FXGL
12:47:58.725 [JavaFX Application Thread] INFO  Engine               - FXGL-17.1 (24.03.2022 17.34) on WINDOWS (J:18.0.2 FX:18.0.1)
12:47:58.725 [JavaFX Application Thread] DEBUG Engine               - JRE Vendor Name: Amazon.com Inc.
12:47:58.725 [JavaFX Application Thread] DEBUG Engine               - Running on OS: Windows 11 version 10.0
12:47:58.725 [JavaFX Application Thread] DEBUG Engine               - Architecture: amd64
12:47:58.725 [JavaFX Application Thread] INFO  Engine               - Source code and latest versions at: https://github.com/AlmasB/FXGL
12:47:58.726 [JavaFX Application Thread] INFO  Engine               -       Ask questions and discuss at: https://github.com/AlmasB/FXGL/discussions
12:47:58.726 [JavaFX Application Thread] INFO  Engine               -              Join the FXGL chat at: https://gitter.im/AlmasB/FXGL
12:47:58.810 [JavaFX Application Thread] DEBUG PrimaryStageWindow   - Creating a JavaFX scene
12:47:58.846 [JavaFX Application Thread] DEBUG PrimaryStageWindow   - Target settings size: 1280.0 x 640.0
12:47:58.847 [JavaFX Application Thread] DEBUG PrimaryStageWindow   - Scaled scene size:    1280.0 x 640.0
12:47:58.847 [JavaFX Application Thread] DEBUG PrimaryStageWindow   - Scaled ratio: (1.0, 1.0)
12:47:58.848 [JavaFX Application Thread] DEBUG PrimaryStageWindow   - Set initial scene to FXGLStartupScene
12:47:58.856 [JavaFX Application Thread] DEBUG PrimaryStageWindow   - Opening main window
12:47:58.926 [JavaFX Application Thread] DEBUG PrimaryStageWindow   - Window border size: (16.0, 39.0)
12:47:58.927 [JavaFX Application Thread] DEBUG PrimaryStageWindow   - Scaled size: 1280.0 x 640.0
12:47:58.927 [JavaFX Application Thread] DEBUG PrimaryStageWindow   - Scaled ratio: (1.0, 1.0)
12:47:58.928 [JavaFX Application Thread] DEBUG PrimaryStageWindow   - Scene size: 1280.0 x 640.0
12:47:58.928 [JavaFX Application Thread] DEBUG PrimaryStageWindow   - Stage size: 1296.0 x 679.0
12:47:58.935 [FXGL Background Thread 1 ] DEBUG Engine               - Initializing environment variables
12:47:58.993 [FXGL Background Thread 1 ] DEBUG FXGLAssetLoaderServi - User app class for loading assets: class com.example.academicrumble.Game
12:47:58.994 [FXGL Background Thread 1 ] DEBUG GameApplicationServi - Applying CSS: fxgl_dark.css
12:47:58.995 [FXGL Background Thread 1 ] DEBUG FXGLAssetLoaderServi - Loading from file system: jar:file:///C:/Users/pelle/.m2/repository/com/github/almasb/fxgl/17.1/fxgl-17.1.jar!/fxglassets/ui/css/fxgl_dark.css
12:47:59.047 [FXGL Background Thread 1 ] DEBUG GameApplicationServi - Initializing application scenes
12:47:59.075 [FXGL Background Thread 1 ] DEBUG GameWorld            - Game world initialized
12:47:59.131 [FXGL Background Thread 1 ] DEBUG PhysicsWorld         - Physics world initialized: appHeight=640, physics.ppm=50,0
12:47:59.131 [FXGL Background Thread 1 ] DEBUG PhysicsWorld         - Using strategy: BRUTE_FORCE
12:47:59.135 [FXGL Background Thread 1 ] DEBUG GameScene            - Game scene initialized: 1280x640
12:47:59.193 [FXGL Background Thread 1 ] DEBUG FXGL.DefaultMenu     - createMenuBodyGameMenu()
12:47:59.203 [FXGL Background Thread 1 ] DEBUG FXGL.DefaultMenu     - createOptionsMenu()
12:47:59.211 [FXGL Background Thread 1 ] DEBUG FXGLAssetLoaderServi - Loading from file system: jar:file:///C:/Users/pelle/.m2/repository/com/github/almasb/fxgl/17.1/fxgl-17.1.jar!/fxglassets/textures/particles/smoke.png
12:47:59.302 [FXGL Background Thread 1 ] DEBUG FXGLAssetLoaderServi - Loading from file system: jar:file:///C:/Users/pelle/.m2/repository/com/github/almasb/fxgl/17.1/fxgl-17.1.jar!/fxglassets/textures/particles/trace_horizontal.png
12:47:59.335 [FXGL Background Thread 1 ] DEBUG GameApplicationServi - Application scenes initialized
12:47:59.346 [FXGL Background Thread 1 ] DEBUG SystemBundleService  - Loading FXGL system data
12:47:59.351 [FXGL Background Thread 1 ] DEBUG FileSystemAccess     - Reading from: D:\Leiden\Challange Week\AcademicRumble\system\fxgl.bundle
12:47:59.360 [FXGL Background Thread 1 ] DEBUG SystemBundleService  - Bundle FXGL: {}
12:47:59.360 [FXGL Background Thread 1 ] DEBUG UpdaterService       - Checking for updates
12:47:59.364 [FXGL Background Thread 4 ] DEBUG FXGLApplication      - Loading fonts
12:47:59.365 [FXGL Background Thread 4 ] DEBUG FXGLAssetLoaderServi - Loading from file system: jar:file:///C:/Users/pelle/.m2/repository/com/github/almasb/fxgl/17.1/fxgl-17.1.jar!/fxglassets/ui/fonts/VarelaRound-Regular.ttf
12:47:59.365 [FXGL Background Thread 1 ] DEBUG FXGLApplication      - Loading default localization
12:47:59.366 [FXGL Background Thread 1 ] DEBUG FXGLAssetLoaderServi - Loading from file system: jar:file:///C:/Users/pelle/.m2/repository/com/github/almasb/fxgl/17.1/fxgl-17.1.jar!/fxglassets/languages/english.lang
12:47:59.387 [FXGL Background Thread 1 ] INFO  FXGLApplication      - FXGL initialization took: 0,452 sec
12:47:59.402 [JavaFX Application Thread] DEBUG Input                - Registered new binding: Move Right - D
12:47:59.403 [JavaFX Application Thread] DEBUG Input                - Registered new binding: Move Left - A
12:47:59.403 [JavaFX Application Thread] DEBUG Input                - Registered new binding: attack - Tab
12:47:59.403 [JavaFX Application Thread] DEBUG Input                - Registered new binding: Up Down - Space
12:47:59.404 [JavaFX Application Thread] DEBUG FXGLAssetLoaderServi - Loading from file system: jar:file:///C:/Users/pelle/.m2/repository/com/github/almasb/fxgl/17.1/fxgl-17.1.jar!/fxglassets/textures/fxgl_icon.png
12:47:59.423 [JavaFX Application Thread] DEBUG FXGLAssetLoaderServi - Loading from file system: jar:file:///C:/Users/pelle/.m2/repository/com/github/almasb/fxgl/17.1/fxgl-17.1.jar!/fxglassets/textures/fxgl_default_cursor.png
12:47:59.425 [JavaFX Application Thread] DEBUG Input                - Registered new binding: Screenshot - CTRL+8
12:47:59.425 [JavaFX Application Thread] DEBUG Input                - Registered new binding: System info dump - CTRL+9
12:47:59.426 [JavaFX Application Thread] DEBUG Input                - Registered new binding: Restart - CTRL+R
12:47:59.428 [JavaFX Application Thread] DEBUG Input                - Registered new binding: Toggle Debug Camera - CTRL+7
12:47:59.431 [JavaFX Application Thread] DEBUG LoopRunner           - Starting loop
12:47:59.431 [JavaFX Application Thread] DEBUG LoopRunner           - Initializing JavaFX AnimationTimerLoop
12:47:59.433 [JavaFX Application Thread] DEBUG Input                - Clearing active input actions
12:47:59.441 [JavaFX Application Thread] DEBUG GameApplicationServi - Removing overlay from FXGLStartupScene and adding to FXGLMainMenuDummyScene
12:47:59.441 [JavaFX Application Thread] DEBUG PrimaryStageWindow   - FXGLStartupScene -> FXGLMainMenuDummyScene
12:47:59.441 [JavaFX Application Thread] DEBUG PrimaryStageWindow   - Push state: CharacterSelect
12:47:59.442 [JavaFX Application Thread] DEBUG Input                - Clearing active input actions
12:47:59.443 [JavaFX Application Thread] DEBUG GameApplicationServi - Removing overlay from FXGLMainMenuDummyScene and adding to CharacterSelect
12:47:59.444 [JavaFX Application Thread] DEBUG PrimaryStageWindow   - FXGLMainMenuDummyScene -> CharacterSelect
12:47:59.570 [FXGL Background Thread 4 ] DEBUG FXGLAssetLoaderServi - Loading from file system: jar:file:///C:/Users/pelle/.m2/repository/com/github/almasb/fxgl/17.1/fxgl-17.1.jar!/fxglassets/ui/fonts/Abel-Regular.ttf
12:47:59.585 [FXGL Background Thread 4 ] DEBUG FXGLAssetLoaderServi - Loading from file system: jar:file:///C:/Users/pelle/.m2/repository/com/github/almasb/fxgl/17.1/fxgl-17.1.jar!/fxglassets/ui/fonts/TerminalLandMono-Regular.otf
12:47:59.599 [FXGL Background Thread 4 ] DEBUG FXGLAssetLoaderServi - Loading from file system: jar:file:///C:/Users/pelle/.m2/repository/com/github/almasb/fxgl/17.1/fxgl-17.1.jar!/fxglassets/ui/fonts/Courier-Prime.ttf
12:47:59.619 [JavaFX Application Thread] DEBUG FXGLApplication      - Registering font factories with UI factory
12:47:59.809 [FXGL Background Thread 2 ] INFO  UpdaterService       - Your current version:  17.1
12:47:59.810 [FXGL Background Thread 2 ] INFO  UpdaterService       - Latest stable version: 17.3
12:48:02.364 [FXGL Background Thread 3 ] DEBUG Engine               - Logging environment variables
12:48:02.364 [FXGL Background Thread 3 ] DEBUG Engine               - achievements: []
12:48:02.364 [FXGL Background Thread 3 ] DEBUG Engine               - actualHeight: 640.0
12:48:02.365 [FXGL Background Thread 3 ] DEBUG Engine               - actualHeightProperty: ReadOnlyDoubleProperty [value: 640.0]
12:48:02.365 [FXGL Background Thread 3 ] DEBUG Engine               - actualWidth: 1280.0
12:48:02.365 [FXGL Background Thread 3 ] DEBUG Engine               - actualWidthProperty: ReadOnlyDoubleProperty [value: 1280.0]
12:48:02.365 [FXGL Background Thread 3 ] DEBUG Engine               - appIcon: fxgl_icon.png
12:48:02.365 [FXGL Background Thread 3 ] DEBUG Engine               - applicationMode: DEVELOPER
12:48:02.365 [FXGL Background Thread 3 ] DEBUG Engine               - cSSList: [fxgl_dark.css]
12:48:02.365 [FXGL Background Thread 3 ] DEBUG Engine               - collisionDetectionStrategy: BRUTE_FORCE
12:48:02.365 [FXGL Background Thread 3 ] DEBUG Engine               - configClass: Optional.empty
12:48:02.365 [FXGL Background Thread 3 ] DEBUG Engine               - credits: []
12:48:02.366 [FXGL Background Thread 3 ] DEBUG Engine               - defaultCursor: CursorInfo(imageName=fxgl_default_cursor.png, hotspotX=7.0, hotspotY=6.0)
12:48:02.366 [FXGL Background Thread 3 ] DEBUG Engine               - devBBoxColorProperty: ObjectProperty [value: 0xff0000ff]
12:48:02.367 [FXGL Background Thread 3 ] DEBUG Engine               - devEnableDebugCameraProperty: BooleanProperty [value: false]
12:48:02.367 [FXGL Background Thread 3 ] DEBUG Engine               - devSensorColorProperty: ObjectProperty [value: 0xffff00ff]
12:48:02.367 [FXGL Background Thread 3 ] DEBUG Engine               - devShowBBoxProperty: BooleanProperty [value: false]
12:48:02.367 [FXGL Background Thread 3 ] DEBUG Engine               - devShowPositionProperty: BooleanProperty [value: false]
12:48:02.367 [FXGL Background Thread 3 ] DEBUG Engine               - enabledMenuItems: []
12:48:02.367 [FXGL Background Thread 3 ] DEBUG Engine               - engineServices: [class com.almasb.fxgl.app.services.FXGLAssetLoaderService, class com.almasb.fxgl.app.FXGLApplication$GameApplicationService, class com.almasb.fxgl.app.services.FXGLDialogService, class com.almasb.fxgl.app.services.IOTaskExecutorService, class com.almasb.fxgl.io.FileSystemService, class com.almasb.fxgl.localization.LocalizationService, class com.almasb.fxgl.app.services.SystemBundleService, class com.almasb.fxgl.profile.SaveLoadService, class com.almasb.fxgl.ui.FXGLUIFactoryServiceProvider, class com.almasb.fxgl.ui.FXGLDialogFactoryServiceProvider, class com.almasb.fxgl.audio.AudioPlayer, class com.almasb.fxgl.notification.impl.NotificationServiceProvider, class com.almasb.fxgl.achievement.AchievementService, class com.almasb.fxgl.cutscene.CutsceneService, class com.almasb.fxgl.minigames.MiniGameService, class com.almasb.fxgl.net.NetService, class com.almasb.fxgl.app.services.UpdaterService, class com.almasb.fxgl.dev.DevService]
12:48:02.367 [FXGL Background Thread 3 ] DEBUG Engine               - fontGame: Abel-Regular.ttf
12:48:02.367 [FXGL Background Thread 3 ] DEBUG Engine               - fontMono: TerminalLandMono-Regular.otf
12:48:02.367 [FXGL Background Thread 3 ] DEBUG Engine               - fontText: Courier-Prime.ttf
12:48:02.367 [FXGL Background Thread 3 ] DEBUG Engine               - fontUI: VarelaRound-Regular.ttf
12:48:02.367 [FXGL Background Thread 3 ] DEBUG Engine               - fullScreen: BooleanProperty [value: false]
12:48:02.367 [FXGL Background Thread 3 ] DEBUG Engine               - gameDifficulty: MEDIUM
12:48:02.367 [FXGL Background Thread 3 ] DEBUG Engine               - gameDifficultyProperty: ObjectProperty [value: MEDIUM]
12:48:02.367 [FXGL Background Thread 3 ] DEBUG Engine               - globalMusicVolume: 0.5
12:48:02.368 [FXGL Background Thread 3 ] DEBUG Engine               - globalMusicVolumeProperty: DoubleProperty [value: 0.5]
12:48:02.368 [FXGL Background Thread 3 ] DEBUG Engine               - globalSoundVolume: 0.5
12:48:02.368 [FXGL Background Thread 3 ] DEBUG Engine               - globalSoundVolumeProperty: DoubleProperty [value: 0.5]
12:48:02.368 [FXGL Background Thread 3 ] DEBUG Engine               - height: 640
12:48:02.368 [FXGL Background Thread 3 ] DEBUG Engine               - is3D: false
12:48:02.368 [FXGL Background Thread 3 ] DEBUG Engine               - isAndroid: false
12:48:02.368 [FXGL Background Thread 3 ] DEBUG Engine               - isBrowser: false
12:48:02.368 [FXGL Background Thread 3 ] DEBUG Engine               - isClickFeedbackEnabled: false
12:48:02.368 [FXGL Background Thread 3 ] DEBUG Engine               - isCloseConfirmation: false
12:48:02.368 [FXGL Background Thread 3 ] DEBUG Engine               - isDesktop: true
12:48:02.368 [FXGL Background Thread 3 ] DEBUG Engine               - isDeveloperMenuEnabled: false
12:48:02.368 [FXGL Background Thread 3 ] DEBUG Engine               - isEmbedded: false
12:48:02.368 [FXGL Background Thread 3 ] DEBUG Engine               - isEntityPreloadEnabled: true
12:48:02.368 [FXGL Background Thread 3 ] DEBUG Engine               - isExperimentalTiledLargeMap: false
12:48:02.368 [FXGL Background Thread 3 ] DEBUG Engine               - isFileSystemWriteAllowed: true
12:48:02.368 [FXGL Background Thread 3 ] DEBUG Engine               - isFullScreenAllowed: false
12:48:02.368 [FXGL Background Thread 3 ] DEBUG Engine               - isFullScreenFromStart: false
12:48:02.368 [FXGL Background Thread 3 ] DEBUG Engine               - isGameMenuEnabled: true
12:48:02.369 [FXGL Background Thread 3 ] DEBUG Engine               - isIOS: false
12:48:02.369 [FXGL Background Thread 3 ] DEBUG Engine               - isIntroEnabled: false
12:48:02.369 [FXGL Background Thread 3 ] DEBUG Engine               - isLinux: false
12:48:02.369 [FXGL Background Thread 3 ] DEBUG Engine               - isMac: false
12:48:02.369 [FXGL Background Thread 3 ] DEBUG Engine               - isMainMenuEnabled: true
12:48:02.369 [FXGL Background Thread 3 ] DEBUG Engine               - isManualResizeEnabled: false
12:48:02.369 [FXGL Background Thread 3 ] DEBUG Engine               - isMobile: false
12:48:02.369 [FXGL Background Thread 3 ] DEBUG Engine               - isNative: false
12:48:02.369 [FXGL Background Thread 3 ] DEBUG Engine               - isPauseMusicWhenMinimized: true
12:48:02.369 [FXGL Background Thread 3 ] DEBUG Engine               - isPreserveResizeRatio: false
12:48:02.369 [FXGL Background Thread 3 ] DEBUG Engine               - isProfilingEnabled: false
12:48:02.369 [FXGL Background Thread 3 ] DEBUG Engine               - isScaleAffectedOnResize: true
12:48:02.369 [FXGL Background Thread 3 ] DEBUG Engine               - isSingleStep: false
12:48:02.369 [FXGL Background Thread 3 ] DEBUG Engine               - isUserProfileEnabled: false
12:48:02.369 [FXGL Background Thread 3 ] DEBUG Engine               - isWindows: true
12:48:02.370 [FXGL Background Thread 3 ] DEBUG Engine               - language: ObjectProperty [value: ENGLISH]
12:48:02.370 [FXGL Background Thread 3 ] DEBUG Engine               - menuKey: ESCAPE
12:48:02.370 [FXGL Background Thread 3 ] DEBUG Engine               - mouseSensitivity: 0.2
12:48:02.370 [FXGL Background Thread 3 ] DEBUG Engine               - notificationViewClass: class com.almasb.fxgl.notification.view.XboxNotificationView
12:48:02.370 [FXGL Background Thread 3 ] DEBUG Engine               - pixelsPerMeter: 50.0
12:48:02.370 [FXGL Background Thread 3 ] DEBUG Engine               - platform: WINDOWS
12:48:02.370 [FXGL Background Thread 3 ] DEBUG Engine               - prefHeightProperty: ReadOnlyDoubleProperty [value: 640.0]
12:48:02.370 [FXGL Background Thread 3 ] DEBUG Engine               - prefWidthProperty: ReadOnlyDoubleProperty [value: 1280.0]
12:48:02.370 [FXGL Background Thread 3 ] DEBUG Engine               - profileDir: profiles/
12:48:02.370 [FXGL Background Thread 3 ] DEBUG Engine               - profileName: StringProperty [value: DEFAULT]
12:48:02.370 [FXGL Background Thread 3 ] DEBUG Engine               - randomSeed: -1
12:48:02.371 [FXGL Background Thread 3 ] DEBUG Engine               - runtimeInfo: RuntimeInfo(platform=WINDOWS, version=17.1, build=24.03.2022 17.34)
12:48:02.371 [FXGL Background Thread 3 ] DEBUG Engine               - saveFileExt: sav
12:48:02.371 [FXGL Background Thread 3 ] DEBUG Engine               - scaledHeightProp$fxgl: DoubleProperty [bound, value: 640.0]
12:48:02.371 [FXGL Background Thread 3 ] DEBUG Engine               - scaledWidthProp$fxgl: DoubleProperty [bound, value: 1280.0]
12:48:02.371 [FXGL Background Thread 3 ] DEBUG Engine               - sceneFactory: com.example.academicrumble.MySceneFactory@5608e0bd
12:48:02.371 [FXGL Background Thread 3 ] DEBUG Engine               - secondsIn24h: 60
12:48:02.371 [FXGL Background Thread 3 ] DEBUG Engine               - soundMenuBack: menu/back.wav
12:48:02.371 [FXGL Background Thread 3 ] DEBUG Engine               - soundMenuPress: menu/press.wav
12:48:02.371 [FXGL Background Thread 3 ] DEBUG Engine               - soundMenuSelect: menu/select.wav
12:48:02.372 [FXGL Background Thread 3 ] DEBUG Engine               - soundNotification: core/notification.wav
12:48:02.372 [FXGL Background Thread 3 ] DEBUG Engine               - stageStyle: DECORATED
12:48:02.372 [FXGL Background Thread 3 ] DEBUG Engine               - supportedLanguages: [ENGLISH, FRENCH, GERMAN, HUNGARIAN, RUSSIAN]
12:48:02.372 [FXGL Background Thread 3 ] DEBUG Engine               - ticksPerSecond: -1
12:48:02.372 [FXGL Background Thread 3 ] DEBUG Engine               - title: Academic Rumble
12:48:02.372 [FXGL Background Thread 3 ] DEBUG Engine               - urlGithub: https://github.com/AlmasB/FXGL
12:48:02.372 [FXGL Background Thread 3 ] DEBUG Engine               - urlLeaderboard: http://fxgl-top.herokuapp.com/
12:48:02.372 [FXGL Background Thread 3 ] DEBUG Engine               - urlPOM: https://raw.githubusercontent.com/AlmasB/FXGL/release/README.md
12:48:02.372 [FXGL Background Thread 3 ] DEBUG Engine               - userAppClass: class com.example.academicrumble.Game
12:48:02.372 [FXGL Background Thread 3 ] DEBUG Engine               - version: 1.0
12:48:02.372 [FXGL Background Thread 3 ] DEBUG Engine               - versionCheckDays: 7
12:48:02.372 [FXGL Background Thread 3 ] DEBUG Engine               - width: 1280
12:48:02.372 [FXGL Background Thread 3 ] DEBUG Engine               - Logging services
12:48:02.373 [FXGL Background Thread 3 ] DEBUG Engine               - class com.almasb.fxgl.app.services.FXGLAssetLoaderService
12:48:02.373 [FXGL Background Thread 3 ] DEBUG Engine               - class com.almasb.fxgl.app.FXGLApplication$GameApplicationService
12:48:02.373 [FXGL Background Thread 3 ] DEBUG Engine               - class com.almasb.fxgl.app.services.FXGLDialogService
12:48:02.373 [FXGL Background Thread 3 ] DEBUG Engine               - class com.almasb.fxgl.app.services.IOTaskExecutorService
12:48:02.373 [FXGL Background Thread 3 ] DEBUG Engine               - class com.almasb.fxgl.io.FileSystemService
12:48:02.373 [FXGL Background Thread 3 ] DEBUG Engine               - class com.almasb.fxgl.localization.LocalizationService
12:48:02.373 [FXGL Background Thread 3 ] DEBUG Engine               - class com.almasb.fxgl.app.services.SystemBundleService
12:48:02.373 [FXGL Background Thread 3 ] DEBUG Engine               - class com.almasb.fxgl.profile.SaveLoadService
12:48:02.373 [FXGL Background Thread 3 ] DEBUG Engine               - class com.almasb.fxgl.ui.FXGLUIFactoryServiceProvider
12:48:02.373 [FXGL Background Thread 3 ] DEBUG Engine               - class com.almasb.fxgl.ui.FXGLDialogFactoryServiceProvider
12:48:02.373 [FXGL Background Thread 3 ] DEBUG Engine               - class com.almasb.fxgl.audio.AudioPlayer
12:48:02.373 [FXGL Background Thread 3 ] DEBUG Engine               - class com.almasb.fxgl.notification.impl.NotificationServiceProvider
12:48:02.373 [FXGL Background Thread 3 ] DEBUG Engine               - class com.almasb.fxgl.achievement.AchievementService
12:48:02.373 [FXGL Background Thread 3 ] DEBUG Engine               - class com.almasb.fxgl.cutscene.CutsceneService
12:48:02.373 [FXGL Background Thread 3 ] DEBUG Engine               - class com.almasb.fxgl.minigames.MiniGameService
12:48:02.374 [FXGL Background Thread 3 ] DEBUG Engine               - class com.almasb.fxgl.net.NetService
12:48:02.374 [FXGL Background Thread 3 ] DEBUG Engine               - class com.almasb.fxgl.app.services.UpdaterService
12:48:02.374 [FXGL Background Thread 3 ] DEBUG Engine               - class com.almasb.fxgl.dev.DevService
12:48:17.906 [JavaFX Application Thread] DEBUG FXGLApplication      - Exiting FXGL
12:48:17.907 [JavaFX Application Thread] DEBUG LoopRunner           - Stopping loop
12:48:17.907 [JavaFX Application Thread] DEBUG SystemBundleService  - Saving FXGL system data
12:48:17.908 [JavaFX Application Thread] DEBUG FileSystemAccess     - Writing to: D:\Leiden\Challange Week\AcademicRumble\system\fxgl.bundle
12:48:17.909 [JavaFX Application Thread] DEBUG Async                - Shutting down background threads
12:48:17.910 [JavaFX Application Thread] DEBUG PrimaryStageWindow   - Closing main window
12:48:17.921 [JavaFX Application Thread] DEBUG Logger               - Closing Logger
