12:52:27.284 [main                     ] DEBUG Logger               - Configured Logger
12:52:27.335 [main                     ] DEBUG GameApplication      - Logging settings
Title: Inloggen
Version: 0.0
Width: 800
Height: 600
Fullscreen: false
Intro: false
Profiling: false
Single step:false
App Mode: DEVELOPER
Menu Key: ESCAPE
Stage Style: DECORATED
Scene Factory: class com.example.academicrumble.Game$1

12:52:27.999 [JavaFX Application Thread] DEBUG FXGLApplication      - Initializing FXGL
12:52:28.014 [JavaFX Application Thread] INFO  Engine               - FXGL-17.1 (24.03.2022 17.34) on WINDOWS (J:18.0.2 FX:18.0.1)
12:52:28.015 [JavaFX Application Thread] DEBUG Engine               - JRE Vendor Name: Amazon.com Inc.
12:52:28.016 [JavaFX Application Thread] DEBUG Engine               - Running on OS: Windows 10 version 10.0
12:52:28.016 [JavaFX Application Thread] DEBUG Engine               - Architecture: amd64
12:52:28.016 [JavaFX Application Thread] INFO  Engine               - Source code and latest versions at: https://github.com/AlmasB/FXGL
12:52:28.017 [JavaFX Application Thread] INFO  Engine               -       Ask questions and discuss at: https://github.com/AlmasB/FXGL/discussions
12:52:28.017 [JavaFX Application Thread] INFO  Engine               -              Join the FXGL chat at: https://gitter.im/AlmasB/FXGL
12:52:28.468 [JavaFX Application Thread] DEBUG PrimaryStageWindow   - Creating a JavaFX scene
12:52:28.570 [JavaFX Application Thread] DEBUG PrimaryStageWindow   - Target settings size: 800.0 x 600.0
12:52:28.570 [JavaFX Application Thread] DEBUG PrimaryStageWindow   - Scaled scene size:    800.0 x 600.0
12:52:28.571 [JavaFX Application Thread] DEBUG PrimaryStageWindow   - Scaled ratio: (1.0, 1.0)
12:52:28.572 [JavaFX Application Thread] DEBUG PrimaryStageWindow   - Set initial scene to MyStartupScene
12:52:28.586 [JavaFX Application Thread] DEBUG PrimaryStageWindow   - Opening main window
12:52:28.833 [JavaFX Application Thread] DEBUG PrimaryStageWindow   - Window border size: (14.66668701171875, 37.33331298828125)
12:52:28.834 [JavaFX Application Thread] DEBUG PrimaryStageWindow   - Scaled size: 800.0 x 600.0
12:52:28.835 [JavaFX Application Thread] DEBUG PrimaryStageWindow   - Scaled ratio: (1.0, 1.0)
12:52:28.837 [JavaFX Application Thread] DEBUG PrimaryStageWindow   - Scene size: 800.0 x 600.0
12:52:28.838 [JavaFX Application Thread] DEBUG PrimaryStageWindow   - Stage size: 814.6666870117188 x 637.3333129882812
12:52:28.860 [FXGL Background Thread 1 ] DEBUG Engine               - Initializing environment variables
12:52:28.999 [FXGL Background Thread 1 ] DEBUG FXGLAssetLoaderServi - User app class for loading assets: class com.example.academicrumble.Game
12:52:29.002 [FXGL Background Thread 1 ] DEBUG GameApplicationServi - Applying CSS: fxgl_dark.css
12:52:29.013 [FXGL Background Thread 1 ] DEBUG FXGLAssetLoaderServi - Loading from file system: jar:file:///C:/Users/Lizanne/.m2/repository/com/github/almasb/fxgl/17.1/fxgl-17.1.jar!/fxglassets/ui/css/fxgl_dark.css
12:52:29.177 [FXGL Background Thread 1 ] DEBUG GameApplicationServi - Initializing application scenes
12:52:29.202 [FXGL Background Thread 1 ] DEBUG GameWorld            - Game world initialized
12:52:29.356 [FXGL Background Thread 1 ] DEBUG PhysicsWorld         - Physics world initialized: appHeight=600, physics.ppm=50,0
12:52:29.357 [FXGL Background Thread 1 ] DEBUG PhysicsWorld         - Using strategy: BRUTE_FORCE
12:52:29.367 [FXGL Background Thread 1 ] DEBUG GameScene            - Game scene initialized: 800x600
12:52:29.403 [FXGL Background Thread 1 ] DEBUG FXGL.DefaultMenu     - createMenuBodyGameMenu()
12:52:29.436 [FXGL Background Thread 1 ] DEBUG FXGL.DefaultMenu     - createOptionsMenu()
12:52:29.469 [FXGL Background Thread 1 ] DEBUG FXGLAssetLoaderServi - Loading from file system: jar:file:///C:/Users/Lizanne/.m2/repository/com/github/almasb/fxgl/17.1/fxgl-17.1.jar!/fxglassets/textures/particles/smoke.png
12:52:29.688 [FXGL Background Thread 1 ] DEBUG FXGLAssetLoaderServi - Loading from file system: jar:file:///C:/Users/Lizanne/.m2/repository/com/github/almasb/fxgl/17.1/fxgl-17.1.jar!/fxglassets/textures/particles/trace_horizontal.png
12:52:29.759 [FXGL Background Thread 1 ] DEBUG GameApplicationServi - Application scenes initialized
12:52:29.787 [FXGL Background Thread 1 ] DEBUG SystemBundleService  - Loading FXGL system data
12:52:29.800 [FXGL Background Thread 1 ] DEBUG FileSystemAccess     - Reading from: C:\Users\Lizanne\OneDrive - Hogeschool Leiden\Documenten\GitHub\AcademicRumble\system\fxgl.bundle
12:52:29.830 [FXGL Background Thread 1 ] DEBUG SystemBundleService  - Bundle FXGL: {}
12:52:29.830 [FXGL Background Thread 1 ] DEBUG UpdaterService       - Checking for updates
12:52:29.842 [FXGL Background Thread 4 ] DEBUG FXGLApplication      - Loading fonts
12:52:29.843 [FXGL Background Thread 1 ] DEBUG FXGLApplication      - Loading default localization
12:52:29.843 [FXGL Background Thread 4 ] DEBUG FXGLAssetLoaderServi - Loading from file system: jar:file:///C:/Users/Lizanne/.m2/repository/com/github/almasb/fxgl/17.1/fxgl-17.1.jar!/fxglassets/ui/fonts/VarelaRound-Regular.ttf
12:52:29.844 [FXGL Background Thread 1 ] DEBUG FXGLAssetLoaderServi - Loading from file system: jar:file:///C:/Users/Lizanne/.m2/repository/com/github/almasb/fxgl/17.1/fxgl-17.1.jar!/fxglassets/languages/english.lang
12:52:29.892 [FXGL Background Thread 1 ] INFO  FXGLApplication      - FXGL initialization took: 1,032 sec
12:52:29.895 [JavaFX Application Thread] DEBUG FXGLAssetLoaderServi - Loading from file system: jar:file:///C:/Users/Lizanne/.m2/repository/com/github/almasb/fxgl/17.1/fxgl-17.1.jar!/fxglassets/textures/fxgl_icon.png
12:52:29.972 [JavaFX Application Thread] DEBUG FXGLAssetLoaderServi - Loading from file system: jar:file:///C:/Users/Lizanne/.m2/repository/com/github/almasb/fxgl/17.1/fxgl-17.1.jar!/fxglassets/textures/fxgl_default_cursor.png
12:52:30.003 [JavaFX Application Thread] DEBUG Input                - Registered new binding: Screenshot - CTRL+8
12:52:30.004 [JavaFX Application Thread] DEBUG Input                - Registered new binding: System info dump - CTRL+9
12:52:30.005 [JavaFX Application Thread] DEBUG Input                - Registered new binding: Restart - CTRL+R
12:52:30.007 [JavaFX Application Thread] DEBUG Input                - Registered new binding: Toggle Debug Camera - CTRL+7
12:52:30.012 [JavaFX Application Thread] DEBUG LoopRunner           - Starting loop
12:52:30.012 [JavaFX Application Thread] DEBUG LoopRunner           - Initializing JavaFX AnimationTimerLoop
12:52:30.017 [JavaFX Application Thread] DEBUG GameApplicationServi - Starting new game
12:52:30.018 [JavaFX Application Thread] DEBUG Input                - Clearing active input actions
12:52:30.038 [JavaFX Application Thread] DEBUG GameApplicationServi - Removing overlay from MyStartupScene and adding to FXGLLoadingScene
12:52:30.039 [JavaFX Application Thread] DEBUG PrimaryStageWindow   - MyStartupScene -> FXGLLoadingScene
12:52:30.040 [JavaFX Application Thread] DEBUG GameApplicationServi - Clearing previous game
12:52:30.040 [JavaFX Application Thread] DEBUG GameScene            - Clearing game scene
12:52:30.040 [JavaFX Application Thread] DEBUG GameWorld            - Clearing game world
12:52:30.040 [JavaFX Application Thread] DEBUG PhysicsWorld         - Clearing physics world
12:52:30.043 [FXGL Background Thread 1 ] DEBUG FXGLApplication      - Initializing game
12:52:30.272 [FXGL Background Thread 4 ] DEBUG FXGLAssetLoaderServi - Loading from file system: jar:file:///C:/Users/Lizanne/.m2/repository/com/github/almasb/fxgl/17.1/fxgl-17.1.jar!/fxglassets/ui/fonts/Abel-Regular.ttf
12:52:30.308 [FXGL Background Thread 4 ] DEBUG FXGLAssetLoaderServi - Loading from file system: jar:file:///C:/Users/Lizanne/.m2/repository/com/github/almasb/fxgl/17.1/fxgl-17.1.jar!/fxglassets/ui/fonts/TerminalLandMono-Regular.otf
12:52:30.328 [FXGL Background Thread 4 ] DEBUG FXGLAssetLoaderServi - Loading from file system: jar:file:///C:/Users/Lizanne/.m2/repository/com/github/almasb/fxgl/17.1/fxgl-17.1.jar!/fxglassets/ui/fonts/Courier-Prime.ttf
12:52:30.371 [JavaFX Application Thread] DEBUG FXGLApplication      - Registering font factories with UI factory
12:52:30.386 [FXGL Background Thread 1 ] INFO  FXGLApplication      - Game initialization took: 0,342 sec
12:52:30.388 [JavaFX Application Thread] DEBUG Input                - Clearing active input actions
12:52:30.422 [JavaFX Application Thread] DEBUG GameApplicationServi - Removing overlay from FXGLLoadingScene and adding to GameScene
12:52:30.422 [JavaFX Application Thread] DEBUG PrimaryStageWindow   - FXGLLoadingScene -> GameScene
12:52:30.931 [FXGL Background Thread 2 ] INFO  UpdaterService       - Your current version:  17.1
12:52:30.932 [FXGL Background Thread 2 ] INFO  UpdaterService       - Latest stable version: 17.3
12:52:32.841 [FXGL Background Thread 3 ] DEBUG Engine               - Logging environment variables
12:52:32.843 [FXGL Background Thread 3 ] DEBUG Engine               - achievements: []
12:52:32.843 [FXGL Background Thread 3 ] DEBUG Engine               - actualHeight: 600.0
12:52:32.844 [FXGL Background Thread 3 ] DEBUG Engine               - actualHeightProperty: ReadOnlyDoubleProperty [value: 600.0]
12:52:32.845 [FXGL Background Thread 3 ] DEBUG Engine               - actualWidth: 800.0
12:52:32.845 [FXGL Background Thread 3 ] DEBUG Engine               - actualWidthProperty: ReadOnlyDoubleProperty [value: 800.0]
12:52:32.845 [FXGL Background Thread 3 ] DEBUG Engine               - appIcon: fxgl_icon.png
12:52:32.846 [FXGL Background Thread 3 ] DEBUG Engine               - applicationMode: DEVELOPER
12:52:32.846 [FXGL Background Thread 3 ] DEBUG Engine               - cSSList: [fxgl_dark.css]
12:52:32.846 [FXGL Background Thread 3 ] DEBUG Engine               - collisionDetectionStrategy: BRUTE_FORCE
12:52:32.846 [FXGL Background Thread 3 ] DEBUG Engine               - configClass: Optional.empty
12:52:32.847 [FXGL Background Thread 3 ] DEBUG Engine               - credits: []
12:52:32.848 [FXGL Background Thread 3 ] DEBUG Engine               - defaultCursor: CursorInfo(imageName=fxgl_default_cursor.png, hotspotX=7.0, hotspotY=6.0)
12:52:32.849 [FXGL Background Thread 3 ] DEBUG Engine               - devBBoxColorProperty: ObjectProperty [value: 0xff0000ff]
12:52:32.849 [FXGL Background Thread 3 ] DEBUG Engine               - devEnableDebugCameraProperty: BooleanProperty [value: false]
12:52:32.849 [FXGL Background Thread 3 ] DEBUG Engine               - devSensorColorProperty: ObjectProperty [value: 0xffff00ff]
12:52:32.850 [FXGL Background Thread 3 ] DEBUG Engine               - devShowBBoxProperty: BooleanProperty [value: false]
12:52:32.850 [FXGL Background Thread 3 ] DEBUG Engine               - devShowPositionProperty: BooleanProperty [value: false]
12:52:32.850 [FXGL Background Thread 3 ] DEBUG Engine               - enabledMenuItems: []
12:52:32.850 [FXGL Background Thread 3 ] DEBUG Engine               - engineServices: [class com.almasb.fxgl.app.services.FXGLAssetLoaderService, class com.almasb.fxgl.app.FXGLApplication$GameApplicationService, class com.almasb.fxgl.app.services.FXGLDialogService, class com.almasb.fxgl.app.services.IOTaskExecutorService, class com.almasb.fxgl.io.FileSystemService, class com.almasb.fxgl.localization.LocalizationService, class com.almasb.fxgl.app.services.SystemBundleService, class com.almasb.fxgl.profile.SaveLoadService, class com.almasb.fxgl.ui.FXGLUIFactoryServiceProvider, class com.almasb.fxgl.ui.FXGLDialogFactoryServiceProvider, class com.almasb.fxgl.audio.AudioPlayer, class com.almasb.fxgl.notification.impl.NotificationServiceProvider, class com.almasb.fxgl.achievement.AchievementService, class com.almasb.fxgl.cutscene.CutsceneService, class com.almasb.fxgl.minigames.MiniGameService, class com.almasb.fxgl.net.NetService, class com.almasb.fxgl.app.services.UpdaterService, class com.almasb.fxgl.dev.DevService]
12:52:32.851 [FXGL Background Thread 3 ] DEBUG Engine               - fontGame: Abel-Regular.ttf
12:52:32.851 [FXGL Background Thread 3 ] DEBUG Engine               - fontMono: TerminalLandMono-Regular.otf
12:52:32.851 [FXGL Background Thread 3 ] DEBUG Engine               - fontText: Courier-Prime.ttf
12:52:32.852 [FXGL Background Thread 3 ] DEBUG Engine               - fontUI: VarelaRound-Regular.ttf
12:52:32.852 [FXGL Background Thread 3 ] DEBUG Engine               - fullScreen: BooleanProperty [value: false]
12:52:32.852 [FXGL Background Thread 3 ] DEBUG Engine               - gameDifficulty: MEDIUM
12:52:32.853 [FXGL Background Thread 3 ] DEBUG Engine               - gameDifficultyProperty: ObjectProperty [value: MEDIUM]
12:52:32.853 [FXGL Background Thread 3 ] DEBUG Engine               - globalMusicVolume: 0.5
12:52:32.853 [FXGL Background Thread 3 ] DEBUG Engine               - globalMusicVolumeProperty: DoubleProperty [value: 0.5]
12:52:32.854 [FXGL Background Thread 3 ] DEBUG Engine               - globalSoundVolume: 0.5
12:52:32.854 [FXGL Background Thread 3 ] DEBUG Engine               - globalSoundVolumeProperty: DoubleProperty [value: 0.5]
12:52:32.854 [FXGL Background Thread 3 ] DEBUG Engine               - height: 600
12:52:32.855 [FXGL Background Thread 3 ] DEBUG Engine               - is3D: false
12:52:32.855 [FXGL Background Thread 3 ] DEBUG Engine               - isAndroid: false
12:52:32.856 [FXGL Background Thread 3 ] DEBUG Engine               - isBrowser: false
12:52:32.856 [FXGL Background Thread 3 ] DEBUG Engine               - isClickFeedbackEnabled: false
12:52:32.856 [FXGL Background Thread 3 ] DEBUG Engine               - isCloseConfirmation: false
12:52:32.856 [FXGL Background Thread 3 ] DEBUG Engine               - isDesktop: true
12:52:32.857 [FXGL Background Thread 3 ] DEBUG Engine               - isDeveloperMenuEnabled: false
12:52:32.857 [FXGL Background Thread 3 ] DEBUG Engine               - isEmbedded: false
12:52:32.857 [FXGL Background Thread 3 ] DEBUG Engine               - isEntityPreloadEnabled: true
12:52:32.858 [FXGL Background Thread 3 ] DEBUG Engine               - isExperimentalTiledLargeMap: false
12:52:32.858 [FXGL Background Thread 3 ] DEBUG Engine               - isFileSystemWriteAllowed: true
12:52:32.858 [FXGL Background Thread 3 ] DEBUG Engine               - isFullScreenAllowed: false
12:52:32.859 [FXGL Background Thread 3 ] DEBUG Engine               - isFullScreenFromStart: false
12:52:32.859 [FXGL Background Thread 3 ] DEBUG Engine               - isGameMenuEnabled: true
12:52:32.859 [FXGL Background Thread 3 ] DEBUG Engine               - isIOS: false
12:52:32.860 [FXGL Background Thread 3 ] DEBUG Engine               - isIntroEnabled: false
12:52:32.860 [FXGL Background Thread 3 ] DEBUG Engine               - isLinux: false
12:52:32.860 [FXGL Background Thread 3 ] DEBUG Engine               - isMac: false
12:52:32.861 [FXGL Background Thread 3 ] DEBUG Engine               - isMainMenuEnabled: false
12:52:32.861 [FXGL Background Thread 3 ] DEBUG Engine               - isManualResizeEnabled: false
12:52:32.861 [FXGL Background Thread 3 ] DEBUG Engine               - isMobile: false
12:52:32.861 [FXGL Background Thread 3 ] DEBUG Engine               - isNative: false
12:52:32.862 [FXGL Background Thread 3 ] DEBUG Engine               - isPauseMusicWhenMinimized: true
12:52:32.862 [FXGL Background Thread 3 ] DEBUG Engine               - isPreserveResizeRatio: false
12:52:32.862 [FXGL Background Thread 3 ] DEBUG Engine               - isProfilingEnabled: false
12:52:32.863 [FXGL Background Thread 3 ] DEBUG Engine               - isScaleAffectedOnResize: true
12:52:32.863 [FXGL Background Thread 3 ] DEBUG Engine               - isSingleStep: false
12:52:32.863 [FXGL Background Thread 3 ] DEBUG Engine               - isUserProfileEnabled: false
12:52:32.864 [FXGL Background Thread 3 ] DEBUG Engine               - isWindows: true
12:52:32.864 [FXGL Background Thread 3 ] DEBUG Engine               - language: ObjectProperty [value: ENGLISH]
12:52:32.864 [FXGL Background Thread 3 ] DEBUG Engine               - menuKey: ESCAPE
12:52:32.864 [FXGL Background Thread 3 ] DEBUG Engine               - mouseSensitivity: 0.2
12:52:32.865 [FXGL Background Thread 3 ] DEBUG Engine               - notificationViewClass: class com.almasb.fxgl.notification.view.XboxNotificationView
12:52:32.865 [FXGL Background Thread 3 ] DEBUG Engine               - pixelsPerMeter: 50.0
12:52:32.865 [FXGL Background Thread 3 ] DEBUG Engine               - platform: WINDOWS
12:52:32.865 [FXGL Background Thread 3 ] DEBUG Engine               - prefHeightProperty: ReadOnlyDoubleProperty [value: 600.0]
12:52:32.865 [FXGL Background Thread 3 ] DEBUG Engine               - prefWidthProperty: ReadOnlyDoubleProperty [value: 800.0]
12:52:32.865 [FXGL Background Thread 3 ] DEBUG Engine               - profileDir: profiles/
12:52:32.865 [FXGL Background Thread 3 ] DEBUG Engine               - profileName: StringProperty [value: DEFAULT]
12:52:32.866 [FXGL Background Thread 3 ] DEBUG Engine               - randomSeed: -1
12:52:32.867 [FXGL Background Thread 3 ] DEBUG Engine               - runtimeInfo: RuntimeInfo(platform=WINDOWS, version=17.1, build=24.03.2022 17.34)
12:52:32.867 [FXGL Background Thread 3 ] DEBUG Engine               - saveFileExt: sav
12:52:32.867 [FXGL Background Thread 3 ] DEBUG Engine               - scaledHeightProp$fxgl: DoubleProperty [bound, value: 600.0]
12:52:32.867 [FXGL Background Thread 3 ] DEBUG Engine               - scaledWidthProp$fxgl: DoubleProperty [bound, value: 800.0]
12:52:32.867 [FXGL Background Thread 3 ] DEBUG Engine               - sceneFactory: com.example.academicrumble.Game$1@2d0562eb
12:52:32.868 [FXGL Background Thread 3 ] DEBUG Engine               - secondsIn24h: 60
12:52:32.868 [FXGL Background Thread 3 ] DEBUG Engine               - soundMenuBack: menu/back.wav
12:52:32.868 [FXGL Background Thread 3 ] DEBUG Engine               - soundMenuPress: menu/press.wav
12:52:32.868 [FXGL Background Thread 3 ] DEBUG Engine               - soundMenuSelect: menu/select.wav
12:52:32.868 [FXGL Background Thread 3 ] DEBUG Engine               - soundNotification: core/notification.wav
12:52:32.869 [FXGL Background Thread 3 ] DEBUG Engine               - stageStyle: DECORATED
12:52:32.869 [FXGL Background Thread 3 ] DEBUG Engine               - supportedLanguages: [ENGLISH, FRENCH, GERMAN, HUNGARIAN, RUSSIAN]
12:52:32.869 [FXGL Background Thread 3 ] DEBUG Engine               - ticksPerSecond: -1
12:52:32.869 [FXGL Background Thread 3 ] DEBUG Engine               - title: Inloggen
12:52:32.870 [FXGL Background Thread 3 ] DEBUG Engine               - urlGithub: https://github.com/AlmasB/FXGL
12:52:32.870 [FXGL Background Thread 3 ] DEBUG Engine               - urlLeaderboard: http://fxgl-top.herokuapp.com/
12:52:32.871 [FXGL Background Thread 3 ] DEBUG Engine               - urlPOM: https://raw.githubusercontent.com/AlmasB/FXGL/release/README.md
12:52:32.871 [FXGL Background Thread 3 ] DEBUG Engine               - userAppClass: class com.example.academicrumble.Game
12:52:32.871 [FXGL Background Thread 3 ] DEBUG Engine               - version: 0.0
12:52:32.871 [FXGL Background Thread 3 ] DEBUG Engine               - versionCheckDays: 7
12:52:32.871 [FXGL Background Thread 3 ] DEBUG Engine               - width: 800
12:52:32.872 [FXGL Background Thread 3 ] DEBUG Engine               - Logging services
12:52:32.872 [FXGL Background Thread 3 ] DEBUG Engine               - class com.almasb.fxgl.app.services.FXGLAssetLoaderService
12:52:32.872 [FXGL Background Thread 3 ] DEBUG Engine               - class com.almasb.fxgl.app.FXGLApplication$GameApplicationService
12:52:32.872 [FXGL Background Thread 3 ] DEBUG Engine               - class com.almasb.fxgl.app.services.FXGLDialogService
12:52:32.873 [FXGL Background Thread 3 ] DEBUG Engine               - class com.almasb.fxgl.app.services.IOTaskExecutorService
12:52:32.873 [FXGL Background Thread 3 ] DEBUG Engine               - class com.almasb.fxgl.io.FileSystemService
12:52:32.873 [FXGL Background Thread 3 ] DEBUG Engine               - class com.almasb.fxgl.localization.LocalizationService
12:52:32.873 [FXGL Background Thread 3 ] DEBUG Engine               - class com.almasb.fxgl.app.services.SystemBundleService
12:52:32.874 [FXGL Background Thread 3 ] DEBUG Engine               - class com.almasb.fxgl.profile.SaveLoadService
12:52:32.874 [FXGL Background Thread 3 ] DEBUG Engine               - class com.almasb.fxgl.ui.FXGLUIFactoryServiceProvider
12:52:32.874 [FXGL Background Thread 3 ] DEBUG Engine               - class com.almasb.fxgl.ui.FXGLDialogFactoryServiceProvider
12:52:32.874 [FXGL Background Thread 3 ] DEBUG Engine               - class com.almasb.fxgl.audio.AudioPlayer
12:52:32.875 [FXGL Background Thread 3 ] DEBUG Engine               - class com.almasb.fxgl.notification.impl.NotificationServiceProvider
12:52:32.875 [FXGL Background Thread 3 ] DEBUG Engine               - class com.almasb.fxgl.achievement.AchievementService
12:52:32.875 [FXGL Background Thread 3 ] DEBUG Engine               - class com.almasb.fxgl.cutscene.CutsceneService
12:52:32.875 [FXGL Background Thread 3 ] DEBUG Engine               - class com.almasb.fxgl.minigames.MiniGameService
12:52:32.876 [FXGL Background Thread 3 ] DEBUG Engine               - class com.almasb.fxgl.net.NetService
12:52:32.876 [FXGL Background Thread 3 ] DEBUG Engine               - class com.almasb.fxgl.app.services.UpdaterService
12:52:32.876 [FXGL Background Thread 3 ] DEBUG Engine               - class com.almasb.fxgl.dev.DevService
12:52:39.820 [JavaFX Application Thread] DEBUG LoopRunner           - Pausing loop
12:53:55.624 [JavaFX Application Thread] DEBUG LoopRunner           - Resuming loop
12:54:01.171 [JavaFX Application Thread] DEBUG FXGLApplication      - Exiting FXGL
12:54:01.172 [JavaFX Application Thread] DEBUG LoopRunner           - Stopping loop
12:54:01.172 [JavaFX Application Thread] DEBUG SystemBundleService  - Saving FXGL system data
12:54:01.183 [JavaFX Application Thread] DEBUG FileSystemAccess     - Writing to: C:\Users\Lizanne\OneDrive - Hogeschool Leiden\Documenten\GitHub\AcademicRumble\system\fxgl.bundle
12:54:01.192 [JavaFX Application Thread] DEBUG Async                - Shutting down background threads
12:54:01.193 [JavaFX Application Thread] DEBUG PrimaryStageWindow   - Closing main window
12:54:01.270 [JavaFX Application Thread] DEBUG Logger               - Closing Logger
