10:57:35.089 [main                     ] DEBUG Logger               - Configured Logger
10:57:35.118 [main                     ] DEBUG GameApplication      - Logging settings
Title: Academic Rumble
Version: 1.0
Width: 1280
Height: 640
Fullscreen: false
Intro: false
Profiling: false
Single step:false
App Mode: DEVELOPER
Menu Key: ESCAPE
Stage Style: DECORATED
Scene Factory: class com.example.academicrumble.MySceneFactory

10:57:35.545 [JavaFX Application Thread] DEBUG FXGLApplication      - Initializing FXGL
10:57:35.551 [JavaFX Application Thread] INFO  Engine               - FXGL-17.1 (24.03.2022 17.34) on WINDOWS (J:18.0.2 FX:18.0.1)
10:57:35.551 [JavaFX Application Thread] DEBUG Engine               - JRE Vendor Name: Amazon.com Inc.
10:57:35.551 [JavaFX Application Thread] DEBUG Engine               - Running on OS: Windows 11 version 10.0
10:57:35.551 [JavaFX Application Thread] DEBUG Engine               - Architecture: amd64
10:57:35.552 [JavaFX Application Thread] INFO  Engine               - Source code and latest versions at: https://github.com/AlmasB/FXGL
10:57:35.552 [JavaFX Application Thread] INFO  Engine               -       Ask questions and discuss at: https://github.com/AlmasB/FXGL/discussions
10:57:35.552 [JavaFX Application Thread] INFO  Engine               -              Join the FXGL chat at: https://gitter.im/AlmasB/FXGL
10:57:35.626 [JavaFX Application Thread] DEBUG PrimaryStageWindow   - Creating a JavaFX scene
10:57:35.663 [JavaFX Application Thread] DEBUG PrimaryStageWindow   - Target settings size: 1280.0 x 640.0
10:57:35.664 [JavaFX Application Thread] DEBUG PrimaryStageWindow   - Scaled scene size:    1280.0 x 640.0
10:57:35.664 [JavaFX Application Thread] DEBUG PrimaryStageWindow   - Scaled ratio: (1.0, 1.0)
10:57:35.665 [JavaFX Application Thread] DEBUG PrimaryStageWindow   - Set initial scene to FXGLStartupScene
10:57:35.672 [JavaFX Application Thread] DEBUG PrimaryStageWindow   - Opening main window
10:57:35.754 [JavaFX Application Thread] DEBUG PrimaryStageWindow   - Window border size: (16.0, 39.0)
10:57:35.755 [JavaFX Application Thread] DEBUG PrimaryStageWindow   - Scaled size: 1280.0 x 640.0
10:57:35.756 [JavaFX Application Thread] DEBUG PrimaryStageWindow   - Scaled ratio: (1.0, 1.0)
10:57:35.756 [JavaFX Application Thread] DEBUG PrimaryStageWindow   - Scene size: 1280.0 x 640.0
10:57:35.756 [JavaFX Application Thread] DEBUG PrimaryStageWindow   - Stage size: 1296.0 x 679.0
10:57:35.763 [FXGL Background Thread 1 ] DEBUG Engine               - Initializing environment variables
10:57:35.822 [FXGL Background Thread 1 ] DEBUG FXGLAssetLoaderServi - User app class for loading assets: class com.example.academicrumble.Game
10:57:35.822 [FXGL Background Thread 1 ] DEBUG GameApplicationServi - Applying CSS: fxgl_dark.css
10:57:35.824 [FXGL Background Thread 1 ] DEBUG FXGLAssetLoaderServi - Loading from file system: jar:file:///C:/Users/pelle/.m2/repository/com/github/almasb/fxgl/17.1/fxgl-17.1.jar!/fxglassets/ui/css/fxgl_dark.css
10:57:35.883 [FXGL Background Thread 1 ] DEBUG GameApplicationServi - Initializing application scenes
10:57:35.926 [FXGL Background Thread 1 ] DEBUG GameWorld            - Game world initialized
10:57:35.993 [FXGL Background Thread 1 ] DEBUG PhysicsWorld         - Physics world initialized: appHeight=640, physics.ppm=50,0
10:57:35.993 [FXGL Background Thread 1 ] DEBUG PhysicsWorld         - Using strategy: BRUTE_FORCE
10:57:35.997 [FXGL Background Thread 1 ] DEBUG GameScene            - Game scene initialized: 1280x640
10:57:36.045 [FXGL Background Thread 1 ] DEBUG FXGL.DefaultMenu     - createMenuBodyGameMenu()
10:57:36.055 [FXGL Background Thread 1 ] DEBUG FXGL.DefaultMenu     - createOptionsMenu()
10:57:36.061 [FXGL Background Thread 1 ] DEBUG FXGLAssetLoaderServi - Loading from file system: jar:file:///C:/Users/pelle/.m2/repository/com/github/almasb/fxgl/17.1/fxgl-17.1.jar!/fxglassets/textures/particles/smoke.png
10:57:36.149 [FXGL Background Thread 1 ] DEBUG FXGLAssetLoaderServi - Loading from file system: jar:file:///C:/Users/pelle/.m2/repository/com/github/almasb/fxgl/17.1/fxgl-17.1.jar!/fxglassets/textures/particles/trace_horizontal.png
10:57:36.183 [FXGL Background Thread 1 ] DEBUG GameApplicationServi - Application scenes initialized
10:57:36.195 [FXGL Background Thread 1 ] DEBUG SystemBundleService  - Loading FXGL system data
10:57:36.199 [FXGL Background Thread 1 ] DEBUG FileSystemAccess     - Reading from: D:\Leiden\Challange Week\AcademicRumble\system\fxgl.bundle
10:57:36.208 [FXGL Background Thread 1 ] DEBUG SystemBundleService  - Bundle FXGL: {}
10:57:36.208 [FXGL Background Thread 1 ] DEBUG UpdaterService       - Checking for updates
10:57:36.212 [FXGL Background Thread 4 ] DEBUG FXGLApplication      - Loading fonts
10:57:36.212 [FXGL Background Thread 1 ] DEBUG FXGLApplication      - Loading default localization
10:57:36.212 [FXGL Background Thread 4 ] DEBUG FXGLAssetLoaderServi - Loading from file system: jar:file:///C:/Users/pelle/.m2/repository/com/github/almasb/fxgl/17.1/fxgl-17.1.jar!/fxglassets/ui/fonts/VarelaRound-Regular.ttf
10:57:36.212 [FXGL Background Thread 1 ] DEBUG FXGLAssetLoaderServi - Loading from file system: jar:file:///C:/Users/pelle/.m2/repository/com/github/almasb/fxgl/17.1/fxgl-17.1.jar!/fxglassets/languages/english.lang
10:57:36.240 [FXGL Background Thread 1 ] INFO  FXGLApplication      - FXGL initialization took: 0,476 sec
10:57:36.260 [JavaFX Application Thread] DEBUG Input                - Registered new binding: Move Left - A
10:57:36.261 [JavaFX Application Thread] DEBUG Input                - Registered new binding: Move Right - D
10:57:36.262 [JavaFX Application Thread] DEBUG Input                - Registered new binding: Move Up - Space
10:57:36.263 [JavaFX Application Thread] DEBUG Input                - Registered new binding: action0 - Tab
10:57:36.264 [JavaFX Application Thread] DEBUG Input                - Registered new binding: eMove Left - Left
10:57:36.266 [JavaFX Application Thread] DEBUG Input                - Registered new binding: eMove Right - Right
10:57:36.266 [JavaFX Application Thread] DEBUG Input                - Registered new binding: eMove Up - Up
10:57:36.267 [JavaFX Application Thread] DEBUG Input                - Registered new binding: action1 - Slash
10:57:36.267 [JavaFX Application Thread] DEBUG FXGLAssetLoaderServi - Loading from file system: jar:file:///C:/Users/pelle/.m2/repository/com/github/almasb/fxgl/17.1/fxgl-17.1.jar!/fxglassets/textures/fxgl_icon.png
10:57:36.302 [JavaFX Application Thread] DEBUG FXGLAssetLoaderServi - Loading from file system: jar:file:///C:/Users/pelle/.m2/repository/com/github/almasb/fxgl/17.1/fxgl-17.1.jar!/fxglassets/textures/fxgl_default_cursor.png
10:57:36.305 [JavaFX Application Thread] DEBUG Input                - Registered new binding: Screenshot - CTRL+8
10:57:36.306 [JavaFX Application Thread] DEBUG Input                - Registered new binding: System info dump - CTRL+9
10:57:36.306 [JavaFX Application Thread] DEBUG Input                - Registered new binding: Restart - CTRL+R
10:57:36.307 [JavaFX Application Thread] DEBUG Input                - Registered new binding: Toggle Debug Camera - CTRL+7
10:57:36.310 [JavaFX Application Thread] DEBUG LoopRunner           - Starting loop
10:57:36.311 [JavaFX Application Thread] DEBUG LoopRunner           - Initializing JavaFX AnimationTimerLoop
10:57:36.317 [JavaFX Application Thread] DEBUG Input                - Clearing active input actions
10:57:36.323 [JavaFX Application Thread] DEBUG GameApplicationServi - Removing overlay from FXGLStartupScene and adding to FXGLMainMenuDummyScene
10:57:36.324 [JavaFX Application Thread] DEBUG PrimaryStageWindow   - FXGLStartupScene -> FXGLMainMenuDummyScene
10:57:36.324 [JavaFX Application Thread] DEBUG PrimaryStageWindow   - Push state: CharacterSelect
10:57:36.325 [JavaFX Application Thread] DEBUG Input                - Clearing active input actions
10:57:36.328 [JavaFX Application Thread] DEBUG GameApplicationServi - Removing overlay from FXGLMainMenuDummyScene and adding to CharacterSelect
10:57:36.329 [JavaFX Application Thread] DEBUG PrimaryStageWindow   - FXGLMainMenuDummyScene -> CharacterSelect
10:57:36.455 [FXGL Background Thread 4 ] DEBUG FXGLAssetLoaderServi - Loading from file system: jar:file:///C:/Users/pelle/.m2/repository/com/github/almasb/fxgl/17.1/fxgl-17.1.jar!/fxglassets/ui/fonts/Abel-Regular.ttf
10:57:36.465 [FXGL Background Thread 4 ] DEBUG FXGLAssetLoaderServi - Loading from file system: jar:file:///C:/Users/pelle/.m2/repository/com/github/almasb/fxgl/17.1/fxgl-17.1.jar!/fxglassets/ui/fonts/TerminalLandMono-Regular.otf
10:57:36.476 [FXGL Background Thread 4 ] DEBUG FXGLAssetLoaderServi - Loading from file system: jar:file:///C:/Users/pelle/.m2/repository/com/github/almasb/fxgl/17.1/fxgl-17.1.jar!/fxglassets/ui/fonts/Courier-Prime.ttf
10:57:36.496 [JavaFX Application Thread] DEBUG FXGLApplication      - Registering font factories with UI factory
10:57:36.674 [FXGL Background Thread 2 ] INFO  UpdaterService       - Your current version:  17.1
10:57:36.675 [FXGL Background Thread 2 ] INFO  UpdaterService       - Latest stable version: 17.3
10:57:39.211 [FXGL Background Thread 3 ] DEBUG Engine               - Logging environment variables
10:57:39.212 [FXGL Background Thread 3 ] DEBUG Engine               - achievements: []
10:57:39.212 [FXGL Background Thread 3 ] DEBUG Engine               - actualHeight: 640.0
10:57:39.212 [FXGL Background Thread 3 ] DEBUG Engine               - actualHeightProperty: ReadOnlyDoubleProperty [value: 640.0]
10:57:39.212 [FXGL Background Thread 3 ] DEBUG Engine               - actualWidth: 1280.0
10:57:39.212 [FXGL Background Thread 3 ] DEBUG Engine               - actualWidthProperty: ReadOnlyDoubleProperty [value: 1280.0]
10:57:39.212 [FXGL Background Thread 3 ] DEBUG Engine               - appIcon: fxgl_icon.png
10:57:39.212 [FXGL Background Thread 3 ] DEBUG Engine               - applicationMode: DEVELOPER
10:57:39.212 [FXGL Background Thread 3 ] DEBUG Engine               - cSSList: [fxgl_dark.css]
10:57:39.212 [FXGL Background Thread 3 ] DEBUG Engine               - collisionDetectionStrategy: BRUTE_FORCE
10:57:39.212 [FXGL Background Thread 3 ] DEBUG Engine               - configClass: Optional.empty
10:57:39.212 [FXGL Background Thread 3 ] DEBUG Engine               - credits: []
10:57:39.212 [FXGL Background Thread 3 ] DEBUG Engine               - defaultCursor: CursorInfo(imageName=fxgl_default_cursor.png, hotspotX=7.0, hotspotY=6.0)
10:57:39.212 [FXGL Background Thread 3 ] DEBUG Engine               - devBBoxColorProperty: ObjectProperty [value: 0xff0000ff]
10:57:39.212 [FXGL Background Thread 3 ] DEBUG Engine               - devEnableDebugCameraProperty: BooleanProperty [value: false]
10:57:39.212 [FXGL Background Thread 3 ] DEBUG Engine               - devSensorColorProperty: ObjectProperty [value: 0xffff00ff]
10:57:39.213 [FXGL Background Thread 3 ] DEBUG Engine               - devShowBBoxProperty: BooleanProperty [value: false]
10:57:39.213 [FXGL Background Thread 3 ] DEBUG Engine               - devShowPositionProperty: BooleanProperty [value: false]
10:57:39.213 [FXGL Background Thread 3 ] DEBUG Engine               - enabledMenuItems: []
10:57:39.213 [FXGL Background Thread 3 ] DEBUG Engine               - engineServices: [class com.almasb.fxgl.app.services.FXGLAssetLoaderService, class com.almasb.fxgl.app.FXGLApplication$GameApplicationService, class com.almasb.fxgl.app.services.FXGLDialogService, class com.almasb.fxgl.app.services.IOTaskExecutorService, class com.almasb.fxgl.io.FileSystemService, class com.almasb.fxgl.localization.LocalizationService, class com.almasb.fxgl.app.services.SystemBundleService, class com.almasb.fxgl.profile.SaveLoadService, class com.almasb.fxgl.ui.FXGLUIFactoryServiceProvider, class com.almasb.fxgl.ui.FXGLDialogFactoryServiceProvider, class com.almasb.fxgl.audio.AudioPlayer, class com.almasb.fxgl.notification.impl.NotificationServiceProvider, class com.almasb.fxgl.achievement.AchievementService, class com.almasb.fxgl.cutscene.CutsceneService, class com.almasb.fxgl.minigames.MiniGameService, class com.almasb.fxgl.net.NetService, class com.almasb.fxgl.app.services.UpdaterService, class com.almasb.fxgl.dev.DevService]
10:57:39.213 [FXGL Background Thread 3 ] DEBUG Engine               - fontGame: Abel-Regular.ttf
10:57:39.213 [FXGL Background Thread 3 ] DEBUG Engine               - fontMono: TerminalLandMono-Regular.otf
10:57:39.213 [FXGL Background Thread 3 ] DEBUG Engine               - fontText: Courier-Prime.ttf
10:57:39.213 [FXGL Background Thread 3 ] DEBUG Engine               - fontUI: VarelaRound-Regular.ttf
10:57:39.213 [FXGL Background Thread 3 ] DEBUG Engine               - fullScreen: BooleanProperty [value: false]
10:57:39.213 [FXGL Background Thread 3 ] DEBUG Engine               - gameDifficulty: MEDIUM
10:57:39.213 [FXGL Background Thread 3 ] DEBUG Engine               - gameDifficultyProperty: ObjectProperty [value: MEDIUM]
10:57:39.213 [FXGL Background Thread 3 ] DEBUG Engine               - globalMusicVolume: 0.5
10:57:39.213 [FXGL Background Thread 3 ] DEBUG Engine               - globalMusicVolumeProperty: DoubleProperty [value: 0.5]
10:57:39.213 [FXGL Background Thread 3 ] DEBUG Engine               - globalSoundVolume: 0.5
10:57:39.213 [FXGL Background Thread 3 ] DEBUG Engine               - globalSoundVolumeProperty: DoubleProperty [value: 0.5]
10:57:39.213 [FXGL Background Thread 3 ] DEBUG Engine               - height: 640
10:57:39.213 [FXGL Background Thread 3 ] DEBUG Engine               - is3D: false
10:57:39.214 [FXGL Background Thread 3 ] DEBUG Engine               - isAndroid: false
10:57:39.214 [FXGL Background Thread 3 ] DEBUG Engine               - isBrowser: false
10:57:39.214 [FXGL Background Thread 3 ] DEBUG Engine               - isClickFeedbackEnabled: false
10:57:39.214 [FXGL Background Thread 3 ] DEBUG Engine               - isCloseConfirmation: false
10:57:39.214 [FXGL Background Thread 3 ] DEBUG Engine               - isDesktop: true
10:57:39.214 [FXGL Background Thread 3 ] DEBUG Engine               - isDeveloperMenuEnabled: false
10:57:39.214 [FXGL Background Thread 3 ] DEBUG Engine               - isEmbedded: false
10:57:39.214 [FXGL Background Thread 3 ] DEBUG Engine               - isEntityPreloadEnabled: true
10:57:39.214 [FXGL Background Thread 3 ] DEBUG Engine               - isExperimentalTiledLargeMap: false
10:57:39.214 [FXGL Background Thread 3 ] DEBUG Engine               - isFileSystemWriteAllowed: true
10:57:39.214 [FXGL Background Thread 3 ] DEBUG Engine               - isFullScreenAllowed: false
10:57:39.214 [FXGL Background Thread 3 ] DEBUG Engine               - isFullScreenFromStart: false
10:57:39.214 [FXGL Background Thread 3 ] DEBUG Engine               - isGameMenuEnabled: true
10:57:39.214 [FXGL Background Thread 3 ] DEBUG Engine               - isIOS: false
10:57:39.214 [FXGL Background Thread 3 ] DEBUG Engine               - isIntroEnabled: false
10:57:39.214 [FXGL Background Thread 3 ] DEBUG Engine               - isLinux: false
10:57:39.214 [FXGL Background Thread 3 ] DEBUG Engine               - isMac: false
10:57:39.214 [FXGL Background Thread 3 ] DEBUG Engine               - isMainMenuEnabled: true
10:57:39.214 [FXGL Background Thread 3 ] DEBUG Engine               - isManualResizeEnabled: false
10:57:39.214 [FXGL Background Thread 3 ] DEBUG Engine               - isMobile: false
10:57:39.214 [FXGL Background Thread 3 ] DEBUG Engine               - isNative: false
10:57:39.215 [FXGL Background Thread 3 ] DEBUG Engine               - isPauseMusicWhenMinimized: true
10:57:39.215 [FXGL Background Thread 3 ] DEBUG Engine               - isPreserveResizeRatio: false
10:57:39.215 [FXGL Background Thread 3 ] DEBUG Engine               - isProfilingEnabled: false
10:57:39.215 [FXGL Background Thread 3 ] DEBUG Engine               - isScaleAffectedOnResize: true
10:57:39.215 [FXGL Background Thread 3 ] DEBUG Engine               - isSingleStep: false
10:57:39.215 [FXGL Background Thread 3 ] DEBUG Engine               - isUserProfileEnabled: false
10:57:39.215 [FXGL Background Thread 3 ] DEBUG Engine               - isWindows: true
10:57:39.215 [FXGL Background Thread 3 ] DEBUG Engine               - language: ObjectProperty [value: ENGLISH]
10:57:39.215 [FXGL Background Thread 3 ] DEBUG Engine               - menuKey: ESCAPE
10:57:39.215 [FXGL Background Thread 3 ] DEBUG Engine               - mouseSensitivity: 0.2
10:57:39.215 [FXGL Background Thread 3 ] DEBUG Engine               - notificationViewClass: class com.almasb.fxgl.notification.view.XboxNotificationView
10:57:39.215 [FXGL Background Thread 3 ] DEBUG Engine               - pixelsPerMeter: 50.0
10:57:39.215 [FXGL Background Thread 3 ] DEBUG Engine               - platform: WINDOWS
10:57:39.215 [FXGL Background Thread 3 ] DEBUG Engine               - prefHeightProperty: ReadOnlyDoubleProperty [value: 640.0]
10:57:39.215 [FXGL Background Thread 3 ] DEBUG Engine               - prefWidthProperty: ReadOnlyDoubleProperty [value: 1280.0]
10:57:39.215 [FXGL Background Thread 3 ] DEBUG Engine               - profileDir: profiles/
10:57:39.215 [FXGL Background Thread 3 ] DEBUG Engine               - profileName: StringProperty [value: DEFAULT]
10:57:39.215 [FXGL Background Thread 3 ] DEBUG Engine               - randomSeed: -1
10:57:39.216 [FXGL Background Thread 3 ] DEBUG Engine               - runtimeInfo: RuntimeInfo(platform=WINDOWS, version=17.1, build=24.03.2022 17.34)
10:57:39.216 [FXGL Background Thread 3 ] DEBUG Engine               - saveFileExt: sav
10:57:39.216 [FXGL Background Thread 3 ] DEBUG Engine               - scaledHeightProp$fxgl: DoubleProperty [bound, value: 640.0]
10:57:39.216 [FXGL Background Thread 3 ] DEBUG Engine               - scaledWidthProp$fxgl: DoubleProperty [bound, value: 1280.0]
10:57:39.216 [FXGL Background Thread 3 ] DEBUG Engine               - sceneFactory: com.example.academicrumble.MySceneFactory@36e87f0e
10:57:39.216 [FXGL Background Thread 3 ] DEBUG Engine               - secondsIn24h: 60
10:57:39.216 [FXGL Background Thread 3 ] DEBUG Engine               - soundMenuBack: menu/back.wav
10:57:39.217 [FXGL Background Thread 3 ] DEBUG Engine               - soundMenuPress: menu/press.wav
10:57:39.217 [FXGL Background Thread 3 ] DEBUG Engine               - soundMenuSelect: menu/select.wav
10:57:39.217 [FXGL Background Thread 3 ] DEBUG Engine               - soundNotification: core/notification.wav
10:57:39.217 [FXGL Background Thread 3 ] DEBUG Engine               - stageStyle: DECORATED
10:57:39.217 [FXGL Background Thread 3 ] DEBUG Engine               - supportedLanguages: [ENGLISH, FRENCH, GERMAN, HUNGARIAN, RUSSIAN]
10:57:39.217 [FXGL Background Thread 3 ] DEBUG Engine               - ticksPerSecond: -1
10:57:39.217 [FXGL Background Thread 3 ] DEBUG Engine               - title: Academic Rumble
10:57:39.217 [FXGL Background Thread 3 ] DEBUG Engine               - urlGithub: https://github.com/AlmasB/FXGL
10:57:39.217 [FXGL Background Thread 3 ] DEBUG Engine               - urlLeaderboard: http://fxgl-top.herokuapp.com/
10:57:39.217 [FXGL Background Thread 3 ] DEBUG Engine               - urlPOM: https://raw.githubusercontent.com/AlmasB/FXGL/release/README.md
10:57:39.217 [FXGL Background Thread 3 ] DEBUG Engine               - userAppClass: class com.example.academicrumble.Game
10:57:39.217 [FXGL Background Thread 3 ] DEBUG Engine               - version: 1.0
10:57:39.217 [FXGL Background Thread 3 ] DEBUG Engine               - versionCheckDays: 7
10:57:39.217 [FXGL Background Thread 3 ] DEBUG Engine               - width: 1280
10:57:39.217 [FXGL Background Thread 3 ] DEBUG Engine               - Logging services
10:57:39.217 [FXGL Background Thread 3 ] DEBUG Engine               - class com.almasb.fxgl.app.services.FXGLAssetLoaderService
10:57:39.217 [FXGL Background Thread 3 ] DEBUG Engine               - class com.almasb.fxgl.app.FXGLApplication$GameApplicationService
10:57:39.217 [FXGL Background Thread 3 ] DEBUG Engine               - class com.almasb.fxgl.app.services.FXGLDialogService
10:57:39.217 [FXGL Background Thread 3 ] DEBUG Engine               - class com.almasb.fxgl.app.services.IOTaskExecutorService
10:57:39.217 [FXGL Background Thread 3 ] DEBUG Engine               - class com.almasb.fxgl.io.FileSystemService
10:57:39.217 [FXGL Background Thread 3 ] DEBUG Engine               - class com.almasb.fxgl.localization.LocalizationService
10:57:39.217 [FXGL Background Thread 3 ] DEBUG Engine               - class com.almasb.fxgl.app.services.SystemBundleService
10:57:39.217 [FXGL Background Thread 3 ] DEBUG Engine               - class com.almasb.fxgl.profile.SaveLoadService
10:57:39.217 [FXGL Background Thread 3 ] DEBUG Engine               - class com.almasb.fxgl.ui.FXGLUIFactoryServiceProvider
10:57:39.217 [FXGL Background Thread 3 ] DEBUG Engine               - class com.almasb.fxgl.ui.FXGLDialogFactoryServiceProvider
10:57:39.217 [FXGL Background Thread 3 ] DEBUG Engine               - class com.almasb.fxgl.audio.AudioPlayer
10:57:39.217 [FXGL Background Thread 3 ] DEBUG Engine               - class com.almasb.fxgl.notification.impl.NotificationServiceProvider
10:57:39.217 [FXGL Background Thread 3 ] DEBUG Engine               - class com.almasb.fxgl.achievement.AchievementService
10:57:39.217 [FXGL Background Thread 3 ] DEBUG Engine               - class com.almasb.fxgl.cutscene.CutsceneService
10:57:39.217 [FXGL Background Thread 3 ] DEBUG Engine               - class com.almasb.fxgl.minigames.MiniGameService
10:57:39.217 [FXGL Background Thread 3 ] DEBUG Engine               - class com.almasb.fxgl.net.NetService
10:57:39.217 [FXGL Background Thread 3 ] DEBUG Engine               - class com.almasb.fxgl.app.services.UpdaterService
10:57:39.217 [FXGL Background Thread 3 ] DEBUG Engine               - class com.almasb.fxgl.dev.DevService
10:57:40.864 [JavaFX Application Thread] DEBUG FXGLApplication      - Exiting FXGL
10:57:40.864 [JavaFX Application Thread] DEBUG LoopRunner           - Stopping loop
10:57:40.864 [JavaFX Application Thread] DEBUG SystemBundleService  - Saving FXGL system data
10:57:40.867 [JavaFX Application Thread] DEBUG FileSystemAccess     - Writing to: D:\Leiden\Challange Week\AcademicRumble\system\fxgl.bundle
10:57:40.868 [JavaFX Application Thread] DEBUG Async                - Shutting down background threads
10:57:40.868 [JavaFX Application Thread] DEBUG PrimaryStageWindow   - Closing main window
10:57:40.881 [JavaFX Application Thread] DEBUG Logger               - Closing Logger
