16:13:15.598 [main                     ] DEBUG Logger               - Configured Logger
16:13:15.621 [main                     ] DEBUG GameApplication      - Logging settings
Title: Academic Rumble
Version: 1.0
Width: 640
Height: 600
Fullscreen: false
Intro: false
Profiling: false
Single step:false
App Mode: DEVELOPER
Menu Key: ESCAPE
Stage Style: DECORATED
Scene Factory: class com.example.academicrumble.MySceneFactory

16:13:16.032 [JavaFX Application Thread] DEBUG FXGLApplication      - Initializing FXGL
16:13:16.038 [JavaFX Application Thread] INFO  Engine               - FXGL-17.1 (24.03.2022 17.34) on WINDOWS (J:18.0.2 FX:18.0.1)
16:13:16.038 [JavaFX Application Thread] DEBUG Engine               - JRE Vendor Name: Amazon.com Inc.
16:13:16.038 [JavaFX Application Thread] DEBUG Engine               - Running on OS: Windows 11 version 10.0
16:13:16.039 [JavaFX Application Thread] DEBUG Engine               - Architecture: amd64
16:13:16.039 [JavaFX Application Thread] INFO  Engine               - Source code and latest versions at: https://github.com/AlmasB/FXGL
16:13:16.039 [JavaFX Application Thread] INFO  Engine               -       Ask questions and discuss at: https://github.com/AlmasB/FXGL/discussions
16:13:16.039 [JavaFX Application Thread] INFO  Engine               -              Join the FXGL chat at: https://gitter.im/AlmasB/FXGL
16:13:16.123 [JavaFX Application Thread] DEBUG PrimaryStageWindow   - Creating a JavaFX scene
16:13:16.162 [JavaFX Application Thread] DEBUG PrimaryStageWindow   - Target settings size: 640.0 x 600.0
16:13:16.162 [JavaFX Application Thread] DEBUG PrimaryStageWindow   - Scaled scene size:    640.0 x 600.0
16:13:16.163 [JavaFX Application Thread] DEBUG PrimaryStageWindow   - Scaled ratio: (1.0, 1.0)
16:13:16.163 [JavaFX Application Thread] DEBUG PrimaryStageWindow   - Set initial scene to FXGLStartupScene
16:13:16.169 [JavaFX Application Thread] DEBUG PrimaryStageWindow   - Opening main window
16:13:16.250 [JavaFX Application Thread] DEBUG PrimaryStageWindow   - Window border size: (16.0, 39.0)
16:13:16.250 [JavaFX Application Thread] DEBUG PrimaryStageWindow   - Scaled size: 640.0 x 600.0
16:13:16.250 [JavaFX Application Thread] DEBUG PrimaryStageWindow   - Scaled ratio: (1.0, 1.0)
16:13:16.251 [JavaFX Application Thread] DEBUG PrimaryStageWindow   - Scene size: 640.0 x 600.0
16:13:16.251 [JavaFX Application Thread] DEBUG PrimaryStageWindow   - Stage size: 656.0 x 639.0
16:13:16.257 [FXGL Background Thread 1 ] DEBUG Engine               - Initializing environment variables
16:13:16.317 [FXGL Background Thread 1 ] DEBUG FXGLAssetLoaderServi - User app class for loading assets: class com.example.academicrumble.Game
16:13:16.317 [FXGL Background Thread 1 ] DEBUG GameApplicationServi - Applying CSS: fxgl_dark.css
16:13:16.318 [FXGL Background Thread 1 ] DEBUG FXGLAssetLoaderServi - Loading from file system: jar:file:///C:/Users/pelle/.m2/repository/com/github/almasb/fxgl/17.1/fxgl-17.1.jar!/fxglassets/ui/css/fxgl_dark.css
16:13:16.369 [FXGL Background Thread 1 ] DEBUG GameApplicationServi - Initializing application scenes
16:13:16.403 [FXGL Background Thread 1 ] DEBUG GameWorld            - Game world initialized
16:13:16.457 [FXGL Background Thread 1 ] DEBUG PhysicsWorld         - Physics world initialized: appHeight=600, physics.ppm=50,0
16:13:16.458 [FXGL Background Thread 1 ] DEBUG PhysicsWorld         - Using strategy: BRUTE_FORCE
16:13:16.460 [FXGL Background Thread 1 ] DEBUG GameScene            - Game scene initialized: 640x600
16:13:16.486 [FXGL Background Thread 1 ] WARN  FXGL.DefaultMenu     - FXGLDefaultMenu is not designed for resolutions < 800x600
16:13:16.487 [FXGL Background Thread 1 ] DEBUG FXGL.DefaultMenu     - createMenuBodyGameMenu()
16:13:16.495 [FXGL Background Thread 1 ] DEBUG FXGL.DefaultMenu     - createOptionsMenu()
16:13:16.505 [FXGL Background Thread 1 ] DEBUG FXGLAssetLoaderServi - Loading from file system: jar:file:///C:/Users/pelle/.m2/repository/com/github/almasb/fxgl/17.1/fxgl-17.1.jar!/fxglassets/textures/particles/smoke.png
16:13:16.597 [FXGL Background Thread 1 ] DEBUG FXGLAssetLoaderServi - Loading from file system: jar:file:///C:/Users/pelle/.m2/repository/com/github/almasb/fxgl/17.1/fxgl-17.1.jar!/fxglassets/textures/particles/trace_horizontal.png
16:13:16.627 [FXGL Background Thread 1 ] DEBUG GameApplicationServi - Application scenes initialized
16:13:16.640 [FXGL Background Thread 1 ] DEBUG SystemBundleService  - Loading FXGL system data
16:13:16.645 [FXGL Background Thread 1 ] DEBUG FileSystemAccess     - Reading from: D:\Leiden\Challange Week\AcademicRumble\system\fxgl.bundle
16:13:16.656 [FXGL Background Thread 1 ] DEBUG SystemBundleService  - Bundle FXGL: {}
16:13:16.656 [FXGL Background Thread 1 ] DEBUG UpdaterService       - Checking for updates
16:13:16.661 [FXGL Background Thread 4 ] DEBUG FXGLApplication      - Loading fonts
16:13:16.661 [FXGL Background Thread 1 ] DEBUG FXGLApplication      - Loading default localization
16:13:16.661 [FXGL Background Thread 4 ] DEBUG FXGLAssetLoaderServi - Loading from file system: jar:file:///C:/Users/pelle/.m2/repository/com/github/almasb/fxgl/17.1/fxgl-17.1.jar!/fxglassets/ui/fonts/VarelaRound-Regular.ttf
16:13:16.662 [FXGL Background Thread 1 ] DEBUG FXGLAssetLoaderServi - Loading from file system: jar:file:///C:/Users/pelle/.m2/repository/com/github/almasb/fxgl/17.1/fxgl-17.1.jar!/fxglassets/languages/english.lang
16:13:16.697 [FXGL Background Thread 1 ] INFO  FXGLApplication      - FXGL initialization took: 0,439 sec
16:13:16.707 [JavaFX Application Thread] DEBUG Input                - Registered new binding: Move Left - A
16:13:16.707 [JavaFX Application Thread] DEBUG Input                - Registered new binding: Move Right - D
16:13:16.708 [JavaFX Application Thread] DEBUG Input                - Registered new binding: Move Up - W
16:13:16.708 [JavaFX Application Thread] DEBUG Input                - Registered new binding: Move Down - S
16:13:16.708 [JavaFX Application Thread] DEBUG FXGLAssetLoaderServi - Loading from file system: jar:file:///C:/Users/pelle/.m2/repository/com/github/almasb/fxgl/17.1/fxgl-17.1.jar!/fxglassets/textures/fxgl_icon.png
16:13:16.729 [JavaFX Application Thread] DEBUG FXGLAssetLoaderServi - Loading from file system: jar:file:///C:/Users/pelle/.m2/repository/com/github/almasb/fxgl/17.1/fxgl-17.1.jar!/fxglassets/textures/fxgl_default_cursor.png
16:13:16.730 [JavaFX Application Thread] DEBUG Input                - Registered new binding: Screenshot - CTRL+8
16:13:16.731 [JavaFX Application Thread] DEBUG Input                - Registered new binding: System info dump - CTRL+9
16:13:16.731 [JavaFX Application Thread] DEBUG Input                - Registered new binding: Restart - CTRL+R
16:13:16.732 [JavaFX Application Thread] DEBUG Input                - Registered new binding: Toggle Debug Camera - CTRL+7
16:13:16.736 [JavaFX Application Thread] DEBUG LoopRunner           - Starting loop
16:13:16.736 [JavaFX Application Thread] DEBUG LoopRunner           - Initializing JavaFX AnimationTimerLoop
16:13:16.739 [JavaFX Application Thread] DEBUG Input                - Clearing active input actions
16:13:16.747 [JavaFX Application Thread] DEBUG GameApplicationServi - Removing overlay from FXGLStartupScene and adding to FXGLMainMenuDummyScene
16:13:16.747 [JavaFX Application Thread] DEBUG PrimaryStageWindow   - FXGLStartupScene -> FXGLMainMenuDummyScene
16:13:16.748 [JavaFX Application Thread] DEBUG PrimaryStageWindow   - Push state: CharacterSelect
16:13:16.748 [JavaFX Application Thread] DEBUG Input                - Clearing active input actions
16:13:16.751 [JavaFX Application Thread] DEBUG GameApplicationServi - Removing overlay from FXGLMainMenuDummyScene and adding to CharacterSelect
16:13:16.751 [JavaFX Application Thread] DEBUG PrimaryStageWindow   - FXGLMainMenuDummyScene -> CharacterSelect
16:13:16.852 [FXGL Background Thread 4 ] DEBUG FXGLAssetLoaderServi - Loading from file system: jar:file:///C:/Users/pelle/.m2/repository/com/github/almasb/fxgl/17.1/fxgl-17.1.jar!/fxglassets/ui/fonts/Abel-Regular.ttf
16:13:16.867 [FXGL Background Thread 4 ] DEBUG FXGLAssetLoaderServi - Loading from file system: jar:file:///C:/Users/pelle/.m2/repository/com/github/almasb/fxgl/17.1/fxgl-17.1.jar!/fxglassets/ui/fonts/TerminalLandMono-Regular.otf
16:13:16.878 [FXGL Background Thread 4 ] DEBUG FXGLAssetLoaderServi - Loading from file system: jar:file:///C:/Users/pelle/.m2/repository/com/github/almasb/fxgl/17.1/fxgl-17.1.jar!/fxglassets/ui/fonts/Courier-Prime.ttf
16:13:16.892 [JavaFX Application Thread] DEBUG FXGLApplication      - Registering font factories with UI factory
16:13:17.088 [FXGL Background Thread 2 ] INFO  UpdaterService       - Your current version:  17.1
16:13:17.088 [FXGL Background Thread 2 ] INFO  UpdaterService       - Latest stable version: 17.3
16:13:19.660 [FXGL Background Thread 3 ] DEBUG Engine               - Logging environment variables
16:13:19.660 [FXGL Background Thread 3 ] DEBUG Engine               - achievements: []
16:13:19.660 [FXGL Background Thread 3 ] DEBUG Engine               - actualHeight: 600.0
16:13:19.660 [FXGL Background Thread 3 ] DEBUG Engine               - actualHeightProperty: ReadOnlyDoubleProperty [value: 600.0]
16:13:19.660 [FXGL Background Thread 3 ] DEBUG Engine               - actualWidth: 640.0
16:13:19.660 [FXGL Background Thread 3 ] DEBUG Engine               - actualWidthProperty: ReadOnlyDoubleProperty [value: 640.0]
16:13:19.660 [FXGL Background Thread 3 ] DEBUG Engine               - appIcon: fxgl_icon.png
16:13:19.660 [FXGL Background Thread 3 ] DEBUG Engine               - applicationMode: DEVELOPER
16:13:19.660 [FXGL Background Thread 3 ] DEBUG Engine               - cSSList: [fxgl_dark.css]
16:13:19.661 [FXGL Background Thread 3 ] DEBUG Engine               - collisionDetectionStrategy: BRUTE_FORCE
16:13:19.661 [FXGL Background Thread 3 ] DEBUG Engine               - configClass: Optional.empty
16:13:19.661 [FXGL Background Thread 3 ] DEBUG Engine               - credits: []
16:13:19.661 [FXGL Background Thread 3 ] DEBUG Engine               - defaultCursor: CursorInfo(imageName=fxgl_default_cursor.png, hotspotX=7.0, hotspotY=6.0)
16:13:19.661 [FXGL Background Thread 3 ] DEBUG Engine               - devBBoxColorProperty: ObjectProperty [value: 0xff0000ff]
16:13:19.661 [FXGL Background Thread 3 ] DEBUG Engine               - devEnableDebugCameraProperty: BooleanProperty [value: false]
16:13:19.661 [FXGL Background Thread 3 ] DEBUG Engine               - devSensorColorProperty: ObjectProperty [value: 0xffff00ff]
16:13:19.661 [FXGL Background Thread 3 ] DEBUG Engine               - devShowBBoxProperty: BooleanProperty [value: false]
16:13:19.661 [FXGL Background Thread 3 ] DEBUG Engine               - devShowPositionProperty: BooleanProperty [value: false]
16:13:19.661 [FXGL Background Thread 3 ] DEBUG Engine               - enabledMenuItems: []
16:13:19.661 [FXGL Background Thread 3 ] DEBUG Engine               - engineServices: [class com.almasb.fxgl.app.services.FXGLAssetLoaderService, class com.almasb.fxgl.app.FXGLApplication$GameApplicationService, class com.almasb.fxgl.app.services.FXGLDialogService, class com.almasb.fxgl.app.services.IOTaskExecutorService, class com.almasb.fxgl.io.FileSystemService, class com.almasb.fxgl.localization.LocalizationService, class com.almasb.fxgl.app.services.SystemBundleService, class com.almasb.fxgl.profile.SaveLoadService, class com.almasb.fxgl.ui.FXGLUIFactoryServiceProvider, class com.almasb.fxgl.ui.FXGLDialogFactoryServiceProvider, class com.almasb.fxgl.audio.AudioPlayer, class com.almasb.fxgl.notification.impl.NotificationServiceProvider, class com.almasb.fxgl.achievement.AchievementService, class com.almasb.fxgl.cutscene.CutsceneService, class com.almasb.fxgl.minigames.MiniGameService, class com.almasb.fxgl.net.NetService, class com.almasb.fxgl.app.services.UpdaterService, class com.almasb.fxgl.dev.DevService]
16:13:19.661 [FXGL Background Thread 3 ] DEBUG Engine               - fontGame: Abel-Regular.ttf
16:13:19.662 [FXGL Background Thread 3 ] DEBUG Engine               - fontMono: TerminalLandMono-Regular.otf
16:13:19.662 [FXGL Background Thread 3 ] DEBUG Engine               - fontText: Courier-Prime.ttf
16:13:19.662 [FXGL Background Thread 3 ] DEBUG Engine               - fontUI: VarelaRound-Regular.ttf
16:13:19.662 [FXGL Background Thread 3 ] DEBUG Engine               - fullScreen: BooleanProperty [value: false]
16:13:19.662 [FXGL Background Thread 3 ] DEBUG Engine               - gameDifficulty: MEDIUM
16:13:19.662 [FXGL Background Thread 3 ] DEBUG Engine               - gameDifficultyProperty: ObjectProperty [value: MEDIUM]
16:13:19.662 [FXGL Background Thread 3 ] DEBUG Engine               - globalMusicVolume: 0.5
16:13:19.662 [FXGL Background Thread 3 ] DEBUG Engine               - globalMusicVolumeProperty: DoubleProperty [value: 0.5]
16:13:19.662 [FXGL Background Thread 3 ] DEBUG Engine               - globalSoundVolume: 0.5
16:13:19.662 [FXGL Background Thread 3 ] DEBUG Engine               - globalSoundVolumeProperty: DoubleProperty [value: 0.5]
16:13:19.662 [FXGL Background Thread 3 ] DEBUG Engine               - height: 600
16:13:19.662 [FXGL Background Thread 3 ] DEBUG Engine               - is3D: false
16:13:19.662 [FXGL Background Thread 3 ] DEBUG Engine               - isAndroid: false
16:13:19.662 [FXGL Background Thread 3 ] DEBUG Engine               - isBrowser: false
16:13:19.662 [FXGL Background Thread 3 ] DEBUG Engine               - isClickFeedbackEnabled: false
16:13:19.662 [FXGL Background Thread 3 ] DEBUG Engine               - isCloseConfirmation: false
16:13:19.662 [FXGL Background Thread 3 ] DEBUG Engine               - isDesktop: true
16:13:19.662 [FXGL Background Thread 3 ] DEBUG Engine               - isDeveloperMenuEnabled: false
16:13:19.662 [FXGL Background Thread 3 ] DEBUG Engine               - isEmbedded: false
16:13:19.663 [FXGL Background Thread 3 ] DEBUG Engine               - isEntityPreloadEnabled: true
16:13:19.663 [FXGL Background Thread 3 ] DEBUG Engine               - isExperimentalTiledLargeMap: false
16:13:19.663 [FXGL Background Thread 3 ] DEBUG Engine               - isFileSystemWriteAllowed: true
16:13:19.663 [FXGL Background Thread 3 ] DEBUG Engine               - isFullScreenAllowed: false
16:13:19.663 [FXGL Background Thread 3 ] DEBUG Engine               - isFullScreenFromStart: false
16:13:19.663 [FXGL Background Thread 3 ] DEBUG Engine               - isGameMenuEnabled: true
16:13:19.663 [FXGL Background Thread 3 ] DEBUG Engine               - isIOS: false
16:13:19.663 [FXGL Background Thread 3 ] DEBUG Engine               - isIntroEnabled: false
16:13:19.663 [FXGL Background Thread 3 ] DEBUG Engine               - isLinux: false
16:13:19.663 [FXGL Background Thread 3 ] DEBUG Engine               - isMac: false
16:13:19.663 [FXGL Background Thread 3 ] DEBUG Engine               - isMainMenuEnabled: true
16:13:19.663 [FXGL Background Thread 3 ] DEBUG Engine               - isManualResizeEnabled: false
16:13:19.663 [FXGL Background Thread 3 ] DEBUG Engine               - isMobile: false
16:13:19.663 [FXGL Background Thread 3 ] DEBUG Engine               - isNative: false
16:13:19.663 [FXGL Background Thread 3 ] DEBUG Engine               - isPauseMusicWhenMinimized: true
16:13:19.663 [FXGL Background Thread 3 ] DEBUG Engine               - isPreserveResizeRatio: false
16:13:19.663 [FXGL Background Thread 3 ] DEBUG Engine               - isProfilingEnabled: false
16:13:19.663 [FXGL Background Thread 3 ] DEBUG Engine               - isScaleAffectedOnResize: true
16:13:19.663 [FXGL Background Thread 3 ] DEBUG Engine               - isSingleStep: false
16:13:19.663 [FXGL Background Thread 3 ] DEBUG Engine               - isUserProfileEnabled: false
16:13:19.663 [FXGL Background Thread 3 ] DEBUG Engine               - isWindows: true
16:13:19.663 [FXGL Background Thread 3 ] DEBUG Engine               - language: ObjectProperty [value: ENGLISH]
16:13:19.664 [FXGL Background Thread 3 ] DEBUG Engine               - menuKey: ESCAPE
16:13:19.664 [FXGL Background Thread 3 ] DEBUG Engine               - mouseSensitivity: 0.2
16:13:19.664 [FXGL Background Thread 3 ] DEBUG Engine               - notificationViewClass: class com.almasb.fxgl.notification.view.XboxNotificationView
16:13:19.664 [FXGL Background Thread 3 ] DEBUG Engine               - pixelsPerMeter: 50.0
16:13:19.664 [FXGL Background Thread 3 ] DEBUG Engine               - platform: WINDOWS
16:13:19.664 [FXGL Background Thread 3 ] DEBUG Engine               - prefHeightProperty: ReadOnlyDoubleProperty [value: 600.0]
16:13:19.664 [FXGL Background Thread 3 ] DEBUG Engine               - prefWidthProperty: ReadOnlyDoubleProperty [value: 640.0]
16:13:19.664 [FXGL Background Thread 3 ] DEBUG Engine               - profileDir: profiles/
16:13:19.664 [FXGL Background Thread 3 ] DEBUG Engine               - profileName: StringProperty [value: DEFAULT]
16:13:19.664 [FXGL Background Thread 3 ] DEBUG Engine               - randomSeed: -1
16:13:19.664 [FXGL Background Thread 3 ] DEBUG Engine               - runtimeInfo: RuntimeInfo(platform=WINDOWS, version=17.1, build=24.03.2022 17.34)
16:13:19.664 [FXGL Background Thread 3 ] DEBUG Engine               - saveFileExt: sav
16:13:19.664 [FXGL Background Thread 3 ] DEBUG Engine               - scaledHeightProp$fxgl: DoubleProperty [bound, value: 600.0]
16:13:19.664 [FXGL Background Thread 3 ] DEBUG Engine               - scaledWidthProp$fxgl: DoubleProperty [bound, value: 640.0]
16:13:19.665 [FXGL Background Thread 3 ] DEBUG Engine               - sceneFactory: com.example.academicrumble.MySceneFactory@87a3801
16:13:19.665 [FXGL Background Thread 3 ] DEBUG Engine               - secondsIn24h: 60
16:13:19.665 [FXGL Background Thread 3 ] DEBUG Engine               - soundMenuBack: menu/back.wav
16:13:19.665 [FXGL Background Thread 3 ] DEBUG Engine               - soundMenuPress: menu/press.wav
16:13:19.665 [FXGL Background Thread 3 ] DEBUG Engine               - soundMenuSelect: menu/select.wav
16:13:19.665 [FXGL Background Thread 3 ] DEBUG Engine               - soundNotification: core/notification.wav
16:13:19.665 [FXGL Background Thread 3 ] DEBUG Engine               - stageStyle: DECORATED
16:13:19.665 [FXGL Background Thread 3 ] DEBUG Engine               - supportedLanguages: [ENGLISH, FRENCH, GERMAN, HUNGARIAN, RUSSIAN]
16:13:19.665 [FXGL Background Thread 3 ] DEBUG Engine               - ticksPerSecond: -1
16:13:19.665 [FXGL Background Thread 3 ] DEBUG Engine               - title: Academic Rumble
16:13:19.665 [FXGL Background Thread 3 ] DEBUG Engine               - urlGithub: https://github.com/AlmasB/FXGL
16:13:19.665 [FXGL Background Thread 3 ] DEBUG Engine               - urlLeaderboard: http://fxgl-top.herokuapp.com/
16:13:19.665 [FXGL Background Thread 3 ] DEBUG Engine               - urlPOM: https://raw.githubusercontent.com/AlmasB/FXGL/release/README.md
16:13:19.665 [FXGL Background Thread 3 ] DEBUG Engine               - userAppClass: class com.example.academicrumble.Game
16:13:19.665 [FXGL Background Thread 3 ] DEBUG Engine               - version: 1.0
16:13:19.665 [FXGL Background Thread 3 ] DEBUG Engine               - versionCheckDays: 7
16:13:19.665 [FXGL Background Thread 3 ] DEBUG Engine               - width: 640
16:13:19.665 [FXGL Background Thread 3 ] DEBUG Engine               - Logging services
16:13:19.665 [FXGL Background Thread 3 ] DEBUG Engine               - class com.almasb.fxgl.app.services.FXGLAssetLoaderService
16:13:19.665 [FXGL Background Thread 3 ] DEBUG Engine               - class com.almasb.fxgl.app.FXGLApplication$GameApplicationService
16:13:19.665 [FXGL Background Thread 3 ] DEBUG Engine               - class com.almasb.fxgl.app.services.FXGLDialogService
16:13:19.666 [FXGL Background Thread 3 ] DEBUG Engine               - class com.almasb.fxgl.app.services.IOTaskExecutorService
16:13:19.666 [FXGL Background Thread 3 ] DEBUG Engine               - class com.almasb.fxgl.io.FileSystemService
16:13:19.666 [FXGL Background Thread 3 ] DEBUG Engine               - class com.almasb.fxgl.localization.LocalizationService
16:13:19.666 [FXGL Background Thread 3 ] DEBUG Engine               - class com.almasb.fxgl.app.services.SystemBundleService
16:13:19.666 [FXGL Background Thread 3 ] DEBUG Engine               - class com.almasb.fxgl.profile.SaveLoadService
16:13:19.666 [FXGL Background Thread 3 ] DEBUG Engine               - class com.almasb.fxgl.ui.FXGLUIFactoryServiceProvider
16:13:19.666 [FXGL Background Thread 3 ] DEBUG Engine               - class com.almasb.fxgl.ui.FXGLDialogFactoryServiceProvider
16:13:19.666 [FXGL Background Thread 3 ] DEBUG Engine               - class com.almasb.fxgl.audio.AudioPlayer
16:13:19.666 [FXGL Background Thread 3 ] DEBUG Engine               - class com.almasb.fxgl.notification.impl.NotificationServiceProvider
16:13:19.666 [FXGL Background Thread 3 ] DEBUG Engine               - class com.almasb.fxgl.achievement.AchievementService
16:13:19.666 [FXGL Background Thread 3 ] DEBUG Engine               - class com.almasb.fxgl.cutscene.CutsceneService
16:13:19.666 [FXGL Background Thread 3 ] DEBUG Engine               - class com.almasb.fxgl.minigames.MiniGameService
16:13:19.666 [FXGL Background Thread 3 ] DEBUG Engine               - class com.almasb.fxgl.net.NetService
16:13:19.666 [FXGL Background Thread 3 ] DEBUG Engine               - class com.almasb.fxgl.app.services.UpdaterService
16:13:19.666 [FXGL Background Thread 3 ] DEBUG Engine               - class com.almasb.fxgl.dev.DevService
16:13:22.718 [JavaFX Application Thread] DEBUG FXGLApplication      - Exiting FXGL
16:13:22.718 [JavaFX Application Thread] DEBUG LoopRunner           - Stopping loop
16:13:22.718 [JavaFX Application Thread] DEBUG SystemBundleService  - Saving FXGL system data
16:13:22.719 [JavaFX Application Thread] DEBUG FileSystemAccess     - Writing to: D:\Leiden\Challange Week\AcademicRumble\system\fxgl.bundle
16:13:22.721 [JavaFX Application Thread] DEBUG Async                - Shutting down background threads
16:13:22.721 [JavaFX Application Thread] DEBUG PrimaryStageWindow   - Closing main window
16:13:22.732 [JavaFX Application Thread] DEBUG Logger               - Closing Logger
