09:24:04.426 [main                     ] DEBUG Logger               - Configured Logger
09:24:04.445 [main                     ] DEBUG GameApplication      - Logging settings
Title: Academic Rumble
Version: 1.0
Width: 800
Height: 600
Fullscreen: false
Intro: false
Profiling: false
Single step:false
App Mode: DEVELOPER
Menu Key: ESCAPE
Stage Style: DECORATED
Scene Factory: class com.almasb.fxgl.app.scene.SceneFactory

09:24:04.702 [JavaFX Application Thread] DEBUG FXGLApplication      - Initializing FXGL
09:24:04.706 [JavaFX Application Thread] INFO  Engine               - FXGL-17.1 (24.03.2022 17.34) on WINDOWS (J:18.0.2.1 FX:18.0.1)
09:24:04.706 [JavaFX Application Thread] DEBUG Engine               - JRE Vendor Name: Oracle Corporation
09:24:04.706 [JavaFX Application Thread] DEBUG Engine               - Running on OS: Windows 11 version 10.0
09:24:04.708 [JavaFX Application Thread] DEBUG Engine               - Architecture: amd64
09:24:04.708 [JavaFX Application Thread] INFO  Engine               - Source code and latest versions at: https://github.com/AlmasB/FXGL
09:24:04.708 [JavaFX Application Thread] INFO  Engine               -       Ask questions and discuss at: https://github.com/AlmasB/FXGL/discussions
09:24:04.708 [JavaFX Application Thread] INFO  Engine               -              Join the FXGL chat at: https://gitter.im/AlmasB/FXGL
09:24:04.771 [JavaFX Application Thread] DEBUG PrimaryStageWindow   - Creating a JavaFX scene
09:24:04.804 [JavaFX Application Thread] DEBUG PrimaryStageWindow   - Target settings size: 800.0 x 600.0
09:24:04.804 [JavaFX Application Thread] DEBUG PrimaryStageWindow   - Scaled scene size:    800.0 x 600.0
09:24:04.804 [JavaFX Application Thread] DEBUG PrimaryStageWindow   - Scaled ratio: (1.0, 1.0)
09:24:04.805 [JavaFX Application Thread] DEBUG PrimaryStageWindow   - Set initial scene to FXGLStartupScene
09:24:04.810 [JavaFX Application Thread] DEBUG PrimaryStageWindow   - Opening main window
09:24:04.875 [JavaFX Application Thread] DEBUG PrimaryStageWindow   - Window border size: (14.66668701171875, 37.33331298828125)
09:24:04.875 [JavaFX Application Thread] DEBUG PrimaryStageWindow   - Scaled size: 800.0 x 600.0
09:24:04.875 [JavaFX Application Thread] DEBUG PrimaryStageWindow   - Scaled ratio: (1.0, 1.0)
09:24:04.876 [JavaFX Application Thread] DEBUG PrimaryStageWindow   - Scene size: 800.0 x 600.0
09:24:04.876 [JavaFX Application Thread] DEBUG PrimaryStageWindow   - Stage size: 814.6666870117188 x 637.3333129882812
09:24:04.881 [FXGL Background Thread 1 ] DEBUG Engine               - Initializing environment variables
09:24:04.924 [FXGL Background Thread 1 ] DEBUG FXGLAssetLoaderServi - User app class for loading assets: class com.example.academicrumble.Game
09:24:04.925 [FXGL Background Thread 1 ] DEBUG GameApplicationServi - Applying CSS: fxgl_dark.css
09:24:04.925 [FXGL Background Thread 1 ] DEBUG FXGLAssetLoaderServi - Loading from file system: jar:file:///C:/Users/Ruben/.m2/repository/com/github/almasb/fxgl/17.1/fxgl-17.1.jar!/fxglassets/ui/css/fxgl_dark.css
09:24:04.962 [FXGL Background Thread 1 ] DEBUG GameApplicationServi - Initializing application scenes
09:24:04.999 [FXGL Background Thread 1 ] DEBUG GameWorld            - Game world initialized
09:24:05.039 [FXGL Background Thread 1 ] DEBUG PhysicsWorld         - Physics world initialized: appHeight=600, physics.ppm=50,0
09:24:05.040 [FXGL Background Thread 1 ] DEBUG PhysicsWorld         - Using strategy: BRUTE_FORCE
09:24:05.042 [FXGL Background Thread 1 ] DEBUG GameScene            - Game scene initialized: 800x600
09:24:05.051 [FXGL Background Thread 1 ] DEBUG FXGL.DefaultMenu     - createMenuBodyGameMenu()
09:24:05.062 [FXGL Background Thread 1 ] DEBUG FXGL.DefaultMenu     - createOptionsMenu()
09:24:05.070 [FXGL Background Thread 1 ] DEBUG FXGLAssetLoaderServi - Loading from file system: jar:file:///C:/Users/Ruben/.m2/repository/com/github/almasb/fxgl/17.1/fxgl-17.1.jar!/fxglassets/textures/particles/smoke.png
09:24:05.139 [FXGL Background Thread 1 ] DEBUG FXGLAssetLoaderServi - Loading from file system: jar:file:///C:/Users/Ruben/.m2/repository/com/github/almasb/fxgl/17.1/fxgl-17.1.jar!/fxglassets/textures/particles/trace_horizontal.png
09:24:05.164 [FXGL Background Thread 1 ] DEBUG GameApplicationServi - Application scenes initialized
09:24:05.176 [FXGL Background Thread 1 ] DEBUG SystemBundleService  - Loading FXGL system data
09:24:05.181 [FXGL Background Thread 1 ] DEBUG FileSystemAccess     - Reading from: C:\Users\Ruben\IdeaProjects\AcademicRumble\system\fxgl.bundle
09:24:05.192 [FXGL Background Thread 1 ] DEBUG SystemBundleService  - Bundle FXGL: {}
09:24:05.192 [FXGL Background Thread 1 ] DEBUG UpdaterService       - Checking for updates
09:24:05.196 [FXGL Background Thread 4 ] DEBUG FXGLApplication      - Loading fonts
09:24:05.197 [FXGL Background Thread 1 ] DEBUG FXGLApplication      - Loading default localization
09:24:05.197 [FXGL Background Thread 4 ] DEBUG FXGLAssetLoaderServi - Loading from file system: jar:file:///C:/Users/Ruben/.m2/repository/com/github/almasb/fxgl/17.1/fxgl-17.1.jar!/fxglassets/ui/fonts/VarelaRound-Regular.ttf
09:24:05.197 [FXGL Background Thread 1 ] DEBUG FXGLAssetLoaderServi - Loading from file system: jar:file:///C:/Users/Ruben/.m2/repository/com/github/almasb/fxgl/17.1/fxgl-17.1.jar!/fxglassets/languages/english.lang
09:24:05.212 [FXGL Background Thread 1 ] INFO  FXGLApplication      - FXGL initialization took: 0,332 sec
09:24:05.223 [JavaFX Application Thread] DEBUG Input                - Registered new binding: action0 - D
09:24:05.223 [JavaFX Application Thread] DEBUG Input                - Registered new binding: action1 - A
09:24:05.224 [JavaFX Application Thread] DEBUG Input                - Registered new binding: action2 - Space
09:24:05.224 [JavaFX Application Thread] DEBUG FXGLAssetLoaderServi - Loading from file system: jar:file:///C:/Users/Ruben/.m2/repository/com/github/almasb/fxgl/17.1/fxgl-17.1.jar!/fxglassets/textures/fxgl_icon.png
09:24:05.239 [JavaFX Application Thread] DEBUG FXGLAssetLoaderServi - Loading from file system: jar:file:///C:/Users/Ruben/.m2/repository/com/github/almasb/fxgl/17.1/fxgl-17.1.jar!/fxglassets/textures/fxgl_default_cursor.png
09:24:05.240 [JavaFX Application Thread] DEBUG Input                - Registered new binding: Screenshot - CTRL+8
09:24:05.240 [JavaFX Application Thread] DEBUG Input                - Registered new binding: System info dump - CTRL+9
09:24:05.241 [JavaFX Application Thread] DEBUG Input                - Registered new binding: Restart - CTRL+R
09:24:05.242 [JavaFX Application Thread] DEBUG Input                - Registered new binding: Toggle Debug Camera - CTRL+7
09:24:05.245 [JavaFX Application Thread] DEBUG LoopRunner           - Starting loop
09:24:05.245 [JavaFX Application Thread] DEBUG LoopRunner           - Initializing JavaFX AnimationTimerLoop
09:24:05.246 [JavaFX Application Thread] DEBUG GameApplicationServi - Starting new game
09:24:05.246 [JavaFX Application Thread] DEBUG Input                - Clearing active input actions
09:24:05.259 [JavaFX Application Thread] DEBUG GameApplicationServi - Removing overlay from FXGLStartupScene and adding to FXGLLoadingScene
09:24:05.260 [JavaFX Application Thread] DEBUG PrimaryStageWindow   - FXGLStartupScene -> FXGLLoadingScene
09:24:05.260 [JavaFX Application Thread] DEBUG GameApplicationServi - Clearing previous game
09:24:05.260 [JavaFX Application Thread] DEBUG GameScene            - Clearing game scene
09:24:05.260 [JavaFX Application Thread] DEBUG GameWorld            - Clearing game world
09:24:05.260 [JavaFX Application Thread] DEBUG PhysicsWorld         - Clearing physics world
09:24:05.263 [FXGL Background Thread 4 ] DEBUG FXGLAssetLoaderServi - Loading from file system: jar:file:///C:/Users/Ruben/.m2/repository/com/github/almasb/fxgl/17.1/fxgl-17.1.jar!/fxglassets/ui/fonts/Abel-Regular.ttf
09:24:05.264 [FXGL Background Thread 1 ] DEBUG FXGLApplication      - Initializing game
09:24:05.268 [FXGL Background Thread 4 ] DEBUG FXGLAssetLoaderServi - Loading from file system: jar:file:///C:/Users/Ruben/.m2/repository/com/github/almasb/fxgl/17.1/fxgl-17.1.jar!/fxglassets/ui/fonts/TerminalLandMono-Regular.otf
09:24:05.271 [FXGL Background Thread 4 ] DEBUG FXGLAssetLoaderServi - Loading from file system: jar:file:///C:/Users/Ruben/.m2/repository/com/github/almasb/fxgl/17.1/fxgl-17.1.jar!/fxglassets/ui/fonts/Courier-Prime.ttf
09:24:05.283 [FXGL Background Thread 1 ] WARN  FXGLAssetLoaderServi - Asset "/assets/textures/char.png" was not found!
09:24:05.283 [FXGL Background Thread 1 ] WARN  FXGLAssetLoaderServi - Failed to load IMAGE
09:24:05.302 [JavaFX Application Thread] DEBUG FXGLApplication      - Registering font factories with UI factory
09:24:05.374 [FXGL Background Thread 1 ] INFO  FXGLApplication      - Game initialization took: 0,111 sec
09:24:05.396 [JavaFX Application Thread] DEBUG Input                - Clearing active input actions
09:24:05.403 [JavaFX Application Thread] DEBUG GameApplicationServi - Removing overlay from FXGLLoadingScene and adding to GameScene
09:24:05.404 [JavaFX Application Thread] DEBUG PrimaryStageWindow   - FXGLLoadingScene -> GameScene
09:24:05.511 [FXGL Background Thread 2 ] INFO  UpdaterService       - Your current version:  17.1
09:24:05.511 [FXGL Background Thread 2 ] INFO  UpdaterService       - Latest stable version: 17.3
09:24:08.195 [FXGL Background Thread 3 ] DEBUG Engine               - Logging environment variables
09:24:08.195 [FXGL Background Thread 3 ] DEBUG Engine               - achievements: []
09:24:08.195 [FXGL Background Thread 3 ] DEBUG Engine               - actualHeight: 600.0
09:24:08.195 [FXGL Background Thread 3 ] DEBUG Engine               - actualHeightProperty: ReadOnlyDoubleProperty [value: 600.0]
09:24:08.195 [FXGL Background Thread 3 ] DEBUG Engine               - actualWidth: 800.0
09:24:08.195 [FXGL Background Thread 3 ] DEBUG Engine               - actualWidthProperty: ReadOnlyDoubleProperty [value: 800.0]
09:24:08.195 [FXGL Background Thread 3 ] DEBUG Engine               - appIcon: fxgl_icon.png
09:24:08.195 [FXGL Background Thread 3 ] DEBUG Engine               - applicationMode: DEVELOPER
09:24:08.196 [FXGL Background Thread 3 ] DEBUG Engine               - cSSList: [fxgl_dark.css]
09:24:08.196 [FXGL Background Thread 3 ] DEBUG Engine               - collisionDetectionStrategy: BRUTE_FORCE
09:24:08.196 [FXGL Background Thread 3 ] DEBUG Engine               - configClass: Optional.empty
09:24:08.196 [FXGL Background Thread 3 ] DEBUG Engine               - credits: []
09:24:08.196 [FXGL Background Thread 3 ] DEBUG Engine               - defaultCursor: CursorInfo(imageName=fxgl_default_cursor.png, hotspotX=7.0, hotspotY=6.0)
09:24:08.196 [FXGL Background Thread 3 ] DEBUG Engine               - devBBoxColorProperty: ObjectProperty [value: 0xff0000ff]
09:24:08.196 [FXGL Background Thread 3 ] DEBUG Engine               - devEnableDebugCameraProperty: BooleanProperty [value: false]
09:24:08.196 [FXGL Background Thread 3 ] DEBUG Engine               - devSensorColorProperty: ObjectProperty [value: 0xffff00ff]
09:24:08.196 [FXGL Background Thread 3 ] DEBUG Engine               - devShowBBoxProperty: BooleanProperty [value: false]
09:24:08.197 [FXGL Background Thread 3 ] DEBUG Engine               - devShowPositionProperty: BooleanProperty [value: false]
09:24:08.197 [FXGL Background Thread 3 ] DEBUG Engine               - enabledMenuItems: []
09:24:08.197 [FXGL Background Thread 3 ] DEBUG Engine               - engineServices: [class com.almasb.fxgl.app.services.FXGLAssetLoaderService, class com.almasb.fxgl.app.FXGLApplication$GameApplicationService, class com.almasb.fxgl.app.services.FXGLDialogService, class com.almasb.fxgl.app.services.IOTaskExecutorService, class com.almasb.fxgl.io.FileSystemService, class com.almasb.fxgl.localization.LocalizationService, class com.almasb.fxgl.app.services.SystemBundleService, class com.almasb.fxgl.profile.SaveLoadService, class com.almasb.fxgl.ui.FXGLUIFactoryServiceProvider, class com.almasb.fxgl.ui.FXGLDialogFactoryServiceProvider, class com.almasb.fxgl.audio.AudioPlayer, class com.almasb.fxgl.notification.impl.NotificationServiceProvider, class com.almasb.fxgl.achievement.AchievementService, class com.almasb.fxgl.cutscene.CutsceneService, class com.almasb.fxgl.minigames.MiniGameService, class com.almasb.fxgl.net.NetService, class com.almasb.fxgl.app.services.UpdaterService, class com.almasb.fxgl.dev.DevService]
09:24:08.197 [FXGL Background Thread 3 ] DEBUG Engine               - fontGame: Abel-Regular.ttf
09:24:08.197 [FXGL Background Thread 3 ] DEBUG Engine               - fontMono: TerminalLandMono-Regular.otf
09:24:08.197 [FXGL Background Thread 3 ] DEBUG Engine               - fontText: Courier-Prime.ttf
09:24:08.197 [FXGL Background Thread 3 ] DEBUG Engine               - fontUI: VarelaRound-Regular.ttf
09:24:08.197 [FXGL Background Thread 3 ] DEBUG Engine               - fullScreen: BooleanProperty [value: false]
09:24:08.197 [FXGL Background Thread 3 ] DEBUG Engine               - gameDifficulty: MEDIUM
09:24:08.197 [FXGL Background Thread 3 ] DEBUG Engine               - gameDifficultyProperty: ObjectProperty [value: MEDIUM]
09:24:08.197 [FXGL Background Thread 3 ] DEBUG Engine               - globalMusicVolume: 0.5
09:24:08.197 [FXGL Background Thread 3 ] DEBUG Engine               - globalMusicVolumeProperty: DoubleProperty [value: 0.5]
09:24:08.197 [FXGL Background Thread 3 ] DEBUG Engine               - globalSoundVolume: 0.5
09:24:08.197 [FXGL Background Thread 3 ] DEBUG Engine               - globalSoundVolumeProperty: DoubleProperty [value: 0.5]
09:24:08.197 [FXGL Background Thread 3 ] DEBUG Engine               - height: 600
09:24:08.197 [FXGL Background Thread 3 ] DEBUG Engine               - is3D: false
09:24:08.197 [FXGL Background Thread 3 ] DEBUG Engine               - isAndroid: false
09:24:08.197 [FXGL Background Thread 3 ] DEBUG Engine               - isBrowser: false
09:24:08.197 [FXGL Background Thread 3 ] DEBUG Engine               - isClickFeedbackEnabled: false
09:24:08.197 [FXGL Background Thread 3 ] DEBUG Engine               - isCloseConfirmation: false
09:24:08.197 [FXGL Background Thread 3 ] DEBUG Engine               - isDesktop: true
09:24:08.197 [FXGL Background Thread 3 ] DEBUG Engine               - isDeveloperMenuEnabled: false
09:24:08.197 [FXGL Background Thread 3 ] DEBUG Engine               - isEmbedded: false
09:24:08.197 [FXGL Background Thread 3 ] DEBUG Engine               - isEntityPreloadEnabled: true
09:24:08.197 [FXGL Background Thread 3 ] DEBUG Engine               - isExperimentalTiledLargeMap: false
09:24:08.199 [FXGL Background Thread 3 ] DEBUG Engine               - isFileSystemWriteAllowed: true
09:24:08.199 [FXGL Background Thread 3 ] DEBUG Engine               - isFullScreenAllowed: false
09:24:08.199 [FXGL Background Thread 3 ] DEBUG Engine               - isFullScreenFromStart: false
09:24:08.199 [FXGL Background Thread 3 ] DEBUG Engine               - isGameMenuEnabled: true
09:24:08.199 [FXGL Background Thread 3 ] DEBUG Engine               - isIOS: false
09:24:08.199 [FXGL Background Thread 3 ] DEBUG Engine               - isIntroEnabled: false
09:24:08.199 [FXGL Background Thread 3 ] DEBUG Engine               - isLinux: false
09:24:08.199 [FXGL Background Thread 3 ] DEBUG Engine               - isMac: false
09:24:08.199 [FXGL Background Thread 3 ] DEBUG Engine               - isMainMenuEnabled: false
09:24:08.199 [FXGL Background Thread 3 ] DEBUG Engine               - isManualResizeEnabled: false
09:24:08.199 [FXGL Background Thread 3 ] DEBUG Engine               - isMobile: false
09:24:08.199 [FXGL Background Thread 3 ] DEBUG Engine               - isNative: false
09:24:08.199 [FXGL Background Thread 3 ] DEBUG Engine               - isPauseMusicWhenMinimized: true
09:24:08.199 [FXGL Background Thread 3 ] DEBUG Engine               - isPreserveResizeRatio: false
09:24:08.199 [FXGL Background Thread 3 ] DEBUG Engine               - isProfilingEnabled: false
09:24:08.199 [FXGL Background Thread 3 ] DEBUG Engine               - isScaleAffectedOnResize: true
09:24:08.199 [FXGL Background Thread 3 ] DEBUG Engine               - isSingleStep: false
09:24:08.199 [FXGL Background Thread 3 ] DEBUG Engine               - isUserProfileEnabled: false
09:24:08.199 [FXGL Background Thread 3 ] DEBUG Engine               - isWindows: true
09:24:08.199 [FXGL Background Thread 3 ] DEBUG Engine               - language: ObjectProperty [value: ENGLISH]
09:24:08.199 [FXGL Background Thread 3 ] DEBUG Engine               - menuKey: ESCAPE
09:24:08.199 [FXGL Background Thread 3 ] DEBUG Engine               - mouseSensitivity: 0.2
09:24:08.199 [FXGL Background Thread 3 ] DEBUG Engine               - notificationViewClass: class com.almasb.fxgl.notification.view.XboxNotificationView
09:24:08.199 [FXGL Background Thread 3 ] DEBUG Engine               - pixelsPerMeter: 50.0
09:24:08.199 [FXGL Background Thread 3 ] DEBUG Engine               - platform: WINDOWS
09:24:08.199 [FXGL Background Thread 3 ] DEBUG Engine               - prefHeightProperty: ReadOnlyDoubleProperty [value: 600.0]
09:24:08.200 [FXGL Background Thread 3 ] DEBUG Engine               - prefWidthProperty: ReadOnlyDoubleProperty [value: 800.0]
09:24:08.200 [FXGL Background Thread 3 ] DEBUG Engine               - profileDir: profiles/
09:24:08.200 [FXGL Background Thread 3 ] DEBUG Engine               - profileName: StringProperty [value: DEFAULT]
09:24:08.200 [FXGL Background Thread 3 ] DEBUG Engine               - randomSeed: -1
09:24:08.200 [FXGL Background Thread 3 ] DEBUG Engine               - runtimeInfo: RuntimeInfo(platform=WINDOWS, version=17.1, build=24.03.2022 17.34)
09:24:08.200 [FXGL Background Thread 3 ] DEBUG Engine               - saveFileExt: sav
09:24:08.200 [FXGL Background Thread 3 ] DEBUG Engine               - scaledHeightProp$fxgl: DoubleProperty [bound, value: 600.0]
09:24:08.200 [FXGL Background Thread 3 ] DEBUG Engine               - scaledWidthProp$fxgl: DoubleProperty [bound, value: 800.0]
09:24:08.200 [FXGL Background Thread 3 ] DEBUG Engine               - sceneFactory: com.almasb.fxgl.app.scene.SceneFactory@141c05ae
09:24:08.200 [FXGL Background Thread 3 ] DEBUG Engine               - secondsIn24h: 60
09:24:08.200 [FXGL Background Thread 3 ] DEBUG Engine               - soundMenuBack: menu/back.wav
09:24:08.200 [FXGL Background Thread 3 ] DEBUG Engine               - soundMenuPress: menu/press.wav
09:24:08.200 [FXGL Background Thread 3 ] DEBUG Engine               - soundMenuSelect: menu/select.wav
09:24:08.200 [FXGL Background Thread 3 ] DEBUG Engine               - soundNotification: core/notification.wav
09:24:08.200 [FXGL Background Thread 3 ] DEBUG Engine               - stageStyle: DECORATED
09:24:08.200 [FXGL Background Thread 3 ] DEBUG Engine               - supportedLanguages: [ENGLISH, FRENCH, GERMAN, HUNGARIAN, RUSSIAN]
09:24:08.200 [FXGL Background Thread 3 ] DEBUG Engine               - ticksPerSecond: -1
09:24:08.200 [FXGL Background Thread 3 ] DEBUG Engine               - title: Academic Rumble
09:24:08.200 [FXGL Background Thread 3 ] DEBUG Engine               - urlGithub: https://github.com/AlmasB/FXGL
09:24:08.200 [FXGL Background Thread 3 ] DEBUG Engine               - urlLeaderboard: http://fxgl-top.herokuapp.com/
09:24:08.200 [FXGL Background Thread 3 ] DEBUG Engine               - urlPOM: https://raw.githubusercontent.com/AlmasB/FXGL/release/README.md
09:24:08.200 [FXGL Background Thread 3 ] DEBUG Engine               - userAppClass: class com.example.academicrumble.Game
09:24:08.200 [FXGL Background Thread 3 ] DEBUG Engine               - version: 1.0
09:24:08.200 [FXGL Background Thread 3 ] DEBUG Engine               - versionCheckDays: 7
09:24:08.200 [FXGL Background Thread 3 ] DEBUG Engine               - width: 800
09:24:08.200 [FXGL Background Thread 3 ] DEBUG Engine               - Logging services
09:24:08.200 [FXGL Background Thread 3 ] DEBUG Engine               - class com.almasb.fxgl.app.services.FXGLAssetLoaderService
09:24:08.200 [FXGL Background Thread 3 ] DEBUG Engine               - class com.almasb.fxgl.app.FXGLApplication$GameApplicationService
09:24:08.200 [FXGL Background Thread 3 ] DEBUG Engine               - class com.almasb.fxgl.app.services.FXGLDialogService
09:24:08.200 [FXGL Background Thread 3 ] DEBUG Engine               - class com.almasb.fxgl.app.services.IOTaskExecutorService
09:24:08.200 [FXGL Background Thread 3 ] DEBUG Engine               - class com.almasb.fxgl.io.FileSystemService
09:24:08.200 [FXGL Background Thread 3 ] DEBUG Engine               - class com.almasb.fxgl.localization.LocalizationService
09:24:08.200 [FXGL Background Thread 3 ] DEBUG Engine               - class com.almasb.fxgl.app.services.SystemBundleService
09:24:08.200 [FXGL Background Thread 3 ] DEBUG Engine               - class com.almasb.fxgl.profile.SaveLoadService
09:24:08.201 [FXGL Background Thread 3 ] DEBUG Engine               - class com.almasb.fxgl.ui.FXGLUIFactoryServiceProvider
09:24:08.201 [FXGL Background Thread 3 ] DEBUG Engine               - class com.almasb.fxgl.ui.FXGLDialogFactoryServiceProvider
09:24:08.201 [FXGL Background Thread 3 ] DEBUG Engine               - class com.almasb.fxgl.audio.AudioPlayer
09:24:08.201 [FXGL Background Thread 3 ] DEBUG Engine               - class com.almasb.fxgl.notification.impl.NotificationServiceProvider
09:24:08.201 [FXGL Background Thread 3 ] DEBUG Engine               - class com.almasb.fxgl.achievement.AchievementService
09:24:08.201 [FXGL Background Thread 3 ] DEBUG Engine               - class com.almasb.fxgl.cutscene.CutsceneService
09:24:08.201 [FXGL Background Thread 3 ] DEBUG Engine               - class com.almasb.fxgl.minigames.MiniGameService
09:24:08.201 [FXGL Background Thread 3 ] DEBUG Engine               - class com.almasb.fxgl.net.NetService
09:24:08.201 [FXGL Background Thread 3 ] DEBUG Engine               - class com.almasb.fxgl.app.services.UpdaterService
09:24:08.201 [FXGL Background Thread 3 ] DEBUG Engine               - class com.almasb.fxgl.dev.DevService
09:24:13.207 [JavaFX Application Thread] DEBUG FXGLApplication      - Exiting FXGL
09:24:13.207 [JavaFX Application Thread] DEBUG LoopRunner           - Stopping loop
09:24:13.207 [JavaFX Application Thread] DEBUG SystemBundleService  - Saving FXGL system data
09:24:13.209 [JavaFX Application Thread] DEBUG FileSystemAccess     - Writing to: C:\Users\Ruben\IdeaProjects\AcademicRumble\system\fxgl.bundle
09:24:13.210 [JavaFX Application Thread] DEBUG Async                - Shutting down background threads
09:24:13.210 [JavaFX Application Thread] DEBUG PrimaryStageWindow   - Closing main window
09:24:13.222 [JavaFX Application Thread] DEBUG Logger               - Closing Logger
