16:15:05.746 [main                     ] DEBUG Logger               - Configured Logger
16:15:05.771 [main                     ] DEBUG GameApplication      - Logging settings
Title: Academic Rumble
Version: 1.0
Width: 640
Height: 600
Fullscreen: false
Intro: false
Profiling: false
Single step:false
App Mode: DEVELOPER
Menu Key: ESCAPE
Stage Style: DECORATED
Scene Factory: class com.example.academicrumble.MySceneFactory

16:15:06.189 [JavaFX Application Thread] DEBUG FXGLApplication      - Initializing FXGL
16:15:06.194 [JavaFX Application Thread] INFO  Engine               - FXGL-17.1 (24.03.2022 17.34) on WINDOWS (J:18.0.2 FX:18.0.1)
16:15:06.194 [JavaFX Application Thread] DEBUG Engine               - JRE Vendor Name: Amazon.com Inc.
16:15:06.194 [JavaFX Application Thread] DEBUG Engine               - Running on OS: Windows 11 version 10.0
16:15:06.194 [JavaFX Application Thread] DEBUG Engine               - Architecture: amd64
16:15:06.194 [JavaFX Application Thread] INFO  Engine               - Source code and latest versions at: https://github.com/AlmasB/FXGL
16:15:06.194 [JavaFX Application Thread] INFO  Engine               -       Ask questions and discuss at: https://github.com/AlmasB/FXGL/discussions
16:15:06.195 [JavaFX Application Thread] INFO  Engine               -              Join the FXGL chat at: https://gitter.im/AlmasB/FXGL
16:15:06.272 [JavaFX Application Thread] DEBUG PrimaryStageWindow   - Creating a JavaFX scene
16:15:06.308 [JavaFX Application Thread] DEBUG PrimaryStageWindow   - Target settings size: 640.0 x 600.0
16:15:06.309 [JavaFX Application Thread] DEBUG PrimaryStageWindow   - Scaled scene size:    640.0 x 600.0
16:15:06.309 [JavaFX Application Thread] DEBUG PrimaryStageWindow   - Scaled ratio: (1.0, 1.0)
16:15:06.310 [JavaFX Application Thread] DEBUG PrimaryStageWindow   - Set initial scene to FXGLStartupScene
16:15:06.316 [JavaFX Application Thread] DEBUG PrimaryStageWindow   - Opening main window
16:15:06.390 [JavaFX Application Thread] DEBUG PrimaryStageWindow   - Window border size: (16.0, 39.0)
16:15:06.390 [JavaFX Application Thread] DEBUG PrimaryStageWindow   - Scaled size: 640.0 x 600.0
16:15:06.391 [JavaFX Application Thread] DEBUG PrimaryStageWindow   - Scaled ratio: (1.0, 1.0)
16:15:06.391 [JavaFX Application Thread] DEBUG PrimaryStageWindow   - Scene size: 640.0 x 600.0
16:15:06.391 [JavaFX Application Thread] DEBUG PrimaryStageWindow   - Stage size: 656.0 x 639.0
16:15:06.400 [FXGL Background Thread 1 ] DEBUG Engine               - Initializing environment variables
16:15:06.458 [FXGL Background Thread 1 ] DEBUG FXGLAssetLoaderServi - User app class for loading assets: class com.example.academicrumble.Game
16:15:06.458 [FXGL Background Thread 1 ] DEBUG GameApplicationServi - Applying CSS: fxgl_dark.css
16:15:06.459 [FXGL Background Thread 1 ] DEBUG FXGLAssetLoaderServi - Loading from file system: jar:file:///C:/Users/pelle/.m2/repository/com/github/almasb/fxgl/17.1/fxgl-17.1.jar!/fxglassets/ui/css/fxgl_dark.css
16:15:06.516 [FXGL Background Thread 1 ] DEBUG GameApplicationServi - Initializing application scenes
16:15:06.559 [FXGL Background Thread 1 ] DEBUG GameWorld            - Game world initialized
16:15:06.614 [FXGL Background Thread 1 ] DEBUG PhysicsWorld         - Physics world initialized: appHeight=600, physics.ppm=50,0
16:15:06.614 [FXGL Background Thread 1 ] DEBUG PhysicsWorld         - Using strategy: BRUTE_FORCE
16:15:06.619 [FXGL Background Thread 1 ] DEBUG GameScene            - Game scene initialized: 640x600
16:15:06.640 [FXGL Background Thread 1 ] WARN  FXGL.DefaultMenu     - FXGLDefaultMenu is not designed for resolutions < 800x600
16:15:06.641 [FXGL Background Thread 1 ] DEBUG FXGL.DefaultMenu     - createMenuBodyGameMenu()
16:15:06.649 [FXGL Background Thread 1 ] DEBUG FXGL.DefaultMenu     - createOptionsMenu()
16:15:06.657 [FXGL Background Thread 1 ] DEBUG FXGLAssetLoaderServi - Loading from file system: jar:file:///C:/Users/pelle/.m2/repository/com/github/almasb/fxgl/17.1/fxgl-17.1.jar!/fxglassets/textures/particles/smoke.png
16:15:06.753 [FXGL Background Thread 1 ] DEBUG FXGLAssetLoaderServi - Loading from file system: jar:file:///C:/Users/pelle/.m2/repository/com/github/almasb/fxgl/17.1/fxgl-17.1.jar!/fxglassets/textures/particles/trace_horizontal.png
16:15:06.786 [FXGL Background Thread 1 ] DEBUG GameApplicationServi - Application scenes initialized
16:15:06.796 [FXGL Background Thread 1 ] DEBUG SystemBundleService  - Loading FXGL system data
16:15:06.801 [FXGL Background Thread 1 ] DEBUG FileSystemAccess     - Reading from: D:\Leiden\Challange Week\AcademicRumble\system\fxgl.bundle
16:15:06.808 [FXGL Background Thread 1 ] DEBUG SystemBundleService  - Bundle FXGL: {}
16:15:06.808 [FXGL Background Thread 1 ] DEBUG UpdaterService       - Checking for updates
16:15:06.811 [FXGL Background Thread 4 ] DEBUG FXGLApplication      - Loading fonts
16:15:06.811 [FXGL Background Thread 4 ] DEBUG FXGLAssetLoaderServi - Loading from file system: jar:file:///C:/Users/pelle/.m2/repository/com/github/almasb/fxgl/17.1/fxgl-17.1.jar!/fxglassets/ui/fonts/VarelaRound-Regular.ttf
16:15:06.813 [FXGL Background Thread 1 ] DEBUG FXGLApplication      - Loading default localization
16:15:06.814 [FXGL Background Thread 1 ] DEBUG FXGLAssetLoaderServi - Loading from file system: jar:file:///C:/Users/pelle/.m2/repository/com/github/almasb/fxgl/17.1/fxgl-17.1.jar!/fxglassets/languages/english.lang
16:15:06.843 [FXGL Background Thread 1 ] INFO  FXGLApplication      - FXGL initialization took: 0,443 sec
16:15:06.858 [JavaFX Application Thread] DEBUG Input                - Registered new binding: Move Left - A
16:15:06.860 [JavaFX Application Thread] DEBUG Input                - Registered new binding: Move Right - D
16:15:06.860 [JavaFX Application Thread] DEBUG Input                - Registered new binding: Move Up - W
16:15:06.862 [JavaFX Application Thread] DEBUG Input                - Registered new binding: Move Down - S
16:15:06.862 [JavaFX Application Thread] DEBUG FXGLAssetLoaderServi - Loading from file system: jar:file:///C:/Users/pelle/.m2/repository/com/github/almasb/fxgl/17.1/fxgl-17.1.jar!/fxglassets/textures/fxgl_icon.png
16:15:06.882 [JavaFX Application Thread] DEBUG FXGLAssetLoaderServi - Loading from file system: jar:file:///C:/Users/pelle/.m2/repository/com/github/almasb/fxgl/17.1/fxgl-17.1.jar!/fxglassets/textures/fxgl_default_cursor.png
16:15:06.885 [JavaFX Application Thread] DEBUG Input                - Registered new binding: Screenshot - CTRL+8
16:15:06.886 [JavaFX Application Thread] DEBUG Input                - Registered new binding: System info dump - CTRL+9
16:15:06.886 [JavaFX Application Thread] DEBUG Input                - Registered new binding: Restart - CTRL+R
16:15:06.889 [JavaFX Application Thread] DEBUG Input                - Registered new binding: Toggle Debug Camera - CTRL+7
16:15:06.893 [JavaFX Application Thread] DEBUG LoopRunner           - Starting loop
16:15:06.893 [JavaFX Application Thread] DEBUG LoopRunner           - Initializing JavaFX AnimationTimerLoop
16:15:06.895 [JavaFX Application Thread] DEBUG Input                - Clearing active input actions
16:15:06.901 [JavaFX Application Thread] DEBUG GameApplicationServi - Removing overlay from FXGLStartupScene and adding to FXGLMainMenuDummyScene
16:15:06.902 [JavaFX Application Thread] DEBUG PrimaryStageWindow   - FXGLStartupScene -> FXGLMainMenuDummyScene
16:15:06.902 [JavaFX Application Thread] DEBUG PrimaryStageWindow   - Push state: CharacterSelect
16:15:06.902 [JavaFX Application Thread] DEBUG Input                - Clearing active input actions
16:15:06.905 [JavaFX Application Thread] DEBUG GameApplicationServi - Removing overlay from FXGLMainMenuDummyScene and adding to CharacterSelect
16:15:06.906 [JavaFX Application Thread] DEBUG PrimaryStageWindow   - FXGLMainMenuDummyScene -> CharacterSelect
16:15:06.990 [FXGL Background Thread 4 ] DEBUG FXGLAssetLoaderServi - Loading from file system: jar:file:///C:/Users/pelle/.m2/repository/com/github/almasb/fxgl/17.1/fxgl-17.1.jar!/fxglassets/ui/fonts/Abel-Regular.ttf
16:15:07.020 [FXGL Background Thread 4 ] DEBUG FXGLAssetLoaderServi - Loading from file system: jar:file:///C:/Users/pelle/.m2/repository/com/github/almasb/fxgl/17.1/fxgl-17.1.jar!/fxglassets/ui/fonts/TerminalLandMono-Regular.otf
16:15:07.035 [FXGL Background Thread 4 ] DEBUG FXGLAssetLoaderServi - Loading from file system: jar:file:///C:/Users/pelle/.m2/repository/com/github/almasb/fxgl/17.1/fxgl-17.1.jar!/fxglassets/ui/fonts/Courier-Prime.ttf
16:15:07.047 [JavaFX Application Thread] DEBUG FXGLApplication      - Registering font factories with UI factory
16:15:07.220 [FXGL Background Thread 2 ] INFO  UpdaterService       - Your current version:  17.1
16:15:07.220 [FXGL Background Thread 2 ] INFO  UpdaterService       - Latest stable version: 17.3
16:15:09.810 [FXGL Background Thread 3 ] DEBUG Engine               - Logging environment variables
16:15:09.811 [FXGL Background Thread 3 ] DEBUG Engine               - achievements: []
16:15:09.811 [FXGL Background Thread 3 ] DEBUG Engine               - actualHeight: 600.0
16:15:09.811 [FXGL Background Thread 3 ] DEBUG Engine               - actualHeightProperty: ReadOnlyDoubleProperty [value: 600.0]
16:15:09.811 [FXGL Background Thread 3 ] DEBUG Engine               - actualWidth: 640.0
16:15:09.811 [FXGL Background Thread 3 ] DEBUG Engine               - actualWidthProperty: ReadOnlyDoubleProperty [value: 640.0]
16:15:09.811 [FXGL Background Thread 3 ] DEBUG Engine               - appIcon: fxgl_icon.png
16:15:09.811 [FXGL Background Thread 3 ] DEBUG Engine               - applicationMode: DEVELOPER
16:15:09.811 [FXGL Background Thread 3 ] DEBUG Engine               - cSSList: [fxgl_dark.css]
16:15:09.811 [FXGL Background Thread 3 ] DEBUG Engine               - collisionDetectionStrategy: BRUTE_FORCE
16:15:09.811 [FXGL Background Thread 3 ] DEBUG Engine               - configClass: Optional.empty
16:15:09.811 [FXGL Background Thread 3 ] DEBUG Engine               - credits: []
16:15:09.812 [FXGL Background Thread 3 ] DEBUG Engine               - defaultCursor: CursorInfo(imageName=fxgl_default_cursor.png, hotspotX=7.0, hotspotY=6.0)
16:15:09.812 [FXGL Background Thread 3 ] DEBUG Engine               - devBBoxColorProperty: ObjectProperty [value: 0xff0000ff]
16:15:09.812 [FXGL Background Thread 3 ] DEBUG Engine               - devEnableDebugCameraProperty: BooleanProperty [value: false]
16:15:09.812 [FXGL Background Thread 3 ] DEBUG Engine               - devSensorColorProperty: ObjectProperty [value: 0xffff00ff]
16:15:09.812 [FXGL Background Thread 3 ] DEBUG Engine               - devShowBBoxProperty: BooleanProperty [value: false]
16:15:09.812 [FXGL Background Thread 3 ] DEBUG Engine               - devShowPositionProperty: BooleanProperty [value: false]
16:15:09.812 [FXGL Background Thread 3 ] DEBUG Engine               - enabledMenuItems: []
16:15:09.812 [FXGL Background Thread 3 ] DEBUG Engine               - engineServices: [class com.almasb.fxgl.app.services.FXGLAssetLoaderService, class com.almasb.fxgl.app.FXGLApplication$GameApplicationService, class com.almasb.fxgl.app.services.FXGLDialogService, class com.almasb.fxgl.app.services.IOTaskExecutorService, class com.almasb.fxgl.io.FileSystemService, class com.almasb.fxgl.localization.LocalizationService, class com.almasb.fxgl.app.services.SystemBundleService, class com.almasb.fxgl.profile.SaveLoadService, class com.almasb.fxgl.ui.FXGLUIFactoryServiceProvider, class com.almasb.fxgl.ui.FXGLDialogFactoryServiceProvider, class com.almasb.fxgl.audio.AudioPlayer, class com.almasb.fxgl.notification.impl.NotificationServiceProvider, class com.almasb.fxgl.achievement.AchievementService, class com.almasb.fxgl.cutscene.CutsceneService, class com.almasb.fxgl.minigames.MiniGameService, class com.almasb.fxgl.net.NetService, class com.almasb.fxgl.app.services.UpdaterService, class com.almasb.fxgl.dev.DevService]
16:15:09.812 [FXGL Background Thread 3 ] DEBUG Engine               - fontGame: Abel-Regular.ttf
16:15:09.812 [FXGL Background Thread 3 ] DEBUG Engine               - fontMono: TerminalLandMono-Regular.otf
16:15:09.813 [FXGL Background Thread 3 ] DEBUG Engine               - fontText: Courier-Prime.ttf
16:15:09.813 [FXGL Background Thread 3 ] DEBUG Engine               - fontUI: VarelaRound-Regular.ttf
16:15:09.813 [FXGL Background Thread 3 ] DEBUG Engine               - fullScreen: BooleanProperty [value: false]
16:15:09.813 [FXGL Background Thread 3 ] DEBUG Engine               - gameDifficulty: MEDIUM
16:15:09.813 [FXGL Background Thread 3 ] DEBUG Engine               - gameDifficultyProperty: ObjectProperty [value: MEDIUM]
16:15:09.813 [FXGL Background Thread 3 ] DEBUG Engine               - globalMusicVolume: 0.5
16:15:09.813 [FXGL Background Thread 3 ] DEBUG Engine               - globalMusicVolumeProperty: DoubleProperty [value: 0.5]
16:15:09.813 [FXGL Background Thread 3 ] DEBUG Engine               - globalSoundVolume: 0.5
16:15:09.813 [FXGL Background Thread 3 ] DEBUG Engine               - globalSoundVolumeProperty: DoubleProperty [value: 0.5]
16:15:09.813 [FXGL Background Thread 3 ] DEBUG Engine               - height: 600
16:15:09.813 [FXGL Background Thread 3 ] DEBUG Engine               - is3D: false
16:15:09.813 [FXGL Background Thread 3 ] DEBUG Engine               - isAndroid: false
16:15:09.813 [FXGL Background Thread 3 ] DEBUG Engine               - isBrowser: false
16:15:09.813 [FXGL Background Thread 3 ] DEBUG Engine               - isClickFeedbackEnabled: false
16:15:09.813 [FXGL Background Thread 3 ] DEBUG Engine               - isCloseConfirmation: false
16:15:09.813 [FXGL Background Thread 3 ] DEBUG Engine               - isDesktop: true
16:15:09.813 [FXGL Background Thread 3 ] DEBUG Engine               - isDeveloperMenuEnabled: false
16:15:09.814 [FXGL Background Thread 3 ] DEBUG Engine               - isEmbedded: false
16:15:09.814 [FXGL Background Thread 3 ] DEBUG Engine               - isEntityPreloadEnabled: true
16:15:09.814 [FXGL Background Thread 3 ] DEBUG Engine               - isExperimentalTiledLargeMap: false
16:15:09.814 [FXGL Background Thread 3 ] DEBUG Engine               - isFileSystemWriteAllowed: true
16:15:09.814 [FXGL Background Thread 3 ] DEBUG Engine               - isFullScreenAllowed: false
16:15:09.814 [FXGL Background Thread 3 ] DEBUG Engine               - isFullScreenFromStart: false
16:15:09.814 [FXGL Background Thread 3 ] DEBUG Engine               - isGameMenuEnabled: true
16:15:09.814 [FXGL Background Thread 3 ] DEBUG Engine               - isIOS: false
16:15:09.814 [FXGL Background Thread 3 ] DEBUG Engine               - isIntroEnabled: false
16:15:09.814 [FXGL Background Thread 3 ] DEBUG Engine               - isLinux: false
16:15:09.814 [FXGL Background Thread 3 ] DEBUG Engine               - isMac: false
16:15:09.814 [FXGL Background Thread 3 ] DEBUG Engine               - isMainMenuEnabled: true
16:15:09.814 [FXGL Background Thread 3 ] DEBUG Engine               - isManualResizeEnabled: false
16:15:09.814 [FXGL Background Thread 3 ] DEBUG Engine               - isMobile: false
16:15:09.814 [FXGL Background Thread 3 ] DEBUG Engine               - isNative: false
16:15:09.814 [FXGL Background Thread 3 ] DEBUG Engine               - isPauseMusicWhenMinimized: true
16:15:09.814 [FXGL Background Thread 3 ] DEBUG Engine               - isPreserveResizeRatio: false
16:15:09.814 [FXGL Background Thread 3 ] DEBUG Engine               - isProfilingEnabled: false
16:15:09.814 [FXGL Background Thread 3 ] DEBUG Engine               - isScaleAffectedOnResize: true
16:15:09.814 [FXGL Background Thread 3 ] DEBUG Engine               - isSingleStep: false
16:15:09.814 [FXGL Background Thread 3 ] DEBUG Engine               - isUserProfileEnabled: false
16:15:09.815 [FXGL Background Thread 3 ] DEBUG Engine               - isWindows: true
16:15:09.815 [FXGL Background Thread 3 ] DEBUG Engine               - language: ObjectProperty [value: ENGLISH]
16:15:09.815 [FXGL Background Thread 3 ] DEBUG Engine               - menuKey: ESCAPE
16:15:09.815 [FXGL Background Thread 3 ] DEBUG Engine               - mouseSensitivity: 0.2
16:15:09.815 [FXGL Background Thread 3 ] DEBUG Engine               - notificationViewClass: class com.almasb.fxgl.notification.view.XboxNotificationView
16:15:09.815 [FXGL Background Thread 3 ] DEBUG Engine               - pixelsPerMeter: 50.0
16:15:09.815 [FXGL Background Thread 3 ] DEBUG Engine               - platform: WINDOWS
16:15:09.815 [FXGL Background Thread 3 ] DEBUG Engine               - prefHeightProperty: ReadOnlyDoubleProperty [value: 600.0]
16:15:09.815 [FXGL Background Thread 3 ] DEBUG Engine               - prefWidthProperty: ReadOnlyDoubleProperty [value: 640.0]
16:15:09.815 [FXGL Background Thread 3 ] DEBUG Engine               - profileDir: profiles/
16:15:09.815 [FXGL Background Thread 3 ] DEBUG Engine               - profileName: StringProperty [value: DEFAULT]
16:15:09.815 [FXGL Background Thread 3 ] DEBUG Engine               - randomSeed: -1
16:15:09.815 [FXGL Background Thread 3 ] DEBUG Engine               - runtimeInfo: RuntimeInfo(platform=WINDOWS, version=17.1, build=24.03.2022 17.34)
16:15:09.816 [FXGL Background Thread 3 ] DEBUG Engine               - saveFileExt: sav
16:15:09.816 [FXGL Background Thread 3 ] DEBUG Engine               - scaledHeightProp$fxgl: DoubleProperty [bound, value: 600.0]
16:15:09.816 [FXGL Background Thread 3 ] DEBUG Engine               - scaledWidthProp$fxgl: DoubleProperty [bound, value: 640.0]
16:15:09.816 [FXGL Background Thread 3 ] DEBUG Engine               - sceneFactory: com.example.academicrumble.MySceneFactory@57e056e5
16:15:09.816 [FXGL Background Thread 3 ] DEBUG Engine               - secondsIn24h: 60
16:15:09.816 [FXGL Background Thread 3 ] DEBUG Engine               - soundMenuBack: menu/back.wav
16:15:09.816 [FXGL Background Thread 3 ] DEBUG Engine               - soundMenuPress: menu/press.wav
16:15:09.816 [FXGL Background Thread 3 ] DEBUG Engine               - soundMenuSelect: menu/select.wav
16:15:09.816 [FXGL Background Thread 3 ] DEBUG Engine               - soundNotification: core/notification.wav
16:15:09.816 [FXGL Background Thread 3 ] DEBUG Engine               - stageStyle: DECORATED
16:15:09.816 [FXGL Background Thread 3 ] DEBUG Engine               - supportedLanguages: [ENGLISH, FRENCH, GERMAN, HUNGARIAN, RUSSIAN]
16:15:09.816 [FXGL Background Thread 3 ] DEBUG Engine               - ticksPerSecond: -1
16:15:09.816 [FXGL Background Thread 3 ] DEBUG Engine               - title: Academic Rumble
16:15:09.816 [FXGL Background Thread 3 ] DEBUG Engine               - urlGithub: https://github.com/AlmasB/FXGL
16:15:09.816 [FXGL Background Thread 3 ] DEBUG Engine               - urlLeaderboard: http://fxgl-top.herokuapp.com/
16:15:09.816 [FXGL Background Thread 3 ] DEBUG Engine               - urlPOM: https://raw.githubusercontent.com/AlmasB/FXGL/release/README.md
16:15:09.816 [FXGL Background Thread 3 ] DEBUG Engine               - userAppClass: class com.example.academicrumble.Game
16:15:09.816 [FXGL Background Thread 3 ] DEBUG Engine               - version: 1.0
16:15:09.816 [FXGL Background Thread 3 ] DEBUG Engine               - versionCheckDays: 7
16:15:09.817 [FXGL Background Thread 3 ] DEBUG Engine               - width: 640
16:15:09.817 [FXGL Background Thread 3 ] DEBUG Engine               - Logging services
16:15:09.817 [FXGL Background Thread 3 ] DEBUG Engine               - class com.almasb.fxgl.app.services.FXGLAssetLoaderService
16:15:09.817 [FXGL Background Thread 3 ] DEBUG Engine               - class com.almasb.fxgl.app.FXGLApplication$GameApplicationService
16:15:09.817 [FXGL Background Thread 3 ] DEBUG Engine               - class com.almasb.fxgl.app.services.FXGLDialogService
16:15:09.817 [FXGL Background Thread 3 ] DEBUG Engine               - class com.almasb.fxgl.app.services.IOTaskExecutorService
16:15:09.817 [FXGL Background Thread 3 ] DEBUG Engine               - class com.almasb.fxgl.io.FileSystemService
16:15:09.817 [FXGL Background Thread 3 ] DEBUG Engine               - class com.almasb.fxgl.localization.LocalizationService
16:15:09.817 [FXGL Background Thread 3 ] DEBUG Engine               - class com.almasb.fxgl.app.services.SystemBundleService
16:15:09.817 [FXGL Background Thread 3 ] DEBUG Engine               - class com.almasb.fxgl.profile.SaveLoadService
16:15:09.817 [FXGL Background Thread 3 ] DEBUG Engine               - class com.almasb.fxgl.ui.FXGLUIFactoryServiceProvider
16:15:09.817 [FXGL Background Thread 3 ] DEBUG Engine               - class com.almasb.fxgl.ui.FXGLDialogFactoryServiceProvider
16:15:09.817 [FXGL Background Thread 3 ] DEBUG Engine               - class com.almasb.fxgl.audio.AudioPlayer
16:15:09.817 [FXGL Background Thread 3 ] DEBUG Engine               - class com.almasb.fxgl.notification.impl.NotificationServiceProvider
16:15:09.817 [FXGL Background Thread 3 ] DEBUG Engine               - class com.almasb.fxgl.achievement.AchievementService
16:15:09.817 [FXGL Background Thread 3 ] DEBUG Engine               - class com.almasb.fxgl.cutscene.CutsceneService
16:15:09.817 [FXGL Background Thread 3 ] DEBUG Engine               - class com.almasb.fxgl.minigames.MiniGameService
16:15:09.817 [FXGL Background Thread 3 ] DEBUG Engine               - class com.almasb.fxgl.net.NetService
16:15:09.817 [FXGL Background Thread 3 ] DEBUG Engine               - class com.almasb.fxgl.app.services.UpdaterService
16:15:09.817 [FXGL Background Thread 3 ] DEBUG Engine               - class com.almasb.fxgl.dev.DevService
16:15:11.559 [JavaFX Application Thread] DEBUG FXGLApplication      - Exiting FXGL
16:15:11.559 [JavaFX Application Thread] DEBUG LoopRunner           - Stopping loop
16:15:11.559 [JavaFX Application Thread] DEBUG SystemBundleService  - Saving FXGL system data
16:15:11.561 [JavaFX Application Thread] DEBUG FileSystemAccess     - Writing to: D:\Leiden\Challange Week\AcademicRumble\system\fxgl.bundle
16:15:11.562 [JavaFX Application Thread] DEBUG Async                - Shutting down background threads
16:15:11.563 [JavaFX Application Thread] DEBUG PrimaryStageWindow   - Closing main window
16:15:11.573 [JavaFX Application Thread] DEBUG Logger               - Closing Logger
