10:56:05.416 [main                     ] DEBUG Logger               - Configured Logger
10:56:05.438 [main                     ] DEBUG GameApplication      - Logging settings
Title: Academic Rumble
Version: 1.0
Width: 1280
Height: 640
Fullscreen: false
Intro: false
Profiling: false
Single step:false
App Mode: DEVELOPER
Menu Key: ESCAPE
Stage Style: DECORATED
Scene Factory: class com.example.academicrumble.MySceneFactory

10:56:05.852 [JavaFX Application Thread] DEBUG FXGLApplication      - Initializing FXGL
10:56:05.859 [JavaFX Application Thread] INFO  Engine               - FXGL-17.1 (24.03.2022 17.34) on WINDOWS (J:18.0.2 FX:18.0.1)
10:56:05.859 [JavaFX Application Thread] DEBUG Engine               - JRE Vendor Name: Amazon.com Inc.
10:56:05.859 [JavaFX Application Thread] DEBUG Engine               - Running on OS: Windows 11 version 10.0
10:56:05.860 [JavaFX Application Thread] DEBUG Engine               - Architecture: amd64
10:56:05.860 [JavaFX Application Thread] INFO  Engine               - Source code and latest versions at: https://github.com/AlmasB/FXGL
10:56:05.860 [JavaFX Application Thread] INFO  Engine               -       Ask questions and discuss at: https://github.com/AlmasB/FXGL/discussions
10:56:05.860 [JavaFX Application Thread] INFO  Engine               -              Join the FXGL chat at: https://gitter.im/AlmasB/FXGL
10:56:05.934 [JavaFX Application Thread] DEBUG PrimaryStageWindow   - Creating a JavaFX scene
10:56:05.970 [JavaFX Application Thread] DEBUG PrimaryStageWindow   - Target settings size: 1280.0 x 640.0
10:56:05.970 [JavaFX Application Thread] DEBUG PrimaryStageWindow   - Scaled scene size:    1280.0 x 640.0
10:56:05.970 [JavaFX Application Thread] DEBUG PrimaryStageWindow   - Scaled ratio: (1.0, 1.0)
10:56:05.971 [JavaFX Application Thread] DEBUG PrimaryStageWindow   - Set initial scene to FXGLStartupScene
10:56:05.978 [JavaFX Application Thread] DEBUG PrimaryStageWindow   - Opening main window
10:56:06.055 [JavaFX Application Thread] DEBUG PrimaryStageWindow   - Window border size: (16.0, 39.0)
10:56:06.055 [JavaFX Application Thread] DEBUG PrimaryStageWindow   - Scaled size: 1280.0 x 640.0
10:56:06.055 [JavaFX Application Thread] DEBUG PrimaryStageWindow   - Scaled ratio: (1.0, 1.0)
10:56:06.056 [JavaFX Application Thread] DEBUG PrimaryStageWindow   - Scene size: 1280.0 x 640.0
10:56:06.056 [JavaFX Application Thread] DEBUG PrimaryStageWindow   - Stage size: 1296.0 x 679.0
10:56:06.062 [FXGL Background Thread 1 ] DEBUG Engine               - Initializing environment variables
10:56:06.126 [FXGL Background Thread 1 ] DEBUG FXGLAssetLoaderServi - User app class for loading assets: class com.example.academicrumble.Game
10:56:06.126 [FXGL Background Thread 1 ] DEBUG GameApplicationServi - Applying CSS: fxgl_dark.css
10:56:06.127 [FXGL Background Thread 1 ] DEBUG FXGLAssetLoaderServi - Loading from file system: jar:file:///C:/Users/pelle/.m2/repository/com/github/almasb/fxgl/17.1/fxgl-17.1.jar!/fxglassets/ui/css/fxgl_dark.css
10:56:06.181 [FXGL Background Thread 1 ] DEBUG GameApplicationServi - Initializing application scenes
10:56:06.220 [FXGL Background Thread 1 ] DEBUG GameWorld            - Game world initialized
10:56:06.279 [FXGL Background Thread 1 ] DEBUG PhysicsWorld         - Physics world initialized: appHeight=640, physics.ppm=50,0
10:56:06.279 [FXGL Background Thread 1 ] DEBUG PhysicsWorld         - Using strategy: BRUTE_FORCE
10:56:06.282 [FXGL Background Thread 1 ] DEBUG GameScene            - Game scene initialized: 1280x640
10:56:06.329 [FXGL Background Thread 1 ] DEBUG FXGL.DefaultMenu     - createMenuBodyGameMenu()
10:56:06.339 [FXGL Background Thread 1 ] DEBUG FXGL.DefaultMenu     - createOptionsMenu()
10:56:06.344 [FXGL Background Thread 1 ] DEBUG FXGLAssetLoaderServi - Loading from file system: jar:file:///C:/Users/pelle/.m2/repository/com/github/almasb/fxgl/17.1/fxgl-17.1.jar!/fxglassets/textures/particles/smoke.png
10:56:06.425 [FXGL Background Thread 1 ] DEBUG FXGLAssetLoaderServi - Loading from file system: jar:file:///C:/Users/pelle/.m2/repository/com/github/almasb/fxgl/17.1/fxgl-17.1.jar!/fxglassets/textures/particles/trace_horizontal.png
10:56:06.453 [FXGL Background Thread 1 ] DEBUG GameApplicationServi - Application scenes initialized
10:56:06.464 [FXGL Background Thread 1 ] DEBUG SystemBundleService  - Loading FXGL system data
10:56:06.473 [FXGL Background Thread 1 ] DEBUG FileSystemAccess     - Reading from: D:\Leiden\Challange Week\AcademicRumble\system\fxgl.bundle
10:56:06.479 [FXGL Background Thread 1 ] DEBUG SystemBundleService  - Bundle FXGL: {}
10:56:06.480 [FXGL Background Thread 1 ] DEBUG UpdaterService       - Checking for updates
10:56:06.484 [FXGL Background Thread 4 ] DEBUG FXGLApplication      - Loading fonts
10:56:06.485 [FXGL Background Thread 4 ] DEBUG FXGLAssetLoaderServi - Loading from file system: jar:file:///C:/Users/pelle/.m2/repository/com/github/almasb/fxgl/17.1/fxgl-17.1.jar!/fxglassets/ui/fonts/VarelaRound-Regular.ttf
10:56:06.486 [FXGL Background Thread 1 ] DEBUG FXGLApplication      - Loading default localization
10:56:06.487 [FXGL Background Thread 1 ] DEBUG FXGLAssetLoaderServi - Loading from file system: jar:file:///C:/Users/pelle/.m2/repository/com/github/almasb/fxgl/17.1/fxgl-17.1.jar!/fxglassets/languages/english.lang
10:56:06.514 [FXGL Background Thread 1 ] INFO  FXGLApplication      - FXGL initialization took: 0,452 sec
10:56:06.536 [JavaFX Application Thread] DEBUG Input                - Registered new binding: Move Left - A
10:56:06.537 [JavaFX Application Thread] DEBUG Input                - Registered new binding: Move Right - D
10:56:06.538 [JavaFX Application Thread] DEBUG Input                - Registered new binding: Move Up - Space
10:56:06.539 [JavaFX Application Thread] DEBUG Input                - Registered new binding: action0 - Tab
10:56:06.541 [JavaFX Application Thread] DEBUG Input                - Registered new binding: eMove Left - Left
10:56:06.542 [JavaFX Application Thread] DEBUG Input                - Registered new binding: eMove Right - Right
10:56:06.542 [JavaFX Application Thread] DEBUG Input                - Registered new binding: eMove Up - Up
10:56:06.543 [JavaFX Application Thread] DEBUG Input                - Registered new binding: action1 - Slash
10:56:06.543 [JavaFX Application Thread] DEBUG FXGLAssetLoaderServi - Loading from file system: jar:file:///C:/Users/pelle/.m2/repository/com/github/almasb/fxgl/17.1/fxgl-17.1.jar!/fxglassets/textures/fxgl_icon.png
10:56:06.569 [JavaFX Application Thread] DEBUG FXGLAssetLoaderServi - Loading from file system: jar:file:///C:/Users/pelle/.m2/repository/com/github/almasb/fxgl/17.1/fxgl-17.1.jar!/fxglassets/textures/fxgl_default_cursor.png
10:56:06.572 [JavaFX Application Thread] DEBUG Input                - Registered new binding: Screenshot - CTRL+8
10:56:06.572 [JavaFX Application Thread] DEBUG Input                - Registered new binding: System info dump - CTRL+9
10:56:06.573 [JavaFX Application Thread] DEBUG Input                - Registered new binding: Restart - CTRL+R
10:56:06.574 [JavaFX Application Thread] DEBUG Input                - Registered new binding: Toggle Debug Camera - CTRL+7
10:56:06.577 [JavaFX Application Thread] DEBUG LoopRunner           - Starting loop
10:56:06.577 [JavaFX Application Thread] DEBUG LoopRunner           - Initializing JavaFX AnimationTimerLoop
10:56:06.581 [JavaFX Application Thread] DEBUG Input                - Clearing active input actions
10:56:06.588 [JavaFX Application Thread] DEBUG GameApplicationServi - Removing overlay from FXGLStartupScene and adding to FXGLMainMenuDummyScene
10:56:06.588 [JavaFX Application Thread] DEBUG PrimaryStageWindow   - FXGLStartupScene -> FXGLMainMenuDummyScene
10:56:06.588 [JavaFX Application Thread] DEBUG PrimaryStageWindow   - Push state: CharacterSelect
10:56:06.588 [JavaFX Application Thread] DEBUG Input                - Clearing active input actions
10:56:06.590 [JavaFX Application Thread] DEBUG GameApplicationServi - Removing overlay from FXGLMainMenuDummyScene and adding to CharacterSelect
10:56:06.591 [JavaFX Application Thread] DEBUG PrimaryStageWindow   - FXGLMainMenuDummyScene -> CharacterSelect
10:56:06.679 [FXGL Background Thread 4 ] DEBUG FXGLAssetLoaderServi - Loading from file system: jar:file:///C:/Users/pelle/.m2/repository/com/github/almasb/fxgl/17.1/fxgl-17.1.jar!/fxglassets/ui/fonts/Abel-Regular.ttf
10:56:06.696 [FXGL Background Thread 4 ] DEBUG FXGLAssetLoaderServi - Loading from file system: jar:file:///C:/Users/pelle/.m2/repository/com/github/almasb/fxgl/17.1/fxgl-17.1.jar!/fxglassets/ui/fonts/TerminalLandMono-Regular.otf
10:56:06.708 [FXGL Background Thread 4 ] DEBUG FXGLAssetLoaderServi - Loading from file system: jar:file:///C:/Users/pelle/.m2/repository/com/github/almasb/fxgl/17.1/fxgl-17.1.jar!/fxglassets/ui/fonts/Courier-Prime.ttf
10:56:06.730 [JavaFX Application Thread] DEBUG FXGLApplication      - Registering font factories with UI factory
10:56:06.917 [FXGL Background Thread 2 ] INFO  UpdaterService       - Your current version:  17.1
10:56:06.917 [FXGL Background Thread 2 ] INFO  UpdaterService       - Latest stable version: 17.3
10:56:07.507 [JavaFX Application Thread] DEBUG LoopRunner           - Stopping loop
10:56:07.508 [JavaFX Application Thread] FATAL FXGLApplication      - Uncaught Exception:
java.lang.IllegalArgumentException: Children: duplicate children added: parent = Pane@170cb3af
	at javafx.graphics@18.0.1/javafx.scene.Parent$3.onProposedChange(Parent.java:561)
	at javafx.base@18.0.1/com.sun.javafx.collections.VetoableListDecorator.addAll(VetoableListDecorator.java:233)
	at javafx.base@18.0.1/com.sun.javafx.collections.VetoableListDecorator.addAll(VetoableListDecorator.java:103)
	at com.example.academicrumble/com.example.academicrumble.CharacterSelect.lambda$new$1(CharacterSelect.java:73)
	at javafx.base@18.0.1/com.sun.javafx.event.CompositeEventHandler.dispatchBubblingEvent(CompositeEventHandler.java:86)
	at javafx.base@18.0.1/com.sun.javafx.event.EventHandlerManager.dispatchBubblingEvent(EventHandlerManager.java:234)
	at javafx.base@18.0.1/com.sun.javafx.event.EventHandlerManager.dispatchBubblingEvent(EventHandlerManager.java:191)
	at javafx.base@18.0.1/com.sun.javafx.event.CompositeEventDispatcher.dispatchBubblingEvent(CompositeEventDispatcher.java:59)
	at javafx.base@18.0.1/com.sun.javafx.event.BasicEventDispatcher.dispatchEvent(BasicEventDispatcher.java:58)
	at javafx.base@18.0.1/com.sun.javafx.event.EventDispatchChainImpl.dispatchEvent(EventDispatchChainImpl.java:114)
	at javafx.base@18.0.1/com.sun.javafx.event.BasicEventDispatcher.dispatchEvent(BasicEventDispatcher.java:56)
	at javafx.base@18.0.1/com.sun.javafx.event.EventDispatchChainImpl.dispatchEvent(EventDispatchChainImpl.java:114)
	at javafx.base@18.0.1/com.sun.javafx.event.BasicEventDispatcher.dispatchEvent(BasicEventDispatcher.java:56)
	at javafx.base@18.0.1/com.sun.javafx.event.EventDispatchChainImpl.dispatchEvent(EventDispatchChainImpl.java:114)
	at javafx.base@18.0.1/com.sun.javafx.event.EventUtil.fireEventImpl(EventUtil.java:74)
	at javafx.base@18.0.1/com.sun.javafx.event.EventUtil.fireEvent(EventUtil.java:54)
	at javafx.base@18.0.1/javafx.event.Event.fireEvent(Event.java:198)
	at javafx.graphics@18.0.1/javafx.scene.Scene$ClickGenerator.postProcess(Scene.java:3586)
	at javafx.graphics@18.0.1/javafx.scene.Scene$MouseHandler.process(Scene.java:3890)
	at javafx.graphics@18.0.1/javafx.scene.Scene.processMouseEvent(Scene.java:1874)
	at javafx.graphics@18.0.1/javafx.scene.Scene$ScenePeerListener.mouseEvent(Scene.java:2607)
	at javafx.graphics@18.0.1/com.sun.javafx.tk.quantum.GlassViewEventHandler$MouseEventNotification.run(GlassViewEventHandler.java:411)
	at javafx.graphics@18.0.1/com.sun.javafx.tk.quantum.GlassViewEventHandler$MouseEventNotification.run(GlassViewEventHandler.java:301)
	at java.base/java.security.AccessController.doPrivileged(AccessController.java:399)
	at javafx.graphics@18.0.1/com.sun.javafx.tk.quantum.GlassViewEventHandler.lambda$handleMouseEvent$2(GlassViewEventHandler.java:450)
	at javafx.graphics@18.0.1/com.sun.javafx.tk.quantum.QuantumToolkit.runWithoutRenderLock(QuantumToolkit.java:424)
	at javafx.graphics@18.0.1/com.sun.javafx.tk.quantum.GlassViewEventHandler.handleMouseEvent(GlassViewEventHandler.java:449)
	at javafx.graphics@18.0.1/com.sun.glass.ui.View.handleMouseEvent(View.java:551)
	at javafx.graphics@18.0.1/com.sun.glass.ui.View.notifyMouse(View.java:937)
	at javafx.graphics@18.0.1/com.sun.glass.ui.win.WinApplication._runLoop(Native Method)
	at javafx.graphics@18.0.1/com.sun.glass.ui.win.WinApplication.lambda$runLoop$3(WinApplication.java:184)
	at java.base/java.lang.Thread.run(Thread.java:833)

10:56:07.509 [JavaFX Application Thread] FATAL FXGLApplication      - Application will now exit
10:56:07.521 [JavaFX Application Thread] DEBUG PrimaryStageWindow   - Push state: ErrorSubScene
10:56:07.521 [JavaFX Application Thread] DEBUG Input                - Clearing active input actions
10:56:07.525 [JavaFX Application Thread] DEBUG GameApplicationServi - Removing overlay from CharacterSelect and adding to ErrorSubScene
10:56:07.526 [JavaFX Application Thread] DEBUG PrimaryStageWindow   - CharacterSelect -> ErrorSubScene
10:56:09.483 [FXGL Background Thread 3 ] DEBUG Engine               - Logging environment variables
10:56:09.484 [FXGL Background Thread 3 ] DEBUG Engine               - achievements: []
10:56:09.484 [FXGL Background Thread 3 ] DEBUG Engine               - actualHeight: 640.0
10:56:09.484 [FXGL Background Thread 3 ] DEBUG Engine               - actualHeightProperty: ReadOnlyDoubleProperty [value: 640.0]
10:56:09.484 [FXGL Background Thread 3 ] DEBUG Engine               - actualWidth: 1280.0
10:56:09.484 [FXGL Background Thread 3 ] DEBUG Engine               - actualWidthProperty: ReadOnlyDoubleProperty [value: 1280.0]
10:56:09.484 [FXGL Background Thread 3 ] DEBUG Engine               - appIcon: fxgl_icon.png
10:56:09.484 [FXGL Background Thread 3 ] DEBUG Engine               - applicationMode: DEVELOPER
10:56:09.484 [FXGL Background Thread 3 ] DEBUG Engine               - cSSList: [fxgl_dark.css]
10:56:09.484 [FXGL Background Thread 3 ] DEBUG Engine               - collisionDetectionStrategy: BRUTE_FORCE
10:56:09.484 [FXGL Background Thread 3 ] DEBUG Engine               - configClass: Optional.empty
10:56:09.484 [FXGL Background Thread 3 ] DEBUG Engine               - credits: []
10:56:09.485 [FXGL Background Thread 3 ] DEBUG Engine               - defaultCursor: CursorInfo(imageName=fxgl_default_cursor.png, hotspotX=7.0, hotspotY=6.0)
10:56:09.485 [FXGL Background Thread 3 ] DEBUG Engine               - devBBoxColorProperty: ObjectProperty [value: 0xff0000ff]
10:56:09.485 [FXGL Background Thread 3 ] DEBUG Engine               - devEnableDebugCameraProperty: BooleanProperty [value: false]
10:56:09.485 [FXGL Background Thread 3 ] DEBUG Engine               - devSensorColorProperty: ObjectProperty [value: 0xffff00ff]
10:56:09.485 [FXGL Background Thread 3 ] DEBUG Engine               - devShowBBoxProperty: BooleanProperty [value: false]
10:56:09.485 [FXGL Background Thread 3 ] DEBUG Engine               - devShowPositionProperty: BooleanProperty [value: false]
10:56:09.485 [FXGL Background Thread 3 ] DEBUG Engine               - enabledMenuItems: []
10:56:09.485 [FXGL Background Thread 3 ] DEBUG Engine               - engineServices: [class com.almasb.fxgl.app.services.FXGLAssetLoaderService, class com.almasb.fxgl.app.FXGLApplication$GameApplicationService, class com.almasb.fxgl.app.services.FXGLDialogService, class com.almasb.fxgl.app.services.IOTaskExecutorService, class com.almasb.fxgl.io.FileSystemService, class com.almasb.fxgl.localization.LocalizationService, class com.almasb.fxgl.app.services.SystemBundleService, class com.almasb.fxgl.profile.SaveLoadService, class com.almasb.fxgl.ui.FXGLUIFactoryServiceProvider, class com.almasb.fxgl.ui.FXGLDialogFactoryServiceProvider, class com.almasb.fxgl.audio.AudioPlayer, class com.almasb.fxgl.notification.impl.NotificationServiceProvider, class com.almasb.fxgl.achievement.AchievementService, class com.almasb.fxgl.cutscene.CutsceneService, class com.almasb.fxgl.minigames.MiniGameService, class com.almasb.fxgl.net.NetService, class com.almasb.fxgl.app.services.UpdaterService, class com.almasb.fxgl.dev.DevService]
10:56:09.485 [FXGL Background Thread 3 ] DEBUG Engine               - fontGame: Abel-Regular.ttf
10:56:09.485 [FXGL Background Thread 3 ] DEBUG Engine               - fontMono: TerminalLandMono-Regular.otf
10:56:09.485 [FXGL Background Thread 3 ] DEBUG Engine               - fontText: Courier-Prime.ttf
10:56:09.485 [FXGL Background Thread 3 ] DEBUG Engine               - fontUI: VarelaRound-Regular.ttf
10:56:09.486 [FXGL Background Thread 3 ] DEBUG Engine               - fullScreen: BooleanProperty [value: false]
10:56:09.486 [FXGL Background Thread 3 ] DEBUG Engine               - gameDifficulty: MEDIUM
10:56:09.486 [FXGL Background Thread 3 ] DEBUG Engine               - gameDifficultyProperty: ObjectProperty [value: MEDIUM]
10:56:09.486 [FXGL Background Thread 3 ] DEBUG Engine               - globalMusicVolume: 0.5
10:56:09.486 [FXGL Background Thread 3 ] DEBUG Engine               - globalMusicVolumeProperty: DoubleProperty [value: 0.5]
10:56:09.486 [FXGL Background Thread 3 ] DEBUG Engine               - globalSoundVolume: 0.5
10:56:09.486 [FXGL Background Thread 3 ] DEBUG Engine               - globalSoundVolumeProperty: DoubleProperty [value: 0.5]
10:56:09.486 [FXGL Background Thread 3 ] DEBUG Engine               - height: 640
10:56:09.486 [FXGL Background Thread 3 ] DEBUG Engine               - is3D: false
10:56:09.486 [FXGL Background Thread 3 ] DEBUG Engine               - isAndroid: false
10:56:09.486 [FXGL Background Thread 3 ] DEBUG Engine               - isBrowser: false
10:56:09.486 [FXGL Background Thread 3 ] DEBUG Engine               - isClickFeedbackEnabled: false
10:56:09.486 [FXGL Background Thread 3 ] DEBUG Engine               - isCloseConfirmation: false
10:56:09.486 [FXGL Background Thread 3 ] DEBUG Engine               - isDesktop: true
10:56:09.486 [FXGL Background Thread 3 ] DEBUG Engine               - isDeveloperMenuEnabled: false
10:56:09.486 [FXGL Background Thread 3 ] DEBUG Engine               - isEmbedded: false
10:56:09.486 [FXGL Background Thread 3 ] DEBUG Engine               - isEntityPreloadEnabled: true
10:56:09.486 [FXGL Background Thread 3 ] DEBUG Engine               - isExperimentalTiledLargeMap: false
10:56:09.487 [FXGL Background Thread 3 ] DEBUG Engine               - isFileSystemWriteAllowed: true
10:56:09.487 [FXGL Background Thread 3 ] DEBUG Engine               - isFullScreenAllowed: false
10:56:09.487 [FXGL Background Thread 3 ] DEBUG Engine               - isFullScreenFromStart: false
10:56:09.487 [FXGL Background Thread 3 ] DEBUG Engine               - isGameMenuEnabled: true
10:56:09.487 [FXGL Background Thread 3 ] DEBUG Engine               - isIOS: false
10:56:09.487 [FXGL Background Thread 3 ] DEBUG Engine               - isIntroEnabled: false
10:56:09.487 [FXGL Background Thread 3 ] DEBUG Engine               - isLinux: false
10:56:09.487 [FXGL Background Thread 3 ] DEBUG Engine               - isMac: false
10:56:09.487 [FXGL Background Thread 3 ] DEBUG Engine               - isMainMenuEnabled: true
10:56:09.487 [FXGL Background Thread 3 ] DEBUG Engine               - isManualResizeEnabled: false
10:56:09.487 [FXGL Background Thread 3 ] DEBUG Engine               - isMobile: false
10:56:09.487 [FXGL Background Thread 3 ] DEBUG Engine               - isNative: false
10:56:09.487 [FXGL Background Thread 3 ] DEBUG Engine               - isPauseMusicWhenMinimized: true
10:56:09.487 [FXGL Background Thread 3 ] DEBUG Engine               - isPreserveResizeRatio: false
10:56:09.487 [FXGL Background Thread 3 ] DEBUG Engine               - isProfilingEnabled: false
10:56:09.487 [FXGL Background Thread 3 ] DEBUG Engine               - isScaleAffectedOnResize: true
10:56:09.487 [FXGL Background Thread 3 ] DEBUG Engine               - isSingleStep: false
10:56:09.487 [FXGL Background Thread 3 ] DEBUG Engine               - isUserProfileEnabled: false
10:56:09.487 [FXGL Background Thread 3 ] DEBUG Engine               - isWindows: true
10:56:09.487 [FXGL Background Thread 3 ] DEBUG Engine               - language: ObjectProperty [value: ENGLISH]
10:56:09.488 [FXGL Background Thread 3 ] DEBUG Engine               - menuKey: ESCAPE
10:56:09.488 [FXGL Background Thread 3 ] DEBUG Engine               - mouseSensitivity: 0.2
10:56:09.488 [FXGL Background Thread 3 ] DEBUG Engine               - notificationViewClass: class com.almasb.fxgl.notification.view.XboxNotificationView
10:56:09.488 [FXGL Background Thread 3 ] DEBUG Engine               - pixelsPerMeter: 50.0
10:56:09.488 [FXGL Background Thread 3 ] DEBUG Engine               - platform: WINDOWS
10:56:09.488 [FXGL Background Thread 3 ] DEBUG Engine               - prefHeightProperty: ReadOnlyDoubleProperty [value: 640.0]
10:56:09.488 [FXGL Background Thread 3 ] DEBUG Engine               - prefWidthProperty: ReadOnlyDoubleProperty [value: 1280.0]
10:56:09.488 [FXGL Background Thread 3 ] DEBUG Engine               - profileDir: profiles/
10:56:09.488 [FXGL Background Thread 3 ] DEBUG Engine               - profileName: StringProperty [value: DEFAULT]
10:56:09.488 [FXGL Background Thread 3 ] DEBUG Engine               - randomSeed: -1
10:56:09.488 [FXGL Background Thread 3 ] DEBUG Engine               - runtimeInfo: RuntimeInfo(platform=WINDOWS, version=17.1, build=24.03.2022 17.34)
10:56:09.488 [FXGL Background Thread 3 ] DEBUG Engine               - saveFileExt: sav
10:56:09.488 [FXGL Background Thread 3 ] DEBUG Engine               - scaledHeightProp$fxgl: DoubleProperty [bound, value: 640.0]
10:56:09.488 [FXGL Background Thread 3 ] DEBUG Engine               - scaledWidthProp$fxgl: DoubleProperty [bound, value: 1280.0]
10:56:09.489 [FXGL Background Thread 3 ] DEBUG Engine               - sceneFactory: com.example.academicrumble.MySceneFactory@291da622
10:56:09.489 [FXGL Background Thread 3 ] DEBUG Engine               - secondsIn24h: 60
10:56:09.489 [FXGL Background Thread 3 ] DEBUG Engine               - soundMenuBack: menu/back.wav
10:56:09.489 [FXGL Background Thread 3 ] DEBUG Engine               - soundMenuPress: menu/press.wav
10:56:09.489 [FXGL Background Thread 3 ] DEBUG Engine               - soundMenuSelect: menu/select.wav
10:56:09.489 [FXGL Background Thread 3 ] DEBUG Engine               - soundNotification: core/notification.wav
10:56:09.489 [FXGL Background Thread 3 ] DEBUG Engine               - stageStyle: DECORATED
10:56:09.489 [FXGL Background Thread 3 ] DEBUG Engine               - supportedLanguages: [ENGLISH, FRENCH, GERMAN, HUNGARIAN, RUSSIAN]
10:56:09.489 [FXGL Background Thread 3 ] DEBUG Engine               - ticksPerSecond: -1
10:56:09.489 [FXGL Background Thread 3 ] DEBUG Engine               - title: Academic Rumble
10:56:09.489 [FXGL Background Thread 3 ] DEBUG Engine               - urlGithub: https://github.com/AlmasB/FXGL
10:56:09.489 [FXGL Background Thread 3 ] DEBUG Engine               - urlLeaderboard: http://fxgl-top.herokuapp.com/
10:56:09.489 [FXGL Background Thread 3 ] DEBUG Engine               - urlPOM: https://raw.githubusercontent.com/AlmasB/FXGL/release/README.md
10:56:09.489 [FXGL Background Thread 3 ] DEBUG Engine               - userAppClass: class com.example.academicrumble.Game
10:56:09.489 [FXGL Background Thread 3 ] DEBUG Engine               - version: 1.0
10:56:09.489 [FXGL Background Thread 3 ] DEBUG Engine               - versionCheckDays: 7
10:56:09.489 [FXGL Background Thread 3 ] DEBUG Engine               - width: 1280
10:56:09.489 [FXGL Background Thread 3 ] DEBUG Engine               - Logging services
10:56:09.489 [FXGL Background Thread 3 ] DEBUG Engine               - class com.almasb.fxgl.app.services.FXGLAssetLoaderService
10:56:09.490 [FXGL Background Thread 3 ] DEBUG Engine               - class com.almasb.fxgl.app.FXGLApplication$GameApplicationService
10:56:09.490 [FXGL Background Thread 3 ] DEBUG Engine               - class com.almasb.fxgl.app.services.FXGLDialogService
10:56:09.490 [FXGL Background Thread 3 ] DEBUG Engine               - class com.almasb.fxgl.app.services.IOTaskExecutorService
10:56:09.490 [FXGL Background Thread 3 ] DEBUG Engine               - class com.almasb.fxgl.io.FileSystemService
10:56:09.490 [FXGL Background Thread 3 ] DEBUG Engine               - class com.almasb.fxgl.localization.LocalizationService
10:56:09.490 [FXGL Background Thread 3 ] DEBUG Engine               - class com.almasb.fxgl.app.services.SystemBundleService
10:56:09.490 [FXGL Background Thread 3 ] DEBUG Engine               - class com.almasb.fxgl.profile.SaveLoadService
10:56:09.490 [FXGL Background Thread 3 ] DEBUG Engine               - class com.almasb.fxgl.ui.FXGLUIFactoryServiceProvider
10:56:09.490 [FXGL Background Thread 3 ] DEBUG Engine               - class com.almasb.fxgl.ui.FXGLDialogFactoryServiceProvider
10:56:09.490 [FXGL Background Thread 3 ] DEBUG Engine               - class com.almasb.fxgl.audio.AudioPlayer
10:56:09.490 [FXGL Background Thread 3 ] DEBUG Engine               - class com.almasb.fxgl.notification.impl.NotificationServiceProvider
10:56:09.490 [FXGL Background Thread 3 ] DEBUG Engine               - class com.almasb.fxgl.achievement.AchievementService
10:56:09.490 [FXGL Background Thread 3 ] DEBUG Engine               - class com.almasb.fxgl.cutscene.CutsceneService
10:56:09.490 [FXGL Background Thread 3 ] DEBUG Engine               - class com.almasb.fxgl.minigames.MiniGameService
10:56:09.490 [FXGL Background Thread 3 ] DEBUG Engine               - class com.almasb.fxgl.net.NetService
10:56:09.490 [FXGL Background Thread 3 ] DEBUG Engine               - class com.almasb.fxgl.app.services.UpdaterService
10:56:09.490 [FXGL Background Thread 3 ] DEBUG Engine               - class com.almasb.fxgl.dev.DevService
10:56:14.060 [JavaFX Application Thread] DEBUG FXGLApplication      - Exiting FXGL
10:56:14.060 [JavaFX Application Thread] DEBUG Async                - Shutting down background threads
10:56:14.060 [JavaFX Application Thread] DEBUG PrimaryStageWindow   - Closing main window
10:56:14.069 [JavaFX Application Thread] DEBUG Logger               - Closing Logger
