12:39:00.884 [main                     ] DEBUG Logger               - Configured Logger
12:39:00.945 [main                     ] DEBUG GameApplication      - Logging settings
Title: Inloggen
Version: 0.0
Width: 800
Height: 600
Fullscreen: false
Intro: false
Profiling: false
Single step:false
App Mode: DEVELOPER
Menu Key: ESCAPE
Stage Style: DECORATED
Scene Factory: class com.example.academicrumble.Game$1

12:39:01.611 [JavaFX Application Thread] DEBUG FXGLApplication      - Initializing FXGL
12:39:01.625 [JavaFX Application Thread] INFO  Engine               - FXGL-17.1 (24.03.2022 17.34) on WINDOWS (J:18.0.2 FX:18.0.1)
12:39:01.625 [JavaFX Application Thread] DEBUG Engine               - JRE Vendor Name: Amazon.com Inc.
12:39:01.626 [JavaFX Application Thread] DEBUG Engine               - Running on OS: Windows 10 version 10.0
12:39:01.626 [JavaFX Application Thread] DEBUG Engine               - Architecture: amd64
12:39:01.627 [JavaFX Application Thread] INFO  Engine               - Source code and latest versions at: https://github.com/AlmasB/FXGL
12:39:01.627 [JavaFX Application Thread] INFO  Engine               -       Ask questions and discuss at: https://github.com/AlmasB/FXGL/discussions
12:39:01.627 [JavaFX Application Thread] INFO  Engine               -              Join the FXGL chat at: https://gitter.im/AlmasB/FXGL
12:39:01.984 [JavaFX Application Thread] DEBUG PrimaryStageWindow   - Creating a JavaFX scene
12:39:02.084 [JavaFX Application Thread] DEBUG PrimaryStageWindow   - Target settings size: 800.0 x 600.0
12:39:02.085 [JavaFX Application Thread] DEBUG PrimaryStageWindow   - Scaled scene size:    800.0 x 600.0
12:39:02.085 [JavaFX Application Thread] DEBUG PrimaryStageWindow   - Scaled ratio: (1.0, 1.0)
12:39:02.087 [JavaFX Application Thread] DEBUG PrimaryStageWindow   - Set initial scene to MyStartupScene
12:39:02.106 [JavaFX Application Thread] DEBUG PrimaryStageWindow   - Opening main window
12:39:02.404 [JavaFX Application Thread] DEBUG PrimaryStageWindow   - Window border size: (14.66668701171875, 37.33331298828125)
12:39:02.404 [JavaFX Application Thread] DEBUG PrimaryStageWindow   - Scaled size: 800.0 x 600.0
12:39:02.406 [JavaFX Application Thread] DEBUG PrimaryStageWindow   - Scaled ratio: (1.0, 1.0)
12:39:02.406 [JavaFX Application Thread] DEBUG PrimaryStageWindow   - Scene size: 800.0 x 600.0
12:39:02.407 [JavaFX Application Thread] DEBUG PrimaryStageWindow   - Stage size: 814.6666870117188 x 637.3333129882812
12:39:02.431 [FXGL Background Thread 1 ] DEBUG Engine               - Initializing environment variables
12:39:02.584 [FXGL Background Thread 1 ] DEBUG FXGLAssetLoaderServi - User app class for loading assets: class com.example.academicrumble.Game
12:39:02.585 [FXGL Background Thread 1 ] DEBUG GameApplicationServi - Applying CSS: fxgl_dark.css
12:39:02.587 [FXGL Background Thread 1 ] DEBUG FXGLAssetLoaderServi - Loading from file system: jar:file:///C:/Users/Lizanne/.m2/repository/com/github/almasb/fxgl/17.1/fxgl-17.1.jar!/fxglassets/ui/css/fxgl_dark.css
12:39:02.749 [FXGL Background Thread 1 ] DEBUG GameApplicationServi - Initializing application scenes
12:39:02.798 [FXGL Background Thread 1 ] DEBUG GameWorld            - Game world initialized
12:39:02.978 [FXGL Background Thread 1 ] DEBUG PhysicsWorld         - Physics world initialized: appHeight=600, physics.ppm=50,0
12:39:02.979 [FXGL Background Thread 1 ] DEBUG PhysicsWorld         - Using strategy: BRUTE_FORCE
12:39:02.987 [FXGL Background Thread 1 ] DEBUG GameScene            - Game scene initialized: 800x600
12:39:03.025 [FXGL Background Thread 1 ] DEBUG FXGL.DefaultMenu     - createMenuBodyGameMenu()
12:39:03.055 [FXGL Background Thread 1 ] DEBUG FXGL.DefaultMenu     - createOptionsMenu()
12:39:03.078 [FXGL Background Thread 1 ] DEBUG FXGLAssetLoaderServi - Loading from file system: jar:file:///C:/Users/Lizanne/.m2/repository/com/github/almasb/fxgl/17.1/fxgl-17.1.jar!/fxglassets/textures/particles/smoke.png
12:39:03.325 [FXGL Background Thread 1 ] DEBUG FXGLAssetLoaderServi - Loading from file system: jar:file:///C:/Users/Lizanne/.m2/repository/com/github/almasb/fxgl/17.1/fxgl-17.1.jar!/fxglassets/textures/particles/trace_horizontal.png
12:39:03.419 [FXGL Background Thread 1 ] DEBUG GameApplicationServi - Application scenes initialized
12:39:03.451 [FXGL Background Thread 1 ] DEBUG SystemBundleService  - Loading FXGL system data
12:39:03.463 [FXGL Background Thread 1 ] DEBUG FileSystemAccess     - Reading from: C:\Users\Lizanne\OneDrive - Hogeschool Leiden\Documenten\GitHub\AcademicRumble\system\fxgl.bundle
12:39:03.515 [FXGL Background Thread 1 ] DEBUG SystemBundleService  - Bundle FXGL: {}
12:39:03.515 [FXGL Background Thread 1 ] DEBUG UpdaterService       - Checking for updates
12:39:03.527 [FXGL Background Thread 1 ] DEBUG FXGLApplication      - Loading default localization
12:39:03.528 [FXGL Background Thread 1 ] DEBUG FXGLAssetLoaderServi - Loading from file system: jar:file:///C:/Users/Lizanne/.m2/repository/com/github/almasb/fxgl/17.1/fxgl-17.1.jar!/fxglassets/languages/english.lang
12:39:03.568 [FXGL Background Thread 1 ] INFO  FXGLApplication      - FXGL initialization took: 1,136 sec
12:39:03.570 [JavaFX Application Thread] DEBUG FXGLAssetLoaderServi - Loading from file system: jar:file:///C:/Users/Lizanne/.m2/repository/com/github/almasb/fxgl/17.1/fxgl-17.1.jar!/fxglassets/textures/fxgl_icon.png
12:39:03.622 [JavaFX Application Thread] DEBUG FXGLAssetLoaderServi - Loading from file system: jar:file:///C:/Users/Lizanne/.m2/repository/com/github/almasb/fxgl/17.1/fxgl-17.1.jar!/fxglassets/textures/fxgl_default_cursor.png
12:39:03.648 [JavaFX Application Thread] DEBUG Input                - Registered new binding: Screenshot - CTRL+8
12:39:03.649 [JavaFX Application Thread] DEBUG Input                - Registered new binding: System info dump - CTRL+9
12:39:03.650 [JavaFX Application Thread] DEBUG Input                - Registered new binding: Restart - CTRL+R
12:39:03.651 [JavaFX Application Thread] DEBUG Input                - Registered new binding: Toggle Debug Camera - CTRL+7
12:39:03.656 [JavaFX Application Thread] DEBUG LoopRunner           - Starting loop
12:39:03.656 [JavaFX Application Thread] DEBUG LoopRunner           - Initializing JavaFX AnimationTimerLoop
12:39:03.659 [JavaFX Application Thread] DEBUG GameApplicationServi - Starting new game
12:39:03.660 [JavaFX Application Thread] DEBUG Input                - Clearing active input actions
12:39:03.679 [JavaFX Application Thread] DEBUG GameApplicationServi - Removing overlay from MyStartupScene and adding to FXGLLoadingScene
12:39:03.680 [JavaFX Application Thread] DEBUG PrimaryStageWindow   - MyStartupScene -> FXGLLoadingScene
12:39:03.680 [JavaFX Application Thread] DEBUG GameApplicationServi - Clearing previous game
12:39:03.681 [JavaFX Application Thread] DEBUG GameScene            - Clearing game scene
12:39:03.681 [JavaFX Application Thread] DEBUG GameWorld            - Clearing game world
12:39:03.682 [JavaFX Application Thread] DEBUG PhysicsWorld         - Clearing physics world
12:39:03.719 [FXGL Background Thread 1 ] DEBUG FXGLApplication      - Initializing game
12:39:03.734 [FXGL Background Thread 4 ] DEBUG FXGLApplication      - Loading fonts
12:39:03.736 [FXGL Background Thread 4 ] DEBUG FXGLAssetLoaderServi - Loading from file system: jar:file:///C:/Users/Lizanne/.m2/repository/com/github/almasb/fxgl/17.1/fxgl-17.1.jar!/fxglassets/ui/fonts/VarelaRound-Regular.ttf
12:39:03.810 [JavaFX Application Thread] DEBUG LoopRunner           - Stopping loop
12:39:03.813 [JavaFX Application Thread] FATAL FXGLApplication      - Uncaught Exception:
java.lang.RuntimeException: Initialization failed
	at com.almasb.fxgl.all@17.1/com.almasb.fxgl.app.FXGLApplication$InitAppTask.failed(FXGLApplication.kt:343)
	at javafx.graphics@18.0.1/javafx.concurrent.Task.setState(Task.java:710)
	at javafx.graphics@18.0.1/javafx.concurrent.Task$TaskCallable.lambda$call$2(Task.java:1456)
	at javafx.graphics@18.0.1/com.sun.javafx.application.PlatformImpl.lambda$runLater$10(PlatformImpl.java:457)
	at java.base/java.security.AccessController.doPrivileged(AccessController.java:399)
	at javafx.graphics@18.0.1/com.sun.javafx.application.PlatformImpl.lambda$runLater$11(PlatformImpl.java:456)
	at javafx.graphics@18.0.1/com.sun.glass.ui.InvokeLaterDispatcher$Future.run(InvokeLaterDispatcher.java:96)
	at javafx.graphics@18.0.1/com.sun.glass.ui.win.WinApplication._runLoop(Native Method)
	at javafx.graphics@18.0.1/com.sun.glass.ui.win.WinApplication.lambda$runLoop$3(WinApplication.java:184)
	at java.base/java.lang.Thread.run(Thread.java:833)
Caused by: java.lang.IllegalArgumentException: Invalid URL: Invalid URL or resource not found
	at javafx.graphics@18.0.1/javafx.scene.image.Image.validateUrl(Image.java:1135)
	at javafx.graphics@18.0.1/javafx.scene.image.Image.<init>(Image.java:625)
	at com.example.academicrumble/com.example.academicrumble.Game.initGame(Game.java:66)
	at com.almasb.fxgl.all@17.1/com.almasb.fxgl.app.FXGLApplication$InitAppTask.initGame(FXGLApplication.kt:339)
	at com.almasb.fxgl.all@17.1/com.almasb.fxgl.app.FXGLApplication$InitAppTask.call(FXGLApplication.kt:319)
	at com.almasb.fxgl.all@17.1/com.almasb.fxgl.app.FXGLApplication$InitAppTask.call(FXGLApplication.kt:311)
	at javafx.graphics@18.0.1/javafx.concurrent.Task$TaskCallable.call(Task.java:1426)
	at java.base/java.util.concurrent.FutureTask.run(FutureTask.java:264)
	at java.base/java.util.concurrent.Executors$RunnableAdapter.call(Executors.java:539)
	at java.base/java.util.concurrent.FutureTask.run(FutureTask.java:264)
	at java.base/java.util.concurrent.ThreadPoolExecutor.runWorker(ThreadPoolExecutor.java:1136)
	at java.base/java.util.concurrent.ThreadPoolExecutor$Worker.run(ThreadPoolExecutor.java:635)
	... 1 more
Caused by: java.lang.IllegalArgumentException: Invalid URL or resource not found
	at javafx.graphics@18.0.1/javafx.scene.image.Image.validateUrl(Image.java:1120)
	... 12 more

12:39:03.814 [JavaFX Application Thread] FATAL FXGLApplication      - Application will now exit
12:39:03.865 [JavaFX Application Thread] DEBUG PrimaryStageWindow   - Push state: ErrorSubScene
12:39:03.865 [JavaFX Application Thread] DEBUG Input                - Clearing active input actions
12:39:03.881 [JavaFX Application Thread] DEBUG GameApplicationServi - Removing overlay from FXGLLoadingScene and adding to ErrorSubScene
12:39:03.882 [JavaFX Application Thread] DEBUG PrimaryStageWindow   - FXGLLoadingScene -> ErrorSubScene
12:39:04.141 [FXGL Background Thread 4 ] DEBUG FXGLAssetLoaderServi - Loading from file system: jar:file:///C:/Users/Lizanne/.m2/repository/com/github/almasb/fxgl/17.1/fxgl-17.1.jar!/fxglassets/ui/fonts/Abel-Regular.ttf
12:39:04.165 [FXGL Background Thread 4 ] DEBUG FXGLAssetLoaderServi - Loading from file system: jar:file:///C:/Users/Lizanne/.m2/repository/com/github/almasb/fxgl/17.1/fxgl-17.1.jar!/fxglassets/ui/fonts/TerminalLandMono-Regular.otf
12:39:04.193 [FXGL Background Thread 4 ] DEBUG FXGLAssetLoaderServi - Loading from file system: jar:file:///C:/Users/Lizanne/.m2/repository/com/github/almasb/fxgl/17.1/fxgl-17.1.jar!/fxglassets/ui/fonts/Courier-Prime.ttf
12:39:04.388 [JavaFX Application Thread] DEBUG FXGLApplication      - Registering font factories with UI factory
12:39:04.779 [FXGL Background Thread 2 ] INFO  UpdaterService       - Your current version:  17.1
12:39:04.779 [FXGL Background Thread 2 ] INFO  UpdaterService       - Latest stable version: 17.3
12:39:06.523 [FXGL Background Thread 3 ] DEBUG Engine               - Logging environment variables
12:39:06.527 [FXGL Background Thread 3 ] DEBUG Engine               - achievements: []
12:39:06.527 [FXGL Background Thread 3 ] DEBUG Engine               - actualHeight: 600.0
12:39:06.528 [FXGL Background Thread 3 ] DEBUG Engine               - actualHeightProperty: ReadOnlyDoubleProperty [value: 600.0]
12:39:06.529 [FXGL Background Thread 3 ] DEBUG Engine               - actualWidth: 800.0
12:39:06.529 [FXGL Background Thread 3 ] DEBUG Engine               - actualWidthProperty: ReadOnlyDoubleProperty [value: 800.0]
12:39:06.530 [FXGL Background Thread 3 ] DEBUG Engine               - appIcon: fxgl_icon.png
12:39:06.530 [FXGL Background Thread 3 ] DEBUG Engine               - applicationMode: DEVELOPER
12:39:06.530 [FXGL Background Thread 3 ] DEBUG Engine               - cSSList: [fxgl_dark.css]
12:39:06.531 [FXGL Background Thread 3 ] DEBUG Engine               - collisionDetectionStrategy: BRUTE_FORCE
12:39:06.531 [FXGL Background Thread 3 ] DEBUG Engine               - configClass: Optional.empty
12:39:06.532 [FXGL Background Thread 3 ] DEBUG Engine               - credits: []
12:39:06.533 [FXGL Background Thread 3 ] DEBUG Engine               - defaultCursor: CursorInfo(imageName=fxgl_default_cursor.png, hotspotX=7.0, hotspotY=6.0)
12:39:06.534 [FXGL Background Thread 3 ] DEBUG Engine               - devBBoxColorProperty: ObjectProperty [value: 0xff0000ff]
12:39:06.535 [FXGL Background Thread 3 ] DEBUG Engine               - devEnableDebugCameraProperty: BooleanProperty [value: false]
12:39:06.536 [FXGL Background Thread 3 ] DEBUG Engine               - devSensorColorProperty: ObjectProperty [value: 0xffff00ff]
12:39:06.536 [FXGL Background Thread 3 ] DEBUG Engine               - devShowBBoxProperty: BooleanProperty [value: false]
12:39:06.536 [FXGL Background Thread 3 ] DEBUG Engine               - devShowPositionProperty: BooleanProperty [value: false]
12:39:06.537 [FXGL Background Thread 3 ] DEBUG Engine               - enabledMenuItems: []
12:39:06.537 [FXGL Background Thread 3 ] DEBUG Engine               - engineServices: [class com.almasb.fxgl.app.services.FXGLAssetLoaderService, class com.almasb.fxgl.app.FXGLApplication$GameApplicationService, class com.almasb.fxgl.app.services.FXGLDialogService, class com.almasb.fxgl.app.services.IOTaskExecutorService, class com.almasb.fxgl.io.FileSystemService, class com.almasb.fxgl.localization.LocalizationService, class com.almasb.fxgl.app.services.SystemBundleService, class com.almasb.fxgl.profile.SaveLoadService, class com.almasb.fxgl.ui.FXGLUIFactoryServiceProvider, class com.almasb.fxgl.ui.FXGLDialogFactoryServiceProvider, class com.almasb.fxgl.audio.AudioPlayer, class com.almasb.fxgl.notification.impl.NotificationServiceProvider, class com.almasb.fxgl.achievement.AchievementService, class com.almasb.fxgl.cutscene.CutsceneService, class com.almasb.fxgl.minigames.MiniGameService, class com.almasb.fxgl.net.NetService, class com.almasb.fxgl.app.services.UpdaterService, class com.almasb.fxgl.dev.DevService]
12:39:06.538 [FXGL Background Thread 3 ] DEBUG Engine               - fontGame: Abel-Regular.ttf
12:39:06.539 [FXGL Background Thread 3 ] DEBUG Engine               - fontMono: TerminalLandMono-Regular.otf
12:39:06.539 [FXGL Background Thread 3 ] DEBUG Engine               - fontText: Courier-Prime.ttf
12:39:06.539 [FXGL Background Thread 3 ] DEBUG Engine               - fontUI: VarelaRound-Regular.ttf
12:39:06.540 [FXGL Background Thread 3 ] DEBUG Engine               - fullScreen: BooleanProperty [value: false]
12:39:06.540 [FXGL Background Thread 3 ] DEBUG Engine               - gameDifficulty: MEDIUM
12:39:06.541 [FXGL Background Thread 3 ] DEBUG Engine               - gameDifficultyProperty: ObjectProperty [value: MEDIUM]
12:39:06.541 [FXGL Background Thread 3 ] DEBUG Engine               - globalMusicVolume: 0.5
12:39:06.543 [FXGL Background Thread 3 ] DEBUG Engine               - globalMusicVolumeProperty: DoubleProperty [value: 0.5]
12:39:06.543 [FXGL Background Thread 3 ] DEBUG Engine               - globalSoundVolume: 0.5
12:39:06.544 [FXGL Background Thread 3 ] DEBUG Engine               - globalSoundVolumeProperty: DoubleProperty [value: 0.5]
12:39:06.544 [FXGL Background Thread 3 ] DEBUG Engine               - height: 600
12:39:06.545 [FXGL Background Thread 3 ] DEBUG Engine               - is3D: false
12:39:06.545 [FXGL Background Thread 3 ] DEBUG Engine               - isAndroid: false
12:39:06.546 [FXGL Background Thread 3 ] DEBUG Engine               - isBrowser: false
12:39:06.546 [FXGL Background Thread 3 ] DEBUG Engine               - isClickFeedbackEnabled: false
12:39:06.546 [FXGL Background Thread 3 ] DEBUG Engine               - isCloseConfirmation: false
12:39:06.546 [FXGL Background Thread 3 ] DEBUG Engine               - isDesktop: true
12:39:06.547 [FXGL Background Thread 3 ] DEBUG Engine               - isDeveloperMenuEnabled: false
12:39:06.547 [FXGL Background Thread 3 ] DEBUG Engine               - isEmbedded: false
12:39:06.547 [FXGL Background Thread 3 ] DEBUG Engine               - isEntityPreloadEnabled: true
12:39:06.547 [FXGL Background Thread 3 ] DEBUG Engine               - isExperimentalTiledLargeMap: false
12:39:06.548 [FXGL Background Thread 3 ] DEBUG Engine               - isFileSystemWriteAllowed: true
12:39:06.548 [FXGL Background Thread 3 ] DEBUG Engine               - isFullScreenAllowed: false
12:39:06.548 [FXGL Background Thread 3 ] DEBUG Engine               - isFullScreenFromStart: false
12:39:06.548 [FXGL Background Thread 3 ] DEBUG Engine               - isGameMenuEnabled: true
12:39:06.548 [FXGL Background Thread 3 ] DEBUG Engine               - isIOS: false
12:39:06.549 [FXGL Background Thread 3 ] DEBUG Engine               - isIntroEnabled: false
12:39:06.549 [FXGL Background Thread 3 ] DEBUG Engine               - isLinux: false
12:39:06.550 [FXGL Background Thread 3 ] DEBUG Engine               - isMac: false
12:39:06.550 [FXGL Background Thread 3 ] DEBUG Engine               - isMainMenuEnabled: false
12:39:06.550 [FXGL Background Thread 3 ] DEBUG Engine               - isManualResizeEnabled: false
12:39:06.550 [FXGL Background Thread 3 ] DEBUG Engine               - isMobile: false
12:39:06.551 [FXGL Background Thread 3 ] DEBUG Engine               - isNative: false
12:39:06.551 [FXGL Background Thread 3 ] DEBUG Engine               - isPauseMusicWhenMinimized: true
12:39:06.551 [FXGL Background Thread 3 ] DEBUG Engine               - isPreserveResizeRatio: false
12:39:06.552 [FXGL Background Thread 3 ] DEBUG Engine               - isProfilingEnabled: false
12:39:06.552 [FXGL Background Thread 3 ] DEBUG Engine               - isScaleAffectedOnResize: true
12:39:06.552 [FXGL Background Thread 3 ] DEBUG Engine               - isSingleStep: false
12:39:06.552 [FXGL Background Thread 3 ] DEBUG Engine               - isUserProfileEnabled: false
12:39:06.552 [FXGL Background Thread 3 ] DEBUG Engine               - isWindows: true
12:39:06.553 [FXGL Background Thread 3 ] DEBUG Engine               - language: ObjectProperty [value: ENGLISH]
12:39:06.553 [FXGL Background Thread 3 ] DEBUG Engine               - menuKey: ESCAPE
12:39:06.553 [FXGL Background Thread 3 ] DEBUG Engine               - mouseSensitivity: 0.2
12:39:06.553 [FXGL Background Thread 3 ] DEBUG Engine               - notificationViewClass: class com.almasb.fxgl.notification.view.XboxNotificationView
12:39:06.554 [FXGL Background Thread 3 ] DEBUG Engine               - pixelsPerMeter: 50.0
12:39:06.554 [FXGL Background Thread 3 ] DEBUG Engine               - platform: WINDOWS
12:39:06.554 [FXGL Background Thread 3 ] DEBUG Engine               - prefHeightProperty: ReadOnlyDoubleProperty [value: 600.0]
12:39:06.555 [FXGL Background Thread 3 ] DEBUG Engine               - prefWidthProperty: ReadOnlyDoubleProperty [value: 800.0]
12:39:06.555 [FXGL Background Thread 3 ] DEBUG Engine               - profileDir: profiles/
12:39:06.556 [FXGL Background Thread 3 ] DEBUG Engine               - profileName: StringProperty [value: DEFAULT]
12:39:06.556 [FXGL Background Thread 3 ] DEBUG Engine               - randomSeed: -1
12:39:06.560 [FXGL Background Thread 3 ] DEBUG Engine               - runtimeInfo: RuntimeInfo(platform=WINDOWS, version=17.1, build=24.03.2022 17.34)
12:39:06.561 [FXGL Background Thread 3 ] DEBUG Engine               - saveFileExt: sav
12:39:06.562 [FXGL Background Thread 3 ] DEBUG Engine               - scaledHeightProp$fxgl: DoubleProperty [bound, value: 600.0]
12:39:06.562 [FXGL Background Thread 3 ] DEBUG Engine               - scaledWidthProp$fxgl: DoubleProperty [bound, value: 800.0]
12:39:06.563 [FXGL Background Thread 3 ] DEBUG Engine               - sceneFactory: com.example.academicrumble.Game$1@3d8f2dbc
12:39:06.563 [FXGL Background Thread 3 ] DEBUG Engine               - secondsIn24h: 60
12:39:06.563 [FXGL Background Thread 3 ] DEBUG Engine               - soundMenuBack: menu/back.wav
12:39:06.564 [FXGL Background Thread 3 ] DEBUG Engine               - soundMenuPress: menu/press.wav
12:39:06.564 [FXGL Background Thread 3 ] DEBUG Engine               - soundMenuSelect: menu/select.wav
12:39:06.564 [FXGL Background Thread 3 ] DEBUG Engine               - soundNotification: core/notification.wav
12:39:06.564 [FXGL Background Thread 3 ] DEBUG Engine               - stageStyle: DECORATED
12:39:06.565 [FXGL Background Thread 3 ] DEBUG Engine               - supportedLanguages: [ENGLISH, FRENCH, GERMAN, HUNGARIAN, RUSSIAN]
12:39:06.565 [FXGL Background Thread 3 ] DEBUG Engine               - ticksPerSecond: -1
12:39:06.566 [FXGL Background Thread 3 ] DEBUG Engine               - title: Inloggen
12:39:06.566 [FXGL Background Thread 3 ] DEBUG Engine               - urlGithub: https://github.com/AlmasB/FXGL
12:39:06.566 [FXGL Background Thread 3 ] DEBUG Engine               - urlLeaderboard: http://fxgl-top.herokuapp.com/
12:39:06.566 [FXGL Background Thread 3 ] DEBUG Engine               - urlPOM: https://raw.githubusercontent.com/AlmasB/FXGL/release/README.md
12:39:06.567 [FXGL Background Thread 3 ] DEBUG Engine               - userAppClass: class com.example.academicrumble.Game
12:39:06.567 [FXGL Background Thread 3 ] DEBUG Engine               - version: 0.0
12:39:06.567 [FXGL Background Thread 3 ] DEBUG Engine               - versionCheckDays: 7
12:39:06.568 [FXGL Background Thread 3 ] DEBUG Engine               - width: 800
12:39:06.568 [FXGL Background Thread 3 ] DEBUG Engine               - Logging services
12:39:06.568 [FXGL Background Thread 3 ] DEBUG Engine               - class com.almasb.fxgl.app.services.FXGLAssetLoaderService
12:39:06.569 [FXGL Background Thread 3 ] DEBUG Engine               - class com.almasb.fxgl.app.FXGLApplication$GameApplicationService
12:39:06.569 [FXGL Background Thread 3 ] DEBUG Engine               - class com.almasb.fxgl.app.services.FXGLDialogService
12:39:06.569 [FXGL Background Thread 3 ] DEBUG Engine               - class com.almasb.fxgl.app.services.IOTaskExecutorService
12:39:06.569 [FXGL Background Thread 3 ] DEBUG Engine               - class com.almasb.fxgl.io.FileSystemService
12:39:06.569 [FXGL Background Thread 3 ] DEBUG Engine               - class com.almasb.fxgl.localization.LocalizationService
12:39:06.569 [FXGL Background Thread 3 ] DEBUG Engine               - class com.almasb.fxgl.app.services.SystemBundleService
12:39:06.569 [FXGL Background Thread 3 ] DEBUG Engine               - class com.almasb.fxgl.profile.SaveLoadService
12:39:06.570 [FXGL Background Thread 3 ] DEBUG Engine               - class com.almasb.fxgl.ui.FXGLUIFactoryServiceProvider
12:39:06.570 [FXGL Background Thread 3 ] DEBUG Engine               - class com.almasb.fxgl.ui.FXGLDialogFactoryServiceProvider
12:39:06.570 [FXGL Background Thread 3 ] DEBUG Engine               - class com.almasb.fxgl.audio.AudioPlayer
12:39:06.570 [FXGL Background Thread 3 ] DEBUG Engine               - class com.almasb.fxgl.notification.impl.NotificationServiceProvider
12:39:06.570 [FXGL Background Thread 3 ] DEBUG Engine               - class com.almasb.fxgl.achievement.AchievementService
12:39:06.571 [FXGL Background Thread 3 ] DEBUG Engine               - class com.almasb.fxgl.cutscene.CutsceneService
12:39:06.571 [FXGL Background Thread 3 ] DEBUG Engine               - class com.almasb.fxgl.minigames.MiniGameService
12:39:06.571 [FXGL Background Thread 3 ] DEBUG Engine               - class com.almasb.fxgl.net.NetService
12:39:06.572 [FXGL Background Thread 3 ] DEBUG Engine               - class com.almasb.fxgl.app.services.UpdaterService
12:39:06.572 [FXGL Background Thread 3 ] DEBUG Engine               - class com.almasb.fxgl.dev.DevService
12:39:15.711 [JavaFX Application Thread] DEBUG FXGLApplication      - Exiting FXGL
12:39:15.712 [JavaFX Application Thread] DEBUG Async                - Shutting down background threads
12:39:15.712 [JavaFX Application Thread] DEBUG PrimaryStageWindow   - Closing main window
12:39:15.782 [JavaFX Application Thread] DEBUG Logger               - Closing Logger
