09:47:06.245 [main                     ] DEBUG Logger               - Configured Logger
09:47:06.277 [main                     ] DEBUG GameApplication      - Logging settings
Title: Academic Rumble
Version: 1.0
Width: 640
Height: 600
Fullscreen: false
Intro: false
Profiling: false
Single step:false
App Mode: DEVELOPER
Menu Key: ESCAPE
Stage Style: DECORATED
Scene Factory: class com.example.academicrumble.MySceneFactory

09:47:06.947 [JavaFX Application Thread] DEBUG FXGLApplication      - Initializing FXGL
09:47:06.954 [JavaFX Application Thread] INFO  Engine               - FXGL-17.1 (24.03.2022 17.34) on WINDOWS (J:18.0.2 FX:18.0.1)
09:47:06.954 [JavaFX Application Thread] DEBUG Engine               - JRE Vendor Name: Amazon.com Inc.
09:47:06.954 [JavaFX Application Thread] DEBUG Engine               - Running on OS: Windows 11 version 10.0
09:47:06.954 [JavaFX Application Thread] DEBUG Engine               - Architecture: amd64
09:47:06.954 [JavaFX Application Thread] INFO  Engine               - Source code and latest versions at: https://github.com/AlmasB/FXGL
09:47:06.955 [JavaFX Application Thread] INFO  Engine               -       Ask questions and discuss at: https://github.com/AlmasB/FXGL/discussions
09:47:06.955 [JavaFX Application Thread] INFO  Engine               -              Join the FXGL chat at: https://gitter.im/AlmasB/FXGL
09:47:07.062 [JavaFX Application Thread] DEBUG PrimaryStageWindow   - Creating a JavaFX scene
09:47:07.135 [JavaFX Application Thread] DEBUG PrimaryStageWindow   - Target settings size: 640.0 x 600.0
09:47:07.135 [JavaFX Application Thread] DEBUG PrimaryStageWindow   - Scaled scene size:    640.0 x 600.0
09:47:07.135 [JavaFX Application Thread] DEBUG PrimaryStageWindow   - Scaled ratio: (1.0, 1.0)
09:47:07.136 [JavaFX Application Thread] DEBUG PrimaryStageWindow   - Set initial scene to FXGLStartupScene
09:47:07.144 [JavaFX Application Thread] DEBUG PrimaryStageWindow   - Opening main window
09:47:07.238 [JavaFX Application Thread] DEBUG PrimaryStageWindow   - Window border size: (16.0, 39.0)
09:47:07.239 [JavaFX Application Thread] DEBUG PrimaryStageWindow   - Scaled size: 640.0 x 600.0
09:47:07.239 [JavaFX Application Thread] DEBUG PrimaryStageWindow   - Scaled ratio: (1.0, 1.0)
09:47:07.239 [JavaFX Application Thread] DEBUG PrimaryStageWindow   - Scene size: 640.0 x 600.0
09:47:07.239 [JavaFX Application Thread] DEBUG PrimaryStageWindow   - Stage size: 656.0 x 639.0
09:47:07.249 [FXGL Background Thread 1 ] DEBUG Engine               - Initializing environment variables
09:47:07.305 [FXGL Background Thread 1 ] DEBUG FXGLAssetLoaderServi - User app class for loading assets: class com.example.academicrumble.Game
09:47:07.305 [FXGL Background Thread 1 ] DEBUG GameApplicationServi - Applying CSS: fxgl_dark.css
09:47:07.306 [FXGL Background Thread 1 ] DEBUG FXGLAssetLoaderServi - Loading from file system: jar:file:///C:/Users/pelle/.m2/repository/com/github/almasb/fxgl/17.1/fxgl-17.1.jar!/fxglassets/ui/css/fxgl_dark.css
09:47:07.354 [FXGL Background Thread 1 ] DEBUG GameApplicationServi - Initializing application scenes
09:47:07.400 [FXGL Background Thread 1 ] DEBUG GameWorld            - Game world initialized
09:47:07.465 [FXGL Background Thread 1 ] DEBUG PhysicsWorld         - Physics world initialized: appHeight=600, physics.ppm=50,0
09:47:07.465 [FXGL Background Thread 1 ] DEBUG PhysicsWorld         - Using strategy: BRUTE_FORCE
09:47:07.468 [FXGL Background Thread 1 ] DEBUG GameScene            - Game scene initialized: 640x600
09:47:07.470 [JavaFX Application Thread] DEBUG LoopRunner           - Stopping loop
09:47:07.470 [JavaFX Application Thread] DEBUG LoopRunner           - Initializing JavaFX AnimationTimerLoop
09:47:07.472 [JavaFX Application Thread] FATAL FXGLApplication      - Uncaught Exception:
java.lang.IllegalArgumentException: Invalid URL: Invalid URL or resource not found
	at javafx.graphics@18.0.1/javafx.scene.image.Image.validateUrl(Image.java:1135)
	at javafx.graphics@18.0.1/javafx.scene.image.Image.<init>(Image.java:625)
	at com.example.academicrumble/com.example.academicrumble.CharacterSelect.<init>(CharacterSelect.java:33)
	at com.example.academicrumble/com.example.academicrumble.MySceneFactory.newMainMenu(MySceneFactory.java:25)
	at com.almasb.fxgl.all@17.1/com.almasb.fxgl.app.FXGLApplication$GameApplicationService.initAppScenes(FXGLApplication.kt:457)
	at com.almasb.fxgl.all@17.1/com.almasb.fxgl.app.FXGLApplication$GameApplicationService.onInit(FXGLApplication.kt:417)
	at com.almasb.fxgl.all@17.1/com.almasb.fxgl.app.Engine.initServices(Engine.kt:85)
	at com.almasb.fxgl.all@17.1/com.almasb.fxgl.app.FXGLApplication.startImpl$lambda-2(FXGLApplication.kt:138)
	at com.almasb.fxgl.core@17.1/com.almasb.fxgl.core.concurrent.IOTask.lambda$ofVoid$5(IOTask.java:184)
	at com.almasb.fxgl.core@17.1/com.almasb.fxgl.core.concurrent.IOTask$2.onExecute(IOTask.java:197)
	at com.almasb.fxgl.core@17.1/com.almasb.fxgl.core.concurrent.IOTask$1.call(IOTask.java:148)
	at javafx.graphics@18.0.1/javafx.concurrent.Task$TaskCallable.call(Task.java:1426)
	at java.base/java.util.concurrent.FutureTask.run(FutureTask.java:264)
	at java.base/java.util.concurrent.Executors$RunnableAdapter.call(Executors.java:539)
	at java.base/java.util.concurrent.FutureTask.run(FutureTask.java:264)
	at java.base/java.util.concurrent.ThreadPoolExecutor.runWorker(ThreadPoolExecutor.java:1136)
	at java.base/java.util.concurrent.ThreadPoolExecutor$Worker.run(ThreadPoolExecutor.java:635)
	at java.base/java.lang.Thread.run(Thread.java:833)
Caused by: java.lang.IllegalArgumentException: Invalid URL or resource not found
	at javafx.graphics@18.0.1/javafx.scene.image.Image.validateUrl(Image.java:1120)
	... 17 more

09:47:07.472 [JavaFX Application Thread] FATAL FXGLApplication      - Application will now exit
09:47:07.508 [JavaFX Application Thread] DEBUG PrimaryStageWindow   - Push state: ErrorSubScene
09:47:07.508 [JavaFX Application Thread] DEBUG Input                - Clearing active input actions
09:47:07.514 [JavaFX Application Thread] DEBUG GameApplicationServi - Removing overlay from FXGLStartupScene and adding to ErrorSubScene
09:47:07.514 [JavaFX Application Thread] DEBUG PrimaryStageWindow   - FXGLStartupScene -> ErrorSubScene
09:47:11.927 [JavaFX Application Thread] DEBUG FXGLApplication      - Exiting FXGL
09:47:11.927 [JavaFX Application Thread] DEBUG Async                - Shutting down background threads
09:47:11.927 [JavaFX Application Thread] DEBUG PrimaryStageWindow   - Closing main window
09:47:11.947 [JavaFX Application Thread] DEBUG Logger               - Closing Logger
