12:27:26.594 [main                     ] DEBUG Logger               - Configured Logger
12:27:26.644 [main                     ] DEBUG GameApplication      - Logging settings
Title: Inloggen
Version: 0.0
Width: 800
Height: 600
Fullscreen: false
Intro: false
Profiling: false
Single step:false
App Mode: DEVELOPER
Menu Key: ESCAPE
Stage Style: DECORATED
Scene Factory: class com.example.academicrumble.Game$1

12:27:27.228 [JavaFX Application Thread] DEBUG FXGLApplication      - Initializing FXGL
12:27:27.240 [JavaFX Application Thread] INFO  Engine               - FXGL-17.1 (24.03.2022 17.34) on WINDOWS (J:18.0.2 FX:18.0.1)
12:27:27.241 [JavaFX Application Thread] DEBUG Engine               - JRE Vendor Name: Amazon.com Inc.
12:27:27.242 [JavaFX Application Thread] DEBUG Engine               - Running on OS: Windows 10 version 10.0
12:27:27.242 [JavaFX Application Thread] DEBUG Engine               - Architecture: amd64
12:27:27.242 [JavaFX Application Thread] INFO  Engine               - Source code and latest versions at: https://github.com/AlmasB/FXGL
12:27:27.242 [JavaFX Application Thread] INFO  Engine               -       Ask questions and discuss at: https://github.com/AlmasB/FXGL/discussions
12:27:27.243 [JavaFX Application Thread] INFO  Engine               -              Join the FXGL chat at: https://gitter.im/AlmasB/FXGL
12:27:27.516 [JavaFX Application Thread] DEBUG PrimaryStageWindow   - Creating a JavaFX scene
12:27:27.584 [JavaFX Application Thread] DEBUG PrimaryStageWindow   - Target settings size: 800.0 x 600.0
12:27:27.585 [JavaFX Application Thread] DEBUG PrimaryStageWindow   - Scaled scene size:    800.0 x 600.0
12:27:27.586 [JavaFX Application Thread] DEBUG PrimaryStageWindow   - Scaled ratio: (1.0, 1.0)
12:27:27.588 [JavaFX Application Thread] DEBUG PrimaryStageWindow   - Set initial scene to MyStartupScene
12:27:27.603 [JavaFX Application Thread] DEBUG PrimaryStageWindow   - Opening main window
12:27:27.846 [JavaFX Application Thread] DEBUG PrimaryStageWindow   - Window border size: (14.66668701171875, 37.33331298828125)
12:27:27.847 [JavaFX Application Thread] DEBUG PrimaryStageWindow   - Scaled size: 800.0 x 600.0
12:27:27.848 [JavaFX Application Thread] DEBUG PrimaryStageWindow   - Scaled ratio: (1.0, 1.0)
12:27:27.850 [JavaFX Application Thread] DEBUG PrimaryStageWindow   - Scene size: 800.0 x 600.0
12:27:27.851 [JavaFX Application Thread] DEBUG PrimaryStageWindow   - Stage size: 814.6666870117188 x 637.3333129882812
12:27:27.871 [FXGL Background Thread 1 ] DEBUG Engine               - Initializing environment variables
12:27:28.024 [FXGL Background Thread 1 ] DEBUG FXGLAssetLoaderServi - User app class for loading assets: class com.example.academicrumble.Game
12:27:28.025 [FXGL Background Thread 1 ] DEBUG GameApplicationServi - Applying CSS: fxgl_dark.css
12:27:28.027 [FXGL Background Thread 1 ] DEBUG FXGLAssetLoaderServi - Loading from file system: jar:file:///C:/Users/Lizanne/.m2/repository/com/github/almasb/fxgl/17.1/fxgl-17.1.jar!/fxglassets/ui/css/fxgl_dark.css
12:27:28.192 [FXGL Background Thread 1 ] DEBUG GameApplicationServi - Initializing application scenes
12:27:28.252 [FXGL Background Thread 1 ] DEBUG GameWorld            - Game world initialized
12:27:28.410 [FXGL Background Thread 1 ] DEBUG PhysicsWorld         - Physics world initialized: appHeight=600, physics.ppm=50,0
12:27:28.410 [FXGL Background Thread 1 ] DEBUG PhysicsWorld         - Using strategy: BRUTE_FORCE
12:27:28.421 [FXGL Background Thread 1 ] DEBUG GameScene            - Game scene initialized: 800x600
12:27:28.451 [FXGL Background Thread 1 ] DEBUG FXGL.DefaultMenu     - createMenuBodyGameMenu()
12:27:28.492 [FXGL Background Thread 1 ] DEBUG FXGL.DefaultMenu     - createOptionsMenu()
12:27:28.518 [FXGL Background Thread 1 ] DEBUG FXGLAssetLoaderServi - Loading from file system: jar:file:///C:/Users/Lizanne/.m2/repository/com/github/almasb/fxgl/17.1/fxgl-17.1.jar!/fxglassets/textures/particles/smoke.png
12:27:28.744 [FXGL Background Thread 1 ] DEBUG FXGLAssetLoaderServi - Loading from file system: jar:file:///C:/Users/Lizanne/.m2/repository/com/github/almasb/fxgl/17.1/fxgl-17.1.jar!/fxglassets/textures/particles/trace_horizontal.png
12:27:28.863 [FXGL Background Thread 1 ] DEBUG GameApplicationServi - Application scenes initialized
12:27:28.892 [FXGL Background Thread 1 ] DEBUG SystemBundleService  - Loading FXGL system data
12:27:28.903 [FXGL Background Thread 1 ] DEBUG FileSystemAccess     - Reading from: C:\Users\Lizanne\OneDrive - Hogeschool Leiden\Documenten\GitHub\AcademicRumble\system\fxgl.bundle
12:27:28.947 [FXGL Background Thread 1 ] DEBUG SystemBundleService  - Bundle FXGL: {}
12:27:28.948 [FXGL Background Thread 1 ] DEBUG UpdaterService       - Checking for updates
12:27:28.958 [FXGL Background Thread 1 ] DEBUG FXGLApplication      - Loading default localization
12:27:28.959 [FXGL Background Thread 1 ] DEBUG FXGLAssetLoaderServi - Loading from file system: jar:file:///C:/Users/Lizanne/.m2/repository/com/github/almasb/fxgl/17.1/fxgl-17.1.jar!/fxglassets/languages/english.lang
12:27:28.978 [FXGL Background Thread 4 ] DEBUG FXGLApplication      - Loading fonts
12:27:28.979 [FXGL Background Thread 4 ] DEBUG FXGLAssetLoaderServi - Loading from file system: jar:file:///C:/Users/Lizanne/.m2/repository/com/github/almasb/fxgl/17.1/fxgl-17.1.jar!/fxglassets/ui/fonts/VarelaRound-Regular.ttf
12:27:29.001 [FXGL Background Thread 1 ] INFO  FXGLApplication      - FXGL initialization took: 1,130 sec
12:27:29.003 [JavaFX Application Thread] DEBUG FXGLAssetLoaderServi - Loading from file system: jar:file:///C:/Users/Lizanne/.m2/repository/com/github/almasb/fxgl/17.1/fxgl-17.1.jar!/fxglassets/textures/fxgl_icon.png
12:27:29.058 [JavaFX Application Thread] DEBUG FXGLAssetLoaderServi - Loading from file system: jar:file:///C:/Users/Lizanne/.m2/repository/com/github/almasb/fxgl/17.1/fxgl-17.1.jar!/fxglassets/textures/fxgl_default_cursor.png
12:27:29.094 [JavaFX Application Thread] DEBUG Input                - Registered new binding: Screenshot - CTRL+8
12:27:29.096 [JavaFX Application Thread] DEBUG Input                - Registered new binding: System info dump - CTRL+9
12:27:29.098 [JavaFX Application Thread] DEBUG Input                - Registered new binding: Restart - CTRL+R
12:27:29.099 [JavaFX Application Thread] DEBUG Input                - Registered new binding: Toggle Debug Camera - CTRL+7
12:27:29.104 [JavaFX Application Thread] DEBUG LoopRunner           - Starting loop
12:27:29.104 [JavaFX Application Thread] DEBUG LoopRunner           - Initializing JavaFX AnimationTimerLoop
12:27:29.106 [JavaFX Application Thread] DEBUG GameApplicationServi - Starting new game
12:27:29.107 [JavaFX Application Thread] DEBUG Input                - Clearing active input actions
12:27:29.126 [JavaFX Application Thread] DEBUG GameApplicationServi - Removing overlay from MyStartupScene and adding to FXGLLoadingScene
12:27:29.128 [JavaFX Application Thread] DEBUG PrimaryStageWindow   - MyStartupScene -> FXGLLoadingScene
12:27:29.128 [JavaFX Application Thread] DEBUG GameApplicationServi - Clearing previous game
12:27:29.128 [JavaFX Application Thread] DEBUG GameScene            - Clearing game scene
12:27:29.129 [JavaFX Application Thread] DEBUG GameWorld            - Clearing game world
12:27:29.129 [JavaFX Application Thread] DEBUG PhysicsWorld         - Clearing physics world
12:27:29.132 [FXGL Background Thread 1 ] DEBUG FXGLApplication      - Initializing game
12:27:29.174 [FXGL Background Thread 1 ] INFO  FXGLApplication      - Game initialization took: 0,040 sec
12:27:29.256 [JavaFX Application Thread] DEBUG Input                - Clearing active input actions
12:27:29.300 [JavaFX Application Thread] DEBUG GameApplicationServi - Removing overlay from FXGLLoadingScene and adding to GameScene
12:27:29.300 [JavaFX Application Thread] DEBUG PrimaryStageWindow   - FXGLLoadingScene -> GameScene
12:27:29.608 [FXGL Background Thread 4 ] DEBUG FXGLAssetLoaderServi - Loading from file system: jar:file:///C:/Users/Lizanne/.m2/repository/com/github/almasb/fxgl/17.1/fxgl-17.1.jar!/fxglassets/ui/fonts/Abel-Regular.ttf
12:27:29.672 [FXGL Background Thread 4 ] DEBUG FXGLAssetLoaderServi - Loading from file system: jar:file:///C:/Users/Lizanne/.m2/repository/com/github/almasb/fxgl/17.1/fxgl-17.1.jar!/fxglassets/ui/fonts/TerminalLandMono-Regular.otf
12:27:29.701 [FXGL Background Thread 4 ] DEBUG FXGLAssetLoaderServi - Loading from file system: jar:file:///C:/Users/Lizanne/.m2/repository/com/github/almasb/fxgl/17.1/fxgl-17.1.jar!/fxglassets/ui/fonts/Courier-Prime.ttf
12:27:29.733 [JavaFX Application Thread] DEBUG FXGLApplication      - Registering font factories with UI factory
12:27:30.241 [FXGL Background Thread 2 ] INFO  UpdaterService       - Your current version:  17.1
12:27:30.241 [FXGL Background Thread 2 ] INFO  UpdaterService       - Latest stable version: 17.3
12:27:31.955 [FXGL Background Thread 3 ] DEBUG Engine               - Logging environment variables
12:27:31.956 [FXGL Background Thread 3 ] DEBUG Engine               - achievements: []
12:27:31.956 [FXGL Background Thread 3 ] DEBUG Engine               - actualHeight: 600.0
12:27:31.957 [FXGL Background Thread 3 ] DEBUG Engine               - actualHeightProperty: ReadOnlyDoubleProperty [value: 600.0]
12:27:31.957 [FXGL Background Thread 3 ] DEBUG Engine               - actualWidth: 800.0
12:27:31.958 [FXGL Background Thread 3 ] DEBUG Engine               - actualWidthProperty: ReadOnlyDoubleProperty [value: 800.0]
12:27:31.958 [FXGL Background Thread 3 ] DEBUG Engine               - appIcon: fxgl_icon.png
12:27:31.958 [FXGL Background Thread 3 ] DEBUG Engine               - applicationMode: DEVELOPER
12:27:31.958 [FXGL Background Thread 3 ] DEBUG Engine               - cSSList: [fxgl_dark.css]
12:27:31.959 [FXGL Background Thread 3 ] DEBUG Engine               - collisionDetectionStrategy: BRUTE_FORCE
12:27:31.959 [FXGL Background Thread 3 ] DEBUG Engine               - configClass: Optional.empty
12:27:31.960 [FXGL Background Thread 3 ] DEBUG Engine               - credits: []
12:27:31.961 [FXGL Background Thread 3 ] DEBUG Engine               - defaultCursor: CursorInfo(imageName=fxgl_default_cursor.png, hotspotX=7.0, hotspotY=6.0)
12:27:31.961 [FXGL Background Thread 3 ] DEBUG Engine               - devBBoxColorProperty: ObjectProperty [value: 0xff0000ff]
12:27:31.962 [FXGL Background Thread 3 ] DEBUG Engine               - devEnableDebugCameraProperty: BooleanProperty [value: false]
12:27:31.962 [FXGL Background Thread 3 ] DEBUG Engine               - devSensorColorProperty: ObjectProperty [value: 0xffff00ff]
12:27:31.962 [FXGL Background Thread 3 ] DEBUG Engine               - devShowBBoxProperty: BooleanProperty [value: false]
12:27:31.963 [FXGL Background Thread 3 ] DEBUG Engine               - devShowPositionProperty: BooleanProperty [value: false]
12:27:31.963 [FXGL Background Thread 3 ] DEBUG Engine               - enabledMenuItems: []
12:27:31.963 [FXGL Background Thread 3 ] DEBUG Engine               - engineServices: [class com.almasb.fxgl.app.services.FXGLAssetLoaderService, class com.almasb.fxgl.app.FXGLApplication$GameApplicationService, class com.almasb.fxgl.app.services.FXGLDialogService, class com.almasb.fxgl.app.services.IOTaskExecutorService, class com.almasb.fxgl.io.FileSystemService, class com.almasb.fxgl.localization.LocalizationService, class com.almasb.fxgl.app.services.SystemBundleService, class com.almasb.fxgl.profile.SaveLoadService, class com.almasb.fxgl.ui.FXGLUIFactoryServiceProvider, class com.almasb.fxgl.ui.FXGLDialogFactoryServiceProvider, class com.almasb.fxgl.audio.AudioPlayer, class com.almasb.fxgl.notification.impl.NotificationServiceProvider, class com.almasb.fxgl.achievement.AchievementService, class com.almasb.fxgl.cutscene.CutsceneService, class com.almasb.fxgl.minigames.MiniGameService, class com.almasb.fxgl.net.NetService, class com.almasb.fxgl.app.services.UpdaterService, class com.almasb.fxgl.dev.DevService]
12:27:31.963 [FXGL Background Thread 3 ] DEBUG Engine               - fontGame: Abel-Regular.ttf
12:27:31.963 [FXGL Background Thread 3 ] DEBUG Engine               - fontMono: TerminalLandMono-Regular.otf
12:27:31.964 [FXGL Background Thread 3 ] DEBUG Engine               - fontText: Courier-Prime.ttf
12:27:31.964 [FXGL Background Thread 3 ] DEBUG Engine               - fontUI: VarelaRound-Regular.ttf
12:27:31.964 [FXGL Background Thread 3 ] DEBUG Engine               - fullScreen: BooleanProperty [value: false]
12:27:31.964 [FXGL Background Thread 3 ] DEBUG Engine               - gameDifficulty: MEDIUM
12:27:31.964 [FXGL Background Thread 3 ] DEBUG Engine               - gameDifficultyProperty: ObjectProperty [value: MEDIUM]
12:27:31.964 [FXGL Background Thread 3 ] DEBUG Engine               - globalMusicVolume: 0.5
12:27:31.964 [FXGL Background Thread 3 ] DEBUG Engine               - globalMusicVolumeProperty: DoubleProperty [value: 0.5]
12:27:31.965 [FXGL Background Thread 3 ] DEBUG Engine               - globalSoundVolume: 0.5
12:27:31.965 [FXGL Background Thread 3 ] DEBUG Engine               - globalSoundVolumeProperty: DoubleProperty [value: 0.5]
12:27:31.965 [FXGL Background Thread 3 ] DEBUG Engine               - height: 600
12:27:31.965 [FXGL Background Thread 3 ] DEBUG Engine               - is3D: false
12:27:31.965 [FXGL Background Thread 3 ] DEBUG Engine               - isAndroid: false
12:27:31.965 [FXGL Background Thread 3 ] DEBUG Engine               - isBrowser: false
12:27:31.965 [FXGL Background Thread 3 ] DEBUG Engine               - isClickFeedbackEnabled: false
12:27:31.965 [FXGL Background Thread 3 ] DEBUG Engine               - isCloseConfirmation: false
12:27:31.966 [FXGL Background Thread 3 ] DEBUG Engine               - isDesktop: true
12:27:31.966 [FXGL Background Thread 3 ] DEBUG Engine               - isDeveloperMenuEnabled: false
12:27:31.966 [FXGL Background Thread 3 ] DEBUG Engine               - isEmbedded: false
12:27:31.966 [FXGL Background Thread 3 ] DEBUG Engine               - isEntityPreloadEnabled: true
12:27:31.966 [FXGL Background Thread 3 ] DEBUG Engine               - isExperimentalTiledLargeMap: false
12:27:31.966 [FXGL Background Thread 3 ] DEBUG Engine               - isFileSystemWriteAllowed: true
12:27:31.966 [FXGL Background Thread 3 ] DEBUG Engine               - isFullScreenAllowed: false
12:27:31.966 [FXGL Background Thread 3 ] DEBUG Engine               - isFullScreenFromStart: false
12:27:31.966 [FXGL Background Thread 3 ] DEBUG Engine               - isGameMenuEnabled: true
12:27:31.966 [FXGL Background Thread 3 ] DEBUG Engine               - isIOS: false
12:27:31.966 [FXGL Background Thread 3 ] DEBUG Engine               - isIntroEnabled: false
12:27:31.967 [FXGL Background Thread 3 ] DEBUG Engine               - isLinux: false
12:27:31.967 [FXGL Background Thread 3 ] DEBUG Engine               - isMac: false
12:27:31.967 [FXGL Background Thread 3 ] DEBUG Engine               - isMainMenuEnabled: false
12:27:31.967 [FXGL Background Thread 3 ] DEBUG Engine               - isManualResizeEnabled: false
12:27:31.967 [FXGL Background Thread 3 ] DEBUG Engine               - isMobile: false
12:27:31.967 [FXGL Background Thread 3 ] DEBUG Engine               - isNative: false
12:27:31.967 [FXGL Background Thread 3 ] DEBUG Engine               - isPauseMusicWhenMinimized: true
12:27:31.967 [FXGL Background Thread 3 ] DEBUG Engine               - isPreserveResizeRatio: false
12:27:31.967 [FXGL Background Thread 3 ] DEBUG Engine               - isProfilingEnabled: false
12:27:31.968 [FXGL Background Thread 3 ] DEBUG Engine               - isScaleAffectedOnResize: true
12:27:31.968 [FXGL Background Thread 3 ] DEBUG Engine               - isSingleStep: false
12:27:31.968 [FXGL Background Thread 3 ] DEBUG Engine               - isUserProfileEnabled: false
12:27:31.968 [FXGL Background Thread 3 ] DEBUG Engine               - isWindows: true
12:27:31.968 [FXGL Background Thread 3 ] DEBUG Engine               - language: ObjectProperty [value: ENGLISH]
12:27:31.968 [FXGL Background Thread 3 ] DEBUG Engine               - menuKey: ESCAPE
12:27:31.968 [FXGL Background Thread 3 ] DEBUG Engine               - mouseSensitivity: 0.2
12:27:31.968 [FXGL Background Thread 3 ] DEBUG Engine               - notificationViewClass: class com.almasb.fxgl.notification.view.XboxNotificationView
12:27:31.969 [FXGL Background Thread 3 ] DEBUG Engine               - pixelsPerMeter: 50.0
12:27:31.969 [FXGL Background Thread 3 ] DEBUG Engine               - platform: WINDOWS
12:27:31.969 [FXGL Background Thread 3 ] DEBUG Engine               - prefHeightProperty: ReadOnlyDoubleProperty [value: 600.0]
12:27:31.969 [FXGL Background Thread 3 ] DEBUG Engine               - prefWidthProperty: ReadOnlyDoubleProperty [value: 800.0]
12:27:31.969 [FXGL Background Thread 3 ] DEBUG Engine               - profileDir: profiles/
12:27:31.969 [FXGL Background Thread 3 ] DEBUG Engine               - profileName: StringProperty [value: DEFAULT]
12:27:31.969 [FXGL Background Thread 3 ] DEBUG Engine               - randomSeed: -1
12:27:31.970 [FXGL Background Thread 3 ] DEBUG Engine               - runtimeInfo: RuntimeInfo(platform=WINDOWS, version=17.1, build=24.03.2022 17.34)
12:27:31.970 [FXGL Background Thread 3 ] DEBUG Engine               - saveFileExt: sav
12:27:31.970 [FXGL Background Thread 3 ] DEBUG Engine               - scaledHeightProp$fxgl: DoubleProperty [bound, value: 600.0]
12:27:31.970 [FXGL Background Thread 3 ] DEBUG Engine               - scaledWidthProp$fxgl: DoubleProperty [bound, value: 800.0]
12:27:31.970 [FXGL Background Thread 3 ] DEBUG Engine               - sceneFactory: com.example.academicrumble.Game$1@58060228
12:27:31.970 [FXGL Background Thread 3 ] DEBUG Engine               - secondsIn24h: 60
12:27:31.970 [FXGL Background Thread 3 ] DEBUG Engine               - soundMenuBack: menu/back.wav
12:27:31.970 [FXGL Background Thread 3 ] DEBUG Engine               - soundMenuPress: menu/press.wav
12:27:31.970 [FXGL Background Thread 3 ] DEBUG Engine               - soundMenuSelect: menu/select.wav
12:27:31.970 [FXGL Background Thread 3 ] DEBUG Engine               - soundNotification: core/notification.wav
12:27:31.971 [FXGL Background Thread 3 ] DEBUG Engine               - stageStyle: DECORATED
12:27:31.971 [FXGL Background Thread 3 ] DEBUG Engine               - supportedLanguages: [ENGLISH, FRENCH, GERMAN, HUNGARIAN, RUSSIAN]
12:27:31.971 [FXGL Background Thread 3 ] DEBUG Engine               - ticksPerSecond: -1
12:27:31.972 [FXGL Background Thread 3 ] DEBUG Engine               - title: Inloggen
12:27:31.972 [FXGL Background Thread 3 ] DEBUG Engine               - urlGithub: https://github.com/AlmasB/FXGL
12:27:31.972 [FXGL Background Thread 3 ] DEBUG Engine               - urlLeaderboard: http://fxgl-top.herokuapp.com/
12:27:31.972 [FXGL Background Thread 3 ] DEBUG Engine               - urlPOM: https://raw.githubusercontent.com/AlmasB/FXGL/release/README.md
12:27:31.972 [FXGL Background Thread 3 ] DEBUG Engine               - userAppClass: class com.example.academicrumble.Game
12:27:31.972 [FXGL Background Thread 3 ] DEBUG Engine               - version: 0.0
12:27:31.972 [FXGL Background Thread 3 ] DEBUG Engine               - versionCheckDays: 7
12:27:31.972 [FXGL Background Thread 3 ] DEBUG Engine               - width: 800
12:27:31.972 [FXGL Background Thread 3 ] DEBUG Engine               - Logging services
12:27:31.972 [FXGL Background Thread 3 ] DEBUG Engine               - class com.almasb.fxgl.app.services.FXGLAssetLoaderService
12:27:31.972 [FXGL Background Thread 3 ] DEBUG Engine               - class com.almasb.fxgl.app.FXGLApplication$GameApplicationService
12:27:31.972 [FXGL Background Thread 3 ] DEBUG Engine               - class com.almasb.fxgl.app.services.FXGLDialogService
12:27:31.972 [FXGL Background Thread 3 ] DEBUG Engine               - class com.almasb.fxgl.app.services.IOTaskExecutorService
12:27:31.972 [FXGL Background Thread 3 ] DEBUG Engine               - class com.almasb.fxgl.io.FileSystemService
12:27:31.973 [FXGL Background Thread 3 ] DEBUG Engine               - class com.almasb.fxgl.localization.LocalizationService
12:27:31.973 [FXGL Background Thread 3 ] DEBUG Engine               - class com.almasb.fxgl.app.services.SystemBundleService
12:27:31.973 [FXGL Background Thread 3 ] DEBUG Engine               - class com.almasb.fxgl.profile.SaveLoadService
12:27:31.973 [FXGL Background Thread 3 ] DEBUG Engine               - class com.almasb.fxgl.ui.FXGLUIFactoryServiceProvider
12:27:31.973 [FXGL Background Thread 3 ] DEBUG Engine               - class com.almasb.fxgl.ui.FXGLDialogFactoryServiceProvider
12:27:31.973 [FXGL Background Thread 3 ] DEBUG Engine               - class com.almasb.fxgl.audio.AudioPlayer
12:27:31.973 [FXGL Background Thread 3 ] DEBUG Engine               - class com.almasb.fxgl.notification.impl.NotificationServiceProvider
12:27:31.973 [FXGL Background Thread 3 ] DEBUG Engine               - class com.almasb.fxgl.achievement.AchievementService
12:27:31.973 [FXGL Background Thread 3 ] DEBUG Engine               - class com.almasb.fxgl.cutscene.CutsceneService
12:27:31.973 [FXGL Background Thread 3 ] DEBUG Engine               - class com.almasb.fxgl.minigames.MiniGameService
12:27:31.973 [FXGL Background Thread 3 ] DEBUG Engine               - class com.almasb.fxgl.net.NetService
12:27:31.973 [FXGL Background Thread 3 ] DEBUG Engine               - class com.almasb.fxgl.app.services.UpdaterService
12:27:31.973 [FXGL Background Thread 3 ] DEBUG Engine               - class com.almasb.fxgl.dev.DevService
12:27:38.090 [JavaFX Application Thread] DEBUG FXGLApplication      - Exiting FXGL
12:27:38.090 [JavaFX Application Thread] DEBUG LoopRunner           - Stopping loop
12:27:38.090 [JavaFX Application Thread] DEBUG SystemBundleService  - Saving FXGL system data
12:27:38.095 [JavaFX Application Thread] DEBUG FileSystemAccess     - Writing to: C:\Users\Lizanne\OneDrive - Hogeschool Leiden\Documenten\GitHub\AcademicRumble\system\fxgl.bundle
12:27:38.101 [JavaFX Application Thread] DEBUG Async                - Shutting down background threads
12:27:38.101 [JavaFX Application Thread] DEBUG PrimaryStageWindow   - Closing main window
12:27:38.141 [JavaFX Application Thread] DEBUG Logger               - Closing Logger
