16:16:08.577 [main                     ] DEBUG Logger               - Configured Logger
16:16:08.607 [main                     ] DEBUG GameApplication      - Logging settings
Title: Academic Rumble
Version: 1.0
Width: 640
Height: 600
Fullscreen: false
Intro: false
Profiling: false
Single step:false
App Mode: DEVELOPER
Menu Key: ESCAPE
Stage Style: DECORATED
Scene Factory: class com.example.academicrumble.MySceneFactory

16:16:09.030 [JavaFX Application Thread] DEBUG FXGLApplication      - Initializing FXGL
16:16:09.035 [JavaFX Application Thread] INFO  Engine               - FXGL-17.1 (24.03.2022 17.34) on WINDOWS (J:18.0.2 FX:18.0.1)
16:16:09.035 [JavaFX Application Thread] DEBUG Engine               - JRE Vendor Name: Amazon.com Inc.
16:16:09.036 [JavaFX Application Thread] DEBUG Engine               - Running on OS: Windows 11 version 10.0
16:16:09.036 [JavaFX Application Thread] DEBUG Engine               - Architecture: amd64
16:16:09.036 [JavaFX Application Thread] INFO  Engine               - Source code and latest versions at: https://github.com/AlmasB/FXGL
16:16:09.036 [JavaFX Application Thread] INFO  Engine               -       Ask questions and discuss at: https://github.com/AlmasB/FXGL/discussions
16:16:09.036 [JavaFX Application Thread] INFO  Engine               -              Join the FXGL chat at: https://gitter.im/AlmasB/FXGL
16:16:09.112 [JavaFX Application Thread] DEBUG PrimaryStageWindow   - Creating a JavaFX scene
16:16:09.150 [JavaFX Application Thread] DEBUG PrimaryStageWindow   - Target settings size: 640.0 x 600.0
16:16:09.150 [JavaFX Application Thread] DEBUG PrimaryStageWindow   - Scaled scene size:    640.0 x 600.0
16:16:09.150 [JavaFX Application Thread] DEBUG PrimaryStageWindow   - Scaled ratio: (1.0, 1.0)
16:16:09.151 [JavaFX Application Thread] DEBUG PrimaryStageWindow   - Set initial scene to FXGLStartupScene
16:16:09.159 [JavaFX Application Thread] DEBUG PrimaryStageWindow   - Opening main window
16:16:09.236 [JavaFX Application Thread] DEBUG PrimaryStageWindow   - Window border size: (16.0, 39.0)
16:16:09.237 [JavaFX Application Thread] DEBUG PrimaryStageWindow   - Scaled size: 640.0 x 600.0
16:16:09.237 [JavaFX Application Thread] DEBUG PrimaryStageWindow   - Scaled ratio: (1.0, 1.0)
16:16:09.237 [JavaFX Application Thread] DEBUG PrimaryStageWindow   - Scene size: 640.0 x 600.0
16:16:09.237 [JavaFX Application Thread] DEBUG PrimaryStageWindow   - Stage size: 656.0 x 639.0
16:16:09.246 [FXGL Background Thread 1 ] DEBUG Engine               - Initializing environment variables
16:16:09.309 [FXGL Background Thread 1 ] DEBUG FXGLAssetLoaderServi - User app class for loading assets: class com.example.academicrumble.Game
16:16:09.310 [FXGL Background Thread 1 ] DEBUG GameApplicationServi - Applying CSS: fxgl_dark.css
16:16:09.311 [FXGL Background Thread 1 ] DEBUG FXGLAssetLoaderServi - Loading from file system: jar:file:///C:/Users/pelle/.m2/repository/com/github/almasb/fxgl/17.1/fxgl-17.1.jar!/fxglassets/ui/css/fxgl_dark.css
16:16:09.358 [FXGL Background Thread 1 ] DEBUG GameApplicationServi - Initializing application scenes
16:16:09.403 [FXGL Background Thread 1 ] DEBUG GameWorld            - Game world initialized
16:16:09.467 [FXGL Background Thread 1 ] DEBUG PhysicsWorld         - Physics world initialized: appHeight=600, physics.ppm=50,0
16:16:09.467 [FXGL Background Thread 1 ] DEBUG PhysicsWorld         - Using strategy: BRUTE_FORCE
16:16:09.470 [FXGL Background Thread 1 ] DEBUG GameScene            - Game scene initialized: 640x600
16:16:09.491 [FXGL Background Thread 1 ] WARN  FXGL.DefaultMenu     - FXGLDefaultMenu is not designed for resolutions < 800x600
16:16:09.492 [FXGL Background Thread 1 ] DEBUG FXGL.DefaultMenu     - createMenuBodyGameMenu()
16:16:09.501 [FXGL Background Thread 1 ] DEBUG FXGL.DefaultMenu     - createOptionsMenu()
16:16:09.509 [FXGL Background Thread 1 ] DEBUG FXGLAssetLoaderServi - Loading from file system: jar:file:///C:/Users/pelle/.m2/repository/com/github/almasb/fxgl/17.1/fxgl-17.1.jar!/fxglassets/textures/particles/smoke.png
16:16:09.599 [FXGL Background Thread 1 ] DEBUG FXGLAssetLoaderServi - Loading from file system: jar:file:///C:/Users/pelle/.m2/repository/com/github/almasb/fxgl/17.1/fxgl-17.1.jar!/fxglassets/textures/particles/trace_horizontal.png
16:16:09.624 [FXGL Background Thread 1 ] DEBUG GameApplicationServi - Application scenes initialized
16:16:09.635 [FXGL Background Thread 1 ] DEBUG SystemBundleService  - Loading FXGL system data
16:16:09.640 [FXGL Background Thread 1 ] DEBUG FileSystemAccess     - Reading from: D:\Leiden\Challange Week\AcademicRumble\system\fxgl.bundle
16:16:09.648 [FXGL Background Thread 1 ] DEBUG SystemBundleService  - Bundle FXGL: {}
16:16:09.648 [FXGL Background Thread 1 ] DEBUG UpdaterService       - Checking for updates
16:16:09.652 [FXGL Background Thread 4 ] DEBUG FXGLApplication      - Loading fonts
16:16:09.652 [FXGL Background Thread 4 ] DEBUG FXGLAssetLoaderServi - Loading from file system: jar:file:///C:/Users/pelle/.m2/repository/com/github/almasb/fxgl/17.1/fxgl-17.1.jar!/fxglassets/ui/fonts/VarelaRound-Regular.ttf
16:16:09.652 [FXGL Background Thread 1 ] DEBUG FXGLApplication      - Loading default localization
16:16:09.653 [FXGL Background Thread 1 ] DEBUG FXGLAssetLoaderServi - Loading from file system: jar:file:///C:/Users/pelle/.m2/repository/com/github/almasb/fxgl/17.1/fxgl-17.1.jar!/fxglassets/languages/english.lang
16:16:09.687 [FXGL Background Thread 1 ] INFO  FXGLApplication      - FXGL initialization took: 0,441 sec
16:16:09.702 [JavaFX Application Thread] DEBUG Input                - Registered new binding: Move Left - A
16:16:09.702 [JavaFX Application Thread] DEBUG Input                - Registered new binding: Move Right - D
16:16:09.703 [JavaFX Application Thread] DEBUG Input                - Registered new binding: Move Up - W
16:16:09.703 [JavaFX Application Thread] DEBUG Input                - Registered new binding: Move Down - S
16:16:09.704 [JavaFX Application Thread] DEBUG FXGLAssetLoaderServi - Loading from file system: jar:file:///C:/Users/pelle/.m2/repository/com/github/almasb/fxgl/17.1/fxgl-17.1.jar!/fxglassets/textures/fxgl_icon.png
16:16:09.722 [JavaFX Application Thread] DEBUG FXGLAssetLoaderServi - Loading from file system: jar:file:///C:/Users/pelle/.m2/repository/com/github/almasb/fxgl/17.1/fxgl-17.1.jar!/fxglassets/textures/fxgl_default_cursor.png
16:16:09.724 [JavaFX Application Thread] DEBUG Input                - Registered new binding: Screenshot - CTRL+8
16:16:09.724 [JavaFX Application Thread] DEBUG Input                - Registered new binding: System info dump - CTRL+9
16:16:09.725 [JavaFX Application Thread] DEBUG Input                - Registered new binding: Restart - CTRL+R
16:16:09.726 [JavaFX Application Thread] DEBUG Input                - Registered new binding: Toggle Debug Camera - CTRL+7
16:16:09.732 [JavaFX Application Thread] DEBUG LoopRunner           - Starting loop
16:16:09.732 [JavaFX Application Thread] DEBUG LoopRunner           - Initializing JavaFX AnimationTimerLoop
16:16:09.733 [JavaFX Application Thread] DEBUG Input                - Clearing active input actions
16:16:09.739 [JavaFX Application Thread] DEBUG GameApplicationServi - Removing overlay from FXGLStartupScene and adding to FXGLMainMenuDummyScene
16:16:09.739 [JavaFX Application Thread] DEBUG PrimaryStageWindow   - FXGLStartupScene -> FXGLMainMenuDummyScene
16:16:09.739 [JavaFX Application Thread] DEBUG PrimaryStageWindow   - Push state: CharacterSelect
16:16:09.739 [JavaFX Application Thread] DEBUG Input                - Clearing active input actions
16:16:09.744 [JavaFX Application Thread] DEBUG GameApplicationServi - Removing overlay from FXGLMainMenuDummyScene and adding to CharacterSelect
16:16:09.745 [JavaFX Application Thread] DEBUG PrimaryStageWindow   - FXGLMainMenuDummyScene -> CharacterSelect
16:16:09.822 [FXGL Background Thread 4 ] DEBUG FXGLAssetLoaderServi - Loading from file system: jar:file:///C:/Users/pelle/.m2/repository/com/github/almasb/fxgl/17.1/fxgl-17.1.jar!/fxglassets/ui/fonts/Abel-Regular.ttf
16:16:09.839 [FXGL Background Thread 4 ] DEBUG FXGLAssetLoaderServi - Loading from file system: jar:file:///C:/Users/pelle/.m2/repository/com/github/almasb/fxgl/17.1/fxgl-17.1.jar!/fxglassets/ui/fonts/TerminalLandMono-Regular.otf
16:16:09.854 [FXGL Background Thread 4 ] DEBUG FXGLAssetLoaderServi - Loading from file system: jar:file:///C:/Users/pelle/.m2/repository/com/github/almasb/fxgl/17.1/fxgl-17.1.jar!/fxglassets/ui/fonts/Courier-Prime.ttf
16:16:09.871 [JavaFX Application Thread] DEBUG FXGLApplication      - Registering font factories with UI factory
16:16:10.063 [FXGL Background Thread 2 ] INFO  UpdaterService       - Your current version:  17.1
16:16:10.063 [FXGL Background Thread 2 ] INFO  UpdaterService       - Latest stable version: 17.3
16:16:12.651 [FXGL Background Thread 3 ] DEBUG Engine               - Logging environment variables
16:16:12.651 [FXGL Background Thread 3 ] DEBUG Engine               - achievements: []
16:16:12.651 [FXGL Background Thread 3 ] DEBUG Engine               - actualHeight: 600.0
16:16:12.651 [FXGL Background Thread 3 ] DEBUG Engine               - actualHeightProperty: ReadOnlyDoubleProperty [value: 600.0]
16:16:12.651 [FXGL Background Thread 3 ] DEBUG Engine               - actualWidth: 640.0
16:16:12.651 [FXGL Background Thread 3 ] DEBUG Engine               - actualWidthProperty: ReadOnlyDoubleProperty [value: 640.0]
16:16:12.652 [FXGL Background Thread 3 ] DEBUG Engine               - appIcon: fxgl_icon.png
16:16:12.652 [FXGL Background Thread 3 ] DEBUG Engine               - applicationMode: DEVELOPER
16:16:12.652 [FXGL Background Thread 3 ] DEBUG Engine               - cSSList: [fxgl_dark.css]
16:16:12.652 [FXGL Background Thread 3 ] DEBUG Engine               - collisionDetectionStrategy: BRUTE_FORCE
16:16:12.652 [FXGL Background Thread 3 ] DEBUG Engine               - configClass: Optional.empty
16:16:12.652 [FXGL Background Thread 3 ] DEBUG Engine               - credits: []
16:16:12.652 [FXGL Background Thread 3 ] DEBUG Engine               - defaultCursor: CursorInfo(imageName=fxgl_default_cursor.png, hotspotX=7.0, hotspotY=6.0)
16:16:12.652 [FXGL Background Thread 3 ] DEBUG Engine               - devBBoxColorProperty: ObjectProperty [value: 0xff0000ff]
16:16:12.652 [FXGL Background Thread 3 ] DEBUG Engine               - devEnableDebugCameraProperty: BooleanProperty [value: false]
16:16:12.652 [FXGL Background Thread 3 ] DEBUG Engine               - devSensorColorProperty: ObjectProperty [value: 0xffff00ff]
16:16:12.652 [FXGL Background Thread 3 ] DEBUG Engine               - devShowBBoxProperty: BooleanProperty [value: false]
16:16:12.653 [FXGL Background Thread 3 ] DEBUG Engine               - devShowPositionProperty: BooleanProperty [value: false]
16:16:12.653 [FXGL Background Thread 3 ] DEBUG Engine               - enabledMenuItems: []
16:16:12.653 [FXGL Background Thread 3 ] DEBUG Engine               - engineServices: [class com.almasb.fxgl.app.services.FXGLAssetLoaderService, class com.almasb.fxgl.app.FXGLApplication$GameApplicationService, class com.almasb.fxgl.app.services.FXGLDialogService, class com.almasb.fxgl.app.services.IOTaskExecutorService, class com.almasb.fxgl.io.FileSystemService, class com.almasb.fxgl.localization.LocalizationService, class com.almasb.fxgl.app.services.SystemBundleService, class com.almasb.fxgl.profile.SaveLoadService, class com.almasb.fxgl.ui.FXGLUIFactoryServiceProvider, class com.almasb.fxgl.ui.FXGLDialogFactoryServiceProvider, class com.almasb.fxgl.audio.AudioPlayer, class com.almasb.fxgl.notification.impl.NotificationServiceProvider, class com.almasb.fxgl.achievement.AchievementService, class com.almasb.fxgl.cutscene.CutsceneService, class com.almasb.fxgl.minigames.MiniGameService, class com.almasb.fxgl.net.NetService, class com.almasb.fxgl.app.services.UpdaterService, class com.almasb.fxgl.dev.DevService]
16:16:12.653 [FXGL Background Thread 3 ] DEBUG Engine               - fontGame: Abel-Regular.ttf
16:16:12.653 [FXGL Background Thread 3 ] DEBUG Engine               - fontMono: TerminalLandMono-Regular.otf
16:16:12.653 [FXGL Background Thread 3 ] DEBUG Engine               - fontText: Courier-Prime.ttf
16:16:12.653 [FXGL Background Thread 3 ] DEBUG Engine               - fontUI: VarelaRound-Regular.ttf
16:16:12.653 [FXGL Background Thread 3 ] DEBUG Engine               - fullScreen: BooleanProperty [value: false]
16:16:12.653 [FXGL Background Thread 3 ] DEBUG Engine               - gameDifficulty: MEDIUM
16:16:12.653 [FXGL Background Thread 3 ] DEBUG Engine               - gameDifficultyProperty: ObjectProperty [value: MEDIUM]
16:16:12.653 [FXGL Background Thread 3 ] DEBUG Engine               - globalMusicVolume: 0.5
16:16:12.653 [FXGL Background Thread 3 ] DEBUG Engine               - globalMusicVolumeProperty: DoubleProperty [value: 0.5]
16:16:12.653 [FXGL Background Thread 3 ] DEBUG Engine               - globalSoundVolume: 0.5
16:16:12.653 [FXGL Background Thread 3 ] DEBUG Engine               - globalSoundVolumeProperty: DoubleProperty [value: 0.5]
16:16:12.653 [FXGL Background Thread 3 ] DEBUG Engine               - height: 600
16:16:12.653 [FXGL Background Thread 3 ] DEBUG Engine               - is3D: false
16:16:12.653 [FXGL Background Thread 3 ] DEBUG Engine               - isAndroid: false
16:16:12.653 [FXGL Background Thread 3 ] DEBUG Engine               - isBrowser: false
16:16:12.654 [FXGL Background Thread 3 ] DEBUG Engine               - isClickFeedbackEnabled: false
16:16:12.654 [FXGL Background Thread 3 ] DEBUG Engine               - isCloseConfirmation: false
16:16:12.654 [FXGL Background Thread 3 ] DEBUG Engine               - isDesktop: true
16:16:12.654 [FXGL Background Thread 3 ] DEBUG Engine               - isDeveloperMenuEnabled: false
16:16:12.654 [FXGL Background Thread 3 ] DEBUG Engine               - isEmbedded: false
16:16:12.654 [FXGL Background Thread 3 ] DEBUG Engine               - isEntityPreloadEnabled: true
16:16:12.654 [FXGL Background Thread 3 ] DEBUG Engine               - isExperimentalTiledLargeMap: false
16:16:12.654 [FXGL Background Thread 3 ] DEBUG Engine               - isFileSystemWriteAllowed: true
16:16:12.654 [FXGL Background Thread 3 ] DEBUG Engine               - isFullScreenAllowed: false
16:16:12.654 [FXGL Background Thread 3 ] DEBUG Engine               - isFullScreenFromStart: false
16:16:12.654 [FXGL Background Thread 3 ] DEBUG Engine               - isGameMenuEnabled: true
16:16:12.654 [FXGL Background Thread 3 ] DEBUG Engine               - isIOS: false
16:16:12.654 [FXGL Background Thread 3 ] DEBUG Engine               - isIntroEnabled: false
16:16:12.654 [FXGL Background Thread 3 ] DEBUG Engine               - isLinux: false
16:16:12.654 [FXGL Background Thread 3 ] DEBUG Engine               - isMac: false
16:16:12.654 [FXGL Background Thread 3 ] DEBUG Engine               - isMainMenuEnabled: true
16:16:12.654 [FXGL Background Thread 3 ] DEBUG Engine               - isManualResizeEnabled: false
16:16:12.654 [FXGL Background Thread 3 ] DEBUG Engine               - isMobile: false
16:16:12.654 [FXGL Background Thread 3 ] DEBUG Engine               - isNative: false
16:16:12.654 [FXGL Background Thread 3 ] DEBUG Engine               - isPauseMusicWhenMinimized: true
16:16:12.654 [FXGL Background Thread 3 ] DEBUG Engine               - isPreserveResizeRatio: false
16:16:12.655 [FXGL Background Thread 3 ] DEBUG Engine               - isProfilingEnabled: false
16:16:12.655 [FXGL Background Thread 3 ] DEBUG Engine               - isScaleAffectedOnResize: true
16:16:12.655 [FXGL Background Thread 3 ] DEBUG Engine               - isSingleStep: false
16:16:12.655 [FXGL Background Thread 3 ] DEBUG Engine               - isUserProfileEnabled: false
16:16:12.655 [FXGL Background Thread 3 ] DEBUG Engine               - isWindows: true
16:16:12.655 [FXGL Background Thread 3 ] DEBUG Engine               - language: ObjectProperty [value: ENGLISH]
16:16:12.655 [FXGL Background Thread 3 ] DEBUG Engine               - menuKey: ESCAPE
16:16:12.655 [FXGL Background Thread 3 ] DEBUG Engine               - mouseSensitivity: 0.2
16:16:12.655 [FXGL Background Thread 3 ] DEBUG Engine               - notificationViewClass: class com.almasb.fxgl.notification.view.XboxNotificationView
16:16:12.655 [FXGL Background Thread 3 ] DEBUG Engine               - pixelsPerMeter: 50.0
16:16:12.655 [FXGL Background Thread 3 ] DEBUG Engine               - platform: WINDOWS
16:16:12.655 [FXGL Background Thread 3 ] DEBUG Engine               - prefHeightProperty: ReadOnlyDoubleProperty [value: 600.0]
16:16:12.655 [FXGL Background Thread 3 ] DEBUG Engine               - prefWidthProperty: ReadOnlyDoubleProperty [value: 640.0]
16:16:12.655 [FXGL Background Thread 3 ] DEBUG Engine               - profileDir: profiles/
16:16:12.655 [FXGL Background Thread 3 ] DEBUG Engine               - profileName: StringProperty [value: DEFAULT]
16:16:12.655 [FXGL Background Thread 3 ] DEBUG Engine               - randomSeed: -1
16:16:12.655 [FXGL Background Thread 3 ] DEBUG Engine               - runtimeInfo: RuntimeInfo(platform=WINDOWS, version=17.1, build=24.03.2022 17.34)
16:16:12.655 [FXGL Background Thread 3 ] DEBUG Engine               - saveFileExt: sav
16:16:12.656 [FXGL Background Thread 3 ] DEBUG Engine               - scaledHeightProp$fxgl: DoubleProperty [bound, value: 600.0]
16:16:12.656 [FXGL Background Thread 3 ] DEBUG Engine               - scaledWidthProp$fxgl: DoubleProperty [bound, value: 640.0]
16:16:12.656 [FXGL Background Thread 3 ] DEBUG Engine               - sceneFactory: com.example.academicrumble.MySceneFactory@523da84
16:16:12.656 [FXGL Background Thread 3 ] DEBUG Engine               - secondsIn24h: 60
16:16:12.656 [FXGL Background Thread 3 ] DEBUG Engine               - soundMenuBack: menu/back.wav
16:16:12.656 [FXGL Background Thread 3 ] DEBUG Engine               - soundMenuPress: menu/press.wav
16:16:12.656 [FXGL Background Thread 3 ] DEBUG Engine               - soundMenuSelect: menu/select.wav
16:16:12.656 [FXGL Background Thread 3 ] DEBUG Engine               - soundNotification: core/notification.wav
16:16:12.656 [FXGL Background Thread 3 ] DEBUG Engine               - stageStyle: DECORATED
16:16:12.656 [FXGL Background Thread 3 ] DEBUG Engine               - supportedLanguages: [ENGLISH, FRENCH, GERMAN, HUNGARIAN, RUSSIAN]
16:16:12.656 [FXGL Background Thread 3 ] DEBUG Engine               - ticksPerSecond: -1
16:16:12.656 [FXGL Background Thread 3 ] DEBUG Engine               - title: Academic Rumble
16:16:12.656 [FXGL Background Thread 3 ] DEBUG Engine               - urlGithub: https://github.com/AlmasB/FXGL
16:16:12.656 [FXGL Background Thread 3 ] DEBUG Engine               - urlLeaderboard: http://fxgl-top.herokuapp.com/
16:16:12.656 [FXGL Background Thread 3 ] DEBUG Engine               - urlPOM: https://raw.githubusercontent.com/AlmasB/FXGL/release/README.md
16:16:12.656 [FXGL Background Thread 3 ] DEBUG Engine               - userAppClass: class com.example.academicrumble.Game
16:16:12.656 [FXGL Background Thread 3 ] DEBUG Engine               - version: 1.0
16:16:12.656 [FXGL Background Thread 3 ] DEBUG Engine               - versionCheckDays: 7
16:16:12.656 [FXGL Background Thread 3 ] DEBUG Engine               - width: 640
16:16:12.656 [FXGL Background Thread 3 ] DEBUG Engine               - Logging services
16:16:12.656 [FXGL Background Thread 3 ] DEBUG Engine               - class com.almasb.fxgl.app.services.FXGLAssetLoaderService
16:16:12.656 [FXGL Background Thread 3 ] DEBUG Engine               - class com.almasb.fxgl.app.FXGLApplication$GameApplicationService
16:16:12.657 [FXGL Background Thread 3 ] DEBUG Engine               - class com.almasb.fxgl.app.services.FXGLDialogService
16:16:12.657 [FXGL Background Thread 3 ] DEBUG Engine               - class com.almasb.fxgl.app.services.IOTaskExecutorService
16:16:12.657 [FXGL Background Thread 3 ] DEBUG Engine               - class com.almasb.fxgl.io.FileSystemService
16:16:12.657 [FXGL Background Thread 3 ] DEBUG Engine               - class com.almasb.fxgl.localization.LocalizationService
16:16:12.657 [FXGL Background Thread 3 ] DEBUG Engine               - class com.almasb.fxgl.app.services.SystemBundleService
16:16:12.657 [FXGL Background Thread 3 ] DEBUG Engine               - class com.almasb.fxgl.profile.SaveLoadService
16:16:12.657 [FXGL Background Thread 3 ] DEBUG Engine               - class com.almasb.fxgl.ui.FXGLUIFactoryServiceProvider
16:16:12.657 [FXGL Background Thread 3 ] DEBUG Engine               - class com.almasb.fxgl.ui.FXGLDialogFactoryServiceProvider
16:16:12.657 [FXGL Background Thread 3 ] DEBUG Engine               - class com.almasb.fxgl.audio.AudioPlayer
16:16:12.657 [FXGL Background Thread 3 ] DEBUG Engine               - class com.almasb.fxgl.notification.impl.NotificationServiceProvider
16:16:12.657 [FXGL Background Thread 3 ] DEBUG Engine               - class com.almasb.fxgl.achievement.AchievementService
16:16:12.657 [FXGL Background Thread 3 ] DEBUG Engine               - class com.almasb.fxgl.cutscene.CutsceneService
16:16:12.657 [FXGL Background Thread 3 ] DEBUG Engine               - class com.almasb.fxgl.minigames.MiniGameService
16:16:12.657 [FXGL Background Thread 3 ] DEBUG Engine               - class com.almasb.fxgl.net.NetService
16:16:12.657 [FXGL Background Thread 3 ] DEBUG Engine               - class com.almasb.fxgl.app.services.UpdaterService
16:16:12.657 [FXGL Background Thread 3 ] DEBUG Engine               - class com.almasb.fxgl.dev.DevService
16:16:14.735 [JavaFX Application Thread] DEBUG FXGLApplication      - Exiting FXGL
16:16:14.735 [JavaFX Application Thread] DEBUG LoopRunner           - Stopping loop
16:16:14.735 [JavaFX Application Thread] DEBUG SystemBundleService  - Saving FXGL system data
16:16:14.737 [JavaFX Application Thread] DEBUG FileSystemAccess     - Writing to: D:\Leiden\Challange Week\AcademicRumble\system\fxgl.bundle
16:16:14.738 [JavaFX Application Thread] DEBUG Async                - Shutting down background threads
16:16:14.739 [JavaFX Application Thread] DEBUG PrimaryStageWindow   - Closing main window
16:16:14.750 [JavaFX Application Thread] DEBUG Logger               - Closing Logger
