11:57:39.091 [main                     ] DEBUG Logger               - Configured Logger
11:57:39.134 [main                     ] DEBUG GameApplication      - Logging settings
Title: Academic Rumble
Version: 1.0
Width: 1280
Height: 640
Fullscreen: false
Intro: false
Profiling: false
Single step:false
App Mode: DEVELOPER
Menu Key: ESCAPE
Stage Style: DECORATED
Scene Factory: class com.almasb.fxgl.app.scene.SceneFactory

11:57:39.622 [JavaFX Application Thread] DEBUG FXGLApplication      - Initializing FXGL
11:57:39.634 [JavaFX Application Thread] INFO  Engine               - FXGL-17.1 (24.03.2022 17.34) on WINDOWS (J:18.0.2.1 FX:18.0.1)
11:57:39.635 [JavaFX Application Thread] DEBUG Engine               - JRE Vendor Name: Oracle Corporation
11:57:39.635 [JavaFX Application Thread] DEBUG Engine               - Running on OS: Windows 11 version 10.0
11:57:39.635 [JavaFX Application Thread] DEBUG Engine               - Architecture: amd64
11:57:39.636 [JavaFX Application Thread] INFO  Engine               - Source code and latest versions at: https://github.com/AlmasB/FXGL
11:57:39.636 [JavaFX Application Thread] INFO  Engine               -       Ask questions and discuss at: https://github.com/AlmasB/FXGL/discussions
11:57:39.636 [JavaFX Application Thread] INFO  Engine               -              Join the FXGL chat at: https://gitter.im/AlmasB/FXGL
11:57:39.764 [JavaFX Application Thread] DEBUG PrimaryStageWindow   - Creating a JavaFX scene
11:57:39.823 [JavaFX Application Thread] DEBUG PrimaryStageWindow   - Target settings size: 1280.0 x 640.0
11:57:39.823 [JavaFX Application Thread] DEBUG PrimaryStageWindow   - Scaled scene size:    1280.0 x 640.0
11:57:39.824 [JavaFX Application Thread] DEBUG PrimaryStageWindow   - Scaled ratio: (1.0, 1.0)
11:57:39.825 [JavaFX Application Thread] DEBUG PrimaryStageWindow   - Set initial scene to FXGLStartupScene
11:57:39.836 [JavaFX Application Thread] DEBUG PrimaryStageWindow   - Opening main window
11:57:39.954 [JavaFX Application Thread] DEBUG PrimaryStageWindow   - Window border size: (14.4000244140625, 37.5999755859375)
11:57:39.956 [JavaFX Application Thread] DEBUG PrimaryStageWindow   - Scaled size: 1280.0 x 640.0
11:57:39.956 [JavaFX Application Thread] DEBUG PrimaryStageWindow   - Scaled ratio: (1.0, 1.0)
11:57:39.957 [JavaFX Application Thread] DEBUG PrimaryStageWindow   - Scene size: 1280.0 x 640.0
11:57:39.957 [JavaFX Application Thread] DEBUG PrimaryStageWindow   - Stage size: 1294.4000244140625 x 677.5999755859375
11:57:39.968 [FXGL Background Thread 1 ] DEBUG Engine               - Initializing environment variables
11:57:40.059 [FXGL Background Thread 1 ] DEBUG FXGLAssetLoaderServi - User app class for loading assets: class com.example.academicrumble.Game
11:57:40.060 [FXGL Background Thread 1 ] DEBUG GameApplicationServi - Applying CSS: fxgl_dark.css
11:57:40.061 [FXGL Background Thread 1 ] DEBUG FXGLAssetLoaderServi - Loading from file system: jar:file:///C:/Users/jessy/.m2/repository/com/github/almasb/fxgl/17.1/fxgl-17.1.jar!/fxglassets/ui/css/fxgl_dark.css
11:57:40.132 [FXGL Background Thread 1 ] DEBUG GameApplicationServi - Initializing application scenes
11:57:40.197 [FXGL Background Thread 1 ] DEBUG GameWorld            - Game world initialized
11:57:40.275 [FXGL Background Thread 1 ] DEBUG PhysicsWorld         - Physics world initialized: appHeight=640, physics.ppm=50.0
11:57:40.277 [FXGL Background Thread 1 ] DEBUG PhysicsWorld         - Using strategy: BRUTE_FORCE
11:57:40.282 [FXGL Background Thread 1 ] DEBUG GameScene            - Game scene initialized: 1280x640
11:57:40.299 [FXGL Background Thread 1 ] DEBUG FXGL.DefaultMenu     - createMenuBodyGameMenu()
11:57:40.318 [FXGL Background Thread 1 ] DEBUG FXGL.DefaultMenu     - createOptionsMenu()
11:57:40.334 [FXGL Background Thread 1 ] DEBUG FXGLAssetLoaderServi - Loading from file system: jar:file:///C:/Users/jessy/.m2/repository/com/github/almasb/fxgl/17.1/fxgl-17.1.jar!/fxglassets/textures/particles/smoke.png
11:57:40.455 [FXGL Background Thread 1 ] DEBUG FXGLAssetLoaderServi - Loading from file system: jar:file:///C:/Users/jessy/.m2/repository/com/github/almasb/fxgl/17.1/fxgl-17.1.jar!/fxglassets/textures/particles/trace_horizontal.png
11:57:40.499 [FXGL Background Thread 1 ] DEBUG GameApplicationServi - Application scenes initialized
11:57:40.518 [FXGL Background Thread 1 ] DEBUG SystemBundleService  - Loading FXGL system data
11:57:40.526 [FXGL Background Thread 1 ] DEBUG FileSystemAccess     - Reading from: C:\Users\jessy\OneDrive\School\Informatica\Leerjaar 1\Periode 3\IPOSE\code\AcademicRumble\system\fxgl.bundle
11:57:40.543 [FXGL Background Thread 1 ] DEBUG SystemBundleService  - Bundle FXGL: {}
11:57:40.543 [FXGL Background Thread 1 ] DEBUG UpdaterService       - Checking for updates
11:57:40.553 [FXGL Background Thread 4 ] DEBUG FXGLApplication      - Loading fonts
11:57:40.554 [FXGL Background Thread 4 ] DEBUG FXGLAssetLoaderServi - Loading from file system: jar:file:///C:/Users/jessy/.m2/repository/com/github/almasb/fxgl/17.1/fxgl-17.1.jar!/fxglassets/ui/fonts/VarelaRound-Regular.ttf
11:57:40.554 [FXGL Background Thread 1 ] DEBUG FXGLApplication      - Loading default localization
11:57:40.556 [FXGL Background Thread 1 ] DEBUG FXGLAssetLoaderServi - Loading from file system: jar:file:///C:/Users/jessy/.m2/repository/com/github/almasb/fxgl/17.1/fxgl-17.1.jar!/fxglassets/languages/english.lang
11:57:40.587 [FXGL Background Thread 1 ] INFO  FXGLApplication      - FXGL initialization took: 0.619 sec
11:57:40.608 [JavaFX Application Thread] DEBUG Input                - Registered new binding: Player Move Right - D
11:57:40.608 [JavaFX Application Thread] DEBUG Input                - Registered new binding: Player Move Left - A
11:57:40.608 [JavaFX Application Thread] DEBUG Input                - Registered new binding: Player Attack - Tab
11:57:40.609 [JavaFX Application Thread] DEBUG Input                - Registered new binding: Player Up Down - Space
11:57:40.613 [JavaFX Application Thread] DEBUG Input                - Registered new binding: Enemy Move Right - Right
11:57:40.614 [JavaFX Application Thread] DEBUG Input                - Registered new binding: Enemy Move Left - Left
11:57:40.614 [JavaFX Application Thread] DEBUG Input                - Registered new binding: Enemy Attack - Slash
11:57:40.615 [JavaFX Application Thread] DEBUG Input                - Registered new binding: Enemy Up Down - Up
11:57:40.615 [JavaFX Application Thread] DEBUG FXGLAssetLoaderServi - Loading from file system: jar:file:///C:/Users/jessy/.m2/repository/com/github/almasb/fxgl/17.1/fxgl-17.1.jar!/fxglassets/textures/fxgl_icon.png
11:57:40.650 [JavaFX Application Thread] DEBUG FXGLAssetLoaderServi - Loading from file system: jar:file:///C:/Users/jessy/.m2/repository/com/github/almasb/fxgl/17.1/fxgl-17.1.jar!/fxglassets/textures/fxgl_default_cursor.png
11:57:40.654 [JavaFX Application Thread] DEBUG Input                - Registered new binding: Screenshot - CTRL+8
11:57:40.654 [FXGL Background Thread 4 ] DEBUG FXGLAssetLoaderServi - Loading from file system: jar:file:///C:/Users/jessy/.m2/repository/com/github/almasb/fxgl/17.1/fxgl-17.1.jar!/fxglassets/ui/fonts/Abel-Regular.ttf
11:57:40.655 [JavaFX Application Thread] DEBUG Input                - Registered new binding: System info dump - CTRL+9
11:57:40.656 [JavaFX Application Thread] DEBUG Input                - Registered new binding: Restart - CTRL+R
11:57:40.657 [JavaFX Application Thread] DEBUG Input                - Registered new binding: Toggle Debug Camera - CTRL+7
11:57:40.661 [FXGL Background Thread 4 ] DEBUG FXGLAssetLoaderServi - Loading from file system: jar:file:///C:/Users/jessy/.m2/repository/com/github/almasb/fxgl/17.1/fxgl-17.1.jar!/fxglassets/ui/fonts/TerminalLandMono-Regular.otf
11:57:40.662 [JavaFX Application Thread] DEBUG LoopRunner           - Starting loop
11:57:40.662 [JavaFX Application Thread] DEBUG LoopRunner           - Initializing JavaFX AnimationTimerLoop
11:57:40.663 [JavaFX Application Thread] DEBUG GameApplicationServi - Starting new game
11:57:40.664 [JavaFX Application Thread] DEBUG Input                - Clearing active input actions
11:57:40.667 [FXGL Background Thread 4 ] DEBUG FXGLAssetLoaderServi - Loading from file system: jar:file:///C:/Users/jessy/.m2/repository/com/github/almasb/fxgl/17.1/fxgl-17.1.jar!/fxglassets/ui/fonts/Courier-Prime.ttf
11:57:40.686 [JavaFX Application Thread] DEBUG GameApplicationServi - Removing overlay from FXGLStartupScene and adding to FXGLLoadingScene
11:57:40.686 [JavaFX Application Thread] DEBUG PrimaryStageWindow   - FXGLStartupScene -> FXGLLoadingScene
11:57:40.686 [JavaFX Application Thread] DEBUG GameApplicationServi - Clearing previous game
11:57:40.686 [JavaFX Application Thread] DEBUG GameScene            - Clearing game scene
11:57:40.687 [JavaFX Application Thread] DEBUG GameWorld            - Clearing game world
11:57:40.687 [JavaFX Application Thread] DEBUG PhysicsWorld         - Clearing physics world
11:57:40.689 [FXGL Background Thread 4 ] DEBUG FXGLApplication      - Initializing game
11:57:40.758 [JavaFX Application Thread] DEBUG FXGLApplication      - Registering font factories with UI factory
11:57:40.764 [FXGL Background Thread 4 ] WARN  TMXLevelLoader       - TiledMap generated from 1.2.3. Supported version: 1.4.2. Some features may not be parsed fully.
11:57:40.788 [FXGL Background Thread 4 ] DEBUG TMXLevelLoader       - Parsed TiledMap: file:/C:/Users/jessy/OneDrive/School/Informatica/Leerjaar%201/Periode%203/IPOSE/code/AcademicRumble/target/classes/assets/levels/naamloos.tmx
11:57:40.791 [FXGL Background Thread 4 ] DEBUG TMXLevelLoader       - Creating tile layer entities
11:57:40.804 [FXGL Background Thread 4 ] DEBUG TilesetLoader        - Loading view for layer Tilelaag 1
11:57:40.807 [FXGL Background Thread 4 ] DEBUG TilesetLoader        - Created buffer with size 1280.0x640.0
11:57:40.823 [FXGL Background Thread 4 ] DEBUG TMXLevelLoader       - Creating object layer entities
11:57:40.844 [FXGL Background Thread 4 ] DEBUG GameWorld            - Clearing removable entities
11:57:40.844 [FXGL Background Thread 4 ] DEBUG GameWorld            - Setting level: com.almasb.fxgl.entity.level.Level@41580257
11:57:40.855 [FXGL Background Thread 4 ] DEBUG FXGLAssetLoaderServi - Loading from file system: file:/C:/Users/jessy/OneDrive/School/Informatica/Leerjaar%201/Periode%203/IPOSE/code/AcademicRumble/target/classes/assets/textures/player/Idle.png
11:57:40.872 [FXGL Background Thread 4 ] DEBUG FXGLAssetLoaderServi - Loading from file system: file:/C:/Users/jessy/OneDrive/School/Informatica/Leerjaar%201/Periode%203/IPOSE/code/AcademicRumble/target/classes/assets/textures/player/Run.png
11:57:40.884 [FXGL Background Thread 4 ] DEBUG FXGLAssetLoaderServi - Loading from file system: file:/C:/Users/jessy/OneDrive/School/Informatica/Leerjaar%201/Periode%203/IPOSE/code/AcademicRumble/target/classes/assets/textures/player/Jump.png
11:57:40.888 [FXGL Background Thread 4 ] DEBUG FXGLAssetLoaderServi - Loading from file system: file:/C:/Users/jessy/OneDrive/School/Informatica/Leerjaar%201/Periode%203/IPOSE/code/AcademicRumble/target/classes/assets/textures/player/attack1.png
11:57:40.904 [FXGL Background Thread 4 ] DEBUG FXGLAssetLoaderServi - Loading from file system: file:/C:/Users/jessy/OneDrive/School/Informatica/Leerjaar%201/Periode%203/IPOSE/code/AcademicRumble/target/classes/assets/textures/
11:57:40.946 [FXGL Background Thread 4 ] WARN  FXGLAssetLoaderServi - Failed to load file:/C:/Users/jessy/OneDrive/School/Informatica/Leerjaar%201/Periode%203/IPOSE/code/AcademicRumble/target/classes/assets/textures/
com.sun.javafx.iio.ImageStorageException: No loader for image data
	at javafx.graphics@18.0.1/com.sun.javafx.iio.ImageStorage.loadAll(ImageStorage.java:274)
	at javafx.graphics@18.0.1/com.sun.javafx.tk.quantum.PrismImageLoader2.loadAll(PrismImageLoader2.java:142)
	at javafx.graphics@18.0.1/com.sun.javafx.tk.quantum.PrismImageLoader2.<init>(PrismImageLoader2.java:77)
	at javafx.graphics@18.0.1/com.sun.javafx.tk.quantum.QuantumToolkit.loadImage(QuantumToolkit.java:790)
	at javafx.graphics@18.0.1/javafx.scene.image.Image.loadImage(Image.java:1081)
	at javafx.graphics@18.0.1/javafx.scene.image.Image.initialize(Image.java:816)
	at javafx.graphics@18.0.1/javafx.scene.image.Image.<init>(Image.java:706)
	at com.almasb.fxgl.all@17.1/com.almasb.fxgl.app.services.ImageAssetLoader.load(FXGLAssetLoaderService.kt:641)
	at com.almasb.fxgl.all@17.1/com.almasb.fxgl.app.services.ImageAssetLoader.load(FXGLAssetLoaderService.kt:636)
	at com.almasb.fxgl.all@17.1/com.almasb.fxgl.app.services.AssetLoader.load(FXGLAssetLoaderService.kt:625)
	at com.almasb.fxgl.all@17.1/com.almasb.fxgl.app.services.FXGLAssetLoaderService.load(FXGLAssetLoaderService.kt:530)
	at com.almasb.fxgl.all@17.1/com.almasb.fxgl.app.services.FXGLAssetLoaderService.load(FXGLAssetLoaderService.kt:507)
	at com.almasb.fxgl.all@17.1/com.almasb.fxgl.app.services.FXGLAssetLoaderService.load(FXGLAssetLoaderService.kt:496)
	at com.almasb.fxgl.all@17.1/com.almasb.fxgl.app.services.FXGLAssetLoaderService.loadImage(FXGLAssetLoaderService.kt:166)
	at com.almasb.fxgl.all@17.1/com.almasb.fxgl.app.services.FXGLAssetLoaderService.loadTexture(FXGLAssetLoaderService.kt:125)
	at com.almasb.fxgl.all@17.1/com.almasb.fxgl.dsl.FXGL$Companion.texture(FXGL.kt:401)
	at com.almasb.fxgl.all@17.1/com.almasb.fxgl.dsl.EntityBuilder.view(EntityBuilder.kt:164)
	at com.example.academicrumble/com.example.academicrumble.Sprite.<init>(Sprite.java:30)
	at com.example.academicrumble/com.example.academicrumble.Fighter.<init>(Fighter.java:24)
	at com.example.academicrumble/com.example.academicrumble.AcademicRumbleFactory.spawnPlayer(AcademicRumbleFactory.java:38)
	at java.base/jdk.internal.reflect.DirectMethodHandleAccessor.invoke(DirectMethodHandleAccessor.java:104)
	at java.base/java.lang.reflect.Method.invoke(Method.java:577)
	at com.almasb.fxgl.core@17.1/com.almasb.fxgl.core.reflect.ReflectionUtils.call(ReflectionUtils.java:104)
	at com.almasb.fxgl.core@17.1/com.almasb.fxgl.core.reflect.ReflectionUtils.lambda$mapToFunction$3(ReflectionUtils.java:111)
	at com.almasb.fxgl.entity@17.1/com.almasb.fxgl.entity.GameWorld$create$2.invoke(GameWorld.kt:430)
	at com.almasb.fxgl.entity@17.1/com.almasb.fxgl.entity.GameWorld$create$2.invoke(GameWorld.kt:430)
	at com.almasb.fxgl.core@17.1/com.almasb.fxgl.core.util.DSLKt.tryCatchRoot(DSL.kt:34)
	at com.almasb.fxgl.entity@17.1/com.almasb.fxgl.entity.GameWorld.create(GameWorld.kt:430)
	at com.almasb.fxgl.entity@17.1/com.almasb.fxgl.entity.GameWorld.spawn(GameWorld.kt:396)
	at com.almasb.fxgl.all@17.1/com.almasb.fxgl.dsl.FXGL$Companion.spawn(FXGL.kt:565)
	at com.almasb.fxgl.all@17.1/com.almasb.fxgl.dsl.FXGL.spawn(FXGL.kt)
	at com.example.academicrumble/com.example.academicrumble.GameWorldController.spawn(GameWorldController.java:43)
	at com.example.academicrumble/com.example.academicrumble.Game.initGame(Game.java:64)
	at com.almasb.fxgl.all@17.1/com.almasb.fxgl.app.FXGLApplication$InitAppTask.initGame(FXGLApplication.kt:339)
	at com.almasb.fxgl.all@17.1/com.almasb.fxgl.app.FXGLApplication$InitAppTask.call(FXGLApplication.kt:319)
	at com.almasb.fxgl.all@17.1/com.almasb.fxgl.app.FXGLApplication$InitAppTask.call(FXGLApplication.kt:311)
	at javafx.graphics@18.0.1/javafx.concurrent.Task$TaskCallable.call(Task.java:1426)
	at java.base/java.util.concurrent.FutureTask.run(FutureTask.java:264)
	at java.base/java.util.concurrent.Executors$RunnableAdapter.call(Executors.java:539)
	at java.base/java.util.concurrent.FutureTask.run(FutureTask.java:264)
	at java.base/java.util.concurrent.ThreadPoolExecutor.runWorker(ThreadPoolExecutor.java:1136)
	at java.base/java.util.concurrent.ThreadPoolExecutor$Worker.run(ThreadPoolExecutor.java:635)
	at java.base/java.lang.Thread.run(Thread.java:833)

11:57:40.981 [FXGL Background Thread 4 ] DEBUG FXGLAssetLoaderServi - Loading from file system: file:/C:/Users/jessy/OneDrive/School/Informatica/Leerjaar%201/Periode%203/IPOSE/code/AcademicRumble/target/classes/assets/textures/
11:57:40.983 [FXGL Background Thread 4 ] WARN  FXGLAssetLoaderServi - Failed to load file:/C:/Users/jessy/OneDrive/School/Informatica/Leerjaar%201/Periode%203/IPOSE/code/AcademicRumble/target/classes/assets/textures/
com.sun.javafx.iio.ImageStorageException: No loader for image data
	at javafx.graphics@18.0.1/com.sun.javafx.iio.ImageStorage.loadAll(ImageStorage.java:274)
	at javafx.graphics@18.0.1/com.sun.javafx.tk.quantum.PrismImageLoader2.loadAll(PrismImageLoader2.java:142)
	at javafx.graphics@18.0.1/com.sun.javafx.tk.quantum.PrismImageLoader2.<init>(PrismImageLoader2.java:77)
	at javafx.graphics@18.0.1/com.sun.javafx.tk.quantum.QuantumToolkit.loadImage(QuantumToolkit.java:790)
	at javafx.graphics@18.0.1/javafx.scene.image.Image.loadImage(Image.java:1081)
	at javafx.graphics@18.0.1/javafx.scene.image.Image.initialize(Image.java:816)
	at javafx.graphics@18.0.1/javafx.scene.image.Image.<init>(Image.java:706)
	at com.almasb.fxgl.all@17.1/com.almasb.fxgl.app.services.ImageAssetLoader.load(FXGLAssetLoaderService.kt:641)
	at com.almasb.fxgl.all@17.1/com.almasb.fxgl.app.services.ImageAssetLoader.load(FXGLAssetLoaderService.kt:636)
	at com.almasb.fxgl.all@17.1/com.almasb.fxgl.app.services.AssetLoader.load(FXGLAssetLoaderService.kt:625)
	at com.almasb.fxgl.all@17.1/com.almasb.fxgl.app.services.FXGLAssetLoaderService.load(FXGLAssetLoaderService.kt:530)
	at com.almasb.fxgl.all@17.1/com.almasb.fxgl.app.services.FXGLAssetLoaderService.load(FXGLAssetLoaderService.kt:507)
	at com.almasb.fxgl.all@17.1/com.almasb.fxgl.app.services.FXGLAssetLoaderService.load(FXGLAssetLoaderService.kt:496)
	at com.almasb.fxgl.all@17.1/com.almasb.fxgl.app.services.FXGLAssetLoaderService.loadImage(FXGLAssetLoaderService.kt:166)
	at com.almasb.fxgl.all@17.1/com.almasb.fxgl.app.services.FXGLAssetLoaderService.loadTexture(FXGLAssetLoaderService.kt:125)
	at com.almasb.fxgl.all@17.1/com.almasb.fxgl.dsl.FXGL$Companion.texture(FXGL.kt:401)
	at com.almasb.fxgl.all@17.1/com.almasb.fxgl.dsl.EntityBuilder.view(EntityBuilder.kt:164)
	at com.example.academicrumble/com.example.academicrumble.Sprite.<init>(Sprite.java:30)
	at com.example.academicrumble/com.example.academicrumble.Fighter.<init>(Fighter.java:24)
	at com.example.academicrumble/com.example.academicrumble.AcademicRumbleFactory.spawnEnemy(AcademicRumbleFactory.java:49)
	at java.base/jdk.internal.reflect.DirectMethodHandleAccessor.invoke(DirectMethodHandleAccessor.java:104)
	at java.base/java.lang.reflect.Method.invoke(Method.java:577)
	at com.almasb.fxgl.core@17.1/com.almasb.fxgl.core.reflect.ReflectionUtils.call(ReflectionUtils.java:104)
	at com.almasb.fxgl.core@17.1/com.almasb.fxgl.core.reflect.ReflectionUtils.lambda$mapToFunction$3(ReflectionUtils.java:111)
	at com.almasb.fxgl.entity@17.1/com.almasb.fxgl.entity.GameWorld$create$2.invoke(GameWorld.kt:430)
	at com.almasb.fxgl.entity@17.1/com.almasb.fxgl.entity.GameWorld$create$2.invoke(GameWorld.kt:430)
	at com.almasb.fxgl.core@17.1/com.almasb.fxgl.core.util.DSLKt.tryCatchRoot(DSL.kt:34)
	at com.almasb.fxgl.entity@17.1/com.almasb.fxgl.entity.GameWorld.create(GameWorld.kt:430)
	at com.almasb.fxgl.entity@17.1/com.almasb.fxgl.entity.GameWorld.spawn(GameWorld.kt:396)
	at com.almasb.fxgl.all@17.1/com.almasb.fxgl.dsl.FXGL$Companion.spawn(FXGL.kt:565)
	at com.almasb.fxgl.all@17.1/com.almasb.fxgl.dsl.FXGL.spawn(FXGL.kt)
	at com.example.academicrumble/com.example.academicrumble.GameWorldController.spawn(GameWorldController.java:43)
	at com.example.academicrumble/com.example.academicrumble.Game.initGame(Game.java:65)
	at com.almasb.fxgl.all@17.1/com.almasb.fxgl.app.FXGLApplication$InitAppTask.initGame(FXGLApplication.kt:339)
	at com.almasb.fxgl.all@17.1/com.almasb.fxgl.app.FXGLApplication$InitAppTask.call(FXGLApplication.kt:319)
	at com.almasb.fxgl.all@17.1/com.almasb.fxgl.app.FXGLApplication$InitAppTask.call(FXGLApplication.kt:311)
	at javafx.graphics@18.0.1/javafx.concurrent.Task$TaskCallable.call(Task.java:1426)
	at java.base/java.util.concurrent.FutureTask.run(FutureTask.java:264)
	at java.base/java.util.concurrent.Executors$RunnableAdapter.call(Executors.java:539)
	at java.base/java.util.concurrent.FutureTask.run(FutureTask.java:264)
	at java.base/java.util.concurrent.ThreadPoolExecutor.runWorker(ThreadPoolExecutor.java:1136)
	at java.base/java.util.concurrent.ThreadPoolExecutor$Worker.run(ThreadPoolExecutor.java:635)
	at java.base/java.lang.Thread.run(Thread.java:833)

11:57:40.993 [FXGL Background Thread 4 ] INFO  FXGLApplication      - Game initialization took: 0.304 sec
11:57:40.994 [JavaFX Application Thread] DEBUG Input                - Clearing active input actions
11:57:41.004 [JavaFX Application Thread] DEBUG GameApplicationServi - Removing overlay from FXGLLoadingScene and adding to GameScene
11:57:41.005 [JavaFX Application Thread] DEBUG PrimaryStageWindow   - FXGLLoadingScene -> GameScene
11:57:41.119 [FXGL Background Thread 2 ] INFO  UpdaterService       - Your current version:  17.1
11:57:41.120 [FXGL Background Thread 2 ] INFO  UpdaterService       - Latest stable version: 17.3
11:57:43.227 [JavaFX Application Thread] DEBUG FXGLApplication      - Exiting FXGL
11:57:43.227 [JavaFX Application Thread] DEBUG LoopRunner           - Stopping loop
11:57:43.227 [JavaFX Application Thread] DEBUG SystemBundleService  - Saving FXGL system data
11:57:43.229 [JavaFX Application Thread] DEBUG FileSystemAccess     - Writing to: C:\Users\jessy\OneDrive\School\Informatica\Leerjaar 1\Periode 3\IPOSE\code\AcademicRumble\system\fxgl.bundle
11:57:43.232 [JavaFX Application Thread] DEBUG Async                - Shutting down background threads
11:57:43.232 [JavaFX Application Thread] DEBUG PrimaryStageWindow   - Closing main window
11:57:43.244 [JavaFX Application Thread] DEBUG Logger               - Closing Logger
