11:04:19.959 [main                     ] DEBUG Logger               - Configured Logger
11:04:19.999 [main                     ] DEBUG GameApplication      - Logging settings
Title: Academic Rumble
Version: 1.0
Width: 600
Height: 600
Fullscreen: false
Intro: false
Profiling: false
Single step:false
App Mode: DEVELOPER
Menu Key: ESCAPE
Stage Style: DECORATED
Scene Factory: class com.almasb.fxgl.app.scene.SceneFactory

11:04:20.461 [JavaFX Application Thread] DEBUG FXGLApplication      - Initializing FXGL
11:04:20.470 [JavaFX Application Thread] INFO  Engine               - FXGL-17.1 (24.03.2022 17.34) on WINDOWS (J:18.0.2.1 FX:18.0.1)
11:04:20.470 [JavaFX Application Thread] DEBUG Engine               - JRE Vendor Name: Oracle Corporation
11:04:20.471 [JavaFX Application Thread] DEBUG Engine               - Running on OS: Windows 11 version 10.0
11:04:20.471 [JavaFX Application Thread] DEBUG Engine               - Architecture: amd64
11:04:20.471 [JavaFX Application Thread] INFO  Engine               - Source code and latest versions at: https://github.com/AlmasB/FXGL
11:04:20.471 [JavaFX Application Thread] INFO  Engine               -       Ask questions and discuss at: https://github.com/AlmasB/FXGL/discussions
11:04:20.471 [JavaFX Application Thread] INFO  Engine               -              Join the FXGL chat at: https://gitter.im/AlmasB/FXGL
11:04:20.588 [JavaFX Application Thread] DEBUG PrimaryStageWindow   - Creating a JavaFX scene
11:04:20.658 [JavaFX Application Thread] DEBUG PrimaryStageWindow   - Target settings size: 600.0 x 600.0
11:04:20.658 [JavaFX Application Thread] DEBUG PrimaryStageWindow   - Scaled scene size:    600.0 x 600.0
11:04:20.660 [JavaFX Application Thread] DEBUG PrimaryStageWindow   - Scaled ratio: (1.0, 1.0)
11:04:20.661 [JavaFX Application Thread] DEBUG PrimaryStageWindow   - Set initial scene to FXGLStartupScene
11:04:20.672 [JavaFX Application Thread] DEBUG PrimaryStageWindow   - Opening main window
11:04:20.795 [JavaFX Application Thread] DEBUG PrimaryStageWindow   - Window border size: (14.4000244140625, 37.5999755859375)
11:04:20.796 [JavaFX Application Thread] DEBUG PrimaryStageWindow   - Scaled size: 600.0 x 600.0
11:04:20.797 [JavaFX Application Thread] DEBUG PrimaryStageWindow   - Scaled ratio: (1.0, 1.0)
11:04:20.797 [JavaFX Application Thread] DEBUG PrimaryStageWindow   - Scene size: 600.0 x 600.0
11:04:20.798 [JavaFX Application Thread] DEBUG PrimaryStageWindow   - Stage size: 614.4000244140625 x 637.5999755859375
11:04:20.813 [FXGL Background Thread 1 ] DEBUG Engine               - Initializing environment variables
11:04:20.917 [FXGL Background Thread 1 ] DEBUG FXGLAssetLoaderServi - User app class for loading assets: class com.example.academicrumble.Game
11:04:20.918 [FXGL Background Thread 1 ] DEBUG GameApplicationServi - Applying CSS: fxgl_dark.css
11:04:20.919 [FXGL Background Thread 1 ] DEBUG FXGLAssetLoaderServi - Loading from file system: jar:file:///C:/Users/jessy/.m2/repository/com/github/almasb/fxgl/17.1/fxgl-17.1.jar!/fxglassets/ui/css/fxgl_dark.css
11:04:20.994 [FXGL Background Thread 1 ] DEBUG GameApplicationServi - Initializing application scenes
11:04:21.069 [FXGL Background Thread 1 ] DEBUG GameWorld            - Game world initialized
11:04:21.150 [FXGL Background Thread 1 ] DEBUG PhysicsWorld         - Physics world initialized: appHeight=600, physics.ppm=50.0
11:04:21.151 [FXGL Background Thread 1 ] DEBUG PhysicsWorld         - Using strategy: BRUTE_FORCE
11:04:21.157 [FXGL Background Thread 1 ] DEBUG GameScene            - Game scene initialized: 600x600
11:04:21.171 [FXGL Background Thread 1 ] WARN  FXGL.DefaultMenu     - FXGLDefaultMenu is not designed for resolutions < 800x600
11:04:21.171 [FXGL Background Thread 1 ] DEBUG FXGL.DefaultMenu     - createMenuBodyGameMenu()
11:04:21.192 [FXGL Background Thread 1 ] DEBUG FXGL.DefaultMenu     - createOptionsMenu()
11:04:21.209 [FXGL Background Thread 1 ] DEBUG FXGLAssetLoaderServi - Loading from file system: jar:file:///C:/Users/jessy/.m2/repository/com/github/almasb/fxgl/17.1/fxgl-17.1.jar!/fxglassets/textures/particles/smoke.png
11:04:21.326 [FXGL Background Thread 1 ] DEBUG FXGLAssetLoaderServi - Loading from file system: jar:file:///C:/Users/jessy/.m2/repository/com/github/almasb/fxgl/17.1/fxgl-17.1.jar!/fxglassets/textures/particles/trace_horizontal.png
11:04:21.364 [FXGL Background Thread 1 ] DEBUG GameApplicationServi - Application scenes initialized
11:04:21.385 [FXGL Background Thread 1 ] DEBUG SystemBundleService  - Loading FXGL system data
11:04:21.394 [FXGL Background Thread 1 ] DEBUG FileSystemAccess     - Reading from: C:\Users\jessy\OneDrive\School\Informatica\Leerjaar 1\Periode 3\IPOSE\code\AcademicRumble\system\fxgl.bundle
11:04:21.413 [FXGL Background Thread 1 ] DEBUG SystemBundleService  - Bundle FXGL: {}
11:04:21.414 [FXGL Background Thread 1 ] DEBUG UpdaterService       - Checking for updates
11:04:21.422 [FXGL Background Thread 4 ] DEBUG FXGLApplication      - Loading fonts
11:04:21.422 [FXGL Background Thread 1 ] DEBUG FXGLApplication      - Loading default localization
11:04:21.423 [FXGL Background Thread 4 ] DEBUG FXGLAssetLoaderServi - Loading from file system: jar:file:///C:/Users/jessy/.m2/repository/com/github/almasb/fxgl/17.1/fxgl-17.1.jar!/fxglassets/ui/fonts/VarelaRound-Regular.ttf
11:04:21.423 [FXGL Background Thread 1 ] DEBUG FXGLAssetLoaderServi - Loading from file system: jar:file:///C:/Users/jessy/.m2/repository/com/github/almasb/fxgl/17.1/fxgl-17.1.jar!/fxglassets/languages/english.lang
11:04:21.459 [FXGL Background Thread 1 ] INFO  FXGLApplication      - FXGL initialization took: 0.645 sec
11:04:21.491 [JavaFX Application Thread] DEBUG Input                - Registered new binding: Move Left - A
11:04:21.491 [JavaFX Application Thread] DEBUG Input                - Registered new binding: Move Right - D
11:04:21.492 [JavaFX Application Thread] DEBUG Input                - Registered new binding: Move Up - W
11:04:21.492 [JavaFX Application Thread] DEBUG Input                - Registered new binding: Move Down - S
11:04:21.494 [JavaFX Application Thread] DEBUG FXGLAssetLoaderServi - Loading from file system: jar:file:///C:/Users/jessy/.m2/repository/com/github/almasb/fxgl/17.1/fxgl-17.1.jar!/fxglassets/textures/fxgl_icon.png
11:04:21.523 [JavaFX Application Thread] DEBUG FXGLAssetLoaderServi - Loading from file system: jar:file:///C:/Users/jessy/.m2/repository/com/github/almasb/fxgl/17.1/fxgl-17.1.jar!/fxglassets/textures/fxgl_default_cursor.png
11:04:21.526 [JavaFX Application Thread] DEBUG Input                - Registered new binding: Screenshot - CTRL+8
11:04:21.527 [JavaFX Application Thread] DEBUG Input                - Registered new binding: System info dump - CTRL+9
11:04:21.528 [JavaFX Application Thread] DEBUG Input                - Registered new binding: Restart - CTRL+R
11:04:21.529 [JavaFX Application Thread] DEBUG Input                - Registered new binding: Toggle Debug Camera - CTRL+7
11:04:21.531 [FXGL Background Thread 4 ] DEBUG FXGLAssetLoaderServi - Loading from file system: jar:file:///C:/Users/jessy/.m2/repository/com/github/almasb/fxgl/17.1/fxgl-17.1.jar!/fxglassets/ui/fonts/Abel-Regular.ttf
11:04:21.534 [JavaFX Application Thread] DEBUG LoopRunner           - Starting loop
11:04:21.534 [JavaFX Application Thread] DEBUG LoopRunner           - Initializing JavaFX AnimationTimerLoop
11:04:21.535 [JavaFX Application Thread] DEBUG GameApplicationServi - Starting new game
11:04:21.536 [JavaFX Application Thread] DEBUG Input                - Clearing active input actions
11:04:21.536 [FXGL Background Thread 4 ] DEBUG FXGLAssetLoaderServi - Loading from file system: jar:file:///C:/Users/jessy/.m2/repository/com/github/almasb/fxgl/17.1/fxgl-17.1.jar!/fxglassets/ui/fonts/TerminalLandMono-Regular.otf
11:04:21.545 [FXGL Background Thread 4 ] DEBUG FXGLAssetLoaderServi - Loading from file system: jar:file:///C:/Users/jessy/.m2/repository/com/github/almasb/fxgl/17.1/fxgl-17.1.jar!/fxglassets/ui/fonts/Courier-Prime.ttf
11:04:21.558 [JavaFX Application Thread] DEBUG GameApplicationServi - Removing overlay from FXGLStartupScene and adding to FXGLLoadingScene
11:04:21.559 [JavaFX Application Thread] DEBUG PrimaryStageWindow   - FXGLStartupScene -> FXGLLoadingScene
11:04:21.559 [JavaFX Application Thread] DEBUG GameApplicationServi - Clearing previous game
11:04:21.559 [JavaFX Application Thread] DEBUG GameScene            - Clearing game scene
11:04:21.559 [JavaFX Application Thread] DEBUG GameWorld            - Clearing game world
11:04:21.559 [JavaFX Application Thread] DEBUG PhysicsWorld         - Clearing physics world
11:04:21.563 [FXGL Background Thread 4 ] DEBUG FXGLApplication      - Initializing game
11:04:21.587 [FXGL Background Thread 4 ] DEBUG FXGLAssetLoaderServi - Loading from file system: file:/C:/Users/jessy/OneDrive/School/Informatica/Leerjaar%201/Periode%203/IPOSE/code/AcademicRumble/target/classes/assets/textures/char.png
11:04:21.593 [FXGL Background Thread 4 ] WARN  FXGLAssetLoaderServi - Failed to load file:/C:/Users/jessy/OneDrive/School/Informatica/Leerjaar%201/Periode%203/IPOSE/code/AcademicRumble/target/classes/assets/textures/char.png
com.sun.javafx.iio.ImageStorageException: No loader for image data
	at javafx.graphics@18.0.1/com.sun.javafx.iio.ImageStorage.loadAll(ImageStorage.java:274)
	at javafx.graphics@18.0.1/com.sun.javafx.tk.quantum.PrismImageLoader2.loadAll(PrismImageLoader2.java:142)
	at javafx.graphics@18.0.1/com.sun.javafx.tk.quantum.PrismImageLoader2.<init>(PrismImageLoader2.java:77)
	at javafx.graphics@18.0.1/com.sun.javafx.tk.quantum.QuantumToolkit.loadImage(QuantumToolkit.java:790)
	at javafx.graphics@18.0.1/javafx.scene.image.Image.loadImage(Image.java:1081)
	at javafx.graphics@18.0.1/javafx.scene.image.Image.initialize(Image.java:816)
	at javafx.graphics@18.0.1/javafx.scene.image.Image.<init>(Image.java:706)
	at com.almasb.fxgl.all@17.1/com.almasb.fxgl.app.services.ImageAssetLoader.load(FXGLAssetLoaderService.kt:641)
	at com.almasb.fxgl.all@17.1/com.almasb.fxgl.app.services.ImageAssetLoader.load(FXGLAssetLoaderService.kt:636)
	at com.almasb.fxgl.all@17.1/com.almasb.fxgl.app.services.AssetLoader.load(FXGLAssetLoaderService.kt:625)
	at com.almasb.fxgl.all@17.1/com.almasb.fxgl.app.services.FXGLAssetLoaderService.load(FXGLAssetLoaderService.kt:530)
	at com.almasb.fxgl.all@17.1/com.almasb.fxgl.app.services.FXGLAssetLoaderService.load(FXGLAssetLoaderService.kt:507)
	at com.almasb.fxgl.all@17.1/com.almasb.fxgl.app.services.FXGLAssetLoaderService.load(FXGLAssetLoaderService.kt:496)
	at com.almasb.fxgl.all@17.1/com.almasb.fxgl.app.services.FXGLAssetLoaderService.loadImage(FXGLAssetLoaderService.kt:166)
	at com.almasb.fxgl.all@17.1/com.almasb.fxgl.app.services.FXGLAssetLoaderService.loadTexture(FXGLAssetLoaderService.kt:125)
	at com.almasb.fxgl.all@17.1/com.almasb.fxgl.dsl.FXGL$Companion.texture(FXGL.kt:401)
	at com.almasb.fxgl.all@17.1/com.almasb.fxgl.dsl.EntityBuilder.view(EntityBuilder.kt:164)
	at com.example.academicrumble/com.example.academicrumble.Sprite.<init>(Sprite.java:30)
	at com.example.academicrumble/com.example.academicrumble.Fighter.<init>(Fighter.java:13)
	at com.example.academicrumble/com.example.academicrumble.AcademicRumbleFactory.spawnPlayer(AcademicRumbleFactory.java:36)
	at java.base/jdk.internal.reflect.DirectMethodHandleAccessor.invoke(DirectMethodHandleAccessor.java:104)
	at java.base/java.lang.reflect.Method.invoke(Method.java:577)
	at com.almasb.fxgl.core@17.1/com.almasb.fxgl.core.reflect.ReflectionUtils.call(ReflectionUtils.java:104)
	at com.almasb.fxgl.core@17.1/com.almasb.fxgl.core.reflect.ReflectionUtils.lambda$mapToFunction$3(ReflectionUtils.java:111)
	at com.almasb.fxgl.entity@17.1/com.almasb.fxgl.entity.GameWorld$create$2.invoke(GameWorld.kt:430)
	at com.almasb.fxgl.entity@17.1/com.almasb.fxgl.entity.GameWorld$create$2.invoke(GameWorld.kt:430)
	at com.almasb.fxgl.core@17.1/com.almasb.fxgl.core.util.DSLKt.tryCatchRoot(DSL.kt:34)
	at com.almasb.fxgl.entity@17.1/com.almasb.fxgl.entity.GameWorld.create(GameWorld.kt:430)
	at com.almasb.fxgl.entity@17.1/com.almasb.fxgl.entity.GameWorld.spawn(GameWorld.kt:396)
	at com.almasb.fxgl.all@17.1/com.almasb.fxgl.dsl.FXGL$Companion.spawn(FXGL.kt:565)
	at com.almasb.fxgl.all@17.1/com.almasb.fxgl.dsl.FXGL.spawn(FXGL.kt)
	at com.example.academicrumble/com.example.academicrumble.GameWorldController.spawn(GameWorldController.java:42)
	at com.example.academicrumble/com.example.academicrumble.Game.initGame(Game.java:36)
	at com.almasb.fxgl.all@17.1/com.almasb.fxgl.app.FXGLApplication$InitAppTask.initGame(FXGLApplication.kt:339)
	at com.almasb.fxgl.all@17.1/com.almasb.fxgl.app.FXGLApplication$InitAppTask.call(FXGLApplication.kt:319)
	at com.almasb.fxgl.all@17.1/com.almasb.fxgl.app.FXGLApplication$InitAppTask.call(FXGLApplication.kt:311)
	at javafx.graphics@18.0.1/javafx.concurrent.Task$TaskCallable.call(Task.java:1426)
	at java.base/java.util.concurrent.FutureTask.run(FutureTask.java:264)
	at java.base/java.util.concurrent.Executors$RunnableAdapter.call(Executors.java:539)
	at java.base/java.util.concurrent.FutureTask.run(FutureTask.java:264)
	at java.base/java.util.concurrent.ThreadPoolExecutor.runWorker(ThreadPoolExecutor.java:1136)
	at java.base/java.util.concurrent.ThreadPoolExecutor$Worker.run(ThreadPoolExecutor.java:635)
	at java.base/java.lang.Thread.run(Thread.java:833)

11:04:21.619 [JavaFX Application Thread] DEBUG FXGLApplication      - Registering font factories with UI factory
11:04:21.703 [FXGL Background Thread 4 ] DEBUG FXGLAssetLoaderServi - Loading from file system: file:/C:/Users/jessy/OneDrive/School/Informatica/Leerjaar%201/Periode%203/IPOSE/code/AcademicRumble/target/classes/assets/textures/char.png
11:04:21.704 [FXGL Background Thread 4 ] WARN  FXGLAssetLoaderServi - Failed to load file:/C:/Users/jessy/OneDrive/School/Informatica/Leerjaar%201/Periode%203/IPOSE/code/AcademicRumble/target/classes/assets/textures/char.png
com.sun.javafx.iio.ImageStorageException: No loader for image data
	at javafx.graphics@18.0.1/com.sun.javafx.iio.ImageStorage.loadAll(ImageStorage.java:274)
	at javafx.graphics@18.0.1/com.sun.javafx.tk.quantum.PrismImageLoader2.loadAll(PrismImageLoader2.java:142)
	at javafx.graphics@18.0.1/com.sun.javafx.tk.quantum.PrismImageLoader2.<init>(PrismImageLoader2.java:77)
	at javafx.graphics@18.0.1/com.sun.javafx.tk.quantum.QuantumToolkit.loadImage(QuantumToolkit.java:790)
	at javafx.graphics@18.0.1/javafx.scene.image.Image.loadImage(Image.java:1081)
	at javafx.graphics@18.0.1/javafx.scene.image.Image.initialize(Image.java:816)
	at javafx.graphics@18.0.1/javafx.scene.image.Image.<init>(Image.java:706)
	at com.almasb.fxgl.all@17.1/com.almasb.fxgl.app.services.ImageAssetLoader.load(FXGLAssetLoaderService.kt:641)
	at com.almasb.fxgl.all@17.1/com.almasb.fxgl.app.services.ImageAssetLoader.load(FXGLAssetLoaderService.kt:636)
	at com.almasb.fxgl.all@17.1/com.almasb.fxgl.app.services.AssetLoader.load(FXGLAssetLoaderService.kt:625)
	at com.almasb.fxgl.all@17.1/com.almasb.fxgl.app.services.FXGLAssetLoaderService.load(FXGLAssetLoaderService.kt:530)
	at com.almasb.fxgl.all@17.1/com.almasb.fxgl.app.services.FXGLAssetLoaderService.load(FXGLAssetLoaderService.kt:507)
	at com.almasb.fxgl.all@17.1/com.almasb.fxgl.app.services.FXGLAssetLoaderService.load(FXGLAssetLoaderService.kt:496)
	at com.almasb.fxgl.all@17.1/com.almasb.fxgl.app.services.FXGLAssetLoaderService.loadImage(FXGLAssetLoaderService.kt:166)
	at com.almasb.fxgl.all@17.1/com.almasb.fxgl.app.services.FXGLAssetLoaderService.loadTexture(FXGLAssetLoaderService.kt:125)
	at com.almasb.fxgl.all@17.1/com.almasb.fxgl.dsl.FXGL$Companion.texture(FXGL.kt:401)
	at com.almasb.fxgl.all@17.1/com.almasb.fxgl.dsl.EntityBuilder.viewWithBBox(EntityBuilder.kt:168)
	at com.example.academicrumble/com.example.academicrumble.Fighter.<init>(Fighter.java:24)
	at com.example.academicrumble/com.example.academicrumble.AcademicRumbleFactory.spawnPlayer(AcademicRumbleFactory.java:36)
	at java.base/jdk.internal.reflect.DirectMethodHandleAccessor.invoke(DirectMethodHandleAccessor.java:104)
	at java.base/java.lang.reflect.Method.invoke(Method.java:577)
	at com.almasb.fxgl.core@17.1/com.almasb.fxgl.core.reflect.ReflectionUtils.call(ReflectionUtils.java:104)
	at com.almasb.fxgl.core@17.1/com.almasb.fxgl.core.reflect.ReflectionUtils.lambda$mapToFunction$3(ReflectionUtils.java:111)
	at com.almasb.fxgl.entity@17.1/com.almasb.fxgl.entity.GameWorld$create$2.invoke(GameWorld.kt:430)
	at com.almasb.fxgl.entity@17.1/com.almasb.fxgl.entity.GameWorld$create$2.invoke(GameWorld.kt:430)
	at com.almasb.fxgl.core@17.1/com.almasb.fxgl.core.util.DSLKt.tryCatchRoot(DSL.kt:34)
	at com.almasb.fxgl.entity@17.1/com.almasb.fxgl.entity.GameWorld.create(GameWorld.kt:430)
	at com.almasb.fxgl.entity@17.1/com.almasb.fxgl.entity.GameWorld.spawn(GameWorld.kt:396)
	at com.almasb.fxgl.all@17.1/com.almasb.fxgl.dsl.FXGL$Companion.spawn(FXGL.kt:565)
	at com.almasb.fxgl.all@17.1/com.almasb.fxgl.dsl.FXGL.spawn(FXGL.kt)
	at com.example.academicrumble/com.example.academicrumble.GameWorldController.spawn(GameWorldController.java:42)
	at com.example.academicrumble/com.example.academicrumble.Game.initGame(Game.java:36)
	at com.almasb.fxgl.all@17.1/com.almasb.fxgl.app.FXGLApplication$InitAppTask.initGame(FXGLApplication.kt:339)
	at com.almasb.fxgl.all@17.1/com.almasb.fxgl.app.FXGLApplication$InitAppTask.call(FXGLApplication.kt:319)
	at com.almasb.fxgl.all@17.1/com.almasb.fxgl.app.FXGLApplication$InitAppTask.call(FXGLApplication.kt:311)
	at javafx.graphics@18.0.1/javafx.concurrent.Task$TaskCallable.call(Task.java:1426)
	at java.base/java.util.concurrent.FutureTask.run(FutureTask.java:264)
	at java.base/java.util.concurrent.Executors$RunnableAdapter.call(Executors.java:539)
	at java.base/java.util.concurrent.FutureTask.run(FutureTask.java:264)
	at java.base/java.util.concurrent.ThreadPoolExecutor.runWorker(ThreadPoolExecutor.java:1136)
	at java.base/java.util.concurrent.ThreadPoolExecutor$Worker.run(ThreadPoolExecutor.java:635)
	at java.base/java.lang.Thread.run(Thread.java:833)

11:04:21.725 [FXGL Background Thread 4 ] INFO  FXGLApplication      - Game initialization took: 0.163 sec
11:04:21.743 [JavaFX Application Thread] DEBUG Input                - Clearing active input actions
11:04:21.752 [JavaFX Application Thread] DEBUG GameApplicationServi - Removing overlay from FXGLLoadingScene and adding to GameScene
11:04:21.752 [JavaFX Application Thread] DEBUG PrimaryStageWindow   - FXGLLoadingScene -> GameScene
11:04:21.945 [FXGL Background Thread 2 ] INFO  UpdaterService       - Your current version:  17.1
11:04:21.947 [FXGL Background Thread 2 ] INFO  UpdaterService       - Latest stable version: 17.3
11:04:24.419 [FXGL Background Thread 3 ] DEBUG Engine               - Logging environment variables
11:04:24.419 [FXGL Background Thread 3 ] DEBUG Engine               - achievements: []
11:04:24.420 [FXGL Background Thread 3 ] DEBUG Engine               - actualHeight: 600.0
11:04:24.420 [FXGL Background Thread 3 ] DEBUG Engine               - actualHeightProperty: ReadOnlyDoubleProperty [value: 600.0]
11:04:24.420 [FXGL Background Thread 3 ] DEBUG Engine               - actualWidth: 600.0
11:04:24.420 [FXGL Background Thread 3 ] DEBUG Engine               - actualWidthProperty: ReadOnlyDoubleProperty [value: 600.0]
11:04:24.420 [FXGL Background Thread 3 ] DEBUG Engine               - appIcon: fxgl_icon.png
11:04:24.420 [FXGL Background Thread 3 ] DEBUG Engine               - applicationMode: DEVELOPER
11:04:24.420 [FXGL Background Thread 3 ] DEBUG Engine               - cSSList: [fxgl_dark.css]
11:04:24.420 [FXGL Background Thread 3 ] DEBUG Engine               - collisionDetectionStrategy: BRUTE_FORCE
11:04:24.421 [FXGL Background Thread 3 ] DEBUG Engine               - configClass: Optional.empty
11:04:24.421 [FXGL Background Thread 3 ] DEBUG Engine               - credits: []
11:04:24.422 [FXGL Background Thread 3 ] DEBUG Engine               - defaultCursor: CursorInfo(imageName=fxgl_default_cursor.png, hotspotX=7.0, hotspotY=6.0)
11:04:24.422 [FXGL Background Thread 3 ] DEBUG Engine               - devBBoxColorProperty: ObjectProperty [value: 0xff0000ff]
11:04:24.423 [FXGL Background Thread 3 ] DEBUG Engine               - devEnableDebugCameraProperty: BooleanProperty [value: false]
11:04:24.423 [FXGL Background Thread 3 ] DEBUG Engine               - devSensorColorProperty: ObjectProperty [value: 0xffff00ff]
11:04:24.423 [FXGL Background Thread 3 ] DEBUG Engine               - devShowBBoxProperty: BooleanProperty [value: false]
11:04:24.423 [FXGL Background Thread 3 ] DEBUG Engine               - devShowPositionProperty: BooleanProperty [value: false]
11:04:24.423 [FXGL Background Thread 3 ] DEBUG Engine               - enabledMenuItems: []
11:04:24.423 [FXGL Background Thread 3 ] DEBUG Engine               - engineServices: [class com.almasb.fxgl.app.services.FXGLAssetLoaderService, class com.almasb.fxgl.app.FXGLApplication$GameApplicationService, class com.almasb.fxgl.app.services.FXGLDialogService, class com.almasb.fxgl.app.services.IOTaskExecutorService, class com.almasb.fxgl.io.FileSystemService, class com.almasb.fxgl.localization.LocalizationService, class com.almasb.fxgl.app.services.SystemBundleService, class com.almasb.fxgl.profile.SaveLoadService, class com.almasb.fxgl.ui.FXGLUIFactoryServiceProvider, class com.almasb.fxgl.ui.FXGLDialogFactoryServiceProvider, class com.almasb.fxgl.audio.AudioPlayer, class com.almasb.fxgl.notification.impl.NotificationServiceProvider, class com.almasb.fxgl.achievement.AchievementService, class com.almasb.fxgl.cutscene.CutsceneService, class com.almasb.fxgl.minigames.MiniGameService, class com.almasb.fxgl.net.NetService, class com.almasb.fxgl.app.services.UpdaterService, class com.almasb.fxgl.dev.DevService]
11:04:24.423 [FXGL Background Thread 3 ] DEBUG Engine               - fontGame: Abel-Regular.ttf
11:04:24.423 [FXGL Background Thread 3 ] DEBUG Engine               - fontMono: TerminalLandMono-Regular.otf
11:04:24.423 [FXGL Background Thread 3 ] DEBUG Engine               - fontText: Courier-Prime.ttf
11:04:24.423 [FXGL Background Thread 3 ] DEBUG Engine               - fontUI: VarelaRound-Regular.ttf
11:04:24.423 [FXGL Background Thread 3 ] DEBUG Engine               - fullScreen: BooleanProperty [value: false]
11:04:24.423 [FXGL Background Thread 3 ] DEBUG Engine               - gameDifficulty: MEDIUM
11:04:24.424 [FXGL Background Thread 3 ] DEBUG Engine               - gameDifficultyProperty: ObjectProperty [value: MEDIUM]
11:04:24.424 [FXGL Background Thread 3 ] DEBUG Engine               - globalMusicVolume: 0.5
11:04:24.424 [FXGL Background Thread 3 ] DEBUG Engine               - globalMusicVolumeProperty: DoubleProperty [value: 0.5]
11:04:24.424 [FXGL Background Thread 3 ] DEBUG Engine               - globalSoundVolume: 0.5
11:04:24.424 [FXGL Background Thread 3 ] DEBUG Engine               - globalSoundVolumeProperty: DoubleProperty [value: 0.5]
11:04:24.424 [FXGL Background Thread 3 ] DEBUG Engine               - height: 600
11:04:24.424 [FXGL Background Thread 3 ] DEBUG Engine               - is3D: false
11:04:24.424 [FXGL Background Thread 3 ] DEBUG Engine               - isAndroid: false
11:04:24.424 [FXGL Background Thread 3 ] DEBUG Engine               - isBrowser: false
11:04:24.424 [FXGL Background Thread 3 ] DEBUG Engine               - isClickFeedbackEnabled: false
11:04:24.424 [FXGL Background Thread 3 ] DEBUG Engine               - isCloseConfirmation: false
11:04:24.424 [FXGL Background Thread 3 ] DEBUG Engine               - isDesktop: true
11:04:24.424 [FXGL Background Thread 3 ] DEBUG Engine               - isDeveloperMenuEnabled: false
11:04:24.426 [FXGL Background Thread 3 ] DEBUG Engine               - isEmbedded: false
11:04:24.426 [FXGL Background Thread 3 ] DEBUG Engine               - isEntityPreloadEnabled: true
11:04:24.426 [FXGL Background Thread 3 ] DEBUG Engine               - isExperimentalTiledLargeMap: false
11:04:24.426 [FXGL Background Thread 3 ] DEBUG Engine               - isFileSystemWriteAllowed: true
11:04:24.426 [FXGL Background Thread 3 ] DEBUG Engine               - isFullScreenAllowed: false
11:04:24.426 [FXGL Background Thread 3 ] DEBUG Engine               - isFullScreenFromStart: false
11:04:24.426 [FXGL Background Thread 3 ] DEBUG Engine               - isGameMenuEnabled: true
11:04:24.426 [FXGL Background Thread 3 ] DEBUG Engine               - isIOS: false
11:04:24.426 [FXGL Background Thread 3 ] DEBUG Engine               - isIntroEnabled: false
11:04:24.426 [FXGL Background Thread 3 ] DEBUG Engine               - isLinux: false
11:04:24.426 [FXGL Background Thread 3 ] DEBUG Engine               - isMac: false
11:04:24.426 [FXGL Background Thread 3 ] DEBUG Engine               - isMainMenuEnabled: false
11:04:24.426 [FXGL Background Thread 3 ] DEBUG Engine               - isManualResizeEnabled: false
11:04:24.426 [FXGL Background Thread 3 ] DEBUG Engine               - isMobile: false
11:04:24.427 [FXGL Background Thread 3 ] DEBUG Engine               - isNative: false
11:04:24.427 [FXGL Background Thread 3 ] DEBUG Engine               - isPauseMusicWhenMinimized: true
11:04:24.427 [FXGL Background Thread 3 ] DEBUG Engine               - isPreserveResizeRatio: false
11:04:24.427 [FXGL Background Thread 3 ] DEBUG Engine               - isProfilingEnabled: false
11:04:24.427 [FXGL Background Thread 3 ] DEBUG Engine               - isScaleAffectedOnResize: true
11:04:24.427 [FXGL Background Thread 3 ] DEBUG Engine               - isSingleStep: false
11:04:24.427 [FXGL Background Thread 3 ] DEBUG Engine               - isUserProfileEnabled: false
11:04:24.427 [FXGL Background Thread 3 ] DEBUG Engine               - isWindows: true
11:04:24.427 [FXGL Background Thread 3 ] DEBUG Engine               - language: ObjectProperty [value: ENGLISH]
11:04:24.428 [FXGL Background Thread 3 ] DEBUG Engine               - menuKey: ESCAPE
11:04:24.428 [FXGL Background Thread 3 ] DEBUG Engine               - mouseSensitivity: 0.2
11:04:24.428 [FXGL Background Thread 3 ] DEBUG Engine               - notificationViewClass: class com.almasb.fxgl.notification.view.XboxNotificationView
11:04:24.428 [FXGL Background Thread 3 ] DEBUG Engine               - pixelsPerMeter: 50.0
11:04:24.428 [FXGL Background Thread 3 ] DEBUG Engine               - platform: WINDOWS
11:04:24.428 [FXGL Background Thread 3 ] DEBUG Engine               - prefHeightProperty: ReadOnlyDoubleProperty [value: 600.0]
11:04:24.428 [FXGL Background Thread 3 ] DEBUG Engine               - prefWidthProperty: ReadOnlyDoubleProperty [value: 600.0]
11:04:24.428 [FXGL Background Thread 3 ] DEBUG Engine               - profileDir: profiles/
11:04:24.428 [FXGL Background Thread 3 ] DEBUG Engine               - profileName: StringProperty [value: DEFAULT]
11:04:24.428 [FXGL Background Thread 3 ] DEBUG Engine               - randomSeed: -1
11:04:24.429 [FXGL Background Thread 3 ] DEBUG Engine               - runtimeInfo: RuntimeInfo(platform=WINDOWS, version=17.1, build=24.03.2022 17.34)
11:04:24.429 [FXGL Background Thread 3 ] DEBUG Engine               - saveFileExt: sav
11:04:24.429 [FXGL Background Thread 3 ] DEBUG Engine               - scaledHeightProp$fxgl: DoubleProperty [bound, value: 600.0]
11:04:24.429 [FXGL Background Thread 3 ] DEBUG Engine               - scaledWidthProp$fxgl: DoubleProperty [bound, value: 600.0]
11:04:24.429 [FXGL Background Thread 3 ] DEBUG Engine               - sceneFactory: com.almasb.fxgl.app.scene.SceneFactory@27fa7ccf
11:04:24.429 [FXGL Background Thread 3 ] DEBUG Engine               - secondsIn24h: 60
11:04:24.429 [FXGL Background Thread 3 ] DEBUG Engine               - soundMenuBack: menu/back.wav
11:04:24.429 [FXGL Background Thread 3 ] DEBUG Engine               - soundMenuPress: menu/press.wav
11:04:24.429 [FXGL Background Thread 3 ] DEBUG Engine               - soundMenuSelect: menu/select.wav
11:04:24.429 [FXGL Background Thread 3 ] DEBUG Engine               - soundNotification: core/notification.wav
11:04:24.429 [FXGL Background Thread 3 ] DEBUG Engine               - stageStyle: DECORATED
11:04:24.430 [FXGL Background Thread 3 ] DEBUG Engine               - supportedLanguages: [ENGLISH, FRENCH, GERMAN, HUNGARIAN, RUSSIAN]
11:04:24.430 [FXGL Background Thread 3 ] DEBUG Engine               - ticksPerSecond: -1
11:04:24.430 [FXGL Background Thread 3 ] DEBUG Engine               - title: Academic Rumble
11:04:24.430 [FXGL Background Thread 3 ] DEBUG Engine               - urlGithub: https://github.com/AlmasB/FXGL
11:04:24.430 [FXGL Background Thread 3 ] DEBUG Engine               - urlLeaderboard: http://fxgl-top.herokuapp.com/
11:04:24.430 [FXGL Background Thread 3 ] DEBUG Engine               - urlPOM: https://raw.githubusercontent.com/AlmasB/FXGL/release/README.md
11:04:24.430 [FXGL Background Thread 3 ] DEBUG Engine               - userAppClass: class com.example.academicrumble.Game
11:04:24.430 [FXGL Background Thread 3 ] DEBUG Engine               - version: 1.0
11:04:24.430 [FXGL Background Thread 3 ] DEBUG Engine               - versionCheckDays: 7
11:04:24.430 [FXGL Background Thread 3 ] DEBUG Engine               - width: 600
11:04:24.430 [FXGL Background Thread 3 ] DEBUG Engine               - Logging services
11:04:24.430 [FXGL Background Thread 3 ] DEBUG Engine               - class com.almasb.fxgl.app.services.FXGLAssetLoaderService
11:04:24.430 [FXGL Background Thread 3 ] DEBUG Engine               - class com.almasb.fxgl.app.FXGLApplication$GameApplicationService
11:04:24.430 [FXGL Background Thread 3 ] DEBUG Engine               - class com.almasb.fxgl.app.services.FXGLDialogService
11:04:24.430 [FXGL Background Thread 3 ] DEBUG Engine               - class com.almasb.fxgl.app.services.IOTaskExecutorService
11:04:24.430 [FXGL Background Thread 3 ] DEBUG Engine               - class com.almasb.fxgl.io.FileSystemService
11:04:24.430 [FXGL Background Thread 3 ] DEBUG Engine               - class com.almasb.fxgl.localization.LocalizationService
11:04:24.430 [FXGL Background Thread 3 ] DEBUG Engine               - class com.almasb.fxgl.app.services.SystemBundleService
11:04:24.430 [FXGL Background Thread 3 ] DEBUG Engine               - class com.almasb.fxgl.profile.SaveLoadService
11:04:24.430 [FXGL Background Thread 3 ] DEBUG Engine               - class com.almasb.fxgl.ui.FXGLUIFactoryServiceProvider
11:04:24.430 [FXGL Background Thread 3 ] DEBUG Engine               - class com.almasb.fxgl.ui.FXGLDialogFactoryServiceProvider
11:04:24.431 [FXGL Background Thread 3 ] DEBUG Engine               - class com.almasb.fxgl.audio.AudioPlayer
11:04:24.431 [FXGL Background Thread 3 ] DEBUG Engine               - class com.almasb.fxgl.notification.impl.NotificationServiceProvider
11:04:24.431 [FXGL Background Thread 3 ] DEBUG Engine               - class com.almasb.fxgl.achievement.AchievementService
11:04:24.431 [FXGL Background Thread 3 ] DEBUG Engine               - class com.almasb.fxgl.cutscene.CutsceneService
11:04:24.431 [FXGL Background Thread 3 ] DEBUG Engine               - class com.almasb.fxgl.minigames.MiniGameService
11:04:24.431 [FXGL Background Thread 3 ] DEBUG Engine               - class com.almasb.fxgl.net.NetService
11:04:24.431 [FXGL Background Thread 3 ] DEBUG Engine               - class com.almasb.fxgl.app.services.UpdaterService
11:04:24.431 [FXGL Background Thread 3 ] DEBUG Engine               - class com.almasb.fxgl.dev.DevService
11:04:36.773 [JavaFX Application Thread] DEBUG FXGLApplication      - Exiting FXGL
11:04:36.773 [JavaFX Application Thread] DEBUG LoopRunner           - Stopping loop
11:04:36.774 [JavaFX Application Thread] DEBUG SystemBundleService  - Saving FXGL system data
11:04:36.776 [JavaFX Application Thread] DEBUG FileSystemAccess     - Writing to: C:\Users\jessy\OneDrive\School\Informatica\Leerjaar 1\Periode 3\IPOSE\code\AcademicRumble\system\fxgl.bundle
11:04:36.779 [JavaFX Application Thread] DEBUG Async                - Shutting down background threads
11:04:36.780 [JavaFX Application Thread] DEBUG PrimaryStageWindow   - Closing main window
11:04:36.799 [JavaFX Application Thread] DEBUG Logger               - Closing Logger
