10:28:13.663 [main                     ] DEBUG Logger               - Configured Logger
10:28:13.694 [main                     ] DEBUG GameApplication      - Logging settings
Title: Academic Rumble
Version: 1.0
Width: 600
Height: 600
Fullscreen: false
Intro: false
Profiling: false
Single step:false
App Mode: DEVELOPER
Menu Key: ESCAPE
Stage Style: DECORATED
Scene Factory: class com.almasb.fxgl.app.scene.SceneFactory

10:28:14.026 [JavaFX Application Thread] DEBUG FXGLApplication      - Initializing FXGL
10:28:14.032 [JavaFX Application Thread] INFO  Engine               - FXGL-17.1 (24.03.2022 17.34) on WINDOWS (J:18.0.2.1 FX:18.0.1)
10:28:14.032 [JavaFX Application Thread] DEBUG Engine               - JRE Vendor Name: Oracle Corporation
10:28:14.033 [JavaFX Application Thread] DEBUG Engine               - Running on OS: Windows 11 version 10.0
10:28:14.033 [JavaFX Application Thread] DEBUG Engine               - Architecture: amd64
10:28:14.033 [JavaFX Application Thread] INFO  Engine               - Source code and latest versions at: https://github.com/AlmasB/FXGL
10:28:14.033 [JavaFX Application Thread] INFO  Engine               -       Ask questions and discuss at: https://github.com/AlmasB/FXGL/discussions
10:28:14.033 [JavaFX Application Thread] INFO  Engine               -              Join the FXGL chat at: https://gitter.im/AlmasB/FXGL
10:28:14.100 [JavaFX Application Thread] DEBUG PrimaryStageWindow   - Creating a JavaFX scene
10:28:14.140 [JavaFX Application Thread] DEBUG PrimaryStageWindow   - Target settings size: 600.0 x 600.0
10:28:14.140 [JavaFX Application Thread] DEBUG PrimaryStageWindow   - Scaled scene size:    600.0 x 600.0
10:28:14.141 [JavaFX Application Thread] DEBUG PrimaryStageWindow   - Scaled ratio: (1.0, 1.0)
10:28:14.142 [JavaFX Application Thread] DEBUG PrimaryStageWindow   - Set initial scene to FXGLStartupScene
10:28:14.150 [JavaFX Application Thread] DEBUG PrimaryStageWindow   - Opening main window
10:28:14.228 [JavaFX Application Thread] DEBUG PrimaryStageWindow   - Window border size: (14.4000244140625, 37.5999755859375)
10:28:14.229 [JavaFX Application Thread] DEBUG PrimaryStageWindow   - Scaled size: 600.0 x 600.0
10:28:14.229 [JavaFX Application Thread] DEBUG PrimaryStageWindow   - Scaled ratio: (1.0, 1.0)
10:28:14.229 [JavaFX Application Thread] DEBUG PrimaryStageWindow   - Scene size: 600.0 x 600.0
10:28:14.229 [JavaFX Application Thread] DEBUG PrimaryStageWindow   - Stage size: 614.4000244140625 x 637.5999755859375
10:28:14.236 [FXGL Background Thread 1 ] DEBUG Engine               - Initializing environment variables
10:28:14.302 [FXGL Background Thread 1 ] DEBUG FXGLAssetLoaderServi - User app class for loading assets: class com.example.academicrumble.Game
10:28:14.302 [FXGL Background Thread 1 ] DEBUG GameApplicationServi - Applying CSS: fxgl_dark.css
10:28:14.303 [FXGL Background Thread 1 ] DEBUG FXGLAssetLoaderServi - Loading from file system: jar:file:///C:/Users/jessy/.m2/repository/com/github/almasb/fxgl/17.1/fxgl-17.1.jar!/fxglassets/ui/css/fxgl_dark.css
10:28:14.352 [FXGL Background Thread 1 ] DEBUG GameApplicationServi - Initializing application scenes
10:28:14.409 [FXGL Background Thread 1 ] DEBUG GameWorld            - Game world initialized
10:28:14.457 [FXGL Background Thread 1 ] DEBUG PhysicsWorld         - Physics world initialized: appHeight=600, physics.ppm=50.0
10:28:14.458 [FXGL Background Thread 1 ] DEBUG PhysicsWorld         - Using strategy: BRUTE_FORCE
10:28:14.463 [FXGL Background Thread 1 ] DEBUG GameScene            - Game scene initialized: 600x600
10:28:14.478 [FXGL Background Thread 1 ] WARN  FXGL.DefaultMenu     - FXGLDefaultMenu is not designed for resolutions < 800x600
10:28:14.478 [FXGL Background Thread 1 ] DEBUG FXGL.DefaultMenu     - createMenuBodyGameMenu()
10:28:14.491 [FXGL Background Thread 1 ] DEBUG FXGL.DefaultMenu     - createOptionsMenu()
10:28:14.501 [FXGL Background Thread 1 ] DEBUG FXGLAssetLoaderServi - Loading from file system: jar:file:///C:/Users/jessy/.m2/repository/com/github/almasb/fxgl/17.1/fxgl-17.1.jar!/fxglassets/textures/particles/smoke.png
10:28:14.588 [FXGL Background Thread 1 ] DEBUG FXGLAssetLoaderServi - Loading from file system: jar:file:///C:/Users/jessy/.m2/repository/com/github/almasb/fxgl/17.1/fxgl-17.1.jar!/fxglassets/textures/particles/trace_horizontal.png
10:28:14.613 [FXGL Background Thread 1 ] DEBUG GameApplicationServi - Application scenes initialized
10:28:14.626 [FXGL Background Thread 1 ] DEBUG SystemBundleService  - Loading FXGL system data
10:28:14.629 [FXGL Background Thread 1 ] DEBUG FileSystemAccess     - Reading from: C:\Users\jessy\OneDrive\School\Informatica\Leerjaar 1\Periode 3\IPOSE\code\AcademicRumble\system\fxgl.bundle
10:28:14.638 [FXGL Background Thread 1 ] DEBUG SystemBundleService  - Bundle FXGL: {}
10:28:14.640 [FXGL Background Thread 1 ] DEBUG UpdaterService       - Checking for updates
10:28:14.643 [FXGL Background Thread 4 ] DEBUG FXGLApplication      - Loading fonts
10:28:14.644 [FXGL Background Thread 1 ] DEBUG FXGLApplication      - Loading default localization
10:28:14.644 [FXGL Background Thread 4 ] DEBUG FXGLAssetLoaderServi - Loading from file system: jar:file:///C:/Users/jessy/.m2/repository/com/github/almasb/fxgl/17.1/fxgl-17.1.jar!/fxglassets/ui/fonts/VarelaRound-Regular.ttf
10:28:14.645 [FXGL Background Thread 1 ] DEBUG FXGLAssetLoaderServi - Loading from file system: jar:file:///C:/Users/jessy/.m2/repository/com/github/almasb/fxgl/17.1/fxgl-17.1.jar!/fxglassets/languages/english.lang
10:28:14.665 [FXGL Background Thread 1 ] INFO  FXGLApplication      - FXGL initialization took: 0.429 sec
10:28:14.680 [JavaFX Application Thread] DEBUG Input                - Registered new binding: action0 - D
10:28:14.681 [JavaFX Application Thread] DEBUG Input                - Registered new binding: action1 - A
10:28:14.681 [JavaFX Application Thread] DEBUG Input                - Registered new binding: action2 - Space
10:28:14.682 [JavaFX Application Thread] DEBUG FXGLAssetLoaderServi - Loading from file system: jar:file:///C:/Users/jessy/.m2/repository/com/github/almasb/fxgl/17.1/fxgl-17.1.jar!/fxglassets/textures/fxgl_icon.png
10:28:14.700 [JavaFX Application Thread] DEBUG FXGLAssetLoaderServi - Loading from file system: jar:file:///C:/Users/jessy/.m2/repository/com/github/almasb/fxgl/17.1/fxgl-17.1.jar!/fxglassets/textures/fxgl_default_cursor.png
10:28:14.704 [JavaFX Application Thread] DEBUG Input                - Registered new binding: Screenshot - CTRL+8
10:28:14.704 [JavaFX Application Thread] DEBUG Input                - Registered new binding: System info dump - CTRL+9
10:28:14.705 [JavaFX Application Thread] DEBUG Input                - Registered new binding: Restart - CTRL+R
10:28:14.706 [JavaFX Application Thread] DEBUG Input                - Registered new binding: Toggle Debug Camera - CTRL+7
10:28:14.710 [FXGL Background Thread 4 ] DEBUG FXGLAssetLoaderServi - Loading from file system: jar:file:///C:/Users/jessy/.m2/repository/com/github/almasb/fxgl/17.1/fxgl-17.1.jar!/fxglassets/ui/fonts/Abel-Regular.ttf
10:28:14.710 [JavaFX Application Thread] DEBUG LoopRunner           - Starting loop
10:28:14.710 [JavaFX Application Thread] DEBUG LoopRunner           - Initializing JavaFX AnimationTimerLoop
10:28:14.711 [JavaFX Application Thread] DEBUG GameApplicationServi - Starting new game
10:28:14.713 [JavaFX Application Thread] DEBUG Input                - Clearing active input actions
10:28:14.715 [FXGL Background Thread 4 ] DEBUG FXGLAssetLoaderServi - Loading from file system: jar:file:///C:/Users/jessy/.m2/repository/com/github/almasb/fxgl/17.1/fxgl-17.1.jar!/fxglassets/ui/fonts/TerminalLandMono-Regular.otf
10:28:14.720 [FXGL Background Thread 4 ] DEBUG FXGLAssetLoaderServi - Loading from file system: jar:file:///C:/Users/jessy/.m2/repository/com/github/almasb/fxgl/17.1/fxgl-17.1.jar!/fxglassets/ui/fonts/Courier-Prime.ttf
10:28:14.729 [JavaFX Application Thread] DEBUG GameApplicationServi - Removing overlay from FXGLStartupScene and adding to FXGLLoadingScene
10:28:14.730 [JavaFX Application Thread] DEBUG PrimaryStageWindow   - FXGLStartupScene -> FXGLLoadingScene
10:28:14.730 [JavaFX Application Thread] DEBUG GameApplicationServi - Clearing previous game
10:28:14.730 [JavaFX Application Thread] DEBUG GameScene            - Clearing game scene
10:28:14.730 [JavaFX Application Thread] DEBUG GameWorld            - Clearing game world
10:28:14.730 [JavaFX Application Thread] DEBUG PhysicsWorld         - Clearing physics world
10:28:14.733 [FXGL Background Thread 4 ] DEBUG FXGLApplication      - Initializing game
10:28:14.754 [FXGL Background Thread 4 ] DEBUG FXGLAssetLoaderServi - Loading from file system: file:/C:/Users/jessy/OneDrive/School/Informatica/Leerjaar%201/Periode%203/IPOSE/code/AcademicRumble/target/classes/assets/textures/char.png
10:28:14.758 [FXGL Background Thread 4 ] WARN  FXGLAssetLoaderServi - Failed to load file:/C:/Users/jessy/OneDrive/School/Informatica/Leerjaar%201/Periode%203/IPOSE/code/AcademicRumble/target/classes/assets/textures/char.png
com.sun.javafx.iio.ImageStorageException: No loader for image data
	at javafx.graphics@18.0.1/com.sun.javafx.iio.ImageStorage.loadAll(ImageStorage.java:274)
	at javafx.graphics@18.0.1/com.sun.javafx.tk.quantum.PrismImageLoader2.loadAll(PrismImageLoader2.java:142)
	at javafx.graphics@18.0.1/com.sun.javafx.tk.quantum.PrismImageLoader2.<init>(PrismImageLoader2.java:77)
	at javafx.graphics@18.0.1/com.sun.javafx.tk.quantum.QuantumToolkit.loadImage(QuantumToolkit.java:790)
	at javafx.graphics@18.0.1/javafx.scene.image.Image.loadImage(Image.java:1081)
	at javafx.graphics@18.0.1/javafx.scene.image.Image.initialize(Image.java:816)
	at javafx.graphics@18.0.1/javafx.scene.image.Image.<init>(Image.java:706)
	at com.almasb.fxgl.all@17.1/com.almasb.fxgl.app.services.ImageAssetLoader.load(FXGLAssetLoaderService.kt:641)
	at com.almasb.fxgl.all@17.1/com.almasb.fxgl.app.services.ImageAssetLoader.load(FXGLAssetLoaderService.kt:636)
	at com.almasb.fxgl.all@17.1/com.almasb.fxgl.app.services.AssetLoader.load(FXGLAssetLoaderService.kt:625)
	at com.almasb.fxgl.all@17.1/com.almasb.fxgl.app.services.FXGLAssetLoaderService.load(FXGLAssetLoaderService.kt:530)
	at com.almasb.fxgl.all@17.1/com.almasb.fxgl.app.services.FXGLAssetLoaderService.load(FXGLAssetLoaderService.kt:507)
	at com.almasb.fxgl.all@17.1/com.almasb.fxgl.app.services.FXGLAssetLoaderService.load(FXGLAssetLoaderService.kt:496)
	at com.almasb.fxgl.all@17.1/com.almasb.fxgl.app.services.FXGLAssetLoaderService.loadImage(FXGLAssetLoaderService.kt:166)
	at com.almasb.fxgl.all@17.1/com.almasb.fxgl.app.services.FXGLAssetLoaderService.loadTexture(FXGLAssetLoaderService.kt:125)
	at com.almasb.fxgl.all@17.1/com.almasb.fxgl.dsl.FXGL$Companion.texture(FXGL.kt:401)
	at com.almasb.fxgl.all@17.1/com.almasb.fxgl.dsl.EntityBuilder.view(EntityBuilder.kt:164)
	at com.example.academicrumble/com.example.academicrumble.Sprite.<init>(Sprite.java:30)
	at com.example.academicrumble/com.example.academicrumble.Fighter.<init>(Fighter.java:13)
	at com.example.academicrumble/com.example.academicrumble.AcademicRumbleFactory.spawnPlayer(AcademicRumbleFactory.java:34)
	at java.base/jdk.internal.reflect.DirectMethodHandleAccessor.invoke(DirectMethodHandleAccessor.java:104)
	at java.base/java.lang.reflect.Method.invoke(Method.java:577)
	at com.almasb.fxgl.core@17.1/com.almasb.fxgl.core.reflect.ReflectionUtils.call(ReflectionUtils.java:104)
	at com.almasb.fxgl.core@17.1/com.almasb.fxgl.core.reflect.ReflectionUtils.lambda$mapToFunction$3(ReflectionUtils.java:111)
	at com.almasb.fxgl.entity@17.1/com.almasb.fxgl.entity.GameWorld$create$2.invoke(GameWorld.kt:430)
	at com.almasb.fxgl.entity@17.1/com.almasb.fxgl.entity.GameWorld$create$2.invoke(GameWorld.kt:430)
	at com.almasb.fxgl.core@17.1/com.almasb.fxgl.core.util.DSLKt.tryCatchRoot(DSL.kt:34)
	at com.almasb.fxgl.entity@17.1/com.almasb.fxgl.entity.GameWorld.create(GameWorld.kt:430)
	at com.almasb.fxgl.entity@17.1/com.almasb.fxgl.entity.GameWorld.spawn(GameWorld.kt:396)
	at com.almasb.fxgl.all@17.1/com.almasb.fxgl.dsl.FXGL$Companion.spawn(FXGL.kt:565)
	at com.almasb.fxgl.all@17.1/com.almasb.fxgl.dsl.FXGL.spawn(FXGL.kt)
	at com.example.academicrumble/com.example.academicrumble.GameWorldController.spawn(GameWorldController.java:42)
	at com.example.academicrumble/com.example.academicrumble.Game.initGame(Game.java:38)
	at com.almasb.fxgl.all@17.1/com.almasb.fxgl.app.FXGLApplication$InitAppTask.initGame(FXGLApplication.kt:339)
	at com.almasb.fxgl.all@17.1/com.almasb.fxgl.app.FXGLApplication$InitAppTask.call(FXGLApplication.kt:319)
	at com.almasb.fxgl.all@17.1/com.almasb.fxgl.app.FXGLApplication$InitAppTask.call(FXGLApplication.kt:311)
	at javafx.graphics@18.0.1/javafx.concurrent.Task$TaskCallable.call(Task.java:1426)
	at java.base/java.util.concurrent.FutureTask.run(FutureTask.java:264)
	at java.base/java.util.concurrent.Executors$RunnableAdapter.call(Executors.java:539)
	at java.base/java.util.concurrent.FutureTask.run(FutureTask.java:264)
	at java.base/java.util.concurrent.ThreadPoolExecutor.runWorker(ThreadPoolExecutor.java:1136)
	at java.base/java.util.concurrent.ThreadPoolExecutor$Worker.run(ThreadPoolExecutor.java:635)
	at java.base/java.lang.Thread.run(Thread.java:833)

10:28:14.776 [JavaFX Application Thread] DEBUG FXGLApplication      - Registering font factories with UI factory
10:28:14.843 [FXGL Background Thread 4 ] DEBUG FXGLAssetLoaderServi - Loading from file system: file:/C:/Users/jessy/OneDrive/School/Informatica/Leerjaar%201/Periode%203/IPOSE/code/AcademicRumble/target/classes/assets/textures/char.png
10:28:14.845 [FXGL Background Thread 4 ] WARN  FXGLAssetLoaderServi - Failed to load file:/C:/Users/jessy/OneDrive/School/Informatica/Leerjaar%201/Periode%203/IPOSE/code/AcademicRumble/target/classes/assets/textures/char.png
com.sun.javafx.iio.ImageStorageException: No loader for image data
	at javafx.graphics@18.0.1/com.sun.javafx.iio.ImageStorage.loadAll(ImageStorage.java:274)
	at javafx.graphics@18.0.1/com.sun.javafx.tk.quantum.PrismImageLoader2.loadAll(PrismImageLoader2.java:142)
	at javafx.graphics@18.0.1/com.sun.javafx.tk.quantum.PrismImageLoader2.<init>(PrismImageLoader2.java:77)
	at javafx.graphics@18.0.1/com.sun.javafx.tk.quantum.QuantumToolkit.loadImage(QuantumToolkit.java:790)
	at javafx.graphics@18.0.1/javafx.scene.image.Image.loadImage(Image.java:1081)
	at javafx.graphics@18.0.1/javafx.scene.image.Image.initialize(Image.java:816)
	at javafx.graphics@18.0.1/javafx.scene.image.Image.<init>(Image.java:706)
	at com.almasb.fxgl.all@17.1/com.almasb.fxgl.app.services.ImageAssetLoader.load(FXGLAssetLoaderService.kt:641)
	at com.almasb.fxgl.all@17.1/com.almasb.fxgl.app.services.ImageAssetLoader.load(FXGLAssetLoaderService.kt:636)
	at com.almasb.fxgl.all@17.1/com.almasb.fxgl.app.services.AssetLoader.load(FXGLAssetLoaderService.kt:625)
	at com.almasb.fxgl.all@17.1/com.almasb.fxgl.app.services.FXGLAssetLoaderService.load(FXGLAssetLoaderService.kt:530)
	at com.almasb.fxgl.all@17.1/com.almasb.fxgl.app.services.FXGLAssetLoaderService.load(FXGLAssetLoaderService.kt:507)
	at com.almasb.fxgl.all@17.1/com.almasb.fxgl.app.services.FXGLAssetLoaderService.load(FXGLAssetLoaderService.kt:496)
	at com.almasb.fxgl.all@17.1/com.almasb.fxgl.app.services.FXGLAssetLoaderService.loadImage(FXGLAssetLoaderService.kt:166)
	at com.almasb.fxgl.all@17.1/com.almasb.fxgl.app.services.FXGLAssetLoaderService.loadTexture(FXGLAssetLoaderService.kt:125)
	at com.almasb.fxgl.all@17.1/com.almasb.fxgl.dsl.FXGL$Companion.texture(FXGL.kt:401)
	at com.almasb.fxgl.all@17.1/com.almasb.fxgl.dsl.EntityBuilder.viewWithBBox(EntityBuilder.kt:168)
	at com.example.academicrumble/com.example.academicrumble.Fighter.<init>(Fighter.java:24)
	at com.example.academicrumble/com.example.academicrumble.AcademicRumbleFactory.spawnPlayer(AcademicRumbleFactory.java:34)
	at java.base/jdk.internal.reflect.DirectMethodHandleAccessor.invoke(DirectMethodHandleAccessor.java:104)
	at java.base/java.lang.reflect.Method.invoke(Method.java:577)
	at com.almasb.fxgl.core@17.1/com.almasb.fxgl.core.reflect.ReflectionUtils.call(ReflectionUtils.java:104)
	at com.almasb.fxgl.core@17.1/com.almasb.fxgl.core.reflect.ReflectionUtils.lambda$mapToFunction$3(ReflectionUtils.java:111)
	at com.almasb.fxgl.entity@17.1/com.almasb.fxgl.entity.GameWorld$create$2.invoke(GameWorld.kt:430)
	at com.almasb.fxgl.entity@17.1/com.almasb.fxgl.entity.GameWorld$create$2.invoke(GameWorld.kt:430)
	at com.almasb.fxgl.core@17.1/com.almasb.fxgl.core.util.DSLKt.tryCatchRoot(DSL.kt:34)
	at com.almasb.fxgl.entity@17.1/com.almasb.fxgl.entity.GameWorld.create(GameWorld.kt:430)
	at com.almasb.fxgl.entity@17.1/com.almasb.fxgl.entity.GameWorld.spawn(GameWorld.kt:396)
	at com.almasb.fxgl.all@17.1/com.almasb.fxgl.dsl.FXGL$Companion.spawn(FXGL.kt:565)
	at com.almasb.fxgl.all@17.1/com.almasb.fxgl.dsl.FXGL.spawn(FXGL.kt)
	at com.example.academicrumble/com.example.academicrumble.GameWorldController.spawn(GameWorldController.java:42)
	at com.example.academicrumble/com.example.academicrumble.Game.initGame(Game.java:38)
	at com.almasb.fxgl.all@17.1/com.almasb.fxgl.app.FXGLApplication$InitAppTask.initGame(FXGLApplication.kt:339)
	at com.almasb.fxgl.all@17.1/com.almasb.fxgl.app.FXGLApplication$InitAppTask.call(FXGLApplication.kt:319)
	at com.almasb.fxgl.all@17.1/com.almasb.fxgl.app.FXGLApplication$InitAppTask.call(FXGLApplication.kt:311)
	at javafx.graphics@18.0.1/javafx.concurrent.Task$TaskCallable.call(Task.java:1426)
	at java.base/java.util.concurrent.FutureTask.run(FutureTask.java:264)
	at java.base/java.util.concurrent.Executors$RunnableAdapter.call(Executors.java:539)
	at java.base/java.util.concurrent.FutureTask.run(FutureTask.java:264)
	at java.base/java.util.concurrent.ThreadPoolExecutor.runWorker(ThreadPoolExecutor.java:1136)
	at java.base/java.util.concurrent.ThreadPoolExecutor$Worker.run(ThreadPoolExecutor.java:635)
	at java.base/java.lang.Thread.run(Thread.java:833)

10:28:14.864 [FXGL Background Thread 4 ] INFO  FXGLApplication      - Game initialization took: 0.130 sec
10:28:14.875 [JavaFX Application Thread] DEBUG Input                - Clearing active input actions
10:28:14.882 [JavaFX Application Thread] DEBUG GameApplicationServi - Removing overlay from FXGLLoadingScene and adding to GameScene
10:28:14.882 [JavaFX Application Thread] DEBUG PrimaryStageWindow   - FXGLLoadingScene -> GameScene
10:28:17.643 [FXGL Background Thread 3 ] DEBUG Engine               - Logging environment variables
10:28:17.643 [FXGL Background Thread 3 ] DEBUG Engine               - achievements: []
10:28:17.644 [FXGL Background Thread 3 ] DEBUG Engine               - actualHeight: 600.0
10:28:17.644 [FXGL Background Thread 3 ] DEBUG Engine               - actualHeightProperty: ReadOnlyDoubleProperty [value: 600.0]
10:28:17.644 [FXGL Background Thread 3 ] DEBUG Engine               - actualWidth: 600.0
10:28:17.644 [FXGL Background Thread 3 ] DEBUG Engine               - actualWidthProperty: ReadOnlyDoubleProperty [value: 600.0]
10:28:17.644 [FXGL Background Thread 3 ] DEBUG Engine               - appIcon: fxgl_icon.png
10:28:17.644 [FXGL Background Thread 3 ] DEBUG Engine               - applicationMode: DEVELOPER
10:28:17.644 [FXGL Background Thread 3 ] DEBUG Engine               - cSSList: [fxgl_dark.css]
10:28:17.644 [FXGL Background Thread 3 ] DEBUG Engine               - collisionDetectionStrategy: BRUTE_FORCE
10:28:17.644 [FXGL Background Thread 3 ] DEBUG Engine               - configClass: Optional.empty
10:28:17.644 [FXGL Background Thread 3 ] DEBUG Engine               - credits: []
10:28:17.644 [FXGL Background Thread 3 ] DEBUG Engine               - defaultCursor: CursorInfo(imageName=fxgl_default_cursor.png, hotspotX=7.0, hotspotY=6.0)
10:28:17.646 [FXGL Background Thread 3 ] DEBUG Engine               - devBBoxColorProperty: ObjectProperty [value: 0xff0000ff]
10:28:17.646 [FXGL Background Thread 3 ] DEBUG Engine               - devEnableDebugCameraProperty: BooleanProperty [value: false]
10:28:17.646 [FXGL Background Thread 3 ] DEBUG Engine               - devSensorColorProperty: ObjectProperty [value: 0xffff00ff]
10:28:17.646 [FXGL Background Thread 3 ] DEBUG Engine               - devShowBBoxProperty: BooleanProperty [value: false]
10:28:17.646 [FXGL Background Thread 3 ] DEBUG Engine               - devShowPositionProperty: BooleanProperty [value: false]
10:28:17.646 [FXGL Background Thread 3 ] DEBUG Engine               - enabledMenuItems: []
10:28:17.647 [FXGL Background Thread 3 ] DEBUG Engine               - engineServices: [class com.almasb.fxgl.app.services.FXGLAssetLoaderService, class com.almasb.fxgl.app.FXGLApplication$GameApplicationService, class com.almasb.fxgl.app.services.FXGLDialogService, class com.almasb.fxgl.app.services.IOTaskExecutorService, class com.almasb.fxgl.io.FileSystemService, class com.almasb.fxgl.localization.LocalizationService, class com.almasb.fxgl.app.services.SystemBundleService, class com.almasb.fxgl.profile.SaveLoadService, class com.almasb.fxgl.ui.FXGLUIFactoryServiceProvider, class com.almasb.fxgl.ui.FXGLDialogFactoryServiceProvider, class com.almasb.fxgl.audio.AudioPlayer, class com.almasb.fxgl.notification.impl.NotificationServiceProvider, class com.almasb.fxgl.achievement.AchievementService, class com.almasb.fxgl.cutscene.CutsceneService, class com.almasb.fxgl.minigames.MiniGameService, class com.almasb.fxgl.net.NetService, class com.almasb.fxgl.app.services.UpdaterService, class com.almasb.fxgl.dev.DevService]
10:28:17.647 [FXGL Background Thread 3 ] DEBUG Engine               - fontGame: Abel-Regular.ttf
10:28:17.647 [FXGL Background Thread 3 ] DEBUG Engine               - fontMono: TerminalLandMono-Regular.otf
10:28:17.647 [FXGL Background Thread 3 ] DEBUG Engine               - fontText: Courier-Prime.ttf
10:28:17.647 [FXGL Background Thread 3 ] DEBUG Engine               - fontUI: VarelaRound-Regular.ttf
10:28:17.647 [FXGL Background Thread 3 ] DEBUG Engine               - fullScreen: BooleanProperty [value: false]
10:28:17.647 [FXGL Background Thread 3 ] DEBUG Engine               - gameDifficulty: MEDIUM
10:28:17.647 [FXGL Background Thread 3 ] DEBUG Engine               - gameDifficultyProperty: ObjectProperty [value: MEDIUM]
10:28:17.647 [FXGL Background Thread 3 ] DEBUG Engine               - globalMusicVolume: 0.5
10:28:17.647 [FXGL Background Thread 3 ] DEBUG Engine               - globalMusicVolumeProperty: DoubleProperty [value: 0.5]
10:28:17.647 [FXGL Background Thread 3 ] DEBUG Engine               - globalSoundVolume: 0.5
10:28:17.647 [FXGL Background Thread 3 ] DEBUG Engine               - globalSoundVolumeProperty: DoubleProperty [value: 0.5]
10:28:17.647 [FXGL Background Thread 3 ] DEBUG Engine               - height: 600
10:28:17.647 [FXGL Background Thread 3 ] DEBUG Engine               - is3D: false
10:28:17.647 [FXGL Background Thread 3 ] DEBUG Engine               - isAndroid: false
10:28:17.647 [FXGL Background Thread 3 ] DEBUG Engine               - isBrowser: false
10:28:17.647 [FXGL Background Thread 3 ] DEBUG Engine               - isClickFeedbackEnabled: false
10:28:17.647 [FXGL Background Thread 3 ] DEBUG Engine               - isCloseConfirmation: false
10:28:17.647 [FXGL Background Thread 3 ] DEBUG Engine               - isDesktop: true
10:28:17.647 [FXGL Background Thread 3 ] DEBUG Engine               - isDeveloperMenuEnabled: false
10:28:17.647 [FXGL Background Thread 3 ] DEBUG Engine               - isEmbedded: false
10:28:17.647 [FXGL Background Thread 3 ] DEBUG Engine               - isEntityPreloadEnabled: true
10:28:17.647 [FXGL Background Thread 3 ] DEBUG Engine               - isExperimentalTiledLargeMap: false
10:28:17.647 [FXGL Background Thread 3 ] DEBUG Engine               - isFileSystemWriteAllowed: true
10:28:17.647 [FXGL Background Thread 3 ] DEBUG Engine               - isFullScreenAllowed: false
10:28:17.647 [FXGL Background Thread 3 ] DEBUG Engine               - isFullScreenFromStart: false
10:28:17.647 [FXGL Background Thread 3 ] DEBUG Engine               - isGameMenuEnabled: true
10:28:17.648 [FXGL Background Thread 3 ] DEBUG Engine               - isIOS: false
10:28:17.648 [FXGL Background Thread 3 ] DEBUG Engine               - isIntroEnabled: false
10:28:17.648 [FXGL Background Thread 3 ] DEBUG Engine               - isLinux: false
10:28:17.648 [FXGL Background Thread 3 ] DEBUG Engine               - isMac: false
10:28:17.648 [FXGL Background Thread 3 ] DEBUG Engine               - isMainMenuEnabled: false
10:28:17.648 [FXGL Background Thread 3 ] DEBUG Engine               - isManualResizeEnabled: false
10:28:17.648 [FXGL Background Thread 3 ] DEBUG Engine               - isMobile: false
10:28:17.648 [FXGL Background Thread 3 ] DEBUG Engine               - isNative: false
10:28:17.648 [FXGL Background Thread 3 ] DEBUG Engine               - isPauseMusicWhenMinimized: true
10:28:17.648 [FXGL Background Thread 3 ] DEBUG Engine               - isPreserveResizeRatio: false
10:28:17.648 [FXGL Background Thread 3 ] DEBUG Engine               - isProfilingEnabled: false
10:28:17.648 [FXGL Background Thread 3 ] DEBUG Engine               - isScaleAffectedOnResize: true
10:28:17.648 [FXGL Background Thread 3 ] DEBUG Engine               - isSingleStep: false
10:28:17.648 [FXGL Background Thread 3 ] DEBUG Engine               - isUserProfileEnabled: false
10:28:17.648 [FXGL Background Thread 3 ] DEBUG Engine               - isWindows: true
10:28:17.648 [FXGL Background Thread 3 ] DEBUG Engine               - language: ObjectProperty [value: ENGLISH]
10:28:17.648 [FXGL Background Thread 3 ] DEBUG Engine               - menuKey: ESCAPE
10:28:17.648 [FXGL Background Thread 3 ] DEBUG Engine               - mouseSensitivity: 0.2
10:28:17.648 [FXGL Background Thread 3 ] DEBUG Engine               - notificationViewClass: class com.almasb.fxgl.notification.view.XboxNotificationView
10:28:17.648 [FXGL Background Thread 3 ] DEBUG Engine               - pixelsPerMeter: 50.0
10:28:17.648 [FXGL Background Thread 3 ] DEBUG Engine               - platform: WINDOWS
10:28:17.648 [FXGL Background Thread 3 ] DEBUG Engine               - prefHeightProperty: ReadOnlyDoubleProperty [value: 600.0]
10:28:17.648 [FXGL Background Thread 3 ] DEBUG Engine               - prefWidthProperty: ReadOnlyDoubleProperty [value: 600.0]
10:28:17.648 [FXGL Background Thread 3 ] DEBUG Engine               - profileDir: profiles/
10:28:17.648 [FXGL Background Thread 3 ] DEBUG Engine               - profileName: StringProperty [value: DEFAULT]
10:28:17.648 [FXGL Background Thread 3 ] DEBUG Engine               - randomSeed: -1
10:28:17.649 [FXGL Background Thread 3 ] DEBUG Engine               - runtimeInfo: RuntimeInfo(platform=WINDOWS, version=17.1, build=24.03.2022 17.34)
10:28:17.649 [FXGL Background Thread 3 ] DEBUG Engine               - saveFileExt: sav
10:28:17.649 [FXGL Background Thread 3 ] DEBUG Engine               - scaledHeightProp$fxgl: DoubleProperty [bound, value: 600.0]
10:28:17.649 [FXGL Background Thread 3 ] DEBUG Engine               - scaledWidthProp$fxgl: DoubleProperty [bound, value: 600.0]
10:28:17.649 [FXGL Background Thread 3 ] DEBUG Engine               - sceneFactory: com.almasb.fxgl.app.scene.SceneFactory@5b2fed5e
10:28:17.649 [FXGL Background Thread 3 ] DEBUG Engine               - secondsIn24h: 60
10:28:17.649 [FXGL Background Thread 3 ] DEBUG Engine               - soundMenuBack: menu/back.wav
10:28:17.649 [FXGL Background Thread 3 ] DEBUG Engine               - soundMenuPress: menu/press.wav
10:28:17.649 [FXGL Background Thread 3 ] DEBUG Engine               - soundMenuSelect: menu/select.wav
10:28:17.649 [FXGL Background Thread 3 ] DEBUG Engine               - soundNotification: core/notification.wav
10:28:17.649 [FXGL Background Thread 3 ] DEBUG Engine               - stageStyle: DECORATED
10:28:17.649 [FXGL Background Thread 3 ] DEBUG Engine               - supportedLanguages: [ENGLISH, FRENCH, GERMAN, HUNGARIAN, RUSSIAN]
10:28:17.649 [FXGL Background Thread 3 ] DEBUG Engine               - ticksPerSecond: -1
10:28:17.649 [FXGL Background Thread 3 ] DEBUG Engine               - title: Academic Rumble
10:28:17.649 [FXGL Background Thread 3 ] DEBUG Engine               - urlGithub: https://github.com/AlmasB/FXGL
10:28:17.649 [FXGL Background Thread 3 ] DEBUG Engine               - urlLeaderboard: http://fxgl-top.herokuapp.com/
10:28:17.649 [FXGL Background Thread 3 ] DEBUG Engine               - urlPOM: https://raw.githubusercontent.com/AlmasB/FXGL/release/README.md
10:28:17.649 [FXGL Background Thread 3 ] DEBUG Engine               - userAppClass: class com.example.academicrumble.Game
10:28:17.649 [FXGL Background Thread 3 ] DEBUG Engine               - version: 1.0
10:28:17.649 [FXGL Background Thread 3 ] DEBUG Engine               - versionCheckDays: 7
10:28:17.650 [FXGL Background Thread 3 ] DEBUG Engine               - width: 600
10:28:17.650 [FXGL Background Thread 3 ] DEBUG Engine               - Logging services
10:28:17.650 [FXGL Background Thread 3 ] DEBUG Engine               - class com.almasb.fxgl.app.services.FXGLAssetLoaderService
10:28:17.650 [FXGL Background Thread 3 ] DEBUG Engine               - class com.almasb.fxgl.app.FXGLApplication$GameApplicationService
10:28:17.650 [FXGL Background Thread 3 ] DEBUG Engine               - class com.almasb.fxgl.app.services.FXGLDialogService
10:28:17.650 [FXGL Background Thread 3 ] DEBUG Engine               - class com.almasb.fxgl.app.services.IOTaskExecutorService
10:28:17.650 [FXGL Background Thread 3 ] DEBUG Engine               - class com.almasb.fxgl.io.FileSystemService
10:28:17.650 [FXGL Background Thread 3 ] DEBUG Engine               - class com.almasb.fxgl.localization.LocalizationService
10:28:17.650 [FXGL Background Thread 3 ] DEBUG Engine               - class com.almasb.fxgl.app.services.SystemBundleService
10:28:17.650 [FXGL Background Thread 3 ] DEBUG Engine               - class com.almasb.fxgl.profile.SaveLoadService
10:28:17.650 [FXGL Background Thread 3 ] DEBUG Engine               - class com.almasb.fxgl.ui.FXGLUIFactoryServiceProvider
10:28:17.650 [FXGL Background Thread 3 ] DEBUG Engine               - class com.almasb.fxgl.ui.FXGLDialogFactoryServiceProvider
10:28:17.650 [FXGL Background Thread 3 ] DEBUG Engine               - class com.almasb.fxgl.audio.AudioPlayer
10:28:17.650 [FXGL Background Thread 3 ] DEBUG Engine               - class com.almasb.fxgl.notification.impl.NotificationServiceProvider
10:28:17.650 [FXGL Background Thread 3 ] DEBUG Engine               - class com.almasb.fxgl.achievement.AchievementService
10:28:17.650 [FXGL Background Thread 3 ] DEBUG Engine               - class com.almasb.fxgl.cutscene.CutsceneService
10:28:17.650 [FXGL Background Thread 3 ] DEBUG Engine               - class com.almasb.fxgl.minigames.MiniGameService
10:28:17.650 [FXGL Background Thread 3 ] DEBUG Engine               - class com.almasb.fxgl.net.NetService
10:28:17.650 [FXGL Background Thread 3 ] DEBUG Engine               - class com.almasb.fxgl.app.services.UpdaterService
10:28:17.650 [FXGL Background Thread 3 ] DEBUG Engine               - class com.almasb.fxgl.dev.DevService
10:28:22.848 [JavaFX Application Thread] DEBUG FXGLApplication      - Exiting FXGL
10:28:22.848 [JavaFX Application Thread] DEBUG LoopRunner           - Stopping loop
10:28:22.848 [JavaFX Application Thread] DEBUG SystemBundleService  - Saving FXGL system data
10:28:22.850 [JavaFX Application Thread] DEBUG FileSystemAccess     - Writing to: C:\Users\jessy\OneDrive\School\Informatica\Leerjaar 1\Periode 3\IPOSE\code\AcademicRumble\system\fxgl.bundle
10:28:22.853 [JavaFX Application Thread] DEBUG Async                - Shutting down background threads
10:28:22.853 [JavaFX Application Thread] DEBUG PrimaryStageWindow   - Closing main window
10:28:22.865 [JavaFX Application Thread] DEBUG Logger               - Closing Logger
