09:49:24.281 [main                     ] DEBUG Logger               - Configured Logger
09:49:24.300 [main                     ] DEBUG GameApplication      - Logging settings
Title: Academic Rumble
Version: 1.0
Width: 800
Height: 600
Fullscreen: false
Intro: false
Profiling: false
Single step:false
App Mode: DEVELOPER
Menu Key: ESCAPE
Stage Style: DECORATED
Scene Factory: class com.almasb.fxgl.app.scene.SceneFactory

09:49:24.559 [JavaFX Application Thread] DEBUG FXGLApplication      - Initializing FXGL
09:49:24.563 [JavaFX Application Thread] INFO  Engine               - FXGL-17.1 (24.03.2022 17.34) on WINDOWS (J:18.0.2.1 FX:18.0.1)
09:49:24.564 [JavaFX Application Thread] DEBUG Engine               - JRE Vendor Name: Oracle Corporation
09:49:24.564 [JavaFX Application Thread] DEBUG Engine               - Running on OS: Windows 11 version 10.0
09:49:24.564 [JavaFX Application Thread] DEBUG Engine               - Architecture: amd64
09:49:24.564 [JavaFX Application Thread] INFO  Engine               - Source code and latest versions at: https://github.com/AlmasB/FXGL
09:49:24.564 [JavaFX Application Thread] INFO  Engine               -       Ask questions and discuss at: https://github.com/AlmasB/FXGL/discussions
09:49:24.565 [JavaFX Application Thread] INFO  Engine               -              Join the FXGL chat at: https://gitter.im/AlmasB/FXGL
09:49:24.630 [JavaFX Application Thread] DEBUG PrimaryStageWindow   - Creating a JavaFX scene
09:49:24.663 [JavaFX Application Thread] DEBUG PrimaryStageWindow   - Target settings size: 800.0 x 600.0
09:49:24.664 [JavaFX Application Thread] DEBUG PrimaryStageWindow   - Scaled scene size:    800.0 x 600.0
09:49:24.664 [JavaFX Application Thread] DEBUG PrimaryStageWindow   - Scaled ratio: (1.0, 1.0)
09:49:24.665 [JavaFX Application Thread] DEBUG PrimaryStageWindow   - Set initial scene to FXGLStartupScene
09:49:24.670 [JavaFX Application Thread] DEBUG PrimaryStageWindow   - Opening main window
09:49:24.727 [JavaFX Application Thread] DEBUG PrimaryStageWindow   - Window border size: (14.66668701171875, 37.33331298828125)
09:49:24.727 [JavaFX Application Thread] DEBUG PrimaryStageWindow   - Scaled size: 800.0 x 600.0
09:49:24.727 [JavaFX Application Thread] DEBUG PrimaryStageWindow   - Scaled ratio: (1.0, 1.0)
09:49:24.727 [JavaFX Application Thread] DEBUG PrimaryStageWindow   - Scene size: 800.0 x 600.0
09:49:24.729 [JavaFX Application Thread] DEBUG PrimaryStageWindow   - Stage size: 814.6666870117188 x 637.3333129882812
09:49:24.734 [FXGL Background Thread 1 ] DEBUG Engine               - Initializing environment variables
09:49:24.770 [FXGL Background Thread 1 ] DEBUG FXGLAssetLoaderServi - User app class for loading assets: class com.example.academicrumble.Game
09:49:24.770 [FXGL Background Thread 1 ] DEBUG GameApplicationServi - Applying CSS: fxgl_dark.css
09:49:24.771 [FXGL Background Thread 1 ] DEBUG FXGLAssetLoaderServi - Loading from file system: jar:file:///C:/Users/Ruben/.m2/repository/com/github/almasb/fxgl/17.1/fxgl-17.1.jar!/fxglassets/ui/css/fxgl_dark.css
09:49:24.806 [FXGL Background Thread 1 ] DEBUG GameApplicationServi - Initializing application scenes
09:49:24.839 [FXGL Background Thread 1 ] DEBUG GameWorld            - Game world initialized
09:49:24.882 [FXGL Background Thread 1 ] DEBUG PhysicsWorld         - Physics world initialized: appHeight=600, physics.ppm=50,0
09:49:24.882 [FXGL Background Thread 1 ] DEBUG PhysicsWorld         - Using strategy: BRUTE_FORCE
09:49:24.886 [FXGL Background Thread 1 ] DEBUG GameScene            - Game scene initialized: 800x600
09:49:24.896 [FXGL Background Thread 1 ] DEBUG FXGL.DefaultMenu     - createMenuBodyGameMenu()
09:49:24.905 [FXGL Background Thread 1 ] DEBUG FXGL.DefaultMenu     - createOptionsMenu()
09:49:24.913 [FXGL Background Thread 1 ] DEBUG FXGLAssetLoaderServi - Loading from file system: jar:file:///C:/Users/Ruben/.m2/repository/com/github/almasb/fxgl/17.1/fxgl-17.1.jar!/fxglassets/textures/particles/smoke.png
09:49:24.984 [FXGL Background Thread 1 ] DEBUG FXGLAssetLoaderServi - Loading from file system: jar:file:///C:/Users/Ruben/.m2/repository/com/github/almasb/fxgl/17.1/fxgl-17.1.jar!/fxglassets/textures/particles/trace_horizontal.png
09:49:25.007 [FXGL Background Thread 1 ] DEBUG GameApplicationServi - Application scenes initialized
09:49:25.015 [FXGL Background Thread 1 ] DEBUG SystemBundleService  - Loading FXGL system data
09:49:25.019 [FXGL Background Thread 1 ] DEBUG FileSystemAccess     - Reading from: C:\Users\Ruben\IdeaProjects\AcademicRumble\system\fxgl.bundle
09:49:25.025 [FXGL Background Thread 1 ] DEBUG SystemBundleService  - Bundle FXGL: {}
09:49:25.025 [FXGL Background Thread 1 ] DEBUG UpdaterService       - Checking for updates
09:49:25.028 [FXGL Background Thread 4 ] DEBUG FXGLApplication      - Loading fonts
09:49:25.028 [FXGL Background Thread 4 ] DEBUG FXGLAssetLoaderServi - Loading from file system: jar:file:///C:/Users/Ruben/.m2/repository/com/github/almasb/fxgl/17.1/fxgl-17.1.jar!/fxglassets/ui/fonts/VarelaRound-Regular.ttf
09:49:25.028 [FXGL Background Thread 1 ] DEBUG FXGLApplication      - Loading default localization
09:49:25.028 [FXGL Background Thread 1 ] DEBUG FXGLAssetLoaderServi - Loading from file system: jar:file:///C:/Users/Ruben/.m2/repository/com/github/almasb/fxgl/17.1/fxgl-17.1.jar!/fxglassets/languages/english.lang
09:49:25.053 [FXGL Background Thread 1 ] INFO  FXGLApplication      - FXGL initialization took: 0,320 sec
09:49:25.063 [JavaFX Application Thread] DEBUG Input                - Registered new binding: action0 - D
09:49:25.064 [JavaFX Application Thread] DEBUG Input                - Registered new binding: action1 - A
09:49:25.064 [JavaFX Application Thread] DEBUG Input                - Registered new binding: action2 - Space
09:49:25.065 [JavaFX Application Thread] DEBUG FXGLAssetLoaderServi - Loading from file system: jar:file:///C:/Users/Ruben/.m2/repository/com/github/almasb/fxgl/17.1/fxgl-17.1.jar!/fxglassets/textures/fxgl_icon.png
09:49:25.074 [FXGL Background Thread 4 ] DEBUG FXGLAssetLoaderServi - Loading from file system: jar:file:///C:/Users/Ruben/.m2/repository/com/github/almasb/fxgl/17.1/fxgl-17.1.jar!/fxglassets/ui/fonts/Abel-Regular.ttf
09:49:25.077 [FXGL Background Thread 4 ] DEBUG FXGLAssetLoaderServi - Loading from file system: jar:file:///C:/Users/Ruben/.m2/repository/com/github/almasb/fxgl/17.1/fxgl-17.1.jar!/fxglassets/ui/fonts/TerminalLandMono-Regular.otf
09:49:25.079 [FXGL Background Thread 4 ] DEBUG FXGLAssetLoaderServi - Loading from file system: jar:file:///C:/Users/Ruben/.m2/repository/com/github/almasb/fxgl/17.1/fxgl-17.1.jar!/fxglassets/ui/fonts/Courier-Prime.ttf
09:49:25.083 [JavaFX Application Thread] DEBUG FXGLAssetLoaderServi - Loading from file system: jar:file:///C:/Users/Ruben/.m2/repository/com/github/almasb/fxgl/17.1/fxgl-17.1.jar!/fxglassets/textures/fxgl_default_cursor.png
09:49:25.086 [JavaFX Application Thread] DEBUG Input                - Registered new binding: Screenshot - CTRL+8
09:49:25.086 [JavaFX Application Thread] DEBUG Input                - Registered new binding: System info dump - CTRL+9
09:49:25.086 [JavaFX Application Thread] DEBUG Input                - Registered new binding: Restart - CTRL+R
09:49:25.087 [JavaFX Application Thread] DEBUG Input                - Registered new binding: Toggle Debug Camera - CTRL+7
09:49:25.090 [JavaFX Application Thread] DEBUG LoopRunner           - Starting loop
09:49:25.090 [JavaFX Application Thread] DEBUG LoopRunner           - Initializing JavaFX AnimationTimerLoop
09:49:25.093 [JavaFX Application Thread] DEBUG GameApplicationServi - Starting new game
09:49:25.095 [JavaFX Application Thread] DEBUG Input                - Clearing active input actions
09:49:25.106 [JavaFX Application Thread] DEBUG GameApplicationServi - Removing overlay from FXGLStartupScene and adding to FXGLLoadingScene
09:49:25.106 [JavaFX Application Thread] DEBUG PrimaryStageWindow   - FXGLStartupScene -> FXGLLoadingScene
09:49:25.106 [JavaFX Application Thread] DEBUG GameApplicationServi - Clearing previous game
09:49:25.106 [JavaFX Application Thread] DEBUG GameScene            - Clearing game scene
09:49:25.106 [JavaFX Application Thread] DEBUG GameWorld            - Clearing game world
09:49:25.106 [JavaFX Application Thread] DEBUG PhysicsWorld         - Clearing physics world
09:49:25.109 [JavaFX Application Thread] DEBUG FXGLApplication      - Registering font factories with UI factory
09:49:25.109 [FXGL Background Thread 4 ] DEBUG FXGLApplication      - Initializing game
09:49:25.118 [FXGL Background Thread 4 ] WARN  FXGLAssetLoaderServi - Asset "/assets/levels/tmx/naamloos.tmx" was not found!
09:49:25.145 [JavaFX Application Thread] DEBUG LoopRunner           - Stopping loop
09:49:25.148 [JavaFX Application Thread] FATAL FXGLApplication      - Uncaught Exception:
java.lang.RuntimeException: Initialization failed
	at com.almasb.fxgl.all@17.1/com.almasb.fxgl.app.FXGLApplication$InitAppTask.failed(FXGLApplication.kt:343)
	at javafx.graphics@18.0.1/javafx.concurrent.Task.setState(Task.java:710)
	at javafx.graphics@18.0.1/javafx.concurrent.Task$TaskCallable.lambda$call$2(Task.java:1456)
	at javafx.graphics@18.0.1/com.sun.javafx.application.PlatformImpl.lambda$runLater$10(PlatformImpl.java:457)
	at java.base/java.security.AccessController.doPrivileged(AccessController.java:399)
	at javafx.graphics@18.0.1/com.sun.javafx.application.PlatformImpl.lambda$runLater$11(PlatformImpl.java:456)
	at javafx.graphics@18.0.1/com.sun.glass.ui.InvokeLaterDispatcher$Future.run(InvokeLaterDispatcher.java:96)
	at javafx.graphics@18.0.1/com.sun.glass.ui.win.WinApplication._runLoop(Native Method)
	at javafx.graphics@18.0.1/com.sun.glass.ui.win.WinApplication.lambda$runLoop$3(WinApplication.java:184)
	at java.base/java.lang.Thread.run(Thread.java:833)
Caused by: java.lang.IllegalArgumentException: Loading level failed. Asset not found: tmx/naamloos.tmx
	at com.almasb.fxgl.all@17.1/com.almasb.fxgl.app.services.FXGLAssetLoaderService.loadLevel(FXGLAssetLoaderService.kt:443)
	at com.almasb.fxgl.all@17.1/com.almasb.fxgl.dsl.FXGL$Companion.setLevelFromMap(FXGL.kt:634)
	at com.almasb.fxgl.all@17.1/com.almasb.fxgl.dsl.FXGL.setLevelFromMap(FXGL.kt)
	at com.example.academicrumble/com.example.academicrumble.Game.initGame(Game.java:36)
	at com.almasb.fxgl.all@17.1/com.almasb.fxgl.app.FXGLApplication$InitAppTask.initGame(FXGLApplication.kt:339)
	at com.almasb.fxgl.all@17.1/com.almasb.fxgl.app.FXGLApplication$InitAppTask.call(FXGLApplication.kt:319)
	at com.almasb.fxgl.all@17.1/com.almasb.fxgl.app.FXGLApplication$InitAppTask.call(FXGLApplication.kt:311)
	at javafx.graphics@18.0.1/javafx.concurrent.Task$TaskCallable.call(Task.java:1426)
	at java.base/java.util.concurrent.FutureTask.run(FutureTask.java:264)
	at java.base/java.util.concurrent.Executors$RunnableAdapter.call(Executors.java:539)
	at java.base/java.util.concurrent.FutureTask.run(FutureTask.java:264)
	at java.base/java.util.concurrent.ThreadPoolExecutor.runWorker(ThreadPoolExecutor.java:1136)
	at java.base/java.util.concurrent.ThreadPoolExecutor$Worker.run(ThreadPoolExecutor.java:635)
	... 1 more

09:49:25.149 [JavaFX Application Thread] FATAL FXGLApplication      - Application will now exit
09:49:25.161 [JavaFX Application Thread] DEBUG PrimaryStageWindow   - Push state: ErrorSubScene
09:49:25.161 [JavaFX Application Thread] DEBUG Input                - Clearing active input actions
09:49:25.172 [JavaFX Application Thread] DEBUG GameApplicationServi - Removing overlay from FXGLLoadingScene and adding to ErrorSubScene
09:49:25.172 [JavaFX Application Thread] DEBUG PrimaryStageWindow   - FXGLLoadingScene -> ErrorSubScene
09:49:25.358 [FXGL Background Thread 2 ] INFO  UpdaterService       - Your current version:  17.1
09:49:25.358 [FXGL Background Thread 2 ] INFO  UpdaterService       - Latest stable version: 17.3
09:49:28.028 [FXGL Background Thread 3 ] DEBUG Engine               - Logging environment variables
09:49:28.028 [FXGL Background Thread 3 ] DEBUG Engine               - achievements: []
09:49:28.028 [FXGL Background Thread 3 ] DEBUG Engine               - actualHeight: 600.0
09:49:28.028 [FXGL Background Thread 3 ] DEBUG Engine               - actualHeightProperty: ReadOnlyDoubleProperty [value: 600.0]
09:49:28.028 [FXGL Background Thread 3 ] DEBUG Engine               - actualWidth: 800.0
09:49:28.029 [FXGL Background Thread 3 ] DEBUG Engine               - actualWidthProperty: ReadOnlyDoubleProperty [value: 800.0]
09:49:28.029 [FXGL Background Thread 3 ] DEBUG Engine               - appIcon: fxgl_icon.png
09:49:28.029 [FXGL Background Thread 3 ] DEBUG Engine               - applicationMode: DEVELOPER
09:49:28.029 [FXGL Background Thread 3 ] DEBUG Engine               - cSSList: [fxgl_dark.css]
09:49:28.029 [FXGL Background Thread 3 ] DEBUG Engine               - collisionDetectionStrategy: BRUTE_FORCE
09:49:28.029 [FXGL Background Thread 3 ] DEBUG Engine               - configClass: Optional.empty
09:49:28.029 [FXGL Background Thread 3 ] DEBUG Engine               - credits: []
09:49:28.029 [FXGL Background Thread 3 ] DEBUG Engine               - defaultCursor: CursorInfo(imageName=fxgl_default_cursor.png, hotspotX=7.0, hotspotY=6.0)
09:49:28.029 [FXGL Background Thread 3 ] DEBUG Engine               - devBBoxColorProperty: ObjectProperty [value: 0xff0000ff]
09:49:28.029 [FXGL Background Thread 3 ] DEBUG Engine               - devEnableDebugCameraProperty: BooleanProperty [value: false]
09:49:28.029 [FXGL Background Thread 3 ] DEBUG Engine               - devSensorColorProperty: ObjectProperty [value: 0xffff00ff]
09:49:28.029 [FXGL Background Thread 3 ] DEBUG Engine               - devShowBBoxProperty: BooleanProperty [value: false]
09:49:28.029 [FXGL Background Thread 3 ] DEBUG Engine               - devShowPositionProperty: BooleanProperty [value: false]
09:49:28.029 [FXGL Background Thread 3 ] DEBUG Engine               - enabledMenuItems: []
09:49:28.029 [FXGL Background Thread 3 ] DEBUG Engine               - engineServices: [class com.almasb.fxgl.app.services.FXGLAssetLoaderService, class com.almasb.fxgl.app.FXGLApplication$GameApplicationService, class com.almasb.fxgl.app.services.FXGLDialogService, class com.almasb.fxgl.app.services.IOTaskExecutorService, class com.almasb.fxgl.io.FileSystemService, class com.almasb.fxgl.localization.LocalizationService, class com.almasb.fxgl.app.services.SystemBundleService, class com.almasb.fxgl.profile.SaveLoadService, class com.almasb.fxgl.ui.FXGLUIFactoryServiceProvider, class com.almasb.fxgl.ui.FXGLDialogFactoryServiceProvider, class com.almasb.fxgl.audio.AudioPlayer, class com.almasb.fxgl.notification.impl.NotificationServiceProvider, class com.almasb.fxgl.achievement.AchievementService, class com.almasb.fxgl.cutscene.CutsceneService, class com.almasb.fxgl.minigames.MiniGameService, class com.almasb.fxgl.net.NetService, class com.almasb.fxgl.app.services.UpdaterService, class com.almasb.fxgl.dev.DevService]
09:49:28.029 [FXGL Background Thread 3 ] DEBUG Engine               - fontGame: Abel-Regular.ttf
09:49:28.030 [FXGL Background Thread 3 ] DEBUG Engine               - fontMono: TerminalLandMono-Regular.otf
09:49:28.030 [FXGL Background Thread 3 ] DEBUG Engine               - fontText: Courier-Prime.ttf
09:49:28.030 [FXGL Background Thread 3 ] DEBUG Engine               - fontUI: VarelaRound-Regular.ttf
09:49:28.030 [FXGL Background Thread 3 ] DEBUG Engine               - fullScreen: BooleanProperty [value: false]
09:49:28.030 [FXGL Background Thread 3 ] DEBUG Engine               - gameDifficulty: MEDIUM
09:49:28.030 [FXGL Background Thread 3 ] DEBUG Engine               - gameDifficultyProperty: ObjectProperty [value: MEDIUM]
09:49:28.030 [FXGL Background Thread 3 ] DEBUG Engine               - globalMusicVolume: 0.5
09:49:28.030 [FXGL Background Thread 3 ] DEBUG Engine               - globalMusicVolumeProperty: DoubleProperty [value: 0.5]
09:49:28.030 [FXGL Background Thread 3 ] DEBUG Engine               - globalSoundVolume: 0.5
09:49:28.030 [FXGL Background Thread 3 ] DEBUG Engine               - globalSoundVolumeProperty: DoubleProperty [value: 0.5]
09:49:28.030 [FXGL Background Thread 3 ] DEBUG Engine               - height: 600
09:49:28.030 [FXGL Background Thread 3 ] DEBUG Engine               - is3D: false
09:49:28.030 [FXGL Background Thread 3 ] DEBUG Engine               - isAndroid: false
09:49:28.030 [FXGL Background Thread 3 ] DEBUG Engine               - isBrowser: false
09:49:28.030 [FXGL Background Thread 3 ] DEBUG Engine               - isClickFeedbackEnabled: false
09:49:28.030 [FXGL Background Thread 3 ] DEBUG Engine               - isCloseConfirmation: false
09:49:28.030 [FXGL Background Thread 3 ] DEBUG Engine               - isDesktop: true
09:49:28.030 [FXGL Background Thread 3 ] DEBUG Engine               - isDeveloperMenuEnabled: false
09:49:28.030 [FXGL Background Thread 3 ] DEBUG Engine               - isEmbedded: false
09:49:28.030 [FXGL Background Thread 3 ] DEBUG Engine               - isEntityPreloadEnabled: true
09:49:28.030 [FXGL Background Thread 3 ] DEBUG Engine               - isExperimentalTiledLargeMap: false
09:49:28.030 [FXGL Background Thread 3 ] DEBUG Engine               - isFileSystemWriteAllowed: true
09:49:28.030 [FXGL Background Thread 3 ] DEBUG Engine               - isFullScreenAllowed: false
09:49:28.030 [FXGL Background Thread 3 ] DEBUG Engine               - isFullScreenFromStart: false
09:49:28.030 [FXGL Background Thread 3 ] DEBUG Engine               - isGameMenuEnabled: true
09:49:28.030 [FXGL Background Thread 3 ] DEBUG Engine               - isIOS: false
09:49:28.030 [FXGL Background Thread 3 ] DEBUG Engine               - isIntroEnabled: false
09:49:28.030 [FXGL Background Thread 3 ] DEBUG Engine               - isLinux: false
09:49:28.030 [FXGL Background Thread 3 ] DEBUG Engine               - isMac: false
09:49:28.030 [FXGL Background Thread 3 ] DEBUG Engine               - isMainMenuEnabled: false
09:49:28.030 [FXGL Background Thread 3 ] DEBUG Engine               - isManualResizeEnabled: false
09:49:28.030 [FXGL Background Thread 3 ] DEBUG Engine               - isMobile: false
09:49:28.031 [FXGL Background Thread 3 ] DEBUG Engine               - isNative: false
09:49:28.031 [FXGL Background Thread 3 ] DEBUG Engine               - isPauseMusicWhenMinimized: true
09:49:28.031 [FXGL Background Thread 3 ] DEBUG Engine               - isPreserveResizeRatio: false
09:49:28.031 [FXGL Background Thread 3 ] DEBUG Engine               - isProfilingEnabled: false
09:49:28.031 [FXGL Background Thread 3 ] DEBUG Engine               - isScaleAffectedOnResize: true
09:49:28.031 [FXGL Background Thread 3 ] DEBUG Engine               - isSingleStep: false
09:49:28.031 [FXGL Background Thread 3 ] DEBUG Engine               - isUserProfileEnabled: false
09:49:28.031 [FXGL Background Thread 3 ] DEBUG Engine               - isWindows: true
09:49:28.031 [FXGL Background Thread 3 ] DEBUG Engine               - language: ObjectProperty [value: ENGLISH]
09:49:28.031 [FXGL Background Thread 3 ] DEBUG Engine               - menuKey: ESCAPE
09:49:28.031 [FXGL Background Thread 3 ] DEBUG Engine               - mouseSensitivity: 0.2
09:49:28.031 [FXGL Background Thread 3 ] DEBUG Engine               - notificationViewClass: class com.almasb.fxgl.notification.view.XboxNotificationView
09:49:28.031 [FXGL Background Thread 3 ] DEBUG Engine               - pixelsPerMeter: 50.0
09:49:28.031 [FXGL Background Thread 3 ] DEBUG Engine               - platform: WINDOWS
09:49:28.031 [FXGL Background Thread 3 ] DEBUG Engine               - prefHeightProperty: ReadOnlyDoubleProperty [value: 600.0]
09:49:28.031 [FXGL Background Thread 3 ] DEBUG Engine               - prefWidthProperty: ReadOnlyDoubleProperty [value: 800.0]
09:49:28.031 [FXGL Background Thread 3 ] DEBUG Engine               - profileDir: profiles/
09:49:28.031 [FXGL Background Thread 3 ] DEBUG Engine               - profileName: StringProperty [value: DEFAULT]
09:49:28.031 [FXGL Background Thread 3 ] DEBUG Engine               - randomSeed: -1
09:49:28.031 [FXGL Background Thread 3 ] DEBUG Engine               - runtimeInfo: RuntimeInfo(platform=WINDOWS, version=17.1, build=24.03.2022 17.34)
09:49:28.031 [FXGL Background Thread 3 ] DEBUG Engine               - saveFileExt: sav
09:49:28.031 [FXGL Background Thread 3 ] DEBUG Engine               - scaledHeightProp$fxgl: DoubleProperty [bound, value: 600.0]
09:49:28.031 [FXGL Background Thread 3 ] DEBUG Engine               - scaledWidthProp$fxgl: DoubleProperty [bound, value: 800.0]
09:49:28.031 [FXGL Background Thread 3 ] DEBUG Engine               - sceneFactory: com.almasb.fxgl.app.scene.SceneFactory@3c9ee559
09:49:28.031 [FXGL Background Thread 3 ] DEBUG Engine               - secondsIn24h: 60
09:49:28.031 [FXGL Background Thread 3 ] DEBUG Engine               - soundMenuBack: menu/back.wav
09:49:28.031 [FXGL Background Thread 3 ] DEBUG Engine               - soundMenuPress: menu/press.wav
09:49:28.031 [FXGL Background Thread 3 ] DEBUG Engine               - soundMenuSelect: menu/select.wav
09:49:28.031 [FXGL Background Thread 3 ] DEBUG Engine               - soundNotification: core/notification.wav
09:49:28.031 [FXGL Background Thread 3 ] DEBUG Engine               - stageStyle: DECORATED
09:49:28.032 [FXGL Background Thread 3 ] DEBUG Engine               - supportedLanguages: [ENGLISH, FRENCH, GERMAN, HUNGARIAN, RUSSIAN]
09:49:28.032 [FXGL Background Thread 3 ] DEBUG Engine               - ticksPerSecond: -1
09:49:28.032 [FXGL Background Thread 3 ] DEBUG Engine               - title: Academic Rumble
09:49:28.032 [FXGL Background Thread 3 ] DEBUG Engine               - urlGithub: https://github.com/AlmasB/FXGL
09:49:28.032 [FXGL Background Thread 3 ] DEBUG Engine               - urlLeaderboard: http://fxgl-top.herokuapp.com/
09:49:28.032 [FXGL Background Thread 3 ] DEBUG Engine               - urlPOM: https://raw.githubusercontent.com/AlmasB/FXGL/release/README.md
09:49:28.032 [FXGL Background Thread 3 ] DEBUG Engine               - userAppClass: class com.example.academicrumble.Game
09:49:28.032 [FXGL Background Thread 3 ] DEBUG Engine               - version: 1.0
09:49:28.032 [FXGL Background Thread 3 ] DEBUG Engine               - versionCheckDays: 7
09:49:28.032 [FXGL Background Thread 3 ] DEBUG Engine               - width: 800
09:49:28.032 [FXGL Background Thread 3 ] DEBUG Engine               - Logging services
09:49:28.032 [FXGL Background Thread 3 ] DEBUG Engine               - class com.almasb.fxgl.app.services.FXGLAssetLoaderService
09:49:28.032 [FXGL Background Thread 3 ] DEBUG Engine               - class com.almasb.fxgl.app.FXGLApplication$GameApplicationService
09:49:28.032 [FXGL Background Thread 3 ] DEBUG Engine               - class com.almasb.fxgl.app.services.FXGLDialogService
09:49:28.032 [FXGL Background Thread 3 ] DEBUG Engine               - class com.almasb.fxgl.app.services.IOTaskExecutorService
09:49:28.032 [FXGL Background Thread 3 ] DEBUG Engine               - class com.almasb.fxgl.io.FileSystemService
09:49:28.032 [FXGL Background Thread 3 ] DEBUG Engine               - class com.almasb.fxgl.localization.LocalizationService
09:49:28.032 [FXGL Background Thread 3 ] DEBUG Engine               - class com.almasb.fxgl.app.services.SystemBundleService
09:49:28.032 [FXGL Background Thread 3 ] DEBUG Engine               - class com.almasb.fxgl.profile.SaveLoadService
09:49:28.032 [FXGL Background Thread 3 ] DEBUG Engine               - class com.almasb.fxgl.ui.FXGLUIFactoryServiceProvider
09:49:28.032 [FXGL Background Thread 3 ] DEBUG Engine               - class com.almasb.fxgl.ui.FXGLDialogFactoryServiceProvider
09:49:28.032 [FXGL Background Thread 3 ] DEBUG Engine               - class com.almasb.fxgl.audio.AudioPlayer
09:49:28.032 [FXGL Background Thread 3 ] DEBUG Engine               - class com.almasb.fxgl.notification.impl.NotificationServiceProvider
09:49:28.032 [FXGL Background Thread 3 ] DEBUG Engine               - class com.almasb.fxgl.achievement.AchievementService
09:49:28.032 [FXGL Background Thread 3 ] DEBUG Engine               - class com.almasb.fxgl.cutscene.CutsceneService
09:49:28.032 [FXGL Background Thread 3 ] DEBUG Engine               - class com.almasb.fxgl.minigames.MiniGameService
09:49:28.032 [FXGL Background Thread 3 ] DEBUG Engine               - class com.almasb.fxgl.net.NetService
09:49:28.032 [FXGL Background Thread 3 ] DEBUG Engine               - class com.almasb.fxgl.app.services.UpdaterService
09:49:28.032 [FXGL Background Thread 3 ] DEBUG Engine               - class com.almasb.fxgl.dev.DevService
09:51:06.785 [JavaFX Application Thread] DEBUG FXGLApplication      - Exiting FXGL
09:51:06.785 [JavaFX Application Thread] DEBUG Async                - Shutting down background threads
09:51:06.785 [JavaFX Application Thread] DEBUG PrimaryStageWindow   - Closing main window
09:51:06.807 [JavaFX Application Thread] DEBUG Logger               - Closing Logger
