10:55:24.737 [main                     ] DEBUG Logger               - Configured Logger
10:55:24.762 [main                     ] DEBUG GameApplication      - Logging settings
Title: Academic Rumble
Version: 1.0
Width: 1280
Height: 640
Fullscreen: false
Intro: false
Profiling: false
Single step:false
App Mode: DEVELOPER
Menu Key: ESCAPE
Stage Style: DECORATED
Scene Factory: class com.example.academicrumble.MySceneFactory

10:55:25.167 [JavaFX Application Thread] DEBUG FXGLApplication      - Initializing FXGL
10:55:25.171 [JavaFX Application Thread] INFO  Engine               - FXGL-17.1 (24.03.2022 17.34) on WINDOWS (J:18.0.2 FX:18.0.1)
10:55:25.171 [JavaFX Application Thread] DEBUG Engine               - JRE Vendor Name: Amazon.com Inc.
10:55:25.172 [JavaFX Application Thread] DEBUG Engine               - Running on OS: Windows 11 version 10.0
10:55:25.172 [JavaFX Application Thread] DEBUG Engine               - Architecture: amd64
10:55:25.172 [JavaFX Application Thread] INFO  Engine               - Source code and latest versions at: https://github.com/AlmasB/FXGL
10:55:25.172 [JavaFX Application Thread] INFO  Engine               -       Ask questions and discuss at: https://github.com/AlmasB/FXGL/discussions
10:55:25.173 [JavaFX Application Thread] INFO  Engine               -              Join the FXGL chat at: https://gitter.im/AlmasB/FXGL
10:55:25.246 [JavaFX Application Thread] DEBUG PrimaryStageWindow   - Creating a JavaFX scene
10:55:25.282 [JavaFX Application Thread] DEBUG PrimaryStageWindow   - Target settings size: 1280.0 x 640.0
10:55:25.282 [JavaFX Application Thread] DEBUG PrimaryStageWindow   - Scaled scene size:    1280.0 x 640.0
10:55:25.282 [JavaFX Application Thread] DEBUG PrimaryStageWindow   - Scaled ratio: (1.0, 1.0)
10:55:25.283 [JavaFX Application Thread] DEBUG PrimaryStageWindow   - Set initial scene to FXGLStartupScene
10:55:25.289 [JavaFX Application Thread] DEBUG PrimaryStageWindow   - Opening main window
10:55:25.367 [JavaFX Application Thread] DEBUG PrimaryStageWindow   - Window border size: (16.0, 39.0)
10:55:25.367 [JavaFX Application Thread] DEBUG PrimaryStageWindow   - Scaled size: 1280.0 x 640.0
10:55:25.367 [JavaFX Application Thread] DEBUG PrimaryStageWindow   - Scaled ratio: (1.0, 1.0)
10:55:25.368 [JavaFX Application Thread] DEBUG PrimaryStageWindow   - Scene size: 1280.0 x 640.0
10:55:25.368 [JavaFX Application Thread] DEBUG PrimaryStageWindow   - Stage size: 1296.0 x 679.0
10:55:25.376 [FXGL Background Thread 1 ] DEBUG Engine               - Initializing environment variables
10:55:25.432 [FXGL Background Thread 1 ] DEBUG FXGLAssetLoaderServi - User app class for loading assets: class com.example.academicrumble.Game
10:55:25.432 [FXGL Background Thread 1 ] DEBUG GameApplicationServi - Applying CSS: fxgl_dark.css
10:55:25.433 [FXGL Background Thread 1 ] DEBUG FXGLAssetLoaderServi - Loading from file system: jar:file:///C:/Users/pelle/.m2/repository/com/github/almasb/fxgl/17.1/fxgl-17.1.jar!/fxglassets/ui/css/fxgl_dark.css
10:55:25.479 [FXGL Background Thread 1 ] DEBUG GameApplicationServi - Initializing application scenes
10:55:25.515 [FXGL Background Thread 1 ] DEBUG GameWorld            - Game world initialized
10:55:25.570 [FXGL Background Thread 1 ] DEBUG PhysicsWorld         - Physics world initialized: appHeight=640, physics.ppm=50,0
10:55:25.571 [FXGL Background Thread 1 ] DEBUG PhysicsWorld         - Using strategy: BRUTE_FORCE
10:55:25.575 [FXGL Background Thread 1 ] DEBUG GameScene            - Game scene initialized: 1280x640
10:55:25.627 [FXGL Background Thread 1 ] DEBUG FXGL.DefaultMenu     - createMenuBodyGameMenu()
10:55:25.636 [FXGL Background Thread 1 ] DEBUG FXGL.DefaultMenu     - createOptionsMenu()
10:55:25.642 [FXGL Background Thread 1 ] DEBUG FXGLAssetLoaderServi - Loading from file system: jar:file:///C:/Users/pelle/.m2/repository/com/github/almasb/fxgl/17.1/fxgl-17.1.jar!/fxglassets/textures/particles/smoke.png
10:55:25.728 [FXGL Background Thread 1 ] DEBUG FXGLAssetLoaderServi - Loading from file system: jar:file:///C:/Users/pelle/.m2/repository/com/github/almasb/fxgl/17.1/fxgl-17.1.jar!/fxglassets/textures/particles/trace_horizontal.png
10:55:25.755 [FXGL Background Thread 1 ] DEBUG GameApplicationServi - Application scenes initialized
10:55:25.765 [FXGL Background Thread 1 ] DEBUG SystemBundleService  - Loading FXGL system data
10:55:25.770 [FXGL Background Thread 1 ] DEBUG FileSystemAccess     - Reading from: D:\Leiden\Challange Week\AcademicRumble\system\fxgl.bundle
10:55:25.778 [FXGL Background Thread 1 ] DEBUG SystemBundleService  - Bundle FXGL: {}
10:55:25.778 [FXGL Background Thread 1 ] DEBUG UpdaterService       - Checking for updates
10:55:25.782 [FXGL Background Thread 4 ] DEBUG FXGLApplication      - Loading fonts
10:55:25.782 [FXGL Background Thread 4 ] DEBUG FXGLAssetLoaderServi - Loading from file system: jar:file:///C:/Users/pelle/.m2/repository/com/github/almasb/fxgl/17.1/fxgl-17.1.jar!/fxglassets/ui/fonts/VarelaRound-Regular.ttf
10:55:25.783 [FXGL Background Thread 1 ] DEBUG FXGLApplication      - Loading default localization
10:55:25.783 [FXGL Background Thread 1 ] DEBUG FXGLAssetLoaderServi - Loading from file system: jar:file:///C:/Users/pelle/.m2/repository/com/github/almasb/fxgl/17.1/fxgl-17.1.jar!/fxglassets/languages/english.lang
10:55:25.804 [FXGL Background Thread 1 ] INFO  FXGLApplication      - FXGL initialization took: 0,428 sec
10:55:25.816 [JavaFX Application Thread] DEBUG Input                - Registered new binding: Move Left - A
10:55:25.817 [JavaFX Application Thread] DEBUG Input                - Registered new binding: Move Right - D
10:55:25.818 [JavaFX Application Thread] DEBUG Input                - Registered new binding: Move Up - Space
10:55:25.819 [JavaFX Application Thread] DEBUG Input                - Registered new binding: action0 - Tab
10:55:25.819 [JavaFX Application Thread] DEBUG Input                - Registered new binding: eMove Left - Left
10:55:25.820 [JavaFX Application Thread] DEBUG Input                - Registered new binding: eMove Right - Right
10:55:25.821 [JavaFX Application Thread] DEBUG Input                - Registered new binding: eMove Up - Up
10:55:25.822 [JavaFX Application Thread] DEBUG Input                - Registered new binding: action1 - Slash
10:55:25.822 [JavaFX Application Thread] DEBUG FXGLAssetLoaderServi - Loading from file system: jar:file:///C:/Users/pelle/.m2/repository/com/github/almasb/fxgl/17.1/fxgl-17.1.jar!/fxglassets/textures/fxgl_icon.png
10:55:25.841 [JavaFX Application Thread] DEBUG FXGLAssetLoaderServi - Loading from file system: jar:file:///C:/Users/pelle/.m2/repository/com/github/almasb/fxgl/17.1/fxgl-17.1.jar!/fxglassets/textures/fxgl_default_cursor.png
10:55:25.844 [JavaFX Application Thread] DEBUG Input                - Registered new binding: Screenshot - CTRL+8
10:55:25.845 [JavaFX Application Thread] DEBUG Input                - Registered new binding: System info dump - CTRL+9
10:55:25.845 [JavaFX Application Thread] DEBUG Input                - Registered new binding: Restart - CTRL+R
10:55:25.847 [JavaFX Application Thread] DEBUG Input                - Registered new binding: Toggle Debug Camera - CTRL+7
10:55:25.850 [JavaFX Application Thread] DEBUG LoopRunner           - Starting loop
10:55:25.851 [JavaFX Application Thread] DEBUG LoopRunner           - Initializing JavaFX AnimationTimerLoop
10:55:25.854 [JavaFX Application Thread] DEBUG Input                - Clearing active input actions
10:55:25.861 [JavaFX Application Thread] DEBUG GameApplicationServi - Removing overlay from FXGLStartupScene and adding to FXGLMainMenuDummyScene
10:55:25.862 [JavaFX Application Thread] DEBUG PrimaryStageWindow   - FXGLStartupScene -> FXGLMainMenuDummyScene
10:55:25.862 [JavaFX Application Thread] DEBUG PrimaryStageWindow   - Push state: CharacterSelect
10:55:25.862 [JavaFX Application Thread] DEBUG Input                - Clearing active input actions
10:55:25.865 [JavaFX Application Thread] DEBUG GameApplicationServi - Removing overlay from FXGLMainMenuDummyScene and adding to CharacterSelect
10:55:25.866 [JavaFX Application Thread] DEBUG PrimaryStageWindow   - FXGLMainMenuDummyScene -> CharacterSelect
10:55:25.962 [FXGL Background Thread 4 ] DEBUG FXGLAssetLoaderServi - Loading from file system: jar:file:///C:/Users/pelle/.m2/repository/com/github/almasb/fxgl/17.1/fxgl-17.1.jar!/fxglassets/ui/fonts/Abel-Regular.ttf
10:55:25.979 [FXGL Background Thread 4 ] DEBUG FXGLAssetLoaderServi - Loading from file system: jar:file:///C:/Users/pelle/.m2/repository/com/github/almasb/fxgl/17.1/fxgl-17.1.jar!/fxglassets/ui/fonts/TerminalLandMono-Regular.otf
10:55:25.994 [FXGL Background Thread 4 ] DEBUG FXGLAssetLoaderServi - Loading from file system: jar:file:///C:/Users/pelle/.m2/repository/com/github/almasb/fxgl/17.1/fxgl-17.1.jar!/fxglassets/ui/fonts/Courier-Prime.ttf
10:55:26.011 [JavaFX Application Thread] DEBUG FXGLApplication      - Registering font factories with UI factory
10:55:26.391 [FXGL Background Thread 2 ] INFO  UpdaterService       - Your current version:  17.1
10:55:26.391 [FXGL Background Thread 2 ] INFO  UpdaterService       - Latest stable version: 17.3
10:55:28.782 [FXGL Background Thread 3 ] DEBUG Engine               - Logging environment variables
10:55:28.782 [FXGL Background Thread 3 ] DEBUG Engine               - achievements: []
10:55:28.782 [FXGL Background Thread 3 ] DEBUG Engine               - actualHeight: 640.0
10:55:28.783 [FXGL Background Thread 3 ] DEBUG Engine               - actualHeightProperty: ReadOnlyDoubleProperty [value: 640.0]
10:55:28.783 [FXGL Background Thread 3 ] DEBUG Engine               - actualWidth: 1280.0
10:55:28.783 [FXGL Background Thread 3 ] DEBUG Engine               - actualWidthProperty: ReadOnlyDoubleProperty [value: 1280.0]
10:55:28.783 [FXGL Background Thread 3 ] DEBUG Engine               - appIcon: fxgl_icon.png
10:55:28.783 [FXGL Background Thread 3 ] DEBUG Engine               - applicationMode: DEVELOPER
10:55:28.783 [FXGL Background Thread 3 ] DEBUG Engine               - cSSList: [fxgl_dark.css]
10:55:28.783 [FXGL Background Thread 3 ] DEBUG Engine               - collisionDetectionStrategy: BRUTE_FORCE
10:55:28.783 [FXGL Background Thread 3 ] DEBUG Engine               - configClass: Optional.empty
10:55:28.783 [FXGL Background Thread 3 ] DEBUG Engine               - credits: []
10:55:28.783 [FXGL Background Thread 3 ] DEBUG Engine               - defaultCursor: CursorInfo(imageName=fxgl_default_cursor.png, hotspotX=7.0, hotspotY=6.0)
10:55:28.784 [FXGL Background Thread 3 ] DEBUG Engine               - devBBoxColorProperty: ObjectProperty [value: 0xff0000ff]
10:55:28.784 [FXGL Background Thread 3 ] DEBUG Engine               - devEnableDebugCameraProperty: BooleanProperty [value: false]
10:55:28.784 [FXGL Background Thread 3 ] DEBUG Engine               - devSensorColorProperty: ObjectProperty [value: 0xffff00ff]
10:55:28.784 [FXGL Background Thread 3 ] DEBUG Engine               - devShowBBoxProperty: BooleanProperty [value: false]
10:55:28.784 [FXGL Background Thread 3 ] DEBUG Engine               - devShowPositionProperty: BooleanProperty [value: false]
10:55:28.784 [FXGL Background Thread 3 ] DEBUG Engine               - enabledMenuItems: []
10:55:28.784 [FXGL Background Thread 3 ] DEBUG Engine               - engineServices: [class com.almasb.fxgl.app.services.FXGLAssetLoaderService, class com.almasb.fxgl.app.FXGLApplication$GameApplicationService, class com.almasb.fxgl.app.services.FXGLDialogService, class com.almasb.fxgl.app.services.IOTaskExecutorService, class com.almasb.fxgl.io.FileSystemService, class com.almasb.fxgl.localization.LocalizationService, class com.almasb.fxgl.app.services.SystemBundleService, class com.almasb.fxgl.profile.SaveLoadService, class com.almasb.fxgl.ui.FXGLUIFactoryServiceProvider, class com.almasb.fxgl.ui.FXGLDialogFactoryServiceProvider, class com.almasb.fxgl.audio.AudioPlayer, class com.almasb.fxgl.notification.impl.NotificationServiceProvider, class com.almasb.fxgl.achievement.AchievementService, class com.almasb.fxgl.cutscene.CutsceneService, class com.almasb.fxgl.minigames.MiniGameService, class com.almasb.fxgl.net.NetService, class com.almasb.fxgl.app.services.UpdaterService, class com.almasb.fxgl.dev.DevService]
10:55:28.784 [FXGL Background Thread 3 ] DEBUG Engine               - fontGame: Abel-Regular.ttf
10:55:28.784 [FXGL Background Thread 3 ] DEBUG Engine               - fontMono: TerminalLandMono-Regular.otf
10:55:28.784 [FXGL Background Thread 3 ] DEBUG Engine               - fontText: Courier-Prime.ttf
10:55:28.784 [FXGL Background Thread 3 ] DEBUG Engine               - fontUI: VarelaRound-Regular.ttf
10:55:28.784 [FXGL Background Thread 3 ] DEBUG Engine               - fullScreen: BooleanProperty [value: false]
10:55:28.784 [FXGL Background Thread 3 ] DEBUG Engine               - gameDifficulty: MEDIUM
10:55:28.784 [FXGL Background Thread 3 ] DEBUG Engine               - gameDifficultyProperty: ObjectProperty [value: MEDIUM]
10:55:28.784 [FXGL Background Thread 3 ] DEBUG Engine               - globalMusicVolume: 0.5
10:55:28.785 [FXGL Background Thread 3 ] DEBUG Engine               - globalMusicVolumeProperty: DoubleProperty [value: 0.5]
10:55:28.785 [FXGL Background Thread 3 ] DEBUG Engine               - globalSoundVolume: 0.5
10:55:28.785 [FXGL Background Thread 3 ] DEBUG Engine               - globalSoundVolumeProperty: DoubleProperty [value: 0.5]
10:55:28.785 [FXGL Background Thread 3 ] DEBUG Engine               - height: 640
10:55:28.785 [FXGL Background Thread 3 ] DEBUG Engine               - is3D: false
10:55:28.785 [FXGL Background Thread 3 ] DEBUG Engine               - isAndroid: false
10:55:28.785 [FXGL Background Thread 3 ] DEBUG Engine               - isBrowser: false
10:55:28.785 [FXGL Background Thread 3 ] DEBUG Engine               - isClickFeedbackEnabled: false
10:55:28.785 [FXGL Background Thread 3 ] DEBUG Engine               - isCloseConfirmation: false
10:55:28.785 [FXGL Background Thread 3 ] DEBUG Engine               - isDesktop: true
10:55:28.785 [FXGL Background Thread 3 ] DEBUG Engine               - isDeveloperMenuEnabled: false
10:55:28.785 [FXGL Background Thread 3 ] DEBUG Engine               - isEmbedded: false
10:55:28.786 [FXGL Background Thread 3 ] DEBUG Engine               - isEntityPreloadEnabled: true
10:55:28.786 [FXGL Background Thread 3 ] DEBUG Engine               - isExperimentalTiledLargeMap: false
10:55:28.786 [FXGL Background Thread 3 ] DEBUG Engine               - isFileSystemWriteAllowed: true
10:55:28.786 [FXGL Background Thread 3 ] DEBUG Engine               - isFullScreenAllowed: false
10:55:28.786 [FXGL Background Thread 3 ] DEBUG Engine               - isFullScreenFromStart: false
10:55:28.786 [FXGL Background Thread 3 ] DEBUG Engine               - isGameMenuEnabled: true
10:55:28.786 [FXGL Background Thread 3 ] DEBUG Engine               - isIOS: false
10:55:28.786 [FXGL Background Thread 3 ] DEBUG Engine               - isIntroEnabled: false
10:55:28.786 [FXGL Background Thread 3 ] DEBUG Engine               - isLinux: false
10:55:28.786 [FXGL Background Thread 3 ] DEBUG Engine               - isMac: false
10:55:28.786 [FXGL Background Thread 3 ] DEBUG Engine               - isMainMenuEnabled: true
10:55:28.786 [FXGL Background Thread 3 ] DEBUG Engine               - isManualResizeEnabled: false
10:55:28.786 [FXGL Background Thread 3 ] DEBUG Engine               - isMobile: false
10:55:28.786 [FXGL Background Thread 3 ] DEBUG Engine               - isNative: false
10:55:28.786 [FXGL Background Thread 3 ] DEBUG Engine               - isPauseMusicWhenMinimized: true
10:55:28.786 [FXGL Background Thread 3 ] DEBUG Engine               - isPreserveResizeRatio: false
10:55:28.786 [FXGL Background Thread 3 ] DEBUG Engine               - isProfilingEnabled: false
10:55:28.786 [FXGL Background Thread 3 ] DEBUG Engine               - isScaleAffectedOnResize: true
10:55:28.787 [FXGL Background Thread 3 ] DEBUG Engine               - isSingleStep: false
10:55:28.787 [FXGL Background Thread 3 ] DEBUG Engine               - isUserProfileEnabled: false
10:55:28.787 [FXGL Background Thread 3 ] DEBUG Engine               - isWindows: true
10:55:28.787 [FXGL Background Thread 3 ] DEBUG Engine               - language: ObjectProperty [value: ENGLISH]
10:55:28.787 [FXGL Background Thread 3 ] DEBUG Engine               - menuKey: ESCAPE
10:55:28.787 [FXGL Background Thread 3 ] DEBUG Engine               - mouseSensitivity: 0.2
10:55:28.787 [FXGL Background Thread 3 ] DEBUG Engine               - notificationViewClass: class com.almasb.fxgl.notification.view.XboxNotificationView
10:55:28.787 [FXGL Background Thread 3 ] DEBUG Engine               - pixelsPerMeter: 50.0
10:55:28.787 [FXGL Background Thread 3 ] DEBUG Engine               - platform: WINDOWS
10:55:28.787 [FXGL Background Thread 3 ] DEBUG Engine               - prefHeightProperty: ReadOnlyDoubleProperty [value: 640.0]
10:55:28.787 [FXGL Background Thread 3 ] DEBUG Engine               - prefWidthProperty: ReadOnlyDoubleProperty [value: 1280.0]
10:55:28.787 [FXGL Background Thread 3 ] DEBUG Engine               - profileDir: profiles/
10:55:28.787 [FXGL Background Thread 3 ] DEBUG Engine               - profileName: StringProperty [value: DEFAULT]
10:55:28.787 [FXGL Background Thread 3 ] DEBUG Engine               - randomSeed: -1
10:55:28.787 [FXGL Background Thread 3 ] DEBUG Engine               - runtimeInfo: RuntimeInfo(platform=WINDOWS, version=17.1, build=24.03.2022 17.34)
10:55:28.787 [FXGL Background Thread 3 ] DEBUG Engine               - saveFileExt: sav
10:55:28.787 [FXGL Background Thread 3 ] DEBUG Engine               - scaledHeightProp$fxgl: DoubleProperty [bound, value: 640.0]
10:55:28.787 [FXGL Background Thread 3 ] DEBUG Engine               - scaledWidthProp$fxgl: DoubleProperty [bound, value: 1280.0]
10:55:28.788 [FXGL Background Thread 3 ] DEBUG Engine               - sceneFactory: com.example.academicrumble.MySceneFactory@67f5f9f0
10:55:28.788 [FXGL Background Thread 3 ] DEBUG Engine               - secondsIn24h: 60
10:55:28.788 [FXGL Background Thread 3 ] DEBUG Engine               - soundMenuBack: menu/back.wav
10:55:28.788 [FXGL Background Thread 3 ] DEBUG Engine               - soundMenuPress: menu/press.wav
10:55:28.788 [FXGL Background Thread 3 ] DEBUG Engine               - soundMenuSelect: menu/select.wav
10:55:28.788 [FXGL Background Thread 3 ] DEBUG Engine               - soundNotification: core/notification.wav
10:55:28.788 [FXGL Background Thread 3 ] DEBUG Engine               - stageStyle: DECORATED
10:55:28.788 [FXGL Background Thread 3 ] DEBUG Engine               - supportedLanguages: [ENGLISH, FRENCH, GERMAN, HUNGARIAN, RUSSIAN]
10:55:28.788 [FXGL Background Thread 3 ] DEBUG Engine               - ticksPerSecond: -1
10:55:28.788 [FXGL Background Thread 3 ] DEBUG Engine               - title: Academic Rumble
10:55:28.788 [FXGL Background Thread 3 ] DEBUG Engine               - urlGithub: https://github.com/AlmasB/FXGL
10:55:28.788 [FXGL Background Thread 3 ] DEBUG Engine               - urlLeaderboard: http://fxgl-top.herokuapp.com/
10:55:28.788 [FXGL Background Thread 3 ] DEBUG Engine               - urlPOM: https://raw.githubusercontent.com/AlmasB/FXGL/release/README.md
10:55:28.788 [FXGL Background Thread 3 ] DEBUG Engine               - userAppClass: class com.example.academicrumble.Game
10:55:28.788 [FXGL Background Thread 3 ] DEBUG Engine               - version: 1.0
10:55:28.788 [FXGL Background Thread 3 ] DEBUG Engine               - versionCheckDays: 7
10:55:28.788 [FXGL Background Thread 3 ] DEBUG Engine               - width: 1280
10:55:28.789 [FXGL Background Thread 3 ] DEBUG Engine               - Logging services
10:55:28.789 [FXGL Background Thread 3 ] DEBUG Engine               - class com.almasb.fxgl.app.services.FXGLAssetLoaderService
10:55:28.789 [FXGL Background Thread 3 ] DEBUG Engine               - class com.almasb.fxgl.app.FXGLApplication$GameApplicationService
10:55:28.789 [FXGL Background Thread 3 ] DEBUG Engine               - class com.almasb.fxgl.app.services.FXGLDialogService
10:55:28.789 [FXGL Background Thread 3 ] DEBUG Engine               - class com.almasb.fxgl.app.services.IOTaskExecutorService
10:55:28.789 [FXGL Background Thread 3 ] DEBUG Engine               - class com.almasb.fxgl.io.FileSystemService
10:55:28.789 [FXGL Background Thread 3 ] DEBUG Engine               - class com.almasb.fxgl.localization.LocalizationService
10:55:28.789 [FXGL Background Thread 3 ] DEBUG Engine               - class com.almasb.fxgl.app.services.SystemBundleService
10:55:28.789 [FXGL Background Thread 3 ] DEBUG Engine               - class com.almasb.fxgl.profile.SaveLoadService
10:55:28.789 [FXGL Background Thread 3 ] DEBUG Engine               - class com.almasb.fxgl.ui.FXGLUIFactoryServiceProvider
10:55:28.789 [FXGL Background Thread 3 ] DEBUG Engine               - class com.almasb.fxgl.ui.FXGLDialogFactoryServiceProvider
10:55:28.789 [FXGL Background Thread 3 ] DEBUG Engine               - class com.almasb.fxgl.audio.AudioPlayer
10:55:28.789 [FXGL Background Thread 3 ] DEBUG Engine               - class com.almasb.fxgl.notification.impl.NotificationServiceProvider
10:55:28.789 [FXGL Background Thread 3 ] DEBUG Engine               - class com.almasb.fxgl.achievement.AchievementService
10:55:28.789 [FXGL Background Thread 3 ] DEBUG Engine               - class com.almasb.fxgl.cutscene.CutsceneService
10:55:28.789 [FXGL Background Thread 3 ] DEBUG Engine               - class com.almasb.fxgl.minigames.MiniGameService
10:55:28.789 [FXGL Background Thread 3 ] DEBUG Engine               - class com.almasb.fxgl.net.NetService
10:55:28.789 [FXGL Background Thread 3 ] DEBUG Engine               - class com.almasb.fxgl.app.services.UpdaterService
10:55:28.789 [FXGL Background Thread 3 ] DEBUG Engine               - class com.almasb.fxgl.dev.DevService
10:55:30.446 [JavaFX Application Thread] DEBUG FXGLApplication      - Exiting FXGL
10:55:30.446 [JavaFX Application Thread] DEBUG LoopRunner           - Stopping loop
10:55:30.446 [JavaFX Application Thread] DEBUG SystemBundleService  - Saving FXGL system data
10:55:30.448 [JavaFX Application Thread] DEBUG FileSystemAccess     - Writing to: D:\Leiden\Challange Week\AcademicRumble\system\fxgl.bundle
10:55:30.449 [JavaFX Application Thread] DEBUG Async                - Shutting down background threads
10:55:30.449 [JavaFX Application Thread] DEBUG PrimaryStageWindow   - Closing main window
10:55:30.461 [JavaFX Application Thread] DEBUG Logger               - Closing Logger
