16:19:07.406 [main                     ] DEBUG Logger               - Configured Logger
16:19:07.431 [main                     ] DEBUG GameApplication      - Logging settings
Title: Academic Rumble
Version: 1.0
Width: 640
Height: 600
Fullscreen: false
Intro: false
Profiling: false
Single step:false
App Mode: DEVELOPER
Menu Key: ESCAPE
Stage Style: DECORATED
Scene Factory: class com.example.academicrumble.MySceneFactory

16:19:07.858 [JavaFX Application Thread] DEBUG FXGLApplication      - Initializing FXGL
16:19:07.864 [JavaFX Application Thread] INFO  Engine               - FXGL-17.1 (24.03.2022 17.34) on WINDOWS (J:18.0.2 FX:18.0.1)
16:19:07.864 [JavaFX Application Thread] DEBUG Engine               - JRE Vendor Name: Amazon.com Inc.
16:19:07.864 [JavaFX Application Thread] DEBUG Engine               - Running on OS: Windows 11 version 10.0
16:19:07.864 [JavaFX Application Thread] DEBUG Engine               - Architecture: amd64
16:19:07.865 [JavaFX Application Thread] INFO  Engine               - Source code and latest versions at: https://github.com/AlmasB/FXGL
16:19:07.865 [JavaFX Application Thread] INFO  Engine               -       Ask questions and discuss at: https://github.com/AlmasB/FXGL/discussions
16:19:07.865 [JavaFX Application Thread] INFO  Engine               -              Join the FXGL chat at: https://gitter.im/AlmasB/FXGL
16:19:07.942 [JavaFX Application Thread] DEBUG PrimaryStageWindow   - Creating a JavaFX scene
16:19:07.979 [JavaFX Application Thread] DEBUG PrimaryStageWindow   - Target settings size: 640.0 x 600.0
16:19:07.979 [JavaFX Application Thread] DEBUG PrimaryStageWindow   - Scaled scene size:    640.0 x 600.0
16:19:07.980 [JavaFX Application Thread] DEBUG PrimaryStageWindow   - Scaled ratio: (1.0, 1.0)
16:19:07.980 [JavaFX Application Thread] DEBUG PrimaryStageWindow   - Set initial scene to FXGLStartupScene
16:19:07.987 [JavaFX Application Thread] DEBUG PrimaryStageWindow   - Opening main window
16:19:08.062 [JavaFX Application Thread] DEBUG PrimaryStageWindow   - Window border size: (16.0, 39.0)
16:19:08.062 [JavaFX Application Thread] DEBUG PrimaryStageWindow   - Scaled size: 640.0 x 600.0
16:19:08.062 [JavaFX Application Thread] DEBUG PrimaryStageWindow   - Scaled ratio: (1.0, 1.0)
16:19:08.062 [JavaFX Application Thread] DEBUG PrimaryStageWindow   - Scene size: 640.0 x 600.0
16:19:08.063 [JavaFX Application Thread] DEBUG PrimaryStageWindow   - Stage size: 656.0 x 639.0
16:19:08.071 [FXGL Background Thread 1 ] DEBUG Engine               - Initializing environment variables
16:19:08.129 [FXGL Background Thread 1 ] DEBUG FXGLAssetLoaderServi - User app class for loading assets: class com.example.academicrumble.Game
16:19:08.129 [FXGL Background Thread 1 ] DEBUG GameApplicationServi - Applying CSS: fxgl_dark.css
16:19:08.130 [FXGL Background Thread 1 ] DEBUG FXGLAssetLoaderServi - Loading from file system: jar:file:///C:/Users/pelle/.m2/repository/com/github/almasb/fxgl/17.1/fxgl-17.1.jar!/fxglassets/ui/css/fxgl_dark.css
16:19:08.188 [FXGL Background Thread 1 ] DEBUG GameApplicationServi - Initializing application scenes
16:19:08.228 [FXGL Background Thread 1 ] DEBUG GameWorld            - Game world initialized
16:19:08.287 [FXGL Background Thread 1 ] DEBUG PhysicsWorld         - Physics world initialized: appHeight=600, physics.ppm=50,0
16:19:08.288 [FXGL Background Thread 1 ] DEBUG PhysicsWorld         - Using strategy: BRUTE_FORCE
16:19:08.292 [FXGL Background Thread 1 ] DEBUG GameScene            - Game scene initialized: 640x600
16:19:08.315 [FXGL Background Thread 1 ] WARN  FXGL.DefaultMenu     - FXGLDefaultMenu is not designed for resolutions < 800x600
16:19:08.315 [FXGL Background Thread 1 ] DEBUG FXGL.DefaultMenu     - createMenuBodyGameMenu()
16:19:08.324 [FXGL Background Thread 1 ] DEBUG FXGL.DefaultMenu     - createOptionsMenu()
16:19:08.332 [FXGL Background Thread 1 ] DEBUG FXGLAssetLoaderServi - Loading from file system: jar:file:///C:/Users/pelle/.m2/repository/com/github/almasb/fxgl/17.1/fxgl-17.1.jar!/fxglassets/textures/particles/smoke.png
16:19:08.425 [FXGL Background Thread 1 ] DEBUG FXGLAssetLoaderServi - Loading from file system: jar:file:///C:/Users/pelle/.m2/repository/com/github/almasb/fxgl/17.1/fxgl-17.1.jar!/fxglassets/textures/particles/trace_horizontal.png
16:19:08.456 [FXGL Background Thread 1 ] DEBUG GameApplicationServi - Application scenes initialized
16:19:08.468 [FXGL Background Thread 1 ] DEBUG SystemBundleService  - Loading FXGL system data
16:19:08.473 [FXGL Background Thread 1 ] DEBUG FileSystemAccess     - Reading from: D:\Leiden\Challange Week\AcademicRumble\system\fxgl.bundle
16:19:08.482 [FXGL Background Thread 1 ] DEBUG SystemBundleService  - Bundle FXGL: {}
16:19:08.482 [FXGL Background Thread 1 ] DEBUG UpdaterService       - Checking for updates
16:19:08.485 [FXGL Background Thread 4 ] DEBUG FXGLApplication      - Loading fonts
16:19:08.485 [FXGL Background Thread 1 ] DEBUG FXGLApplication      - Loading default localization
16:19:08.486 [FXGL Background Thread 4 ] DEBUG FXGLAssetLoaderServi - Loading from file system: jar:file:///C:/Users/pelle/.m2/repository/com/github/almasb/fxgl/17.1/fxgl-17.1.jar!/fxglassets/ui/fonts/VarelaRound-Regular.ttf
16:19:08.486 [FXGL Background Thread 1 ] DEBUG FXGLAssetLoaderServi - Loading from file system: jar:file:///C:/Users/pelle/.m2/repository/com/github/almasb/fxgl/17.1/fxgl-17.1.jar!/fxglassets/languages/english.lang
16:19:08.508 [FXGL Background Thread 1 ] INFO  FXGLApplication      - FXGL initialization took: 0,437 sec
16:19:08.530 [JavaFX Application Thread] DEBUG Input                - Registered new binding: Move Left - A
16:19:08.532 [JavaFX Application Thread] DEBUG Input                - Registered new binding: Move Right - D
16:19:08.534 [JavaFX Application Thread] DEBUG Input                - Registered new binding: Move Up - W
16:19:08.535 [JavaFX Application Thread] DEBUG Input                - Registered new binding: Move Down - S
16:19:08.535 [JavaFX Application Thread] DEBUG FXGLAssetLoaderServi - Loading from file system: jar:file:///C:/Users/pelle/.m2/repository/com/github/almasb/fxgl/17.1/fxgl-17.1.jar!/fxglassets/textures/fxgl_icon.png
16:19:08.558 [JavaFX Application Thread] DEBUG FXGLAssetLoaderServi - Loading from file system: jar:file:///C:/Users/pelle/.m2/repository/com/github/almasb/fxgl/17.1/fxgl-17.1.jar!/fxglassets/textures/fxgl_default_cursor.png
16:19:08.560 [JavaFX Application Thread] DEBUG Input                - Registered new binding: Screenshot - CTRL+8
16:19:08.561 [JavaFX Application Thread] DEBUG Input                - Registered new binding: System info dump - CTRL+9
16:19:08.561 [JavaFX Application Thread] DEBUG Input                - Registered new binding: Restart - CTRL+R
16:19:08.564 [JavaFX Application Thread] DEBUG Input                - Registered new binding: Toggle Debug Camera - CTRL+7
16:19:08.566 [JavaFX Application Thread] DEBUG LoopRunner           - Starting loop
16:19:08.566 [JavaFX Application Thread] DEBUG LoopRunner           - Initializing JavaFX AnimationTimerLoop
16:19:08.571 [JavaFX Application Thread] DEBUG Input                - Clearing active input actions
16:19:08.578 [JavaFX Application Thread] DEBUG GameApplicationServi - Removing overlay from FXGLStartupScene and adding to FXGLMainMenuDummyScene
16:19:08.578 [JavaFX Application Thread] DEBUG PrimaryStageWindow   - FXGLStartupScene -> FXGLMainMenuDummyScene
16:19:08.578 [JavaFX Application Thread] DEBUG PrimaryStageWindow   - Push state: CharacterSelect
16:19:08.578 [JavaFX Application Thread] DEBUG Input                - Clearing active input actions
16:19:08.583 [JavaFX Application Thread] DEBUG GameApplicationServi - Removing overlay from FXGLMainMenuDummyScene and adding to CharacterSelect
16:19:08.583 [JavaFX Application Thread] DEBUG PrimaryStageWindow   - FXGLMainMenuDummyScene -> CharacterSelect
16:19:08.664 [FXGL Background Thread 4 ] DEBUG FXGLAssetLoaderServi - Loading from file system: jar:file:///C:/Users/pelle/.m2/repository/com/github/almasb/fxgl/17.1/fxgl-17.1.jar!/fxglassets/ui/fonts/Abel-Regular.ttf
16:19:08.678 [FXGL Background Thread 4 ] DEBUG FXGLAssetLoaderServi - Loading from file system: jar:file:///C:/Users/pelle/.m2/repository/com/github/almasb/fxgl/17.1/fxgl-17.1.jar!/fxglassets/ui/fonts/TerminalLandMono-Regular.otf
16:19:08.693 [FXGL Background Thread 4 ] DEBUG FXGLAssetLoaderServi - Loading from file system: jar:file:///C:/Users/pelle/.m2/repository/com/github/almasb/fxgl/17.1/fxgl-17.1.jar!/fxglassets/ui/fonts/Courier-Prime.ttf
16:19:08.716 [JavaFX Application Thread] DEBUG FXGLApplication      - Registering font factories with UI factory
16:19:08.904 [FXGL Background Thread 2 ] INFO  UpdaterService       - Your current version:  17.1
16:19:08.904 [FXGL Background Thread 2 ] INFO  UpdaterService       - Latest stable version: 17.3
16:19:10.598 [JavaFX Application Thread] DEBUG FXGLApplication      - Exiting FXGL
16:19:10.598 [JavaFX Application Thread] DEBUG LoopRunner           - Stopping loop
16:19:10.598 [JavaFX Application Thread] DEBUG SystemBundleService  - Saving FXGL system data
16:19:10.600 [JavaFX Application Thread] DEBUG FileSystemAccess     - Writing to: D:\Leiden\Challange Week\AcademicRumble\system\fxgl.bundle
16:19:10.601 [JavaFX Application Thread] DEBUG Async                - Shutting down background threads
16:19:10.601 [JavaFX Application Thread] DEBUG PrimaryStageWindow   - Closing main window
16:19:10.614 [JavaFX Application Thread] DEBUG Logger               - Closing Logger
