12:42:25.742 [main                     ] DEBUG Logger               - Configured Logger
12:42:25.766 [main                     ] DEBUG GameApplication      - Logging settings
Title: Academic Rumble
Version: 1.0
Width: 1280
Height: 640
Fullscreen: false
Intro: false
Profiling: false
Single step:false
App Mode: DEVELOPER
Menu Key: ESCAPE
Stage Style: DECORATED
Scene Factory: class com.example.academicrumble.MySceneFactory

12:42:26.177 [JavaFX Application Thread] DEBUG FXGLApplication      - Initializing FXGL
12:42:26.182 [JavaFX Application Thread] INFO  Engine               - FXGL-17.1 (24.03.2022 17.34) on WINDOWS (J:18.0.2 FX:18.0.1)
12:42:26.182 [JavaFX Application Thread] DEBUG Engine               - JRE Vendor Name: Amazon.com Inc.
12:42:26.182 [JavaFX Application Thread] DEBUG Engine               - Running on OS: Windows 11 version 10.0
12:42:26.183 [JavaFX Application Thread] DEBUG Engine               - Architecture: amd64
12:42:26.183 [JavaFX Application Thread] INFO  Engine               - Source code and latest versions at: https://github.com/AlmasB/FXGL
12:42:26.183 [JavaFX Application Thread] INFO  Engine               -       Ask questions and discuss at: https://github.com/AlmasB/FXGL/discussions
12:42:26.183 [JavaFX Application Thread] INFO  Engine               -              Join the FXGL chat at: https://gitter.im/AlmasB/FXGL
12:42:26.264 [JavaFX Application Thread] DEBUG PrimaryStageWindow   - Creating a JavaFX scene
12:42:26.304 [JavaFX Application Thread] DEBUG PrimaryStageWindow   - Target settings size: 1280.0 x 640.0
12:42:26.304 [JavaFX Application Thread] DEBUG PrimaryStageWindow   - Scaled scene size:    1280.0 x 640.0
12:42:26.304 [JavaFX Application Thread] DEBUG PrimaryStageWindow   - Scaled ratio: (1.0, 1.0)
12:42:26.305 [JavaFX Application Thread] DEBUG PrimaryStageWindow   - Set initial scene to FXGLStartupScene
12:42:26.310 [JavaFX Application Thread] DEBUG PrimaryStageWindow   - Opening main window
12:42:26.388 [JavaFX Application Thread] DEBUG PrimaryStageWindow   - Window border size: (16.0, 39.0)
12:42:26.388 [JavaFX Application Thread] DEBUG PrimaryStageWindow   - Scaled size: 1280.0 x 640.0
12:42:26.390 [JavaFX Application Thread] DEBUG PrimaryStageWindow   - Scaled ratio: (1.0, 1.0)
12:42:26.390 [JavaFX Application Thread] DEBUG PrimaryStageWindow   - Scene size: 1280.0 x 640.0
12:42:26.390 [JavaFX Application Thread] DEBUG PrimaryStageWindow   - Stage size: 1296.0 x 679.0
12:42:26.396 [FXGL Background Thread 1 ] DEBUG Engine               - Initializing environment variables
12:42:26.454 [FXGL Background Thread 1 ] DEBUG FXGLAssetLoaderServi - User app class for loading assets: class com.example.academicrumble.Game
12:42:26.455 [FXGL Background Thread 1 ] DEBUG GameApplicationServi - Applying CSS: fxgl_dark.css
12:42:26.456 [FXGL Background Thread 1 ] DEBUG FXGLAssetLoaderServi - Loading from file system: jar:file:///C:/Users/pelle/.m2/repository/com/github/almasb/fxgl/17.1/fxgl-17.1.jar!/fxglassets/ui/css/fxgl_dark.css
12:42:26.507 [FXGL Background Thread 1 ] DEBUG GameApplicationServi - Initializing application scenes
12:42:26.544 [FXGL Background Thread 1 ] DEBUG GameWorld            - Game world initialized
12:42:26.605 [FXGL Background Thread 1 ] DEBUG PhysicsWorld         - Physics world initialized: appHeight=640, physics.ppm=50,0
12:42:26.605 [FXGL Background Thread 1 ] DEBUG PhysicsWorld         - Using strategy: BRUTE_FORCE
12:42:26.609 [FXGL Background Thread 1 ] DEBUG GameScene            - Game scene initialized: 1280x640
12:42:26.658 [FXGL Background Thread 1 ] DEBUG FXGL.DefaultMenu     - createMenuBodyGameMenu()
12:42:26.667 [FXGL Background Thread 1 ] DEBUG FXGL.DefaultMenu     - createOptionsMenu()
12:42:26.673 [FXGL Background Thread 1 ] DEBUG FXGLAssetLoaderServi - Loading from file system: jar:file:///C:/Users/pelle/.m2/repository/com/github/almasb/fxgl/17.1/fxgl-17.1.jar!/fxglassets/textures/particles/smoke.png
12:42:26.748 [FXGL Background Thread 1 ] DEBUG FXGLAssetLoaderServi - Loading from file system: jar:file:///C:/Users/pelle/.m2/repository/com/github/almasb/fxgl/17.1/fxgl-17.1.jar!/fxglassets/textures/particles/trace_horizontal.png
12:42:26.772 [FXGL Background Thread 1 ] DEBUG GameApplicationServi - Application scenes initialized
12:42:26.784 [FXGL Background Thread 1 ] DEBUG SystemBundleService  - Loading FXGL system data
12:42:26.789 [FXGL Background Thread 1 ] DEBUG FileSystemAccess     - Reading from: D:\Leiden\Challange Week\AcademicRumble\system\fxgl.bundle
12:42:26.797 [FXGL Background Thread 1 ] DEBUG SystemBundleService  - Bundle FXGL: {}
12:42:26.797 [FXGL Background Thread 1 ] DEBUG UpdaterService       - Checking for updates
12:42:26.805 [FXGL Background Thread 4 ] DEBUG FXGLApplication      - Loading fonts
12:42:26.806 [FXGL Background Thread 4 ] DEBUG FXGLAssetLoaderServi - Loading from file system: jar:file:///C:/Users/pelle/.m2/repository/com/github/almasb/fxgl/17.1/fxgl-17.1.jar!/fxglassets/ui/fonts/VarelaRound-Regular.ttf
12:42:26.806 [FXGL Background Thread 1 ] DEBUG FXGLApplication      - Loading default localization
12:42:26.807 [FXGL Background Thread 1 ] DEBUG FXGLAssetLoaderServi - Loading from file system: jar:file:///C:/Users/pelle/.m2/repository/com/github/almasb/fxgl/17.1/fxgl-17.1.jar!/fxglassets/languages/english.lang
12:42:26.836 [FXGL Background Thread 1 ] INFO  FXGLApplication      - FXGL initialization took: 0,440 sec
12:42:26.851 [JavaFX Application Thread] DEBUG Input                - Registered new binding: Move Right - D
12:42:26.851 [JavaFX Application Thread] DEBUG Input                - Registered new binding: Move Left - A
12:42:26.851 [JavaFX Application Thread] DEBUG Input                - Registered new binding: attack - Tab
12:42:26.852 [JavaFX Application Thread] DEBUG Input                - Registered new binding: Up Down - Space
12:42:26.852 [JavaFX Application Thread] DEBUG FXGLAssetLoaderServi - Loading from file system: jar:file:///C:/Users/pelle/.m2/repository/com/github/almasb/fxgl/17.1/fxgl-17.1.jar!/fxglassets/textures/fxgl_icon.png
12:42:26.874 [JavaFX Application Thread] DEBUG FXGLAssetLoaderServi - Loading from file system: jar:file:///C:/Users/pelle/.m2/repository/com/github/almasb/fxgl/17.1/fxgl-17.1.jar!/fxglassets/textures/fxgl_default_cursor.png
12:42:26.877 [JavaFX Application Thread] DEBUG Input                - Registered new binding: Screenshot - CTRL+8
12:42:26.877 [JavaFX Application Thread] DEBUG Input                - Registered new binding: System info dump - CTRL+9
12:42:26.878 [JavaFX Application Thread] DEBUG Input                - Registered new binding: Restart - CTRL+R
12:42:26.878 [JavaFX Application Thread] DEBUG Input                - Registered new binding: Toggle Debug Camera - CTRL+7
12:42:26.880 [JavaFX Application Thread] DEBUG LoopRunner           - Starting loop
12:42:26.881 [JavaFX Application Thread] DEBUG LoopRunner           - Initializing JavaFX AnimationTimerLoop
12:42:26.883 [JavaFX Application Thread] DEBUG Input                - Clearing active input actions
12:42:26.890 [JavaFX Application Thread] DEBUG GameApplicationServi - Removing overlay from FXGLStartupScene and adding to FXGLMainMenuDummyScene
12:42:26.891 [JavaFX Application Thread] DEBUG PrimaryStageWindow   - FXGLStartupScene -> FXGLMainMenuDummyScene
12:42:26.891 [JavaFX Application Thread] DEBUG PrimaryStageWindow   - Push state: CharacterSelect
12:42:26.891 [JavaFX Application Thread] DEBUG Input                - Clearing active input actions
12:42:26.893 [JavaFX Application Thread] DEBUG GameApplicationServi - Removing overlay from FXGLMainMenuDummyScene and adding to CharacterSelect
12:42:26.894 [JavaFX Application Thread] DEBUG PrimaryStageWindow   - FXGLMainMenuDummyScene -> CharacterSelect
12:42:26.987 [FXGL Background Thread 4 ] DEBUG FXGLAssetLoaderServi - Loading from file system: jar:file:///C:/Users/pelle/.m2/repository/com/github/almasb/fxgl/17.1/fxgl-17.1.jar!/fxglassets/ui/fonts/Abel-Regular.ttf
12:42:27.002 [FXGL Background Thread 4 ] DEBUG FXGLAssetLoaderServi - Loading from file system: jar:file:///C:/Users/pelle/.m2/repository/com/github/almasb/fxgl/17.1/fxgl-17.1.jar!/fxglassets/ui/fonts/TerminalLandMono-Regular.otf
12:42:27.016 [FXGL Background Thread 4 ] DEBUG FXGLAssetLoaderServi - Loading from file system: jar:file:///C:/Users/pelle/.m2/repository/com/github/almasb/fxgl/17.1/fxgl-17.1.jar!/fxglassets/ui/fonts/Courier-Prime.ttf
12:42:27.031 [JavaFX Application Thread] DEBUG FXGLApplication      - Registering font factories with UI factory
12:42:27.210 [FXGL Background Thread 2 ] INFO  UpdaterService       - Your current version:  17.1
12:42:27.210 [FXGL Background Thread 2 ] INFO  UpdaterService       - Latest stable version: 17.3
12:42:27.726 [JavaFX Application Thread] DEBUG GameApplicationServi - Starting new game
12:42:27.726 [JavaFX Application Thread] DEBUG PrimaryStageWindow   - Pop state: CharacterSelect
12:42:27.726 [JavaFX Application Thread] DEBUG Input                - Clearing active input actions
12:42:27.727 [JavaFX Application Thread] DEBUG GameApplicationServi - Removing overlay from CharacterSelect and adding to FXGLMainMenuDummyScene
12:42:27.727 [JavaFX Application Thread] DEBUG PrimaryStageWindow   - FXGLMainMenuDummyScene <- CharacterSelect
12:42:27.727 [JavaFX Application Thread] DEBUG Input                - Clearing active input actions
12:42:27.735 [JavaFX Application Thread] DEBUG GameApplicationServi - Removing overlay from FXGLMainMenuDummyScene and adding to FXGLLoadingScene
12:42:27.735 [JavaFX Application Thread] DEBUG PrimaryStageWindow   - FXGLMainMenuDummyScene -> FXGLLoadingScene
12:42:27.736 [JavaFX Application Thread] DEBUG GameApplicationServi - Clearing previous game
12:42:27.736 [JavaFX Application Thread] DEBUG GameScene            - Clearing game scene
12:42:27.736 [JavaFX Application Thread] DEBUG GameWorld            - Clearing game world
12:42:27.736 [JavaFX Application Thread] DEBUG PhysicsWorld         - Clearing physics world
12:42:27.737 [FXGL Background Thread 2 ] DEBUG FXGLApplication      - Initializing game
12:42:27.771 [FXGL Background Thread 2 ] WARN  TMXLevelLoader       - TiledMap generated from 1.2.3. Supported version: 1.4.2. Some features may not be parsed fully.
12:42:27.778 [FXGL Background Thread 2 ] DEBUG TMXLevelLoader       - Parsed TiledMap: file:/D:/Leiden/Challange%20Week/AcademicRumble/target/classes/assets/levels/naamloos.tmx
12:42:27.779 [FXGL Background Thread 2 ] DEBUG TMXLevelLoader       - Creating tile layer entities
12:42:27.781 [FXGL Background Thread 2 ] DEBUG TilesetLoader        - Loading view for layer Tilelaag 1
12:42:27.783 [FXGL Background Thread 2 ] DEBUG TilesetLoader        - Created buffer with size 1280.0x640.0
12:42:27.789 [FXGL Background Thread 2 ] DEBUG TMXLevelLoader       - Creating object layer entities
12:42:27.806 [FXGL Background Thread 2 ] DEBUG GameWorld            - Clearing removable entities
12:42:27.807 [FXGL Background Thread 2 ] DEBUG GameWorld            - Setting level: com.almasb.fxgl.entity.level.Level@4624679
12:42:27.812 [FXGL Background Thread 2 ] DEBUG FXGLAssetLoaderServi - Loading from file system: file:/D:/Leiden/Challange%20Week/AcademicRumble/target/classes/assets/textures/player/Idle.png
12:42:27.823 [FXGL Background Thread 2 ] DEBUG FXGLAssetLoaderServi - Loading from file system: file:/D:/Leiden/Challange%20Week/AcademicRumble/target/classes/assets/textures/player/Run.png
12:42:27.830 [FXGL Background Thread 2 ] DEBUG FXGLAssetLoaderServi - Loading from file system: file:/D:/Leiden/Challange%20Week/AcademicRumble/target/classes/assets/textures/player/Jump.png
12:42:27.833 [FXGL Background Thread 2 ] DEBUG FXGLAssetLoaderServi - Loading from file system: file:/D:/Leiden/Challange%20Week/AcademicRumble/target/classes/assets/textures/player/attack1.png
12:42:27.846 [FXGL Background Thread 2 ] DEBUG FXGLAssetLoaderServi - Loading from file system: file:/D:/Leiden/Challange%20Week/AcademicRumble/target/classes/assets/textures/
12:42:27.863 [FXGL Background Thread 2 ] WARN  FXGLAssetLoaderServi - Failed to load file:/D:/Leiden/Challange%20Week/AcademicRumble/target/classes/assets/textures/
com.sun.javafx.iio.ImageStorageException: No loader for image data
	at javafx.graphics@18.0.1/com.sun.javafx.iio.ImageStorage.loadAll(ImageStorage.java:274)
	at javafx.graphics@18.0.1/com.sun.javafx.tk.quantum.PrismImageLoader2.loadAll(PrismImageLoader2.java:142)
	at javafx.graphics@18.0.1/com.sun.javafx.tk.quantum.PrismImageLoader2.<init>(PrismImageLoader2.java:77)
	at javafx.graphics@18.0.1/com.sun.javafx.tk.quantum.QuantumToolkit.loadImage(QuantumToolkit.java:790)
	at javafx.graphics@18.0.1/javafx.scene.image.Image.loadImage(Image.java:1081)
	at javafx.graphics@18.0.1/javafx.scene.image.Image.initialize(Image.java:816)
	at javafx.graphics@18.0.1/javafx.scene.image.Image.<init>(Image.java:706)
	at com.almasb.fxgl.all@17.1/com.almasb.fxgl.app.services.ImageAssetLoader.load(FXGLAssetLoaderService.kt:641)
	at com.almasb.fxgl.all@17.1/com.almasb.fxgl.app.services.ImageAssetLoader.load(FXGLAssetLoaderService.kt:636)
	at com.almasb.fxgl.all@17.1/com.almasb.fxgl.app.services.AssetLoader.load(FXGLAssetLoaderService.kt:625)
	at com.almasb.fxgl.all@17.1/com.almasb.fxgl.app.services.FXGLAssetLoaderService.load(FXGLAssetLoaderService.kt:530)
	at com.almasb.fxgl.all@17.1/com.almasb.fxgl.app.services.FXGLAssetLoaderService.load(FXGLAssetLoaderService.kt:507)
	at com.almasb.fxgl.all@17.1/com.almasb.fxgl.app.services.FXGLAssetLoaderService.load(FXGLAssetLoaderService.kt:496)
	at com.almasb.fxgl.all@17.1/com.almasb.fxgl.app.services.FXGLAssetLoaderService.loadImage(FXGLAssetLoaderService.kt:166)
	at com.almasb.fxgl.all@17.1/com.almasb.fxgl.app.services.FXGLAssetLoaderService.loadTexture(FXGLAssetLoaderService.kt:125)
	at com.almasb.fxgl.all@17.1/com.almasb.fxgl.dsl.FXGL$Companion.texture(FXGL.kt:401)
	at com.almasb.fxgl.all@17.1/com.almasb.fxgl.dsl.EntityBuilder.view(EntityBuilder.kt:164)
	at com.example.academicrumble/com.example.academicrumble.Sprite.<init>(Sprite.java:30)
	at com.example.academicrumble/com.example.academicrumble.Fighter.<init>(Fighter.java:24)
	at com.example.academicrumble/com.example.academicrumble.AcademicRumbleFactory.spawnPlayer(AcademicRumbleFactory.java:38)
	at java.base/jdk.internal.reflect.DirectMethodHandleAccessor.invoke(DirectMethodHandleAccessor.java:104)
	at java.base/java.lang.reflect.Method.invoke(Method.java:577)
	at com.almasb.fxgl.core@17.1/com.almasb.fxgl.core.reflect.ReflectionUtils.call(ReflectionUtils.java:104)
	at com.almasb.fxgl.core@17.1/com.almasb.fxgl.core.reflect.ReflectionUtils.lambda$mapToFunction$3(ReflectionUtils.java:111)
	at com.almasb.fxgl.entity@17.1/com.almasb.fxgl.entity.GameWorld$create$2.invoke(GameWorld.kt:430)
	at com.almasb.fxgl.entity@17.1/com.almasb.fxgl.entity.GameWorld$create$2.invoke(GameWorld.kt:430)
	at com.almasb.fxgl.core@17.1/com.almasb.fxgl.core.util.DSLKt.tryCatchRoot(DSL.kt:34)
	at com.almasb.fxgl.entity@17.1/com.almasb.fxgl.entity.GameWorld.create(GameWorld.kt:430)
	at com.almasb.fxgl.entity@17.1/com.almasb.fxgl.entity.GameWorld.spawn(GameWorld.kt:396)
	at com.almasb.fxgl.all@17.1/com.almasb.fxgl.dsl.FXGL$Companion.spawn(FXGL.kt:565)
	at com.almasb.fxgl.all@17.1/com.almasb.fxgl.dsl.FXGL.spawn(FXGL.kt)
	at com.example.academicrumble/com.example.academicrumble.GameWorldController.spawn(GameWorldController.java:43)
	at com.example.academicrumble/com.example.academicrumble.Game.initGame(Game.java:66)
	at com.almasb.fxgl.all@17.1/com.almasb.fxgl.app.FXGLApplication$InitAppTask.initGame(FXGLApplication.kt:339)
	at com.almasb.fxgl.all@17.1/com.almasb.fxgl.app.FXGLApplication$InitAppTask.call(FXGLApplication.kt:319)
	at com.almasb.fxgl.all@17.1/com.almasb.fxgl.app.FXGLApplication$InitAppTask.call(FXGLApplication.kt:311)
	at javafx.graphics@18.0.1/javafx.concurrent.Task$TaskCallable.call(Task.java:1426)
	at java.base/java.util.concurrent.FutureTask.run(FutureTask.java:264)
	at java.base/java.util.concurrent.Executors$RunnableAdapter.call(Executors.java:539)
	at java.base/java.util.concurrent.FutureTask.run(FutureTask.java:264)
	at java.base/java.util.concurrent.ThreadPoolExecutor.runWorker(ThreadPoolExecutor.java:1136)
	at java.base/java.util.concurrent.ThreadPoolExecutor$Worker.run(ThreadPoolExecutor.java:635)
	at java.base/java.lang.Thread.run(Thread.java:833)

12:42:27.891 [FXGL Background Thread 2 ] DEBUG FXGLAssetLoaderServi - Loading from file system: file:/D:/Leiden/Challange%20Week/AcademicRumble/target/classes/assets/textures/
12:42:27.892 [FXGL Background Thread 2 ] WARN  FXGLAssetLoaderServi - Failed to load file:/D:/Leiden/Challange%20Week/AcademicRumble/target/classes/assets/textures/
com.sun.javafx.iio.ImageStorageException: No loader for image data
	at javafx.graphics@18.0.1/com.sun.javafx.iio.ImageStorage.loadAll(ImageStorage.java:274)
	at javafx.graphics@18.0.1/com.sun.javafx.tk.quantum.PrismImageLoader2.loadAll(PrismImageLoader2.java:142)
	at javafx.graphics@18.0.1/com.sun.javafx.tk.quantum.PrismImageLoader2.<init>(PrismImageLoader2.java:77)
	at javafx.graphics@18.0.1/com.sun.javafx.tk.quantum.QuantumToolkit.loadImage(QuantumToolkit.java:790)
	at javafx.graphics@18.0.1/javafx.scene.image.Image.loadImage(Image.java:1081)
	at javafx.graphics@18.0.1/javafx.scene.image.Image.initialize(Image.java:816)
	at javafx.graphics@18.0.1/javafx.scene.image.Image.<init>(Image.java:706)
	at com.almasb.fxgl.all@17.1/com.almasb.fxgl.app.services.ImageAssetLoader.load(FXGLAssetLoaderService.kt:641)
	at com.almasb.fxgl.all@17.1/com.almasb.fxgl.app.services.ImageAssetLoader.load(FXGLAssetLoaderService.kt:636)
	at com.almasb.fxgl.all@17.1/com.almasb.fxgl.app.services.AssetLoader.load(FXGLAssetLoaderService.kt:625)
	at com.almasb.fxgl.all@17.1/com.almasb.fxgl.app.services.FXGLAssetLoaderService.load(FXGLAssetLoaderService.kt:530)
	at com.almasb.fxgl.all@17.1/com.almasb.fxgl.app.services.FXGLAssetLoaderService.load(FXGLAssetLoaderService.kt:507)
	at com.almasb.fxgl.all@17.1/com.almasb.fxgl.app.services.FXGLAssetLoaderService.load(FXGLAssetLoaderService.kt:496)
	at com.almasb.fxgl.all@17.1/com.almasb.fxgl.app.services.FXGLAssetLoaderService.loadImage(FXGLAssetLoaderService.kt:166)
	at com.almasb.fxgl.all@17.1/com.almasb.fxgl.app.services.FXGLAssetLoaderService.loadTexture(FXGLAssetLoaderService.kt:125)
	at com.almasb.fxgl.all@17.1/com.almasb.fxgl.dsl.FXGL$Companion.texture(FXGL.kt:401)
	at com.almasb.fxgl.all@17.1/com.almasb.fxgl.dsl.EntityBuilder.view(EntityBuilder.kt:164)
	at com.example.academicrumble/com.example.academicrumble.Sprite.<init>(Sprite.java:30)
	at com.example.academicrumble/com.example.academicrumble.Fighter.<init>(Fighter.java:24)
	at com.example.academicrumble/com.example.academicrumble.AcademicRumbleFactory.spawnEnemy(AcademicRumbleFactory.java:49)
	at java.base/jdk.internal.reflect.DirectMethodHandleAccessor.invoke(DirectMethodHandleAccessor.java:104)
	at java.base/java.lang.reflect.Method.invoke(Method.java:577)
	at com.almasb.fxgl.core@17.1/com.almasb.fxgl.core.reflect.ReflectionUtils.call(ReflectionUtils.java:104)
	at com.almasb.fxgl.core@17.1/com.almasb.fxgl.core.reflect.ReflectionUtils.lambda$mapToFunction$3(ReflectionUtils.java:111)
	at com.almasb.fxgl.entity@17.1/com.almasb.fxgl.entity.GameWorld$create$2.invoke(GameWorld.kt:430)
	at com.almasb.fxgl.entity@17.1/com.almasb.fxgl.entity.GameWorld$create$2.invoke(GameWorld.kt:430)
	at com.almasb.fxgl.core@17.1/com.almasb.fxgl.core.util.DSLKt.tryCatchRoot(DSL.kt:34)
	at com.almasb.fxgl.entity@17.1/com.almasb.fxgl.entity.GameWorld.create(GameWorld.kt:430)
	at com.almasb.fxgl.entity@17.1/com.almasb.fxgl.entity.GameWorld.spawn(GameWorld.kt:396)
	at com.almasb.fxgl.all@17.1/com.almasb.fxgl.dsl.FXGL$Companion.spawn(FXGL.kt:565)
	at com.almasb.fxgl.all@17.1/com.almasb.fxgl.dsl.FXGL.spawn(FXGL.kt)
	at com.example.academicrumble/com.example.academicrumble.GameWorldController.spawn(GameWorldController.java:43)
	at com.example.academicrumble/com.example.academicrumble.Game.initGame(Game.java:67)
	at com.almasb.fxgl.all@17.1/com.almasb.fxgl.app.FXGLApplication$InitAppTask.initGame(FXGLApplication.kt:339)
	at com.almasb.fxgl.all@17.1/com.almasb.fxgl.app.FXGLApplication$InitAppTask.call(FXGLApplication.kt:319)
	at com.almasb.fxgl.all@17.1/com.almasb.fxgl.app.FXGLApplication$InitAppTask.call(FXGLApplication.kt:311)
	at javafx.graphics@18.0.1/javafx.concurrent.Task$TaskCallable.call(Task.java:1426)
	at java.base/java.util.concurrent.FutureTask.run(FutureTask.java:264)
	at java.base/java.util.concurrent.Executors$RunnableAdapter.call(Executors.java:539)
	at java.base/java.util.concurrent.FutureTask.run(FutureTask.java:264)
	at java.base/java.util.concurrent.ThreadPoolExecutor.runWorker(ThreadPoolExecutor.java:1136)
	at java.base/java.util.concurrent.ThreadPoolExecutor$Worker.run(ThreadPoolExecutor.java:635)
	at java.base/java.lang.Thread.run(Thread.java:833)

12:42:27.896 [FXGL Background Thread 2 ] INFO  FXGLApplication      - Game initialization took: 0,158 sec
12:42:27.901 [JavaFX Application Thread] DEBUG Input                - Clearing active input actions
12:42:27.905 [JavaFX Application Thread] DEBUG GameApplicationServi - Removing overlay from FXGLLoadingScene and adding to GameScene
12:42:27.906 [JavaFX Application Thread] DEBUG PrimaryStageWindow   - FXGLLoadingScene -> GameScene
12:42:29.803 [FXGL Background Thread 3 ] DEBUG Engine               - Logging environment variables
12:42:29.803 [FXGL Background Thread 3 ] DEBUG Engine               - achievements: []
12:42:29.803 [FXGL Background Thread 3 ] DEBUG Engine               - actualHeight: 640.0
12:42:29.803 [FXGL Background Thread 3 ] DEBUG Engine               - actualHeightProperty: ReadOnlyDoubleProperty [value: 640.0]
12:42:29.803 [FXGL Background Thread 3 ] DEBUG Engine               - actualWidth: 1280.0
12:42:29.803 [FXGL Background Thread 3 ] DEBUG Engine               - actualWidthProperty: ReadOnlyDoubleProperty [value: 1280.0]
12:42:29.803 [FXGL Background Thread 3 ] DEBUG Engine               - appIcon: fxgl_icon.png
12:42:29.803 [FXGL Background Thread 3 ] DEBUG Engine               - applicationMode: DEVELOPER
12:42:29.803 [FXGL Background Thread 3 ] DEBUG Engine               - cSSList: [fxgl_dark.css]
12:42:29.804 [FXGL Background Thread 3 ] DEBUG Engine               - collisionDetectionStrategy: BRUTE_FORCE
12:42:29.804 [FXGL Background Thread 3 ] DEBUG Engine               - configClass: Optional.empty
12:42:29.804 [FXGL Background Thread 3 ] DEBUG Engine               - credits: []
12:42:29.804 [FXGL Background Thread 3 ] DEBUG Engine               - defaultCursor: CursorInfo(imageName=fxgl_default_cursor.png, hotspotX=7.0, hotspotY=6.0)
12:42:29.804 [FXGL Background Thread 3 ] DEBUG Engine               - devBBoxColorProperty: ObjectProperty [value: 0xff0000ff]
12:42:29.804 [FXGL Background Thread 3 ] DEBUG Engine               - devEnableDebugCameraProperty: BooleanProperty [value: false]
12:42:29.804 [FXGL Background Thread 3 ] DEBUG Engine               - devSensorColorProperty: ObjectProperty [value: 0xffff00ff]
12:42:29.804 [FXGL Background Thread 3 ] DEBUG Engine               - devShowBBoxProperty: BooleanProperty [value: false]
12:42:29.804 [FXGL Background Thread 3 ] DEBUG Engine               - devShowPositionProperty: BooleanProperty [value: false]
12:42:29.804 [FXGL Background Thread 3 ] DEBUG Engine               - enabledMenuItems: []
12:42:29.804 [FXGL Background Thread 3 ] DEBUG Engine               - engineServices: [class com.almasb.fxgl.app.services.FXGLAssetLoaderService, class com.almasb.fxgl.app.FXGLApplication$GameApplicationService, class com.almasb.fxgl.app.services.FXGLDialogService, class com.almasb.fxgl.app.services.IOTaskExecutorService, class com.almasb.fxgl.io.FileSystemService, class com.almasb.fxgl.localization.LocalizationService, class com.almasb.fxgl.app.services.SystemBundleService, class com.almasb.fxgl.profile.SaveLoadService, class com.almasb.fxgl.ui.FXGLUIFactoryServiceProvider, class com.almasb.fxgl.ui.FXGLDialogFactoryServiceProvider, class com.almasb.fxgl.audio.AudioPlayer, class com.almasb.fxgl.notification.impl.NotificationServiceProvider, class com.almasb.fxgl.achievement.AchievementService, class com.almasb.fxgl.cutscene.CutsceneService, class com.almasb.fxgl.minigames.MiniGameService, class com.almasb.fxgl.net.NetService, class com.almasb.fxgl.app.services.UpdaterService, class com.almasb.fxgl.dev.DevService]
12:42:29.804 [FXGL Background Thread 3 ] DEBUG Engine               - fontGame: Abel-Regular.ttf
12:42:29.804 [FXGL Background Thread 3 ] DEBUG Engine               - fontMono: TerminalLandMono-Regular.otf
12:42:29.804 [FXGL Background Thread 3 ] DEBUG Engine               - fontText: Courier-Prime.ttf
12:42:29.804 [FXGL Background Thread 3 ] DEBUG Engine               - fontUI: VarelaRound-Regular.ttf
12:42:29.805 [FXGL Background Thread 3 ] DEBUG Engine               - fullScreen: BooleanProperty [value: false]
12:42:29.805 [FXGL Background Thread 3 ] DEBUG Engine               - gameDifficulty: MEDIUM
12:42:29.805 [FXGL Background Thread 3 ] DEBUG Engine               - gameDifficultyProperty: ObjectProperty [value: MEDIUM]
12:42:29.805 [FXGL Background Thread 3 ] DEBUG Engine               - globalMusicVolume: 0.5
12:42:29.805 [FXGL Background Thread 3 ] DEBUG Engine               - globalMusicVolumeProperty: DoubleProperty [value: 0.5]
12:42:29.805 [FXGL Background Thread 3 ] DEBUG Engine               - globalSoundVolume: 0.5
12:42:29.805 [FXGL Background Thread 3 ] DEBUG Engine               - globalSoundVolumeProperty: DoubleProperty [value: 0.5]
12:42:29.805 [FXGL Background Thread 3 ] DEBUG Engine               - height: 640
12:42:29.805 [FXGL Background Thread 3 ] DEBUG Engine               - is3D: false
12:42:29.805 [FXGL Background Thread 3 ] DEBUG Engine               - isAndroid: false
12:42:29.805 [FXGL Background Thread 3 ] DEBUG Engine               - isBrowser: false
12:42:29.805 [FXGL Background Thread 3 ] DEBUG Engine               - isClickFeedbackEnabled: false
12:42:29.805 [FXGL Background Thread 3 ] DEBUG Engine               - isCloseConfirmation: false
12:42:29.805 [FXGL Background Thread 3 ] DEBUG Engine               - isDesktop: true
12:42:29.805 [FXGL Background Thread 3 ] DEBUG Engine               - isDeveloperMenuEnabled: false
12:42:29.805 [FXGL Background Thread 3 ] DEBUG Engine               - isEmbedded: false
12:42:29.805 [FXGL Background Thread 3 ] DEBUG Engine               - isEntityPreloadEnabled: true
12:42:29.805 [FXGL Background Thread 3 ] DEBUG Engine               - isExperimentalTiledLargeMap: false
12:42:29.805 [FXGL Background Thread 3 ] DEBUG Engine               - isFileSystemWriteAllowed: true
12:42:29.805 [FXGL Background Thread 3 ] DEBUG Engine               - isFullScreenAllowed: false
12:42:29.805 [FXGL Background Thread 3 ] DEBUG Engine               - isFullScreenFromStart: false
12:42:29.805 [FXGL Background Thread 3 ] DEBUG Engine               - isGameMenuEnabled: true
12:42:29.806 [FXGL Background Thread 3 ] DEBUG Engine               - isIOS: false
12:42:29.806 [FXGL Background Thread 3 ] DEBUG Engine               - isIntroEnabled: false
12:42:29.806 [FXGL Background Thread 3 ] DEBUG Engine               - isLinux: false
12:42:29.806 [FXGL Background Thread 3 ] DEBUG Engine               - isMac: false
12:42:29.806 [FXGL Background Thread 3 ] DEBUG Engine               - isMainMenuEnabled: true
12:42:29.806 [FXGL Background Thread 3 ] DEBUG Engine               - isManualResizeEnabled: false
12:42:29.806 [FXGL Background Thread 3 ] DEBUG Engine               - isMobile: false
12:42:29.806 [FXGL Background Thread 3 ] DEBUG Engine               - isNative: false
12:42:29.806 [FXGL Background Thread 3 ] DEBUG Engine               - isPauseMusicWhenMinimized: true
12:42:29.806 [FXGL Background Thread 3 ] DEBUG Engine               - isPreserveResizeRatio: false
12:42:29.806 [FXGL Background Thread 3 ] DEBUG Engine               - isProfilingEnabled: false
12:42:29.806 [FXGL Background Thread 3 ] DEBUG Engine               - isScaleAffectedOnResize: true
12:42:29.806 [FXGL Background Thread 3 ] DEBUG Engine               - isSingleStep: false
12:42:29.806 [FXGL Background Thread 3 ] DEBUG Engine               - isUserProfileEnabled: false
12:42:29.806 [FXGL Background Thread 3 ] DEBUG Engine               - isWindows: true
12:42:29.806 [FXGL Background Thread 3 ] DEBUG Engine               - language: ObjectProperty [value: ENGLISH]
12:42:29.806 [FXGL Background Thread 3 ] DEBUG Engine               - menuKey: ESCAPE
12:42:29.806 [FXGL Background Thread 3 ] DEBUG Engine               - mouseSensitivity: 0.2
12:42:29.806 [FXGL Background Thread 3 ] DEBUG Engine               - notificationViewClass: class com.almasb.fxgl.notification.view.XboxNotificationView
12:42:29.806 [FXGL Background Thread 3 ] DEBUG Engine               - pixelsPerMeter: 50.0
12:42:29.806 [FXGL Background Thread 3 ] DEBUG Engine               - platform: WINDOWS
12:42:29.806 [FXGL Background Thread 3 ] DEBUG Engine               - prefHeightProperty: ReadOnlyDoubleProperty [value: 640.0]
12:42:29.806 [FXGL Background Thread 3 ] DEBUG Engine               - prefWidthProperty: ReadOnlyDoubleProperty [value: 1280.0]
12:42:29.806 [FXGL Background Thread 3 ] DEBUG Engine               - profileDir: profiles/
12:42:29.807 [FXGL Background Thread 3 ] DEBUG Engine               - profileName: StringProperty [value: DEFAULT]
12:42:29.807 [FXGL Background Thread 3 ] DEBUG Engine               - randomSeed: -1
12:42:29.807 [FXGL Background Thread 3 ] DEBUG Engine               - runtimeInfo: RuntimeInfo(platform=WINDOWS, version=17.1, build=24.03.2022 17.34)
12:42:29.807 [FXGL Background Thread 3 ] DEBUG Engine               - saveFileExt: sav
12:42:29.807 [FXGL Background Thread 3 ] DEBUG Engine               - scaledHeightProp$fxgl: DoubleProperty [bound, value: 640.0]
12:42:29.807 [FXGL Background Thread 3 ] DEBUG Engine               - scaledWidthProp$fxgl: DoubleProperty [bound, value: 1280.0]
12:42:29.807 [FXGL Background Thread 3 ] DEBUG Engine               - sceneFactory: com.example.academicrumble.MySceneFactory@3c71a606
12:42:29.807 [FXGL Background Thread 3 ] DEBUG Engine               - secondsIn24h: 60
12:42:29.807 [FXGL Background Thread 3 ] DEBUG Engine               - soundMenuBack: menu/back.wav
12:42:29.807 [FXGL Background Thread 3 ] DEBUG Engine               - soundMenuPress: menu/press.wav
12:42:29.807 [FXGL Background Thread 3 ] DEBUG Engine               - soundMenuSelect: menu/select.wav
12:42:29.807 [FXGL Background Thread 3 ] DEBUG Engine               - soundNotification: core/notification.wav
12:42:29.807 [FXGL Background Thread 3 ] DEBUG Engine               - stageStyle: DECORATED
12:42:29.807 [FXGL Background Thread 3 ] DEBUG Engine               - supportedLanguages: [ENGLISH, FRENCH, GERMAN, HUNGARIAN, RUSSIAN]
12:42:29.807 [FXGL Background Thread 3 ] DEBUG Engine               - ticksPerSecond: -1
12:42:29.807 [FXGL Background Thread 3 ] DEBUG Engine               - title: Academic Rumble
12:42:29.807 [FXGL Background Thread 3 ] DEBUG Engine               - urlGithub: https://github.com/AlmasB/FXGL
12:42:29.808 [FXGL Background Thread 3 ] DEBUG Engine               - urlLeaderboard: http://fxgl-top.herokuapp.com/
12:42:29.808 [FXGL Background Thread 3 ] DEBUG Engine               - urlPOM: https://raw.githubusercontent.com/AlmasB/FXGL/release/README.md
12:42:29.808 [FXGL Background Thread 3 ] DEBUG Engine               - userAppClass: class com.example.academicrumble.Game
12:42:29.808 [FXGL Background Thread 3 ] DEBUG Engine               - version: 1.0
12:42:29.808 [FXGL Background Thread 3 ] DEBUG Engine               - versionCheckDays: 7
12:42:29.808 [FXGL Background Thread 3 ] DEBUG Engine               - width: 1280
12:42:29.808 [FXGL Background Thread 3 ] DEBUG Engine               - Logging services
12:42:29.808 [FXGL Background Thread 3 ] DEBUG Engine               - class com.almasb.fxgl.app.services.FXGLAssetLoaderService
12:42:29.808 [FXGL Background Thread 3 ] DEBUG Engine               - class com.almasb.fxgl.app.FXGLApplication$GameApplicationService
12:42:29.808 [FXGL Background Thread 3 ] DEBUG Engine               - class com.almasb.fxgl.app.services.FXGLDialogService
12:42:29.808 [FXGL Background Thread 3 ] DEBUG Engine               - class com.almasb.fxgl.app.services.IOTaskExecutorService
12:42:29.808 [FXGL Background Thread 3 ] DEBUG Engine               - class com.almasb.fxgl.io.FileSystemService
12:42:29.808 [FXGL Background Thread 3 ] DEBUG Engine               - class com.almasb.fxgl.localization.LocalizationService
12:42:29.808 [FXGL Background Thread 3 ] DEBUG Engine               - class com.almasb.fxgl.app.services.SystemBundleService
12:42:29.808 [FXGL Background Thread 3 ] DEBUG Engine               - class com.almasb.fxgl.profile.SaveLoadService
12:42:29.808 [FXGL Background Thread 3 ] DEBUG Engine               - class com.almasb.fxgl.ui.FXGLUIFactoryServiceProvider
12:42:29.808 [FXGL Background Thread 3 ] DEBUG Engine               - class com.almasb.fxgl.ui.FXGLDialogFactoryServiceProvider
12:42:29.808 [FXGL Background Thread 3 ] DEBUG Engine               - class com.almasb.fxgl.audio.AudioPlayer
12:42:29.808 [FXGL Background Thread 3 ] DEBUG Engine               - class com.almasb.fxgl.notification.impl.NotificationServiceProvider
12:42:29.808 [FXGL Background Thread 3 ] DEBUG Engine               - class com.almasb.fxgl.achievement.AchievementService
12:42:29.808 [FXGL Background Thread 3 ] DEBUG Engine               - class com.almasb.fxgl.cutscene.CutsceneService
12:42:29.808 [FXGL Background Thread 3 ] DEBUG Engine               - class com.almasb.fxgl.minigames.MiniGameService
12:42:29.808 [FXGL Background Thread 3 ] DEBUG Engine               - class com.almasb.fxgl.net.NetService
12:42:29.808 [FXGL Background Thread 3 ] DEBUG Engine               - class com.almasb.fxgl.app.services.UpdaterService
12:42:29.808 [FXGL Background Thread 3 ] DEBUG Engine               - class com.almasb.fxgl.dev.DevService
12:42:48.690 [JavaFX Application Thread] DEBUG FXGLApplication      - Exiting FXGL
12:42:48.691 [JavaFX Application Thread] DEBUG LoopRunner           - Stopping loop
12:42:48.691 [JavaFX Application Thread] DEBUG SystemBundleService  - Saving FXGL system data
12:42:48.693 [JavaFX Application Thread] DEBUG FileSystemAccess     - Writing to: D:\Leiden\Challange Week\AcademicRumble\system\fxgl.bundle
12:42:48.696 [JavaFX Application Thread] DEBUG Async                - Shutting down background threads
12:42:48.696 [JavaFX Application Thread] DEBUG PrimaryStageWindow   - Closing main window
12:42:48.712 [JavaFX Application Thread] DEBUG Logger               - Closing Logger
