16:14:38.583 [main                     ] DEBUG Logger               - Configured Logger
16:14:38.609 [main                     ] DEBUG GameApplication      - Logging settings
Title: Academic Rumble
Version: 1.0
Width: 640
Height: 600
Fullscreen: false
Intro: false
Profiling: false
Single step:false
App Mode: DEVELOPER
Menu Key: ESCAPE
Stage Style: DECORATED
Scene Factory: class com.example.academicrumble.MySceneFactory

16:14:39.028 [JavaFX Application Thread] DEBUG FXGLApplication      - Initializing FXGL
16:14:39.033 [JavaFX Application Thread] INFO  Engine               - FXGL-17.1 (24.03.2022 17.34) on WINDOWS (J:18.0.2 FX:18.0.1)
16:14:39.034 [JavaFX Application Thread] DEBUG Engine               - JRE Vendor Name: Amazon.com Inc.
16:14:39.034 [JavaFX Application Thread] DEBUG Engine               - Running on OS: Windows 11 version 10.0
16:14:39.034 [JavaFX Application Thread] DEBUG Engine               - Architecture: amd64
16:14:39.034 [JavaFX Application Thread] INFO  Engine               - Source code and latest versions at: https://github.com/AlmasB/FXGL
16:14:39.034 [JavaFX Application Thread] INFO  Engine               -       Ask questions and discuss at: https://github.com/AlmasB/FXGL/discussions
16:14:39.034 [JavaFX Application Thread] INFO  Engine               -              Join the FXGL chat at: https://gitter.im/AlmasB/FXGL
16:14:39.116 [JavaFX Application Thread] DEBUG PrimaryStageWindow   - Creating a JavaFX scene
16:14:39.152 [JavaFX Application Thread] DEBUG PrimaryStageWindow   - Target settings size: 640.0 x 600.0
16:14:39.152 [JavaFX Application Thread] DEBUG PrimaryStageWindow   - Scaled scene size:    640.0 x 600.0
16:14:39.153 [JavaFX Application Thread] DEBUG PrimaryStageWindow   - Scaled ratio: (1.0, 1.0)
16:14:39.153 [JavaFX Application Thread] DEBUG PrimaryStageWindow   - Set initial scene to FXGLStartupScene
16:14:39.158 [JavaFX Application Thread] DEBUG PrimaryStageWindow   - Opening main window
16:14:39.232 [JavaFX Application Thread] DEBUG PrimaryStageWindow   - Window border size: (16.0, 39.0)
16:14:39.233 [JavaFX Application Thread] DEBUG PrimaryStageWindow   - Scaled size: 640.0 x 600.0
16:14:39.233 [JavaFX Application Thread] DEBUG PrimaryStageWindow   - Scaled ratio: (1.0, 1.0)
16:14:39.233 [JavaFX Application Thread] DEBUG PrimaryStageWindow   - Scene size: 640.0 x 600.0
16:14:39.234 [JavaFX Application Thread] DEBUG PrimaryStageWindow   - Stage size: 656.0 x 639.0
16:14:39.242 [FXGL Background Thread 1 ] DEBUG Engine               - Initializing environment variables
16:14:39.309 [FXGL Background Thread 1 ] DEBUG FXGLAssetLoaderServi - User app class for loading assets: class com.example.academicrumble.Game
16:14:39.310 [FXGL Background Thread 1 ] DEBUG GameApplicationServi - Applying CSS: fxgl_dark.css
16:14:39.312 [FXGL Background Thread 1 ] DEBUG FXGLAssetLoaderServi - Loading from file system: jar:file:///C:/Users/pelle/.m2/repository/com/github/almasb/fxgl/17.1/fxgl-17.1.jar!/fxglassets/ui/css/fxgl_dark.css
16:14:39.365 [FXGL Background Thread 1 ] DEBUG GameApplicationServi - Initializing application scenes
16:14:39.407 [FXGL Background Thread 1 ] DEBUG GameWorld            - Game world initialized
16:14:39.466 [FXGL Background Thread 1 ] DEBUG PhysicsWorld         - Physics world initialized: appHeight=600, physics.ppm=50,0
16:14:39.466 [FXGL Background Thread 1 ] DEBUG PhysicsWorld         - Using strategy: BRUTE_FORCE
16:14:39.470 [FXGL Background Thread 1 ] DEBUG GameScene            - Game scene initialized: 640x600
16:14:39.491 [FXGL Background Thread 1 ] WARN  FXGL.DefaultMenu     - FXGLDefaultMenu is not designed for resolutions < 800x600
16:14:39.492 [FXGL Background Thread 1 ] DEBUG FXGL.DefaultMenu     - createMenuBodyGameMenu()
16:14:39.499 [FXGL Background Thread 1 ] DEBUG FXGL.DefaultMenu     - createOptionsMenu()
16:14:39.506 [FXGL Background Thread 1 ] DEBUG FXGLAssetLoaderServi - Loading from file system: jar:file:///C:/Users/pelle/.m2/repository/com/github/almasb/fxgl/17.1/fxgl-17.1.jar!/fxglassets/textures/particles/smoke.png
16:14:39.592 [FXGL Background Thread 1 ] DEBUG FXGLAssetLoaderServi - Loading from file system: jar:file:///C:/Users/pelle/.m2/repository/com/github/almasb/fxgl/17.1/fxgl-17.1.jar!/fxglassets/textures/particles/trace_horizontal.png
16:14:39.616 [FXGL Background Thread 1 ] DEBUG GameApplicationServi - Application scenes initialized
16:14:39.625 [FXGL Background Thread 1 ] DEBUG SystemBundleService  - Loading FXGL system data
16:14:39.629 [FXGL Background Thread 1 ] DEBUG FileSystemAccess     - Reading from: D:\Leiden\Challange Week\AcademicRumble\system\fxgl.bundle
16:14:39.637 [FXGL Background Thread 1 ] DEBUG SystemBundleService  - Bundle FXGL: {}
16:14:39.637 [FXGL Background Thread 1 ] DEBUG UpdaterService       - Checking for updates
16:14:39.640 [FXGL Background Thread 4 ] DEBUG FXGLApplication      - Loading fonts
16:14:39.641 [FXGL Background Thread 4 ] DEBUG FXGLAssetLoaderServi - Loading from file system: jar:file:///C:/Users/pelle/.m2/repository/com/github/almasb/fxgl/17.1/fxgl-17.1.jar!/fxglassets/ui/fonts/VarelaRound-Regular.ttf
16:14:39.642 [FXGL Background Thread 1 ] DEBUG FXGLApplication      - Loading default localization
16:14:39.643 [FXGL Background Thread 1 ] DEBUG FXGLAssetLoaderServi - Loading from file system: jar:file:///C:/Users/pelle/.m2/repository/com/github/almasb/fxgl/17.1/fxgl-17.1.jar!/fxglassets/languages/english.lang
16:14:39.662 [FXGL Background Thread 1 ] INFO  FXGLApplication      - FXGL initialization took: 0,419 sec
16:14:39.676 [JavaFX Application Thread] DEBUG Input                - Registered new binding: Move Left - A
16:14:39.677 [JavaFX Application Thread] DEBUG Input                - Registered new binding: Move Right - D
16:14:39.678 [JavaFX Application Thread] DEBUG Input                - Registered new binding: Move Up - W
16:14:39.678 [JavaFX Application Thread] DEBUG Input                - Registered new binding: Move Down - S
16:14:39.679 [JavaFX Application Thread] DEBUG FXGLAssetLoaderServi - Loading from file system: jar:file:///C:/Users/pelle/.m2/repository/com/github/almasb/fxgl/17.1/fxgl-17.1.jar!/fxglassets/textures/fxgl_icon.png
16:14:39.704 [JavaFX Application Thread] DEBUG FXGLAssetLoaderServi - Loading from file system: jar:file:///C:/Users/pelle/.m2/repository/com/github/almasb/fxgl/17.1/fxgl-17.1.jar!/fxglassets/textures/fxgl_default_cursor.png
16:14:39.709 [JavaFX Application Thread] DEBUG Input                - Registered new binding: Screenshot - CTRL+8
16:14:39.710 [JavaFX Application Thread] DEBUG Input                - Registered new binding: System info dump - CTRL+9
16:14:39.710 [JavaFX Application Thread] DEBUG Input                - Registered new binding: Restart - CTRL+R
16:14:39.711 [JavaFX Application Thread] DEBUG Input                - Registered new binding: Toggle Debug Camera - CTRL+7
16:14:39.714 [JavaFX Application Thread] DEBUG LoopRunner           - Starting loop
16:14:39.715 [JavaFX Application Thread] DEBUG LoopRunner           - Initializing JavaFX AnimationTimerLoop
16:14:39.718 [JavaFX Application Thread] DEBUG Input                - Clearing active input actions
16:14:39.725 [JavaFX Application Thread] DEBUG GameApplicationServi - Removing overlay from FXGLStartupScene and adding to FXGLMainMenuDummyScene
16:14:39.726 [JavaFX Application Thread] DEBUG PrimaryStageWindow   - FXGLStartupScene -> FXGLMainMenuDummyScene
16:14:39.726 [JavaFX Application Thread] DEBUG PrimaryStageWindow   - Push state: CharacterSelect
16:14:39.726 [JavaFX Application Thread] DEBUG Input                - Clearing active input actions
16:14:39.730 [JavaFX Application Thread] DEBUG GameApplicationServi - Removing overlay from FXGLMainMenuDummyScene and adding to CharacterSelect
16:14:39.730 [JavaFX Application Thread] DEBUG PrimaryStageWindow   - FXGLMainMenuDummyScene -> CharacterSelect
16:14:39.803 [FXGL Background Thread 4 ] DEBUG FXGLAssetLoaderServi - Loading from file system: jar:file:///C:/Users/pelle/.m2/repository/com/github/almasb/fxgl/17.1/fxgl-17.1.jar!/fxglassets/ui/fonts/Abel-Regular.ttf
16:14:39.818 [FXGL Background Thread 4 ] DEBUG FXGLAssetLoaderServi - Loading from file system: jar:file:///C:/Users/pelle/.m2/repository/com/github/almasb/fxgl/17.1/fxgl-17.1.jar!/fxglassets/ui/fonts/TerminalLandMono-Regular.otf
16:14:39.837 [FXGL Background Thread 4 ] DEBUG FXGLAssetLoaderServi - Loading from file system: jar:file:///C:/Users/pelle/.m2/repository/com/github/almasb/fxgl/17.1/fxgl-17.1.jar!/fxglassets/ui/fonts/Courier-Prime.ttf
16:14:39.854 [JavaFX Application Thread] DEBUG FXGLApplication      - Registering font factories with UI factory
16:14:40.060 [FXGL Background Thread 2 ] INFO  UpdaterService       - Your current version:  17.1
16:14:40.061 [FXGL Background Thread 2 ] INFO  UpdaterService       - Latest stable version: 17.3
16:14:42.447 [JavaFX Application Thread] DEBUG FXGLApplication      - Exiting FXGL
16:14:42.447 [JavaFX Application Thread] DEBUG LoopRunner           - Stopping loop
16:14:42.447 [JavaFX Application Thread] DEBUG SystemBundleService  - Saving FXGL system data
16:14:42.448 [JavaFX Application Thread] DEBUG FileSystemAccess     - Writing to: D:\Leiden\Challange Week\AcademicRumble\system\fxgl.bundle
16:14:42.450 [JavaFX Application Thread] DEBUG Async                - Shutting down background threads
16:14:42.450 [JavaFX Application Thread] DEBUG PrimaryStageWindow   - Closing main window
16:14:42.461 [JavaFX Application Thread] DEBUG Logger               - Closing Logger
