10:37:15.755 [main                     ] DEBUG Logger               - Configured Logger
10:37:15.773 [main                     ] DEBUG GameApplication      - Logging settings
Title: Academic Rumble
Version: 1.0
Width: 600
Height: 600
Fullscreen: false
Intro: false
Profiling: false
Single step:false
App Mode: DEVELOPER
Menu Key: ESCAPE
Stage Style: DECORATED
Scene Factory: class com.almasb.fxgl.app.scene.SceneFactory

10:37:16.025 [JavaFX Application Thread] DEBUG FXGLApplication      - Initializing FXGL
10:37:16.029 [JavaFX Application Thread] INFO  Engine               - FXGL-17.1 (24.03.2022 17.34) on WINDOWS (J:18.0.2.1 FX:18.0.1)
10:37:16.029 [JavaFX Application Thread] DEBUG Engine               - JRE Vendor Name: Oracle Corporation
10:37:16.029 [JavaFX Application Thread] DEBUG Engine               - Running on OS: Windows 11 version 10.0
10:37:16.029 [JavaFX Application Thread] DEBUG Engine               - Architecture: amd64
10:37:16.029 [JavaFX Application Thread] INFO  Engine               - Source code and latest versions at: https://github.com/AlmasB/FXGL
10:37:16.030 [JavaFX Application Thread] INFO  Engine               -       Ask questions and discuss at: https://github.com/AlmasB/FXGL/discussions
10:37:16.030 [JavaFX Application Thread] INFO  Engine               -              Join the FXGL chat at: https://gitter.im/AlmasB/FXGL
10:37:16.088 [JavaFX Application Thread] DEBUG PrimaryStageWindow   - Creating a JavaFX scene
10:37:16.117 [JavaFX Application Thread] DEBUG PrimaryStageWindow   - Target settings size: 600.0 x 600.0
10:37:16.117 [JavaFX Application Thread] DEBUG PrimaryStageWindow   - Scaled scene size:    600.0 x 600.0
10:37:16.117 [JavaFX Application Thread] DEBUG PrimaryStageWindow   - Scaled ratio: (1.0, 1.0)
10:37:16.119 [JavaFX Application Thread] DEBUG PrimaryStageWindow   - Set initial scene to FXGLStartupScene
10:37:16.122 [JavaFX Application Thread] DEBUG PrimaryStageWindow   - Opening main window
10:37:16.186 [JavaFX Application Thread] DEBUG PrimaryStageWindow   - Window border size: (14.66668701171875, 37.33331298828125)
10:37:16.186 [JavaFX Application Thread] DEBUG PrimaryStageWindow   - Scaled size: 600.0 x 600.0
10:37:16.186 [JavaFX Application Thread] DEBUG PrimaryStageWindow   - Scaled ratio: (1.0, 1.0)
10:37:16.186 [JavaFX Application Thread] DEBUG PrimaryStageWindow   - Scene size: 600.0 x 600.0
10:37:16.187 [JavaFX Application Thread] DEBUG PrimaryStageWindow   - Stage size: 614.6666870117188 x 637.3333129882812
10:37:16.192 [FXGL Background Thread 1 ] DEBUG Engine               - Initializing environment variables
10:37:16.229 [FXGL Background Thread 1 ] DEBUG FXGLAssetLoaderServi - User app class for loading assets: class com.example.academicrumble.Game
10:37:16.229 [FXGL Background Thread 1 ] DEBUG GameApplicationServi - Applying CSS: fxgl_dark.css
10:37:16.230 [FXGL Background Thread 1 ] DEBUG FXGLAssetLoaderServi - Loading from file system: jar:file:///C:/Users/Ruben/.m2/repository/com/github/almasb/fxgl/17.1/fxgl-17.1.jar!/fxglassets/ui/css/fxgl_dark.css
10:37:16.264 [FXGL Background Thread 1 ] DEBUG GameApplicationServi - Initializing application scenes
10:37:16.297 [FXGL Background Thread 1 ] DEBUG GameWorld            - Game world initialized
10:37:16.339 [FXGL Background Thread 1 ] DEBUG PhysicsWorld         - Physics world initialized: appHeight=600, physics.ppm=50,0
10:37:16.339 [FXGL Background Thread 1 ] DEBUG PhysicsWorld         - Using strategy: BRUTE_FORCE
10:37:16.343 [FXGL Background Thread 1 ] DEBUG GameScene            - Game scene initialized: 600x600
10:37:16.352 [FXGL Background Thread 1 ] WARN  FXGL.DefaultMenu     - FXGLDefaultMenu is not designed for resolutions < 800x600
10:37:16.353 [FXGL Background Thread 1 ] DEBUG FXGL.DefaultMenu     - createMenuBodyGameMenu()
10:37:16.362 [FXGL Background Thread 1 ] DEBUG FXGL.DefaultMenu     - createOptionsMenu()
10:37:16.373 [FXGL Background Thread 1 ] DEBUG FXGLAssetLoaderServi - Loading from file system: jar:file:///C:/Users/Ruben/.m2/repository/com/github/almasb/fxgl/17.1/fxgl-17.1.jar!/fxglassets/textures/particles/smoke.png
10:37:16.432 [FXGL Background Thread 1 ] DEBUG FXGLAssetLoaderServi - Loading from file system: jar:file:///C:/Users/Ruben/.m2/repository/com/github/almasb/fxgl/17.1/fxgl-17.1.jar!/fxglassets/textures/particles/trace_horizontal.png
10:37:16.452 [FXGL Background Thread 1 ] DEBUG GameApplicationServi - Application scenes initialized
10:37:16.460 [FXGL Background Thread 1 ] DEBUG SystemBundleService  - Loading FXGL system data
10:37:16.463 [FXGL Background Thread 1 ] DEBUG FileSystemAccess     - Reading from: C:\Users\Ruben\IdeaProjects\AcademicRumble\system\fxgl.bundle
10:37:16.470 [FXGL Background Thread 1 ] DEBUG SystemBundleService  - Bundle FXGL: {}
10:37:16.470 [FXGL Background Thread 1 ] DEBUG UpdaterService       - Checking for updates
10:37:16.473 [FXGL Background Thread 4 ] DEBUG FXGLApplication      - Loading fonts
10:37:16.473 [FXGL Background Thread 1 ] DEBUG FXGLApplication      - Loading default localization
10:37:16.473 [FXGL Background Thread 4 ] DEBUG FXGLAssetLoaderServi - Loading from file system: jar:file:///C:/Users/Ruben/.m2/repository/com/github/almasb/fxgl/17.1/fxgl-17.1.jar!/fxglassets/ui/fonts/VarelaRound-Regular.ttf
10:37:16.474 [FXGL Background Thread 1 ] DEBUG FXGLAssetLoaderServi - Loading from file system: jar:file:///C:/Users/Ruben/.m2/repository/com/github/almasb/fxgl/17.1/fxgl-17.1.jar!/fxglassets/languages/english.lang
10:37:16.498 [FXGL Background Thread 1 ] INFO  FXGLApplication      - FXGL initialization took: 0,305 sec
10:37:16.510 [JavaFX Application Thread] DEBUG Input                - Registered new binding: action0 - D
10:37:16.510 [JavaFX Application Thread] DEBUG Input                - Registered new binding: action1 - A
10:37:16.511 [JavaFX Application Thread] DEBUG Input                - Registered new binding: action2 - Space
10:37:16.512 [JavaFX Application Thread] DEBUG FXGLAssetLoaderServi - Loading from file system: jar:file:///C:/Users/Ruben/.m2/repository/com/github/almasb/fxgl/17.1/fxgl-17.1.jar!/fxglassets/textures/fxgl_icon.png
10:37:16.525 [FXGL Background Thread 4 ] DEBUG FXGLAssetLoaderServi - Loading from file system: jar:file:///C:/Users/Ruben/.m2/repository/com/github/almasb/fxgl/17.1/fxgl-17.1.jar!/fxglassets/ui/fonts/Abel-Regular.ttf
10:37:16.528 [JavaFX Application Thread] DEBUG FXGLAssetLoaderServi - Loading from file system: jar:file:///C:/Users/Ruben/.m2/repository/com/github/almasb/fxgl/17.1/fxgl-17.1.jar!/fxglassets/textures/fxgl_default_cursor.png
10:37:16.528 [FXGL Background Thread 4 ] DEBUG FXGLAssetLoaderServi - Loading from file system: jar:file:///C:/Users/Ruben/.m2/repository/com/github/almasb/fxgl/17.1/fxgl-17.1.jar!/fxglassets/ui/fonts/TerminalLandMono-Regular.otf
10:37:16.529 [JavaFX Application Thread] DEBUG Input                - Registered new binding: Screenshot - CTRL+8
10:37:16.529 [JavaFX Application Thread] DEBUG Input                - Registered new binding: System info dump - CTRL+9
10:37:16.530 [JavaFX Application Thread] DEBUG Input                - Registered new binding: Restart - CTRL+R
10:37:16.530 [JavaFX Application Thread] DEBUG Input                - Registered new binding: Toggle Debug Camera - CTRL+7
10:37:16.530 [FXGL Background Thread 4 ] DEBUG FXGLAssetLoaderServi - Loading from file system: jar:file:///C:/Users/Ruben/.m2/repository/com/github/almasb/fxgl/17.1/fxgl-17.1.jar!/fxglassets/ui/fonts/Courier-Prime.ttf
10:37:16.533 [JavaFX Application Thread] DEBUG LoopRunner           - Starting loop
10:37:16.534 [JavaFX Application Thread] DEBUG LoopRunner           - Initializing JavaFX AnimationTimerLoop
10:37:16.537 [JavaFX Application Thread] DEBUG GameApplicationServi - Starting new game
10:37:16.537 [JavaFX Application Thread] DEBUG Input                - Clearing active input actions
10:37:16.547 [JavaFX Application Thread] DEBUG GameApplicationServi - Removing overlay from FXGLStartupScene and adding to FXGLLoadingScene
10:37:16.548 [JavaFX Application Thread] DEBUG PrimaryStageWindow   - FXGLStartupScene -> FXGLLoadingScene
10:37:16.548 [JavaFX Application Thread] DEBUG GameApplicationServi - Clearing previous game
10:37:16.548 [JavaFX Application Thread] DEBUG GameScene            - Clearing game scene
10:37:16.548 [JavaFX Application Thread] DEBUG GameWorld            - Clearing game world
10:37:16.548 [JavaFX Application Thread] DEBUG PhysicsWorld         - Clearing physics world
10:37:16.551 [JavaFX Application Thread] DEBUG FXGLApplication      - Registering font factories with UI factory
10:37:16.551 [FXGL Background Thread 4 ] DEBUG FXGLApplication      - Initializing game
10:37:16.618 [FXGL Background Thread 4 ] WARN  TMXLevelLoader       - TiledMap generated from 1.1.4. Supported version: 1.4.2. Some features may not be parsed fully.
10:37:16.624 [FXGL Background Thread 4 ] DEBUG TMXLevelLoader       - Parsed TiledMap: file:/C:/Users/Ruben/IdeaProjects/AcademicRumble/target/classes/assets/levels/naamloos.tmx
10:37:16.624 [FXGL Background Thread 4 ] DEBUG TMXLevelLoader       - Creating tile layer entities
10:37:16.626 [FXGL Background Thread 4 ] DEBUG TilesetLoader        - Loading view for layer Слой тайлов 1
10:37:16.626 [FXGL Background Thread 4 ] DEBUG TilesetLoader        - Created buffer with size 160.0x160.0
10:37:16.629 [FXGL Background Thread 4 ] WARN  TilesetLoader        - comic_sans_tileset_black.png cannot be loaded using mapURL=file:/C:/Users/Ruben/IdeaProjects/AcademicRumble/target/classes/assets/levels/naamloos.tmx
java.io.FileNotFoundException: C:\Users\Ruben\IdeaProjects\AcademicRumble\target\classes\assets\levels\comic_sans_tileset_black.png (Het systeem kan het opgegeven bestand niet vinden)
	at java.base/java.io.FileInputStream.open0(Native Method)
	at java.base/java.io.FileInputStream.open(FileInputStream.java:216)
	at java.base/java.io.FileInputStream.<init>(FileInputStream.java:157)
	at java.base/java.io.FileInputStream.<init>(FileInputStream.java:111)
	at java.base/sun.net.www.protocol.file.FileURLConnection.connect(FileURLConnection.java:86)
	at java.base/sun.net.www.protocol.file.FileURLConnection.getInputStream(FileURLConnection.java:189)
	at java.base/java.net.URL.openStream(URL.java:1161)
	at com.almasb.fxgl.entity@17.1/com.almasb.fxgl.entity.level.tiled.TilesetLoader.loadImage(TilesetLoader.kt:403)
	at com.almasb.fxgl.entity@17.1/com.almasb.fxgl.entity.level.tiled.TilesetLoader.loadView(TilesetLoader.kt:133)
	at com.almasb.fxgl.entity@17.1/com.almasb.fxgl.entity.level.tiled.TMXLevelLoader.createTileLayerEntities$lambda-4(TMXLevelLoader.kt:100)
	at java.base/java.util.stream.ReferencePipeline$3$1.accept(ReferencePipeline.java:197)
	at java.base/java.util.ArrayList$ArrayListSpliterator.forEachRemaining(ArrayList.java:1625)
	at java.base/java.util.stream.AbstractPipeline.copyInto(AbstractPipeline.java:509)
	at java.base/java.util.stream.AbstractPipeline.wrapAndCopyInto(AbstractPipeline.java:499)
	at java.base/java.util.stream.ReduceOps$ReduceOp.evaluateSequential(ReduceOps.java:921)
	at java.base/java.util.stream.AbstractPipeline.evaluate(AbstractPipeline.java:234)
	at java.base/java.util.stream.ReferencePipeline.collect(ReferencePipeline.java:682)
	at com.almasb.fxgl.entity@17.1/com.almasb.fxgl.entity.level.tiled.TMXLevelLoader.createTileLayerEntities(TMXLevelLoader.kt:117)
	at com.almasb.fxgl.entity@17.1/com.almasb.fxgl.entity.level.tiled.TMXLevelLoader.load(TMXLevelLoader.kt:58)
	at com.almasb.fxgl.all@17.1/com.almasb.fxgl.app.services.FXGLAssetLoaderService.loadLevel(FXGLAssetLoaderService.kt:446)
	at com.almasb.fxgl.all@17.1/com.almasb.fxgl.dsl.FXGL$Companion.setLevelFromMap(FXGL.kt:634)
	at com.almasb.fxgl.all@17.1/com.almasb.fxgl.dsl.FXGL.setLevelFromMap(FXGL.kt)
	at com.example.academicrumble/com.example.academicrumble.Game.initGame(Game.java:37)
	at com.almasb.fxgl.all@17.1/com.almasb.fxgl.app.FXGLApplication$InitAppTask.initGame(FXGLApplication.kt:339)
	at com.almasb.fxgl.all@17.1/com.almasb.fxgl.app.FXGLApplication$InitAppTask.call(FXGLApplication.kt:319)
	at com.almasb.fxgl.all@17.1/com.almasb.fxgl.app.FXGLApplication$InitAppTask.call(FXGLApplication.kt:311)
	at javafx.graphics@18.0.1/javafx.concurrent.Task$TaskCallable.call(Task.java:1426)
	at java.base/java.util.concurrent.FutureTask.run(FutureTask.java:264)
	at java.base/java.util.concurrent.Executors$RunnableAdapter.call(Executors.java:539)
	at java.base/java.util.concurrent.FutureTask.run(FutureTask.java:264)
	at java.base/java.util.concurrent.ThreadPoolExecutor.runWorker(ThreadPoolExecutor.java:1136)
	at java.base/java.util.concurrent.ThreadPoolExecutor$Worker.run(ThreadPoolExecutor.java:635)
	at java.base/java.lang.Thread.run(Thread.java:833)

10:37:16.702 [FXGL Background Thread 4 ] DEBUG TMXLevelLoader       - Creating object layer entities
10:37:16.736 [FXGL Background Thread 4 ] DEBUG FXGLAssetLoaderServi - Loading from file system: file:/C:/Users/Ruben/IdeaProjects/AcademicRumble/target/classes/assets/textures/char.png
10:37:16.737 [FXGL Background Thread 4 ] WARN  FXGLAssetLoaderServi - Failed to load file:/C:/Users/Ruben/IdeaProjects/AcademicRumble/target/classes/assets/textures/char.png
com.sun.javafx.iio.ImageStorageException: No loader for image data
	at javafx.graphics@18.0.1/com.sun.javafx.iio.ImageStorage.loadAll(ImageStorage.java:274)
	at javafx.graphics@18.0.1/com.sun.javafx.tk.quantum.PrismImageLoader2.loadAll(PrismImageLoader2.java:142)
	at javafx.graphics@18.0.1/com.sun.javafx.tk.quantum.PrismImageLoader2.<init>(PrismImageLoader2.java:77)
	at javafx.graphics@18.0.1/com.sun.javafx.tk.quantum.QuantumToolkit.loadImage(QuantumToolkit.java:790)
	at javafx.graphics@18.0.1/javafx.scene.image.Image.loadImage(Image.java:1081)
	at javafx.graphics@18.0.1/javafx.scene.image.Image.initialize(Image.java:816)
	at javafx.graphics@18.0.1/javafx.scene.image.Image.<init>(Image.java:706)
	at com.almasb.fxgl.all@17.1/com.almasb.fxgl.app.services.ImageAssetLoader.load(FXGLAssetLoaderService.kt:641)
	at com.almasb.fxgl.all@17.1/com.almasb.fxgl.app.services.ImageAssetLoader.load(FXGLAssetLoaderService.kt:636)
	at com.almasb.fxgl.all@17.1/com.almasb.fxgl.app.services.AssetLoader.load(FXGLAssetLoaderService.kt:625)
	at com.almasb.fxgl.all@17.1/com.almasb.fxgl.app.services.FXGLAssetLoaderService.load(FXGLAssetLoaderService.kt:530)
	at com.almasb.fxgl.all@17.1/com.almasb.fxgl.app.services.FXGLAssetLoaderService.load(FXGLAssetLoaderService.kt:507)
	at com.almasb.fxgl.all@17.1/com.almasb.fxgl.app.services.FXGLAssetLoaderService.load(FXGLAssetLoaderService.kt:496)
	at com.almasb.fxgl.all@17.1/com.almasb.fxgl.app.services.FXGLAssetLoaderService.loadImage(FXGLAssetLoaderService.kt:166)
	at com.almasb.fxgl.all@17.1/com.almasb.fxgl.app.services.FXGLAssetLoaderService.loadTexture(FXGLAssetLoaderService.kt:125)
	at com.almasb.fxgl.all@17.1/com.almasb.fxgl.dsl.FXGL$Companion.texture(FXGL.kt:401)
	at com.almasb.fxgl.all@17.1/com.almasb.fxgl.dsl.EntityBuilder.view(EntityBuilder.kt:164)
	at com.example.academicrumble/com.example.academicrumble.Sprite.<init>(Sprite.java:30)
	at com.example.academicrumble/com.example.academicrumble.Fighter.<init>(Fighter.java:13)
	at com.example.academicrumble/com.example.academicrumble.AcademicRumbleFactory.spawnPlayer(AcademicRumbleFactory.java:36)
	at java.base/jdk.internal.reflect.DirectMethodHandleAccessor.invoke(DirectMethodHandleAccessor.java:104)
	at java.base/java.lang.reflect.Method.invoke(Method.java:577)
	at com.almasb.fxgl.core@17.1/com.almasb.fxgl.core.reflect.ReflectionUtils.call(ReflectionUtils.java:104)
	at com.almasb.fxgl.core@17.1/com.almasb.fxgl.core.reflect.ReflectionUtils.lambda$mapToFunction$3(ReflectionUtils.java:111)
	at com.almasb.fxgl.entity@17.1/com.almasb.fxgl.entity.GameWorld$create$2.invoke(GameWorld.kt:430)
	at com.almasb.fxgl.entity@17.1/com.almasb.fxgl.entity.GameWorld$create$2.invoke(GameWorld.kt:430)
	at com.almasb.fxgl.core@17.1/com.almasb.fxgl.core.util.DSLKt.tryCatchRoot(DSL.kt:34)
	at com.almasb.fxgl.entity@17.1/com.almasb.fxgl.entity.GameWorld.create(GameWorld.kt:430)
	at com.almasb.fxgl.entity@17.1/com.almasb.fxgl.entity.level.tiled.TMXLevelLoader.createObjectLayerEntities(TMXLevelLoader.kt:154)
	at com.almasb.fxgl.entity@17.1/com.almasb.fxgl.entity.level.tiled.TMXLevelLoader.load(TMXLevelLoader.kt:60)
	at com.almasb.fxgl.all@17.1/com.almasb.fxgl.app.services.FXGLAssetLoaderService.loadLevel(FXGLAssetLoaderService.kt:446)
	at com.almasb.fxgl.all@17.1/com.almasb.fxgl.dsl.FXGL$Companion.setLevelFromMap(FXGL.kt:634)
	at com.almasb.fxgl.all@17.1/com.almasb.fxgl.dsl.FXGL.setLevelFromMap(FXGL.kt)
	at com.example.academicrumble/com.example.academicrumble.Game.initGame(Game.java:37)
	at com.almasb.fxgl.all@17.1/com.almasb.fxgl.app.FXGLApplication$InitAppTask.initGame(FXGLApplication.kt:339)
	at com.almasb.fxgl.all@17.1/com.almasb.fxgl.app.FXGLApplication$InitAppTask.call(FXGLApplication.kt:319)
	at com.almasb.fxgl.all@17.1/com.almasb.fxgl.app.FXGLApplication$InitAppTask.call(FXGLApplication.kt:311)
	at javafx.graphics@18.0.1/javafx.concurrent.Task$TaskCallable.call(Task.java:1426)
	at java.base/java.util.concurrent.FutureTask.run(FutureTask.java:264)
	at java.base/java.util.concurrent.Executors$RunnableAdapter.call(Executors.java:539)
	at java.base/java.util.concurrent.FutureTask.run(FutureTask.java:264)
	at java.base/java.util.concurrent.ThreadPoolExecutor.runWorker(ThreadPoolExecutor.java:1136)
	at java.base/java.util.concurrent.ThreadPoolExecutor$Worker.run(ThreadPoolExecutor.java:635)
	at java.base/java.lang.Thread.run(Thread.java:833)

10:37:16.739 [FXGL Background Thread 4 ] DEBUG FXGLAssetLoaderServi - Loading from file system: file:/C:/Users/Ruben/IdeaProjects/AcademicRumble/target/classes/assets/textures/char.png
10:37:16.740 [FXGL Background Thread 4 ] WARN  FXGLAssetLoaderServi - Failed to load file:/C:/Users/Ruben/IdeaProjects/AcademicRumble/target/classes/assets/textures/char.png
com.sun.javafx.iio.ImageStorageException: No loader for image data
	at javafx.graphics@18.0.1/com.sun.javafx.iio.ImageStorage.loadAll(ImageStorage.java:274)
	at javafx.graphics@18.0.1/com.sun.javafx.tk.quantum.PrismImageLoader2.loadAll(PrismImageLoader2.java:142)
	at javafx.graphics@18.0.1/com.sun.javafx.tk.quantum.PrismImageLoader2.<init>(PrismImageLoader2.java:77)
	at javafx.graphics@18.0.1/com.sun.javafx.tk.quantum.QuantumToolkit.loadImage(QuantumToolkit.java:790)
	at javafx.graphics@18.0.1/javafx.scene.image.Image.loadImage(Image.java:1081)
	at javafx.graphics@18.0.1/javafx.scene.image.Image.initialize(Image.java:816)
	at javafx.graphics@18.0.1/javafx.scene.image.Image.<init>(Image.java:706)
	at com.almasb.fxgl.all@17.1/com.almasb.fxgl.app.services.ImageAssetLoader.load(FXGLAssetLoaderService.kt:641)
	at com.almasb.fxgl.all@17.1/com.almasb.fxgl.app.services.ImageAssetLoader.load(FXGLAssetLoaderService.kt:636)
	at com.almasb.fxgl.all@17.1/com.almasb.fxgl.app.services.AssetLoader.load(FXGLAssetLoaderService.kt:625)
	at com.almasb.fxgl.all@17.1/com.almasb.fxgl.app.services.FXGLAssetLoaderService.load(FXGLAssetLoaderService.kt:530)
	at com.almasb.fxgl.all@17.1/com.almasb.fxgl.app.services.FXGLAssetLoaderService.load(FXGLAssetLoaderService.kt:507)
	at com.almasb.fxgl.all@17.1/com.almasb.fxgl.app.services.FXGLAssetLoaderService.load(FXGLAssetLoaderService.kt:496)
	at com.almasb.fxgl.all@17.1/com.almasb.fxgl.app.services.FXGLAssetLoaderService.loadImage(FXGLAssetLoaderService.kt:166)
	at com.almasb.fxgl.all@17.1/com.almasb.fxgl.app.services.FXGLAssetLoaderService.loadTexture(FXGLAssetLoaderService.kt:125)
	at com.almasb.fxgl.all@17.1/com.almasb.fxgl.dsl.FXGL$Companion.texture(FXGL.kt:401)
	at com.almasb.fxgl.all@17.1/com.almasb.fxgl.dsl.EntityBuilder.viewWithBBox(EntityBuilder.kt:168)
	at com.example.academicrumble/com.example.academicrumble.Fighter.<init>(Fighter.java:24)
	at com.example.academicrumble/com.example.academicrumble.AcademicRumbleFactory.spawnPlayer(AcademicRumbleFactory.java:36)
	at java.base/jdk.internal.reflect.DirectMethodHandleAccessor.invoke(DirectMethodHandleAccessor.java:104)
	at java.base/java.lang.reflect.Method.invoke(Method.java:577)
	at com.almasb.fxgl.core@17.1/com.almasb.fxgl.core.reflect.ReflectionUtils.call(ReflectionUtils.java:104)
	at com.almasb.fxgl.core@17.1/com.almasb.fxgl.core.reflect.ReflectionUtils.lambda$mapToFunction$3(ReflectionUtils.java:111)
	at com.almasb.fxgl.entity@17.1/com.almasb.fxgl.entity.GameWorld$create$2.invoke(GameWorld.kt:430)
	at com.almasb.fxgl.entity@17.1/com.almasb.fxgl.entity.GameWorld$create$2.invoke(GameWorld.kt:430)
	at com.almasb.fxgl.core@17.1/com.almasb.fxgl.core.util.DSLKt.tryCatchRoot(DSL.kt:34)
	at com.almasb.fxgl.entity@17.1/com.almasb.fxgl.entity.GameWorld.create(GameWorld.kt:430)
	at com.almasb.fxgl.entity@17.1/com.almasb.fxgl.entity.level.tiled.TMXLevelLoader.createObjectLayerEntities(TMXLevelLoader.kt:154)
	at com.almasb.fxgl.entity@17.1/com.almasb.fxgl.entity.level.tiled.TMXLevelLoader.load(TMXLevelLoader.kt:60)
	at com.almasb.fxgl.all@17.1/com.almasb.fxgl.app.services.FXGLAssetLoaderService.loadLevel(FXGLAssetLoaderService.kt:446)
	at com.almasb.fxgl.all@17.1/com.almasb.fxgl.dsl.FXGL$Companion.setLevelFromMap(FXGL.kt:634)
	at com.almasb.fxgl.all@17.1/com.almasb.fxgl.dsl.FXGL.setLevelFromMap(FXGL.kt)
	at com.example.academicrumble/com.example.academicrumble.Game.initGame(Game.java:37)
	at com.almasb.fxgl.all@17.1/com.almasb.fxgl.app.FXGLApplication$InitAppTask.initGame(FXGLApplication.kt:339)
	at com.almasb.fxgl.all@17.1/com.almasb.fxgl.app.FXGLApplication$InitAppTask.call(FXGLApplication.kt:319)
	at com.almasb.fxgl.all@17.1/com.almasb.fxgl.app.FXGLApplication$InitAppTask.call(FXGLApplication.kt:311)
	at javafx.graphics@18.0.1/javafx.concurrent.Task$TaskCallable.call(Task.java:1426)
	at java.base/java.util.concurrent.FutureTask.run(FutureTask.java:264)
	at java.base/java.util.concurrent.Executors$RunnableAdapter.call(Executors.java:539)
	at java.base/java.util.concurrent.FutureTask.run(FutureTask.java:264)
	at java.base/java.util.concurrent.ThreadPoolExecutor.runWorker(ThreadPoolExecutor.java:1136)
	at java.base/java.util.concurrent.ThreadPoolExecutor$Worker.run(ThreadPoolExecutor.java:635)
	at java.base/java.lang.Thread.run(Thread.java:833)

10:37:16.742 [FXGL Background Thread 4 ] DEBUG GameWorld            - Clearing removable entities
10:37:16.742 [FXGL Background Thread 4 ] DEBUG GameWorld            - Setting level: com.almasb.fxgl.entity.level.Level@134d8690
10:37:16.752 [FXGL Background Thread 4 ] DEBUG FXGLAssetLoaderServi - Loading from file system: file:/C:/Users/Ruben/IdeaProjects/AcademicRumble/target/classes/assets/textures/char.png
10:37:16.753 [FXGL Background Thread 4 ] WARN  FXGLAssetLoaderServi - Failed to load file:/C:/Users/Ruben/IdeaProjects/AcademicRumble/target/classes/assets/textures/char.png
com.sun.javafx.iio.ImageStorageException: No loader for image data
	at javafx.graphics@18.0.1/com.sun.javafx.iio.ImageStorage.loadAll(ImageStorage.java:274)
	at javafx.graphics@18.0.1/com.sun.javafx.tk.quantum.PrismImageLoader2.loadAll(PrismImageLoader2.java:142)
	at javafx.graphics@18.0.1/com.sun.javafx.tk.quantum.PrismImageLoader2.<init>(PrismImageLoader2.java:77)
	at javafx.graphics@18.0.1/com.sun.javafx.tk.quantum.QuantumToolkit.loadImage(QuantumToolkit.java:790)
	at javafx.graphics@18.0.1/javafx.scene.image.Image.loadImage(Image.java:1081)
	at javafx.graphics@18.0.1/javafx.scene.image.Image.initialize(Image.java:816)
	at javafx.graphics@18.0.1/javafx.scene.image.Image.<init>(Image.java:706)
	at com.almasb.fxgl.all@17.1/com.almasb.fxgl.app.services.ImageAssetLoader.load(FXGLAssetLoaderService.kt:641)
	at com.almasb.fxgl.all@17.1/com.almasb.fxgl.app.services.ImageAssetLoader.load(FXGLAssetLoaderService.kt:636)
	at com.almasb.fxgl.all@17.1/com.almasb.fxgl.app.services.AssetLoader.load(FXGLAssetLoaderService.kt:625)
	at com.almasb.fxgl.all@17.1/com.almasb.fxgl.app.services.FXGLAssetLoaderService.load(FXGLAssetLoaderService.kt:530)
	at com.almasb.fxgl.all@17.1/com.almasb.fxgl.app.services.FXGLAssetLoaderService.load(FXGLAssetLoaderService.kt:507)
	at com.almasb.fxgl.all@17.1/com.almasb.fxgl.app.services.FXGLAssetLoaderService.load(FXGLAssetLoaderService.kt:496)
	at com.almasb.fxgl.all@17.1/com.almasb.fxgl.app.services.FXGLAssetLoaderService.loadImage(FXGLAssetLoaderService.kt:166)
	at com.almasb.fxgl.all@17.1/com.almasb.fxgl.app.services.FXGLAssetLoaderService.loadTexture(FXGLAssetLoaderService.kt:125)
	at com.almasb.fxgl.all@17.1/com.almasb.fxgl.dsl.FXGL$Companion.texture(FXGL.kt:401)
	at com.almasb.fxgl.all@17.1/com.almasb.fxgl.dsl.EntityBuilder.view(EntityBuilder.kt:164)
	at com.example.academicrumble/com.example.academicrumble.Sprite.<init>(Sprite.java:30)
	at com.example.academicrumble/com.example.academicrumble.Fighter.<init>(Fighter.java:13)
	at com.example.academicrumble/com.example.academicrumble.AcademicRumbleFactory.spawnPlayer(AcademicRumbleFactory.java:36)
	at java.base/jdk.internal.reflect.DirectMethodHandleAccessor.invoke(DirectMethodHandleAccessor.java:104)
	at java.base/java.lang.reflect.Method.invoke(Method.java:577)
	at com.almasb.fxgl.core@17.1/com.almasb.fxgl.core.reflect.ReflectionUtils.call(ReflectionUtils.java:104)
	at com.almasb.fxgl.core@17.1/com.almasb.fxgl.core.reflect.ReflectionUtils.lambda$mapToFunction$3(ReflectionUtils.java:111)
	at com.almasb.fxgl.entity@17.1/com.almasb.fxgl.entity.GameWorld$create$2.invoke(GameWorld.kt:430)
	at com.almasb.fxgl.entity@17.1/com.almasb.fxgl.entity.GameWorld$create$2.invoke(GameWorld.kt:430)
	at com.almasb.fxgl.core@17.1/com.almasb.fxgl.core.util.DSLKt.tryCatchRoot(DSL.kt:34)
	at com.almasb.fxgl.entity@17.1/com.almasb.fxgl.entity.GameWorld.create(GameWorld.kt:430)
	at com.almasb.fxgl.entity@17.1/com.almasb.fxgl.entity.GameWorld.spawn(GameWorld.kt:396)
	at com.almasb.fxgl.all@17.1/com.almasb.fxgl.dsl.FXGL$Companion.spawn(FXGL.kt:565)
	at com.almasb.fxgl.all@17.1/com.almasb.fxgl.dsl.FXGL.spawn(FXGL.kt)
	at com.example.academicrumble/com.example.academicrumble.GameWorldController.spawn(GameWorldController.java:42)
	at com.example.academicrumble/com.example.academicrumble.Game.initGame(Game.java:38)
	at com.almasb.fxgl.all@17.1/com.almasb.fxgl.app.FXGLApplication$InitAppTask.initGame(FXGLApplication.kt:339)
	at com.almasb.fxgl.all@17.1/com.almasb.fxgl.app.FXGLApplication$InitAppTask.call(FXGLApplication.kt:319)
	at com.almasb.fxgl.all@17.1/com.almasb.fxgl.app.FXGLApplication$InitAppTask.call(FXGLApplication.kt:311)
	at javafx.graphics@18.0.1/javafx.concurrent.Task$TaskCallable.call(Task.java:1426)
	at java.base/java.util.concurrent.FutureTask.run(FutureTask.java:264)
	at java.base/java.util.concurrent.Executors$RunnableAdapter.call(Executors.java:539)
	at java.base/java.util.concurrent.FutureTask.run(FutureTask.java:264)
	at java.base/java.util.concurrent.ThreadPoolExecutor.runWorker(ThreadPoolExecutor.java:1136)
	at java.base/java.util.concurrent.ThreadPoolExecutor$Worker.run(ThreadPoolExecutor.java:635)
	at java.base/java.lang.Thread.run(Thread.java:833)

10:37:16.754 [FXGL Background Thread 4 ] DEBUG FXGLAssetLoaderServi - Loading from file system: file:/C:/Users/Ruben/IdeaProjects/AcademicRumble/target/classes/assets/textures/char.png
10:37:16.755 [FXGL Background Thread 4 ] WARN  FXGLAssetLoaderServi - Failed to load file:/C:/Users/Ruben/IdeaProjects/AcademicRumble/target/classes/assets/textures/char.png
com.sun.javafx.iio.ImageStorageException: No loader for image data
	at javafx.graphics@18.0.1/com.sun.javafx.iio.ImageStorage.loadAll(ImageStorage.java:274)
	at javafx.graphics@18.0.1/com.sun.javafx.tk.quantum.PrismImageLoader2.loadAll(PrismImageLoader2.java:142)
	at javafx.graphics@18.0.1/com.sun.javafx.tk.quantum.PrismImageLoader2.<init>(PrismImageLoader2.java:77)
	at javafx.graphics@18.0.1/com.sun.javafx.tk.quantum.QuantumToolkit.loadImage(QuantumToolkit.java:790)
	at javafx.graphics@18.0.1/javafx.scene.image.Image.loadImage(Image.java:1081)
	at javafx.graphics@18.0.1/javafx.scene.image.Image.initialize(Image.java:816)
	at javafx.graphics@18.0.1/javafx.scene.image.Image.<init>(Image.java:706)
	at com.almasb.fxgl.all@17.1/com.almasb.fxgl.app.services.ImageAssetLoader.load(FXGLAssetLoaderService.kt:641)
	at com.almasb.fxgl.all@17.1/com.almasb.fxgl.app.services.ImageAssetLoader.load(FXGLAssetLoaderService.kt:636)
	at com.almasb.fxgl.all@17.1/com.almasb.fxgl.app.services.AssetLoader.load(FXGLAssetLoaderService.kt:625)
	at com.almasb.fxgl.all@17.1/com.almasb.fxgl.app.services.FXGLAssetLoaderService.load(FXGLAssetLoaderService.kt:530)
	at com.almasb.fxgl.all@17.1/com.almasb.fxgl.app.services.FXGLAssetLoaderService.load(FXGLAssetLoaderService.kt:507)
	at com.almasb.fxgl.all@17.1/com.almasb.fxgl.app.services.FXGLAssetLoaderService.load(FXGLAssetLoaderService.kt:496)
	at com.almasb.fxgl.all@17.1/com.almasb.fxgl.app.services.FXGLAssetLoaderService.loadImage(FXGLAssetLoaderService.kt:166)
	at com.almasb.fxgl.all@17.1/com.almasb.fxgl.app.services.FXGLAssetLoaderService.loadTexture(FXGLAssetLoaderService.kt:125)
	at com.almasb.fxgl.all@17.1/com.almasb.fxgl.dsl.FXGL$Companion.texture(FXGL.kt:401)
	at com.almasb.fxgl.all@17.1/com.almasb.fxgl.dsl.EntityBuilder.viewWithBBox(EntityBuilder.kt:168)
	at com.example.academicrumble/com.example.academicrumble.Fighter.<init>(Fighter.java:24)
	at com.example.academicrumble/com.example.academicrumble.AcademicRumbleFactory.spawnPlayer(AcademicRumbleFactory.java:36)
	at java.base/jdk.internal.reflect.DirectMethodHandleAccessor.invoke(DirectMethodHandleAccessor.java:104)
	at java.base/java.lang.reflect.Method.invoke(Method.java:577)
	at com.almasb.fxgl.core@17.1/com.almasb.fxgl.core.reflect.ReflectionUtils.call(ReflectionUtils.java:104)
	at com.almasb.fxgl.core@17.1/com.almasb.fxgl.core.reflect.ReflectionUtils.lambda$mapToFunction$3(ReflectionUtils.java:111)
	at com.almasb.fxgl.entity@17.1/com.almasb.fxgl.entity.GameWorld$create$2.invoke(GameWorld.kt:430)
	at com.almasb.fxgl.entity@17.1/com.almasb.fxgl.entity.GameWorld$create$2.invoke(GameWorld.kt:430)
	at com.almasb.fxgl.core@17.1/com.almasb.fxgl.core.util.DSLKt.tryCatchRoot(DSL.kt:34)
	at com.almasb.fxgl.entity@17.1/com.almasb.fxgl.entity.GameWorld.create(GameWorld.kt:430)
	at com.almasb.fxgl.entity@17.1/com.almasb.fxgl.entity.GameWorld.spawn(GameWorld.kt:396)
	at com.almasb.fxgl.all@17.1/com.almasb.fxgl.dsl.FXGL$Companion.spawn(FXGL.kt:565)
	at com.almasb.fxgl.all@17.1/com.almasb.fxgl.dsl.FXGL.spawn(FXGL.kt)
	at com.example.academicrumble/com.example.academicrumble.GameWorldController.spawn(GameWorldController.java:42)
	at com.example.academicrumble/com.example.academicrumble.Game.initGame(Game.java:38)
	at com.almasb.fxgl.all@17.1/com.almasb.fxgl.app.FXGLApplication$InitAppTask.initGame(FXGLApplication.kt:339)
	at com.almasb.fxgl.all@17.1/com.almasb.fxgl.app.FXGLApplication$InitAppTask.call(FXGLApplication.kt:319)
	at com.almasb.fxgl.all@17.1/com.almasb.fxgl.app.FXGLApplication$InitAppTask.call(FXGLApplication.kt:311)
	at javafx.graphics@18.0.1/javafx.concurrent.Task$TaskCallable.call(Task.java:1426)
	at java.base/java.util.concurrent.FutureTask.run(FutureTask.java:264)
	at java.base/java.util.concurrent.Executors$RunnableAdapter.call(Executors.java:539)
	at java.base/java.util.concurrent.FutureTask.run(FutureTask.java:264)
	at java.base/java.util.concurrent.ThreadPoolExecutor.runWorker(ThreadPoolExecutor.java:1136)
	at java.base/java.util.concurrent.ThreadPoolExecutor$Worker.run(ThreadPoolExecutor.java:635)
	at java.base/java.lang.Thread.run(Thread.java:833)

10:37:16.757 [FXGL Background Thread 4 ] INFO  FXGLApplication      - Game initialization took: 0,207 sec
10:37:16.760 [JavaFX Application Thread] DEBUG Input                - Clearing active input actions
10:37:16.767 [JavaFX Application Thread] DEBUG GameApplicationServi - Removing overlay from FXGLLoadingScene and adding to GameScene
10:37:16.767 [JavaFX Application Thread] DEBUG PrimaryStageWindow   - FXGLLoadingScene -> GameScene
10:37:16.810 [FXGL Background Thread 2 ] INFO  UpdaterService       - Your current version:  17.1
10:37:16.810 [FXGL Background Thread 2 ] INFO  UpdaterService       - Latest stable version: 17.3
10:37:18.946 [JavaFX Application Thread] DEBUG LoopRunner           - Stopping loop
10:37:18.947 [JavaFX Application Thread] FATAL FXGLApplication      - Uncaught Exception:
java.util.NoSuchElementException: No entity found satisfying the predicate
	at com.almasb.fxgl.entity@17.1/com.almasb.fxgl.entity.GameWorld.getSingleton(GameWorld.kt:440)
	at com.almasb.fxgl.entity@17.1/com.almasb.fxgl.entity.GameWorld.getSingleton(GameWorld.kt:436)
	at com.example.academicrumble/com.example.academicrumble.Game.getPlayer(Game.java:23)
	at com.example.academicrumble/com.example.academicrumble.Game.lambda$initInput$1(Game.java:47)
	at com.almasb.fxgl.all@17.1/com.almasb.fxgl.dsl.FXGL$Companion$onKey$1.onAction(FXGL.kt:500)
	at com.almasb.fxgl.core@17.1/com.almasb.fxgl.input.UserAction.action$fxgl_core(UserAction.kt:38)
	at com.almasb.fxgl.core@17.1/com.almasb.fxgl.input.Input.update(Input.kt:271)
	at com.almasb.fxgl.scene@17.1/com.almasb.fxgl.scene.Scene.update(Scene.kt:103)
	at com.almasb.fxgl.all@17.1/com.almasb.fxgl.app.MainWindow$update$1.invoke(MainWindow.kt:115)
	at com.almasb.fxgl.all@17.1/com.almasb.fxgl.app.MainWindow$update$1.invoke(MainWindow.kt:115)
	at com.almasb.fxgl.core@17.1/com.almasb.fxgl.core.fsm.StateMachine.runOnActiveStates(StateMachine.kt:69)
	at com.almasb.fxgl.all@17.1/com.almasb.fxgl.app.MainWindow.update(MainWindow.kt:115)
	at com.almasb.fxgl.all@17.1/com.almasb.fxgl.app.FXGLApplication$GameApplicationService.onUpdate(FXGLApplication.kt:426)
	at com.almasb.fxgl.all@17.1/com.almasb.fxgl.app.Engine.loop(Engine.kt:134)
	at com.almasb.fxgl.all@17.1/com.almasb.fxgl.app.Engine.access$loop(Engine.kt:24)
	at com.almasb.fxgl.all@17.1/com.almasb.fxgl.app.Engine$loop$1.invoke(Engine.kt:28)
	at com.almasb.fxgl.all@17.1/com.almasb.fxgl.app.Engine$loop$1.invoke(Engine.kt:28)
	at com.almasb.fxgl.all@17.1/com.almasb.fxgl.app.LoopRunner.frame(LoopRunner.kt:103)
	at com.almasb.fxgl.all@17.1/com.almasb.fxgl.app.LoopRunner.access$frame(LoopRunner.kt:23)
	at com.almasb.fxgl.all@17.1/com.almasb.fxgl.app.LoopRunner$impl$2$1.onTick(LoopRunner.kt:57)
	at com.almasb.fxgl.all@17.1/com.almasb.fxgl.app.AnimationTimerLoop$timer$1.handle(LoopRunner.kt:137)
	at javafx.graphics@18.0.1/javafx.animation.AnimationTimer$AnimationTimerReceiver.lambda$handle$0(AnimationTimer.java:58)
	at java.base/java.security.AccessController.doPrivileged(AccessController.java:399)
	at javafx.graphics@18.0.1/javafx.animation.AnimationTimer$AnimationTimerReceiver.handle(AnimationTimer.java:57)
	at javafx.graphics@18.0.1/com.sun.scenario.animation.AbstractPrimaryTimer.timePulseImpl(AbstractPrimaryTimer.java:356)
	at javafx.graphics@18.0.1/com.sun.scenario.animation.AbstractPrimaryTimer$MainLoop.run(AbstractPrimaryTimer.java:266)
	at javafx.graphics@18.0.1/com.sun.javafx.tk.quantum.QuantumToolkit.pulse(QuantumToolkit.java:571)
	at javafx.graphics@18.0.1/com.sun.javafx.tk.quantum.QuantumToolkit.pulse(QuantumToolkit.java:555)
	at javafx.graphics@18.0.1/com.sun.javafx.tk.quantum.QuantumToolkit.pulseFromQueue(QuantumToolkit.java:548)
	at javafx.graphics@18.0.1/com.sun.javafx.tk.quantum.QuantumToolkit.lambda$runToolkit$11(QuantumToolkit.java:352)
	at javafx.graphics@18.0.1/com.sun.glass.ui.InvokeLaterDispatcher$Future.run(InvokeLaterDispatcher.java:96)
	at javafx.graphics@18.0.1/com.sun.glass.ui.win.WinApplication._runLoop(Native Method)
	at javafx.graphics@18.0.1/com.sun.glass.ui.win.WinApplication.lambda$runLoop$3(WinApplication.java:184)
	at java.base/java.lang.Thread.run(Thread.java:833)

10:37:18.947 [JavaFX Application Thread] FATAL FXGLApplication      - Application will now exit
10:37:18.957 [JavaFX Application Thread] DEBUG PrimaryStageWindow   - Push state: ErrorSubScene
10:37:18.957 [JavaFX Application Thread] DEBUG Input                - Clearing active input actions
10:37:18.960 [JavaFX Application Thread] DEBUG GameApplicationServi - Removing overlay from GameScene and adding to ErrorSubScene
10:37:18.960 [JavaFX Application Thread] DEBUG PrimaryStageWindow   - GameScene -> ErrorSubScene
10:37:19.473 [FXGL Background Thread 3 ] DEBUG Engine               - Logging environment variables
10:37:19.473 [FXGL Background Thread 3 ] DEBUG Engine               - achievements: []
10:37:19.473 [FXGL Background Thread 3 ] DEBUG Engine               - actualHeight: 600.0
10:37:19.473 [FXGL Background Thread 3 ] DEBUG Engine               - actualHeightProperty: ReadOnlyDoubleProperty [value: 600.0]
10:37:19.473 [FXGL Background Thread 3 ] DEBUG Engine               - actualWidth: 600.0
10:37:19.473 [FXGL Background Thread 3 ] DEBUG Engine               - actualWidthProperty: ReadOnlyDoubleProperty [value: 600.0]
10:37:19.473 [FXGL Background Thread 3 ] DEBUG Engine               - appIcon: fxgl_icon.png
10:37:19.473 [FXGL Background Thread 3 ] DEBUG Engine               - applicationMode: DEVELOPER
10:37:19.474 [FXGL Background Thread 3 ] DEBUG Engine               - cSSList: [fxgl_dark.css]
10:37:19.474 [FXGL Background Thread 3 ] DEBUG Engine               - collisionDetectionStrategy: BRUTE_FORCE
10:37:19.474 [FXGL Background Thread 3 ] DEBUG Engine               - configClass: Optional.empty
10:37:19.474 [FXGL Background Thread 3 ] DEBUG Engine               - credits: []
10:37:19.474 [FXGL Background Thread 3 ] DEBUG Engine               - defaultCursor: CursorInfo(imageName=fxgl_default_cursor.png, hotspotX=7.0, hotspotY=6.0)
10:37:19.474 [FXGL Background Thread 3 ] DEBUG Engine               - devBBoxColorProperty: ObjectProperty [value: 0xff0000ff]
10:37:19.474 [FXGL Background Thread 3 ] DEBUG Engine               - devEnableDebugCameraProperty: BooleanProperty [value: false]
10:37:19.474 [FXGL Background Thread 3 ] DEBUG Engine               - devSensorColorProperty: ObjectProperty [value: 0xffff00ff]
10:37:19.474 [FXGL Background Thread 3 ] DEBUG Engine               - devShowBBoxProperty: BooleanProperty [value: false]
10:37:19.474 [FXGL Background Thread 3 ] DEBUG Engine               - devShowPositionProperty: BooleanProperty [value: false]
10:37:19.474 [FXGL Background Thread 3 ] DEBUG Engine               - enabledMenuItems: []
10:37:19.474 [FXGL Background Thread 3 ] DEBUG Engine               - engineServices: [class com.almasb.fxgl.app.services.FXGLAssetLoaderService, class com.almasb.fxgl.app.FXGLApplication$GameApplicationService, class com.almasb.fxgl.app.services.FXGLDialogService, class com.almasb.fxgl.app.services.IOTaskExecutorService, class com.almasb.fxgl.io.FileSystemService, class com.almasb.fxgl.localization.LocalizationService, class com.almasb.fxgl.app.services.SystemBundleService, class com.almasb.fxgl.profile.SaveLoadService, class com.almasb.fxgl.ui.FXGLUIFactoryServiceProvider, class com.almasb.fxgl.ui.FXGLDialogFactoryServiceProvider, class com.almasb.fxgl.audio.AudioPlayer, class com.almasb.fxgl.notification.impl.NotificationServiceProvider, class com.almasb.fxgl.achievement.AchievementService, class com.almasb.fxgl.cutscene.CutsceneService, class com.almasb.fxgl.minigames.MiniGameService, class com.almasb.fxgl.net.NetService, class com.almasb.fxgl.app.services.UpdaterService, class com.almasb.fxgl.dev.DevService]
10:37:19.474 [FXGL Background Thread 3 ] DEBUG Engine               - fontGame: Abel-Regular.ttf
10:37:19.474 [FXGL Background Thread 3 ] DEBUG Engine               - fontMono: TerminalLandMono-Regular.otf
10:37:19.474 [FXGL Background Thread 3 ] DEBUG Engine               - fontText: Courier-Prime.ttf
10:37:19.474 [FXGL Background Thread 3 ] DEBUG Engine               - fontUI: VarelaRound-Regular.ttf
10:37:19.474 [FXGL Background Thread 3 ] DEBUG Engine               - fullScreen: BooleanProperty [value: false]
10:37:19.474 [FXGL Background Thread 3 ] DEBUG Engine               - gameDifficulty: MEDIUM
10:37:19.474 [FXGL Background Thread 3 ] DEBUG Engine               - gameDifficultyProperty: ObjectProperty [value: MEDIUM]
10:37:19.475 [FXGL Background Thread 3 ] DEBUG Engine               - globalMusicVolume: 0.5
10:37:19.475 [FXGL Background Thread 3 ] DEBUG Engine               - globalMusicVolumeProperty: DoubleProperty [value: 0.5]
10:37:19.475 [FXGL Background Thread 3 ] DEBUG Engine               - globalSoundVolume: 0.5
10:37:19.475 [FXGL Background Thread 3 ] DEBUG Engine               - globalSoundVolumeProperty: DoubleProperty [value: 0.5]
10:37:19.475 [FXGL Background Thread 3 ] DEBUG Engine               - height: 600
10:37:19.475 [FXGL Background Thread 3 ] DEBUG Engine               - is3D: false
10:37:19.475 [FXGL Background Thread 3 ] DEBUG Engine               - isAndroid: false
10:37:19.475 [FXGL Background Thread 3 ] DEBUG Engine               - isBrowser: false
10:37:19.475 [FXGL Background Thread 3 ] DEBUG Engine               - isClickFeedbackEnabled: false
10:37:19.475 [FXGL Background Thread 3 ] DEBUG Engine               - isCloseConfirmation: false
10:37:19.475 [FXGL Background Thread 3 ] DEBUG Engine               - isDesktop: true
10:37:19.475 [FXGL Background Thread 3 ] DEBUG Engine               - isDeveloperMenuEnabled: false
10:37:19.475 [FXGL Background Thread 3 ] DEBUG Engine               - isEmbedded: false
10:37:19.475 [FXGL Background Thread 3 ] DEBUG Engine               - isEntityPreloadEnabled: true
10:37:19.475 [FXGL Background Thread 3 ] DEBUG Engine               - isExperimentalTiledLargeMap: false
10:37:19.475 [FXGL Background Thread 3 ] DEBUG Engine               - isFileSystemWriteAllowed: true
10:37:19.475 [FXGL Background Thread 3 ] DEBUG Engine               - isFullScreenAllowed: false
10:37:19.475 [FXGL Background Thread 3 ] DEBUG Engine               - isFullScreenFromStart: false
10:37:19.475 [FXGL Background Thread 3 ] DEBUG Engine               - isGameMenuEnabled: true
10:37:19.475 [FXGL Background Thread 3 ] DEBUG Engine               - isIOS: false
10:37:19.475 [FXGL Background Thread 3 ] DEBUG Engine               - isIntroEnabled: false
10:37:19.475 [FXGL Background Thread 3 ] DEBUG Engine               - isLinux: false
10:37:19.475 [FXGL Background Thread 3 ] DEBUG Engine               - isMac: false
10:37:19.475 [FXGL Background Thread 3 ] DEBUG Engine               - isMainMenuEnabled: false
10:37:19.475 [FXGL Background Thread 3 ] DEBUG Engine               - isManualResizeEnabled: false
10:37:19.475 [FXGL Background Thread 3 ] DEBUG Engine               - isMobile: false
10:37:19.475 [FXGL Background Thread 3 ] DEBUG Engine               - isNative: false
10:37:19.475 [FXGL Background Thread 3 ] DEBUG Engine               - isPauseMusicWhenMinimized: true
10:37:19.475 [FXGL Background Thread 3 ] DEBUG Engine               - isPreserveResizeRatio: false
10:37:19.475 [FXGL Background Thread 3 ] DEBUG Engine               - isProfilingEnabled: false
10:37:19.475 [FXGL Background Thread 3 ] DEBUG Engine               - isScaleAffectedOnResize: true
10:37:19.475 [FXGL Background Thread 3 ] DEBUG Engine               - isSingleStep: false
10:37:19.475 [FXGL Background Thread 3 ] DEBUG Engine               - isUserProfileEnabled: false
10:37:19.475 [FXGL Background Thread 3 ] DEBUG Engine               - isWindows: true
10:37:19.475 [FXGL Background Thread 3 ] DEBUG Engine               - language: ObjectProperty [value: ENGLISH]
10:37:19.475 [FXGL Background Thread 3 ] DEBUG Engine               - menuKey: ESCAPE
10:37:19.475 [FXGL Background Thread 3 ] DEBUG Engine               - mouseSensitivity: 0.2
10:37:19.475 [FXGL Background Thread 3 ] DEBUG Engine               - notificationViewClass: class com.almasb.fxgl.notification.view.XboxNotificationView
10:37:19.475 [FXGL Background Thread 3 ] DEBUG Engine               - pixelsPerMeter: 50.0
10:37:19.475 [FXGL Background Thread 3 ] DEBUG Engine               - platform: WINDOWS
10:37:19.475 [FXGL Background Thread 3 ] DEBUG Engine               - prefHeightProperty: ReadOnlyDoubleProperty [value: 600.0]
10:37:19.475 [FXGL Background Thread 3 ] DEBUG Engine               - prefWidthProperty: ReadOnlyDoubleProperty [value: 600.0]
10:37:19.475 [FXGL Background Thread 3 ] DEBUG Engine               - profileDir: profiles/
10:37:19.475 [FXGL Background Thread 3 ] DEBUG Engine               - profileName: StringProperty [value: DEFAULT]
10:37:19.475 [FXGL Background Thread 3 ] DEBUG Engine               - randomSeed: -1
10:37:19.476 [FXGL Background Thread 3 ] DEBUG Engine               - runtimeInfo: RuntimeInfo(platform=WINDOWS, version=17.1, build=24.03.2022 17.34)
10:37:19.476 [FXGL Background Thread 3 ] DEBUG Engine               - saveFileExt: sav
10:37:19.476 [FXGL Background Thread 3 ] DEBUG Engine               - scaledHeightProp$fxgl: DoubleProperty [bound, value: 600.0]
10:37:19.476 [FXGL Background Thread 3 ] DEBUG Engine               - scaledWidthProp$fxgl: DoubleProperty [bound, value: 600.0]
10:37:19.476 [FXGL Background Thread 3 ] DEBUG Engine               - sceneFactory: com.almasb.fxgl.app.scene.SceneFactory@201060d6
10:37:19.476 [FXGL Background Thread 3 ] DEBUG Engine               - secondsIn24h: 60
10:37:19.476 [FXGL Background Thread 3 ] DEBUG Engine               - soundMenuBack: menu/back.wav
10:37:19.476 [FXGL Background Thread 3 ] DEBUG Engine               - soundMenuPress: menu/press.wav
10:37:19.476 [FXGL Background Thread 3 ] DEBUG Engine               - soundMenuSelect: menu/select.wav
10:37:19.476 [FXGL Background Thread 3 ] DEBUG Engine               - soundNotification: core/notification.wav
10:37:19.476 [FXGL Background Thread 3 ] DEBUG Engine               - stageStyle: DECORATED
10:37:19.476 [FXGL Background Thread 3 ] DEBUG Engine               - supportedLanguages: [ENGLISH, FRENCH, GERMAN, HUNGARIAN, RUSSIAN]
10:37:19.476 [FXGL Background Thread 3 ] DEBUG Engine               - ticksPerSecond: -1
10:37:19.476 [FXGL Background Thread 3 ] DEBUG Engine               - title: Academic Rumble
10:37:19.476 [FXGL Background Thread 3 ] DEBUG Engine               - urlGithub: https://github.com/AlmasB/FXGL
10:37:19.476 [FXGL Background Thread 3 ] DEBUG Engine               - urlLeaderboard: http://fxgl-top.herokuapp.com/
10:37:19.476 [FXGL Background Thread 3 ] DEBUG Engine               - urlPOM: https://raw.githubusercontent.com/AlmasB/FXGL/release/README.md
10:37:19.476 [FXGL Background Thread 3 ] DEBUG Engine               - userAppClass: class com.example.academicrumble.Game
10:37:19.476 [FXGL Background Thread 3 ] DEBUG Engine               - version: 1.0
10:37:19.476 [FXGL Background Thread 3 ] DEBUG Engine               - versionCheckDays: 7
10:37:19.476 [FXGL Background Thread 3 ] DEBUG Engine               - width: 600
10:37:19.476 [FXGL Background Thread 3 ] DEBUG Engine               - Logging services
10:37:19.476 [FXGL Background Thread 3 ] DEBUG Engine               - class com.almasb.fxgl.app.services.FXGLAssetLoaderService
10:37:19.476 [FXGL Background Thread 3 ] DEBUG Engine               - class com.almasb.fxgl.app.FXGLApplication$GameApplicationService
10:37:19.476 [FXGL Background Thread 3 ] DEBUG Engine               - class com.almasb.fxgl.app.services.FXGLDialogService
10:37:19.476 [FXGL Background Thread 3 ] DEBUG Engine               - class com.almasb.fxgl.app.services.IOTaskExecutorService
10:37:19.476 [FXGL Background Thread 3 ] DEBUG Engine               - class com.almasb.fxgl.io.FileSystemService
10:37:19.476 [FXGL Background Thread 3 ] DEBUG Engine               - class com.almasb.fxgl.localization.LocalizationService
10:37:19.476 [FXGL Background Thread 3 ] DEBUG Engine               - class com.almasb.fxgl.app.services.SystemBundleService
10:37:19.476 [FXGL Background Thread 3 ] DEBUG Engine               - class com.almasb.fxgl.profile.SaveLoadService
10:37:19.476 [FXGL Background Thread 3 ] DEBUG Engine               - class com.almasb.fxgl.ui.FXGLUIFactoryServiceProvider
10:37:19.476 [FXGL Background Thread 3 ] DEBUG Engine               - class com.almasb.fxgl.ui.FXGLDialogFactoryServiceProvider
10:37:19.476 [FXGL Background Thread 3 ] DEBUG Engine               - class com.almasb.fxgl.audio.AudioPlayer
10:37:19.476 [FXGL Background Thread 3 ] DEBUG Engine               - class com.almasb.fxgl.notification.impl.NotificationServiceProvider
10:37:19.476 [FXGL Background Thread 3 ] DEBUG Engine               - class com.almasb.fxgl.achievement.AchievementService
10:37:19.476 [FXGL Background Thread 3 ] DEBUG Engine               - class com.almasb.fxgl.cutscene.CutsceneService
10:37:19.476 [FXGL Background Thread 3 ] DEBUG Engine               - class com.almasb.fxgl.minigames.MiniGameService
10:37:19.476 [FXGL Background Thread 3 ] DEBUG Engine               - class com.almasb.fxgl.net.NetService
10:37:19.476 [FXGL Background Thread 3 ] DEBUG Engine               - class com.almasb.fxgl.app.services.UpdaterService
10:37:19.476 [FXGL Background Thread 3 ] DEBUG Engine               - class com.almasb.fxgl.dev.DevService
10:37:21.608 [JavaFX Application Thread] DEBUG FXGLApplication      - Exiting FXGL
10:37:21.609 [JavaFX Application Thread] DEBUG Async                - Shutting down background threads
10:37:21.609 [JavaFX Application Thread] DEBUG PrimaryStageWindow   - Closing main window
10:37:21.618 [JavaFX Application Thread] DEBUG Logger               - Closing Logger
