10:09:01.209 [main                     ] DEBUG Logger               - Configured Logger
10:09:01.250 [main                     ] DEBUG GameApplication      - Logging settings
Title: Academic Rumble
Version: 1.0
Width: 1280
Height: 640
Fullscreen: false
Intro: false
Profiling: false
Single step:false
App Mode: DEVELOPER
Menu Key: ESCAPE
Stage Style: DECORATED
Scene Factory: class com.example.academicrumble.MySceneFactory

10:09:01.925 [JavaFX Application Thread] DEBUG FXGLApplication      - Initializing FXGL
10:09:01.935 [JavaFX Application Thread] INFO  Engine               - FXGL-17.1 (24.03.2022 17.34) on WINDOWS (J:18.0.2 FX:18.0.1)
10:09:01.935 [JavaFX Application Thread] DEBUG Engine               - JRE Vendor Name: Amazon.com Inc.
10:09:01.936 [JavaFX Application Thread] DEBUG Engine               - Running on OS: Windows 11 version 10.0
10:09:01.936 [JavaFX Application Thread] DEBUG Engine               - Architecture: amd64
10:09:01.936 [JavaFX Application Thread] INFO  Engine               - Source code and latest versions at: https://github.com/AlmasB/FXGL
10:09:01.936 [JavaFX Application Thread] INFO  Engine               -       Ask questions and discuss at: https://github.com/AlmasB/FXGL/discussions
10:09:01.936 [JavaFX Application Thread] INFO  Engine               -              Join the FXGL chat at: https://gitter.im/AlmasB/FXGL
10:09:02.071 [JavaFX Application Thread] DEBUG PrimaryStageWindow   - Creating a JavaFX scene
10:09:02.132 [JavaFX Application Thread] DEBUG PrimaryStageWindow   - Target settings size: 1280.0 x 640.0
10:09:02.133 [JavaFX Application Thread] DEBUG PrimaryStageWindow   - Scaled scene size:    1280.0 x 640.0
10:09:02.133 [JavaFX Application Thread] DEBUG PrimaryStageWindow   - Scaled ratio: (1.0, 1.0)
10:09:02.134 [JavaFX Application Thread] DEBUG PrimaryStageWindow   - Set initial scene to FXGLStartupScene
10:09:02.146 [JavaFX Application Thread] DEBUG PrimaryStageWindow   - Opening main window
10:09:02.278 [JavaFX Application Thread] DEBUG PrimaryStageWindow   - Window border size: (16.0, 39.0)
10:09:02.278 [JavaFX Application Thread] DEBUG PrimaryStageWindow   - Scaled size: 1280.0 x 640.0
10:09:02.279 [JavaFX Application Thread] DEBUG PrimaryStageWindow   - Scaled ratio: (1.0, 1.0)
10:09:02.280 [JavaFX Application Thread] DEBUG PrimaryStageWindow   - Scene size: 1280.0 x 640.0
10:09:02.280 [JavaFX Application Thread] DEBUG PrimaryStageWindow   - Stage size: 1296.0 x 679.0
10:09:02.293 [FXGL Background Thread 1 ] DEBUG Engine               - Initializing environment variables
10:09:02.387 [FXGL Background Thread 1 ] DEBUG FXGLAssetLoaderServi - User app class for loading assets: class com.example.academicrumble.Game
10:09:02.387 [FXGL Background Thread 1 ] DEBUG GameApplicationServi - Applying CSS: fxgl_dark.css
10:09:02.389 [FXGL Background Thread 1 ] DEBUG FXGLAssetLoaderServi - Loading from file system: jar:file:///C:/Users/pelle/.m2/repository/com/github/almasb/fxgl/17.1/fxgl-17.1.jar!/fxglassets/ui/css/fxgl_dark.css
10:09:02.459 [FXGL Background Thread 1 ] DEBUG GameApplicationServi - Initializing application scenes
10:09:02.523 [FXGL Background Thread 1 ] DEBUG GameWorld            - Game world initialized
10:09:02.617 [FXGL Background Thread 1 ] DEBUG PhysicsWorld         - Physics world initialized: appHeight=640, physics.ppm=50,0
10:09:02.618 [FXGL Background Thread 1 ] DEBUG PhysicsWorld         - Using strategy: BRUTE_FORCE
10:09:02.623 [FXGL Background Thread 1 ] DEBUG GameScene            - Game scene initialized: 1280x640
10:09:02.702 [FXGL Background Thread 1 ] DEBUG FXGL.DefaultMenu     - createMenuBodyGameMenu()
10:09:02.717 [FXGL Background Thread 1 ] DEBUG FXGL.DefaultMenu     - createOptionsMenu()
10:09:02.727 [FXGL Background Thread 1 ] DEBUG FXGLAssetLoaderServi - Loading from file system: jar:file:///C:/Users/pelle/.m2/repository/com/github/almasb/fxgl/17.1/fxgl-17.1.jar!/fxglassets/textures/particles/smoke.png
10:09:02.869 [FXGL Background Thread 1 ] DEBUG FXGLAssetLoaderServi - Loading from file system: jar:file:///C:/Users/pelle/.m2/repository/com/github/almasb/fxgl/17.1/fxgl-17.1.jar!/fxglassets/textures/particles/trace_horizontal.png
10:09:02.919 [FXGL Background Thread 1 ] DEBUG GameApplicationServi - Application scenes initialized
10:09:02.935 [FXGL Background Thread 1 ] DEBUG SystemBundleService  - Loading FXGL system data
10:09:02.941 [FXGL Background Thread 1 ] DEBUG FileSystemAccess     - Reading from: D:\Leiden\Challange Week\AcademicRumble\system\fxgl.bundle
10:09:02.954 [FXGL Background Thread 1 ] DEBUG SystemBundleService  - Bundle FXGL: {}
10:09:02.954 [FXGL Background Thread 1 ] DEBUG UpdaterService       - Checking for updates
10:09:02.960 [FXGL Background Thread 4 ] DEBUG FXGLApplication      - Loading fonts
10:09:02.960 [FXGL Background Thread 1 ] DEBUG FXGLApplication      - Loading default localization
10:09:02.961 [FXGL Background Thread 4 ] DEBUG FXGLAssetLoaderServi - Loading from file system: jar:file:///C:/Users/pelle/.m2/repository/com/github/almasb/fxgl/17.1/fxgl-17.1.jar!/fxglassets/ui/fonts/VarelaRound-Regular.ttf
10:09:02.961 [FXGL Background Thread 1 ] DEBUG FXGLAssetLoaderServi - Loading from file system: jar:file:///C:/Users/pelle/.m2/repository/com/github/almasb/fxgl/17.1/fxgl-17.1.jar!/fxglassets/languages/english.lang
10:09:03.004 [FXGL Background Thread 1 ] INFO  FXGLApplication      - FXGL initialization took: 0,711 sec
10:09:03.026 [JavaFX Application Thread] DEBUG Input                - Registered new binding: Move Left - A
10:09:03.028 [JavaFX Application Thread] DEBUG Input                - Registered new binding: Move Right - D
10:09:03.032 [JavaFX Application Thread] DEBUG Input                - Registered new binding: Move Up - Space
10:09:03.034 [JavaFX Application Thread] DEBUG Input                - Registered new binding: action0 - Tab
10:09:03.035 [JavaFX Application Thread] DEBUG Input                - Registered new binding: eMove Left - Left
10:09:03.037 [JavaFX Application Thread] DEBUG Input                - Registered new binding: eMove Right - Right
10:09:03.039 [JavaFX Application Thread] DEBUG Input                - Registered new binding: eMove Up - Up
10:09:03.040 [JavaFX Application Thread] DEBUG Input                - Registered new binding: action1 - Slash
10:09:03.041 [JavaFX Application Thread] DEBUG FXGLAssetLoaderServi - Loading from file system: jar:file:///C:/Users/pelle/.m2/repository/com/github/almasb/fxgl/17.1/fxgl-17.1.jar!/fxglassets/textures/fxgl_icon.png
10:09:03.089 [JavaFX Application Thread] DEBUG FXGLAssetLoaderServi - Loading from file system: jar:file:///C:/Users/pelle/.m2/repository/com/github/almasb/fxgl/17.1/fxgl-17.1.jar!/fxglassets/textures/fxgl_default_cursor.png
10:09:03.092 [JavaFX Application Thread] DEBUG Input                - Registered new binding: Screenshot - CTRL+8
10:09:03.093 [JavaFX Application Thread] DEBUG Input                - Registered new binding: System info dump - CTRL+9
10:09:03.093 [JavaFX Application Thread] DEBUG Input                - Registered new binding: Restart - CTRL+R
10:09:03.097 [JavaFX Application Thread] DEBUG Input                - Registered new binding: Toggle Debug Camera - CTRL+7
10:09:03.104 [JavaFX Application Thread] DEBUG LoopRunner           - Starting loop
10:09:03.104 [JavaFX Application Thread] DEBUG LoopRunner           - Initializing JavaFX AnimationTimerLoop
10:09:03.108 [JavaFX Application Thread] DEBUG Input                - Clearing active input actions
10:09:03.120 [JavaFX Application Thread] DEBUG GameApplicationServi - Removing overlay from FXGLStartupScene and adding to FXGLMainMenuDummyScene
10:09:03.121 [JavaFX Application Thread] DEBUG PrimaryStageWindow   - FXGLStartupScene -> FXGLMainMenuDummyScene
10:09:03.121 [JavaFX Application Thread] DEBUG PrimaryStageWindow   - Push state: CharacterSelect
10:09:03.121 [JavaFX Application Thread] DEBUG Input                - Clearing active input actions
10:09:03.123 [JavaFX Application Thread] DEBUG GameApplicationServi - Removing overlay from FXGLMainMenuDummyScene and adding to CharacterSelect
10:09:03.124 [JavaFX Application Thread] DEBUG PrimaryStageWindow   - FXGLMainMenuDummyScene -> CharacterSelect
10:09:03.225 [FXGL Background Thread 4 ] DEBUG FXGLAssetLoaderServi - Loading from file system: jar:file:///C:/Users/pelle/.m2/repository/com/github/almasb/fxgl/17.1/fxgl-17.1.jar!/fxglassets/ui/fonts/Abel-Regular.ttf
10:09:03.242 [FXGL Background Thread 4 ] DEBUG FXGLAssetLoaderServi - Loading from file system: jar:file:///C:/Users/pelle/.m2/repository/com/github/almasb/fxgl/17.1/fxgl-17.1.jar!/fxglassets/ui/fonts/TerminalLandMono-Regular.otf
10:09:03.256 [FXGL Background Thread 4 ] DEBUG FXGLAssetLoaderServi - Loading from file system: jar:file:///C:/Users/pelle/.m2/repository/com/github/almasb/fxgl/17.1/fxgl-17.1.jar!/fxglassets/ui/fonts/Courier-Prime.ttf
10:09:03.275 [JavaFX Application Thread] DEBUG FXGLApplication      - Registering font factories with UI factory
10:09:03.563 [FXGL Background Thread 2 ] INFO  UpdaterService       - Your current version:  17.1
10:09:03.563 [FXGL Background Thread 2 ] INFO  UpdaterService       - Latest stable version: 17.3
10:09:04.141 [JavaFX Application Thread] DEBUG FXGLApplication      - Exiting FXGL
10:09:04.141 [JavaFX Application Thread] DEBUG LoopRunner           - Stopping loop
10:09:04.141 [JavaFX Application Thread] DEBUG SystemBundleService  - Saving FXGL system data
10:09:04.144 [JavaFX Application Thread] DEBUG FileSystemAccess     - Writing to: D:\Leiden\Challange Week\AcademicRumble\system\fxgl.bundle
10:09:04.146 [JavaFX Application Thread] DEBUG Async                - Shutting down background threads
10:09:04.146 [JavaFX Application Thread] DEBUG PrimaryStageWindow   - Closing main window
10:09:04.167 [JavaFX Application Thread] DEBUG Logger               - Closing Logger
