13:26:25.005 [main                     ] DEBUG Logger               - Configured Logger
13:26:25.030 [main                     ] DEBUG GameApplication      - Logging settings
Title: Academic Rumble
Version: 1.0
Width: 640
Height: 600
Fullscreen: false
Intro: false
Profiling: false
Single step:false
App Mode: DEVELOPER
Menu Key: ESCAPE
Stage Style: DECORATED
Scene Factory: class com.example.academicrumble.MySceneFactory

13:26:25.463 [JavaFX Application Thread] DEBUG FXGLApplication      - Initializing FXGL
13:26:25.468 [JavaFX Application Thread] INFO  Engine               - FXGL-17.1 (24.03.2022 17.34) on WINDOWS (J:18.0.2 FX:18.0.1)
13:26:25.469 [JavaFX Application Thread] DEBUG Engine               - JRE Vendor Name: Amazon.com Inc.
13:26:25.469 [JavaFX Application Thread] DEBUG Engine               - Running on OS: Windows 11 version 10.0
13:26:25.469 [JavaFX Application Thread] DEBUG Engine               - Architecture: amd64
13:26:25.469 [JavaFX Application Thread] INFO  Engine               - Source code and latest versions at: https://github.com/AlmasB/FXGL
13:26:25.469 [JavaFX Application Thread] INFO  Engine               -       Ask questions and discuss at: https://github.com/AlmasB/FXGL/discussions
13:26:25.469 [JavaFX Application Thread] INFO  Engine               -              Join the FXGL chat at: https://gitter.im/AlmasB/FXGL
13:26:25.543 [JavaFX Application Thread] DEBUG PrimaryStageWindow   - Creating a JavaFX scene
13:26:25.579 [JavaFX Application Thread] DEBUG PrimaryStageWindow   - Target settings size: 640.0 x 600.0
13:26:25.579 [JavaFX Application Thread] DEBUG PrimaryStageWindow   - Scaled scene size:    640.0 x 600.0
13:26:25.579 [JavaFX Application Thread] DEBUG PrimaryStageWindow   - Scaled ratio: (1.0, 1.0)
13:26:25.580 [JavaFX Application Thread] DEBUG PrimaryStageWindow   - Set initial scene to FXGLStartupScene
13:26:25.587 [JavaFX Application Thread] DEBUG PrimaryStageWindow   - Opening main window
13:26:25.662 [JavaFX Application Thread] DEBUG PrimaryStageWindow   - Window border size: (16.0, 39.0)
13:26:25.662 [JavaFX Application Thread] DEBUG PrimaryStageWindow   - Scaled size: 640.0 x 600.0
13:26:25.662 [JavaFX Application Thread] DEBUG PrimaryStageWindow   - Scaled ratio: (1.0, 1.0)
13:26:25.663 [JavaFX Application Thread] DEBUG PrimaryStageWindow   - Scene size: 640.0 x 600.0
13:26:25.663 [JavaFX Application Thread] DEBUG PrimaryStageWindow   - Stage size: 656.0 x 639.0
13:26:25.671 [FXGL Background Thread 1 ] DEBUG Engine               - Initializing environment variables
13:26:25.735 [FXGL Background Thread 1 ] DEBUG FXGLAssetLoaderServi - User app class for loading assets: class com.example.academicrumble.Game
13:26:25.735 [FXGL Background Thread 1 ] DEBUG GameApplicationServi - Applying CSS: fxgl_dark.css
13:26:25.736 [FXGL Background Thread 1 ] DEBUG FXGLAssetLoaderServi - Loading from file system: jar:file:///C:/Users/pelle/.m2/repository/com/github/almasb/fxgl/17.1/fxgl-17.1.jar!/fxglassets/ui/css/fxgl_dark.css
13:26:25.793 [FXGL Background Thread 1 ] DEBUG GameApplicationServi - Initializing application scenes
13:26:25.836 [FXGL Background Thread 1 ] DEBUG GameWorld            - Game world initialized
13:26:25.898 [FXGL Background Thread 1 ] DEBUG PhysicsWorld         - Physics world initialized: appHeight=600, physics.ppm=50,0
13:26:25.898 [FXGL Background Thread 1 ] DEBUG PhysicsWorld         - Using strategy: BRUTE_FORCE
13:26:25.902 [FXGL Background Thread 1 ] DEBUG GameScene            - Game scene initialized: 640x600
13:26:25.911 [FXGL Background Thread 1 ] WARN  FXGL.DefaultMenu     - FXGLDefaultMenu is not designed for resolutions < 800x600
13:26:25.912 [FXGL Background Thread 1 ] DEBUG FXGL.DefaultMenu     - createMenuBodyGameMenu()
13:26:25.921 [FXGL Background Thread 1 ] DEBUG FXGL.DefaultMenu     - createOptionsMenu()
13:26:25.929 [FXGL Background Thread 1 ] DEBUG FXGLAssetLoaderServi - Loading from file system: jar:file:///C:/Users/pelle/.m2/repository/com/github/almasb/fxgl/17.1/fxgl-17.1.jar!/fxglassets/textures/particles/smoke.png
13:26:26.017 [FXGL Background Thread 1 ] DEBUG FXGLAssetLoaderServi - Loading from file system: jar:file:///C:/Users/pelle/.m2/repository/com/github/almasb/fxgl/17.1/fxgl-17.1.jar!/fxglassets/textures/particles/trace_horizontal.png
13:26:26.043 [FXGL Background Thread 1 ] DEBUG GameApplicationServi - Application scenes initialized
13:26:26.055 [FXGL Background Thread 1 ] DEBUG SystemBundleService  - Loading FXGL system data
13:26:26.059 [FXGL Background Thread 1 ] DEBUG FileSystemAccess     - Reading from: D:\Leiden\Challange Week\AcademicRumble\system\fxgl.bundle
13:26:26.067 [FXGL Background Thread 1 ] DEBUG SystemBundleService  - Bundle FXGL: {}
13:26:26.067 [FXGL Background Thread 1 ] DEBUG UpdaterService       - Checking for updates
13:26:26.070 [FXGL Background Thread 4 ] DEBUG FXGLApplication      - Loading fonts
13:26:26.070 [FXGL Background Thread 1 ] DEBUG FXGLApplication      - Loading default localization
13:26:26.071 [FXGL Background Thread 4 ] DEBUG FXGLAssetLoaderServi - Loading from file system: jar:file:///C:/Users/pelle/.m2/repository/com/github/almasb/fxgl/17.1/fxgl-17.1.jar!/fxglassets/ui/fonts/VarelaRound-Regular.ttf
13:26:26.071 [FXGL Background Thread 1 ] DEBUG FXGLAssetLoaderServi - Loading from file system: jar:file:///C:/Users/pelle/.m2/repository/com/github/almasb/fxgl/17.1/fxgl-17.1.jar!/fxglassets/languages/english.lang
13:26:26.094 [FXGL Background Thread 1 ] INFO  FXGLApplication      - FXGL initialization took: 0,423 sec
13:26:26.112 [JavaFX Application Thread] DEBUG Input                - Registered new binding: Move Left - A
13:26:26.112 [JavaFX Application Thread] DEBUG Input                - Registered new binding: Move Right - D
13:26:26.114 [JavaFX Application Thread] DEBUG Input                - Registered new binding: Move Up - W
13:26:26.115 [JavaFX Application Thread] DEBUG Input                - Registered new binding: Move Down - S
13:26:26.115 [JavaFX Application Thread] DEBUG FXGLAssetLoaderServi - Loading from file system: jar:file:///C:/Users/pelle/.m2/repository/com/github/almasb/fxgl/17.1/fxgl-17.1.jar!/fxglassets/textures/fxgl_icon.png
13:26:26.134 [JavaFX Application Thread] DEBUG FXGLAssetLoaderServi - Loading from file system: jar:file:///C:/Users/pelle/.m2/repository/com/github/almasb/fxgl/17.1/fxgl-17.1.jar!/fxglassets/textures/fxgl_default_cursor.png
13:26:26.138 [JavaFX Application Thread] DEBUG Input                - Registered new binding: Screenshot - CTRL+8
13:26:26.138 [JavaFX Application Thread] DEBUG Input                - Registered new binding: System info dump - CTRL+9
13:26:26.140 [JavaFX Application Thread] DEBUG Input                - Registered new binding: Restart - CTRL+R
13:26:26.141 [JavaFX Application Thread] DEBUG Input                - Registered new binding: Toggle Debug Camera - CTRL+7
13:26:26.146 [JavaFX Application Thread] DEBUG LoopRunner           - Starting loop
13:26:26.146 [JavaFX Application Thread] DEBUG LoopRunner           - Initializing JavaFX AnimationTimerLoop
13:26:26.148 [JavaFX Application Thread] DEBUG Input                - Clearing active input actions
13:26:26.155 [JavaFX Application Thread] DEBUG GameApplicationServi - Removing overlay from FXGLStartupScene and adding to FXGLMainMenuDummyScene
13:26:26.155 [JavaFX Application Thread] DEBUG PrimaryStageWindow   - FXGLStartupScene -> FXGLMainMenuDummyScene
13:26:26.155 [JavaFX Application Thread] DEBUG PrimaryStageWindow   - Push state: MyMenu
13:26:26.156 [JavaFX Application Thread] DEBUG Input                - Clearing active input actions
13:26:26.160 [JavaFX Application Thread] DEBUG GameApplicationServi - Removing overlay from FXGLMainMenuDummyScene and adding to MyMenu
13:26:26.160 [JavaFX Application Thread] DEBUG PrimaryStageWindow   - FXGLMainMenuDummyScene -> MyMenu
13:26:26.235 [FXGL Background Thread 4 ] DEBUG FXGLAssetLoaderServi - Loading from file system: jar:file:///C:/Users/pelle/.m2/repository/com/github/almasb/fxgl/17.1/fxgl-17.1.jar!/fxglassets/ui/fonts/Abel-Regular.ttf
13:26:26.247 [FXGL Background Thread 4 ] DEBUG FXGLAssetLoaderServi - Loading from file system: jar:file:///C:/Users/pelle/.m2/repository/com/github/almasb/fxgl/17.1/fxgl-17.1.jar!/fxglassets/ui/fonts/TerminalLandMono-Regular.otf
13:26:26.262 [FXGL Background Thread 4 ] DEBUG FXGLAssetLoaderServi - Loading from file system: jar:file:///C:/Users/pelle/.m2/repository/com/github/almasb/fxgl/17.1/fxgl-17.1.jar!/fxglassets/ui/fonts/Courier-Prime.ttf
13:26:26.280 [JavaFX Application Thread] DEBUG FXGLApplication      - Registering font factories with UI factory
13:26:26.470 [FXGL Background Thread 2 ] INFO  UpdaterService       - Your current version:  17.1
13:26:26.470 [FXGL Background Thread 2 ] INFO  UpdaterService       - Latest stable version: 17.3
13:26:29.069 [FXGL Background Thread 3 ] DEBUG Engine               - Logging environment variables
13:26:29.070 [FXGL Background Thread 3 ] DEBUG Engine               - achievements: []
13:26:29.070 [FXGL Background Thread 3 ] DEBUG Engine               - actualHeight: 600.0
13:26:29.070 [FXGL Background Thread 3 ] DEBUG Engine               - actualHeightProperty: ReadOnlyDoubleProperty [value: 600.0]
13:26:29.070 [FXGL Background Thread 3 ] DEBUG Engine               - actualWidth: 640.0
13:26:29.070 [FXGL Background Thread 3 ] DEBUG Engine               - actualWidthProperty: ReadOnlyDoubleProperty [value: 640.0]
13:26:29.070 [FXGL Background Thread 3 ] DEBUG Engine               - appIcon: fxgl_icon.png
13:26:29.070 [FXGL Background Thread 3 ] DEBUG Engine               - applicationMode: DEVELOPER
13:26:29.071 [FXGL Background Thread 3 ] DEBUG Engine               - cSSList: [fxgl_dark.css]
13:26:29.071 [FXGL Background Thread 3 ] DEBUG Engine               - collisionDetectionStrategy: BRUTE_FORCE
13:26:29.071 [FXGL Background Thread 3 ] DEBUG Engine               - configClass: Optional.empty
13:26:29.071 [FXGL Background Thread 3 ] DEBUG Engine               - credits: []
13:26:29.071 [FXGL Background Thread 3 ] DEBUG Engine               - defaultCursor: CursorInfo(imageName=fxgl_default_cursor.png, hotspotX=7.0, hotspotY=6.0)
13:26:29.071 [FXGL Background Thread 3 ] DEBUG Engine               - devBBoxColorProperty: ObjectProperty [value: 0xff0000ff]
13:26:29.071 [FXGL Background Thread 3 ] DEBUG Engine               - devEnableDebugCameraProperty: BooleanProperty [value: false]
13:26:29.072 [FXGL Background Thread 3 ] DEBUG Engine               - devSensorColorProperty: ObjectProperty [value: 0xffff00ff]
13:26:29.072 [FXGL Background Thread 3 ] DEBUG Engine               - devShowBBoxProperty: BooleanProperty [value: false]
13:26:29.072 [FXGL Background Thread 3 ] DEBUG Engine               - devShowPositionProperty: BooleanProperty [value: false]
13:26:29.072 [FXGL Background Thread 3 ] DEBUG Engine               - enabledMenuItems: []
13:26:29.072 [FXGL Background Thread 3 ] DEBUG Engine               - engineServices: [class com.almasb.fxgl.app.services.FXGLAssetLoaderService, class com.almasb.fxgl.app.FXGLApplication$GameApplicationService, class com.almasb.fxgl.app.services.FXGLDialogService, class com.almasb.fxgl.app.services.IOTaskExecutorService, class com.almasb.fxgl.io.FileSystemService, class com.almasb.fxgl.localization.LocalizationService, class com.almasb.fxgl.app.services.SystemBundleService, class com.almasb.fxgl.profile.SaveLoadService, class com.almasb.fxgl.ui.FXGLUIFactoryServiceProvider, class com.almasb.fxgl.ui.FXGLDialogFactoryServiceProvider, class com.almasb.fxgl.audio.AudioPlayer, class com.almasb.fxgl.notification.impl.NotificationServiceProvider, class com.almasb.fxgl.achievement.AchievementService, class com.almasb.fxgl.cutscene.CutsceneService, class com.almasb.fxgl.minigames.MiniGameService, class com.almasb.fxgl.net.NetService, class com.almasb.fxgl.app.services.UpdaterService, class com.almasb.fxgl.dev.DevService]
13:26:29.072 [FXGL Background Thread 3 ] DEBUG Engine               - fontGame: Abel-Regular.ttf
13:26:29.072 [FXGL Background Thread 3 ] DEBUG Engine               - fontMono: TerminalLandMono-Regular.otf
13:26:29.072 [FXGL Background Thread 3 ] DEBUG Engine               - fontText: Courier-Prime.ttf
13:26:29.072 [FXGL Background Thread 3 ] DEBUG Engine               - fontUI: VarelaRound-Regular.ttf
13:26:29.073 [FXGL Background Thread 3 ] DEBUG Engine               - fullScreen: BooleanProperty [value: false]
13:26:29.073 [FXGL Background Thread 3 ] DEBUG Engine               - gameDifficulty: MEDIUM
13:26:29.073 [FXGL Background Thread 3 ] DEBUG Engine               - gameDifficultyProperty: ObjectProperty [value: MEDIUM]
13:26:29.073 [FXGL Background Thread 3 ] DEBUG Engine               - globalMusicVolume: 0.5
13:26:29.073 [FXGL Background Thread 3 ] DEBUG Engine               - globalMusicVolumeProperty: DoubleProperty [value: 0.5]
13:26:29.073 [FXGL Background Thread 3 ] DEBUG Engine               - globalSoundVolume: 0.5
13:26:29.073 [FXGL Background Thread 3 ] DEBUG Engine               - globalSoundVolumeProperty: DoubleProperty [value: 0.5]
13:26:29.073 [FXGL Background Thread 3 ] DEBUG Engine               - height: 600
13:26:29.073 [FXGL Background Thread 3 ] DEBUG Engine               - is3D: false
13:26:29.073 [FXGL Background Thread 3 ] DEBUG Engine               - isAndroid: false
13:26:29.073 [FXGL Background Thread 3 ] DEBUG Engine               - isBrowser: false
13:26:29.073 [FXGL Background Thread 3 ] DEBUG Engine               - isClickFeedbackEnabled: false
13:26:29.073 [FXGL Background Thread 3 ] DEBUG Engine               - isCloseConfirmation: false
13:26:29.073 [FXGL Background Thread 3 ] DEBUG Engine               - isDesktop: true
13:26:29.073 [FXGL Background Thread 3 ] DEBUG Engine               - isDeveloperMenuEnabled: false
13:26:29.073 [FXGL Background Thread 3 ] DEBUG Engine               - isEmbedded: false
13:26:29.074 [FXGL Background Thread 3 ] DEBUG Engine               - isEntityPreloadEnabled: true
13:26:29.074 [FXGL Background Thread 3 ] DEBUG Engine               - isExperimentalTiledLargeMap: false
13:26:29.074 [FXGL Background Thread 3 ] DEBUG Engine               - isFileSystemWriteAllowed: true
13:26:29.074 [FXGL Background Thread 3 ] DEBUG Engine               - isFullScreenAllowed: false
13:26:29.074 [FXGL Background Thread 3 ] DEBUG Engine               - isFullScreenFromStart: false
13:26:29.074 [FXGL Background Thread 3 ] DEBUG Engine               - isGameMenuEnabled: true
13:26:29.074 [FXGL Background Thread 3 ] DEBUG Engine               - isIOS: false
13:26:29.074 [FXGL Background Thread 3 ] DEBUG Engine               - isIntroEnabled: false
13:26:29.074 [FXGL Background Thread 3 ] DEBUG Engine               - isLinux: false
13:26:29.074 [FXGL Background Thread 3 ] DEBUG Engine               - isMac: false
13:26:29.074 [FXGL Background Thread 3 ] DEBUG Engine               - isMainMenuEnabled: true
13:26:29.074 [FXGL Background Thread 3 ] DEBUG Engine               - isManualResizeEnabled: false
13:26:29.074 [FXGL Background Thread 3 ] DEBUG Engine               - isMobile: false
13:26:29.074 [FXGL Background Thread 3 ] DEBUG Engine               - isNative: false
13:26:29.074 [FXGL Background Thread 3 ] DEBUG Engine               - isPauseMusicWhenMinimized: true
13:26:29.074 [FXGL Background Thread 3 ] DEBUG Engine               - isPreserveResizeRatio: false
13:26:29.074 [FXGL Background Thread 3 ] DEBUG Engine               - isProfilingEnabled: false
13:26:29.074 [FXGL Background Thread 3 ] DEBUG Engine               - isScaleAffectedOnResize: true
13:26:29.074 [FXGL Background Thread 3 ] DEBUG Engine               - isSingleStep: false
13:26:29.074 [FXGL Background Thread 3 ] DEBUG Engine               - isUserProfileEnabled: false
13:26:29.075 [FXGL Background Thread 3 ] DEBUG Engine               - isWindows: true
13:26:29.075 [FXGL Background Thread 3 ] DEBUG Engine               - language: ObjectProperty [value: ENGLISH]
13:26:29.075 [FXGL Background Thread 3 ] DEBUG Engine               - menuKey: ESCAPE
13:26:29.075 [FXGL Background Thread 3 ] DEBUG Engine               - mouseSensitivity: 0.2
13:26:29.075 [FXGL Background Thread 3 ] DEBUG Engine               - notificationViewClass: class com.almasb.fxgl.notification.view.XboxNotificationView
13:26:29.075 [FXGL Background Thread 3 ] DEBUG Engine               - pixelsPerMeter: 50.0
13:26:29.075 [FXGL Background Thread 3 ] DEBUG Engine               - platform: WINDOWS
13:26:29.075 [FXGL Background Thread 3 ] DEBUG Engine               - prefHeightProperty: ReadOnlyDoubleProperty [value: 600.0]
13:26:29.075 [FXGL Background Thread 3 ] DEBUG Engine               - prefWidthProperty: ReadOnlyDoubleProperty [value: 640.0]
13:26:29.075 [FXGL Background Thread 3 ] DEBUG Engine               - profileDir: profiles/
13:26:29.075 [FXGL Background Thread 3 ] DEBUG Engine               - profileName: StringProperty [value: DEFAULT]
13:26:29.075 [FXGL Background Thread 3 ] DEBUG Engine               - randomSeed: -1
13:26:29.075 [FXGL Background Thread 3 ] DEBUG Engine               - runtimeInfo: RuntimeInfo(platform=WINDOWS, version=17.1, build=24.03.2022 17.34)
13:26:29.075 [FXGL Background Thread 3 ] DEBUG Engine               - saveFileExt: sav
13:26:29.075 [FXGL Background Thread 3 ] DEBUG Engine               - scaledHeightProp$fxgl: DoubleProperty [bound, value: 600.0]
13:26:29.076 [FXGL Background Thread 3 ] DEBUG Engine               - scaledWidthProp$fxgl: DoubleProperty [bound, value: 640.0]
13:26:29.076 [FXGL Background Thread 3 ] DEBUG Engine               - sceneFactory: com.example.academicrumble.MySceneFactory@1989765a
13:26:29.076 [FXGL Background Thread 3 ] DEBUG Engine               - secondsIn24h: 60
13:26:29.076 [FXGL Background Thread 3 ] DEBUG Engine               - soundMenuBack: menu/back.wav
13:26:29.076 [FXGL Background Thread 3 ] DEBUG Engine               - soundMenuPress: menu/press.wav
13:26:29.076 [FXGL Background Thread 3 ] DEBUG Engine               - soundMenuSelect: menu/select.wav
13:26:29.076 [FXGL Background Thread 3 ] DEBUG Engine               - soundNotification: core/notification.wav
13:26:29.076 [FXGL Background Thread 3 ] DEBUG Engine               - stageStyle: DECORATED
13:26:29.076 [FXGL Background Thread 3 ] DEBUG Engine               - supportedLanguages: [ENGLISH, FRENCH, GERMAN, HUNGARIAN, RUSSIAN]
13:26:29.076 [FXGL Background Thread 3 ] DEBUG Engine               - ticksPerSecond: -1
13:26:29.076 [FXGL Background Thread 3 ] DEBUG Engine               - title: Academic Rumble
13:26:29.076 [FXGL Background Thread 3 ] DEBUG Engine               - urlGithub: https://github.com/AlmasB/FXGL
13:26:29.076 [FXGL Background Thread 3 ] DEBUG Engine               - urlLeaderboard: http://fxgl-top.herokuapp.com/
13:26:29.076 [FXGL Background Thread 3 ] DEBUG Engine               - urlPOM: https://raw.githubusercontent.com/AlmasB/FXGL/release/README.md
13:26:29.076 [FXGL Background Thread 3 ] DEBUG Engine               - userAppClass: class com.example.academicrumble.Game
13:26:29.076 [FXGL Background Thread 3 ] DEBUG Engine               - version: 1.0
13:26:29.076 [FXGL Background Thread 3 ] DEBUG Engine               - versionCheckDays: 7
13:26:29.076 [FXGL Background Thread 3 ] DEBUG Engine               - width: 640
13:26:29.076 [FXGL Background Thread 3 ] DEBUG Engine               - Logging services
13:26:29.076 [FXGL Background Thread 3 ] DEBUG Engine               - class com.almasb.fxgl.app.services.FXGLAssetLoaderService
13:26:29.077 [FXGL Background Thread 3 ] DEBUG Engine               - class com.almasb.fxgl.app.FXGLApplication$GameApplicationService
13:26:29.077 [FXGL Background Thread 3 ] DEBUG Engine               - class com.almasb.fxgl.app.services.FXGLDialogService
13:26:29.077 [FXGL Background Thread 3 ] DEBUG Engine               - class com.almasb.fxgl.app.services.IOTaskExecutorService
13:26:29.077 [FXGL Background Thread 3 ] DEBUG Engine               - class com.almasb.fxgl.io.FileSystemService
13:26:29.077 [FXGL Background Thread 3 ] DEBUG Engine               - class com.almasb.fxgl.localization.LocalizationService
13:26:29.077 [FXGL Background Thread 3 ] DEBUG Engine               - class com.almasb.fxgl.app.services.SystemBundleService
13:26:29.077 [FXGL Background Thread 3 ] DEBUG Engine               - class com.almasb.fxgl.profile.SaveLoadService
13:26:29.077 [FXGL Background Thread 3 ] DEBUG Engine               - class com.almasb.fxgl.ui.FXGLUIFactoryServiceProvider
13:26:29.077 [FXGL Background Thread 3 ] DEBUG Engine               - class com.almasb.fxgl.ui.FXGLDialogFactoryServiceProvider
13:26:29.077 [FXGL Background Thread 3 ] DEBUG Engine               - class com.almasb.fxgl.audio.AudioPlayer
13:26:29.077 [FXGL Background Thread 3 ] DEBUG Engine               - class com.almasb.fxgl.notification.impl.NotificationServiceProvider
13:26:29.077 [FXGL Background Thread 3 ] DEBUG Engine               - class com.almasb.fxgl.achievement.AchievementService
13:26:29.077 [FXGL Background Thread 3 ] DEBUG Engine               - class com.almasb.fxgl.cutscene.CutsceneService
13:26:29.077 [FXGL Background Thread 3 ] DEBUG Engine               - class com.almasb.fxgl.minigames.MiniGameService
13:26:29.077 [FXGL Background Thread 3 ] DEBUG Engine               - class com.almasb.fxgl.net.NetService
13:26:29.077 [FXGL Background Thread 3 ] DEBUG Engine               - class com.almasb.fxgl.app.services.UpdaterService
13:26:29.077 [FXGL Background Thread 3 ] DEBUG Engine               - class com.almasb.fxgl.dev.DevService
13:26:35.624 [JavaFX Application Thread] DEBUG FXGLApplication      - Exiting FXGL
13:26:35.624 [JavaFX Application Thread] DEBUG LoopRunner           - Stopping loop
13:26:35.624 [JavaFX Application Thread] DEBUG SystemBundleService  - Saving FXGL system data
13:26:35.625 [JavaFX Application Thread] DEBUG FileSystemAccess     - Writing to: D:\Leiden\Challange Week\AcademicRumble\system\fxgl.bundle
13:26:35.627 [JavaFX Application Thread] DEBUG Async                - Shutting down background threads
13:26:35.627 [JavaFX Application Thread] DEBUG PrimaryStageWindow   - Closing main window
13:26:35.634 [JavaFX Application Thread] DEBUG Logger               - Closing Logger
