10:43:58.684 [main                     ] DEBUG Logger               - Configured Logger
10:43:58.718 [main                     ] DEBUG GameApplication      - Logging settings
Title: Academic Rumble
Version: 1.0
Width: 1280
Height: 640
Fullscreen: false
Intro: false
Profiling: false
Single step:false
App Mode: DEVELOPER
Menu Key: ESCAPE
Stage Style: DECORATED
Scene Factory: class com.almasb.fxgl.app.scene.SceneFactory

10:43:59.046 [JavaFX Application Thread] DEBUG FXGLApplication      - Initializing FXGL
10:43:59.052 [JavaFX Application Thread] INFO  Engine               - FXGL-17.1 (24.03.2022 17.34) on WINDOWS (J:18.0.2.1 FX:18.0.1)
10:43:59.052 [JavaFX Application Thread] DEBUG Engine               - JRE Vendor Name: Oracle Corporation
10:43:59.052 [JavaFX Application Thread] DEBUG Engine               - Running on OS: Windows 11 version 10.0
10:43:59.052 [JavaFX Application Thread] DEBUG Engine               - Architecture: amd64
10:43:59.053 [JavaFX Application Thread] INFO  Engine               - Source code and latest versions at: https://github.com/AlmasB/FXGL
10:43:59.053 [JavaFX Application Thread] INFO  Engine               -       Ask questions and discuss at: https://github.com/AlmasB/FXGL/discussions
10:43:59.053 [JavaFX Application Thread] INFO  Engine               -              Join the FXGL chat at: https://gitter.im/AlmasB/FXGL
10:43:59.130 [JavaFX Application Thread] DEBUG PrimaryStageWindow   - Creating a JavaFX scene
10:43:59.170 [JavaFX Application Thread] DEBUG PrimaryStageWindow   - Target settings size: 1280.0 x 640.0
10:43:59.170 [JavaFX Application Thread] DEBUG PrimaryStageWindow   - Scaled scene size:    1280.0 x 640.0
10:43:59.170 [JavaFX Application Thread] DEBUG PrimaryStageWindow   - Scaled ratio: (1.0, 1.0)
10:43:59.171 [JavaFX Application Thread] DEBUG PrimaryStageWindow   - Set initial scene to FXGLStartupScene
10:43:59.179 [JavaFX Application Thread] DEBUG PrimaryStageWindow   - Opening main window
10:43:59.264 [JavaFX Application Thread] DEBUG PrimaryStageWindow   - Window border size: (14.4000244140625, 37.5999755859375)
10:43:59.265 [JavaFX Application Thread] DEBUG PrimaryStageWindow   - Scaled size: 1280.0 x 640.0
10:43:59.267 [JavaFX Application Thread] DEBUG PrimaryStageWindow   - Scaled ratio: (1.0, 1.0)
10:43:59.267 [JavaFX Application Thread] DEBUG PrimaryStageWindow   - Scene size: 1280.0 x 640.0
10:43:59.267 [JavaFX Application Thread] DEBUG PrimaryStageWindow   - Stage size: 1294.4000244140625 x 677.5999755859375
10:43:59.274 [FXGL Background Thread 1 ] DEBUG Engine               - Initializing environment variables
10:43:59.335 [FXGL Background Thread 1 ] DEBUG FXGLAssetLoaderServi - User app class for loading assets: class com.example.academicrumble.Game
10:43:59.335 [FXGL Background Thread 1 ] DEBUG GameApplicationServi - Applying CSS: fxgl_dark.css
10:43:59.336 [FXGL Background Thread 1 ] DEBUG FXGLAssetLoaderServi - Loading from file system: jar:file:///C:/Users/jessy/.m2/repository/com/github/almasb/fxgl/17.1/fxgl-17.1.jar!/fxglassets/ui/css/fxgl_dark.css
10:43:59.380 [FXGL Background Thread 1 ] DEBUG GameApplicationServi - Initializing application scenes
10:43:59.437 [FXGL Background Thread 1 ] DEBUG GameWorld            - Game world initialized
10:43:59.491 [FXGL Background Thread 1 ] DEBUG PhysicsWorld         - Physics world initialized: appHeight=640, physics.ppm=50.0
10:43:59.493 [FXGL Background Thread 1 ] DEBUG PhysicsWorld         - Using strategy: BRUTE_FORCE
10:43:59.497 [FXGL Background Thread 1 ] DEBUG GameScene            - Game scene initialized: 1280x640
10:43:59.511 [FXGL Background Thread 1 ] DEBUG FXGL.DefaultMenu     - createMenuBodyGameMenu()
10:43:59.525 [FXGL Background Thread 1 ] DEBUG FXGL.DefaultMenu     - createOptionsMenu()
10:43:59.537 [FXGL Background Thread 1 ] DEBUG FXGLAssetLoaderServi - Loading from file system: jar:file:///C:/Users/jessy/.m2/repository/com/github/almasb/fxgl/17.1/fxgl-17.1.jar!/fxglassets/textures/particles/smoke.png
10:43:59.620 [FXGL Background Thread 1 ] DEBUG FXGLAssetLoaderServi - Loading from file system: jar:file:///C:/Users/jessy/.m2/repository/com/github/almasb/fxgl/17.1/fxgl-17.1.jar!/fxglassets/textures/particles/trace_horizontal.png
10:43:59.646 [FXGL Background Thread 1 ] DEBUG GameApplicationServi - Application scenes initialized
10:43:59.658 [FXGL Background Thread 1 ] DEBUG SystemBundleService  - Loading FXGL system data
10:43:59.663 [FXGL Background Thread 1 ] DEBUG FileSystemAccess     - Reading from: C:\Users\jessy\OneDrive\School\Informatica\Leerjaar 1\Periode 3\IPOSE\code\AcademicRumble\system\fxgl.bundle
10:43:59.671 [FXGL Background Thread 1 ] DEBUG SystemBundleService  - Bundle FXGL: {}
10:43:59.671 [FXGL Background Thread 1 ] DEBUG UpdaterService       - Checking for updates
10:43:59.676 [FXGL Background Thread 4 ] DEBUG FXGLApplication      - Loading fonts
10:43:59.676 [FXGL Background Thread 1 ] DEBUG FXGLApplication      - Loading default localization
10:43:59.676 [FXGL Background Thread 4 ] DEBUG FXGLAssetLoaderServi - Loading from file system: jar:file:///C:/Users/jessy/.m2/repository/com/github/almasb/fxgl/17.1/fxgl-17.1.jar!/fxglassets/ui/fonts/VarelaRound-Regular.ttf
10:43:59.677 [FXGL Background Thread 1 ] DEBUG FXGLAssetLoaderServi - Loading from file system: jar:file:///C:/Users/jessy/.m2/repository/com/github/almasb/fxgl/17.1/fxgl-17.1.jar!/fxglassets/languages/english.lang
10:43:59.701 [FXGL Background Thread 1 ] INFO  FXGLApplication      - FXGL initialization took: 0.426 sec
10:43:59.719 [JavaFX Application Thread] DEBUG Input                - Registered new binding: Move Right - D
10:43:59.720 [JavaFX Application Thread] DEBUG Input                - Registered new binding: Move Left - A
10:43:59.720 [JavaFX Application Thread] DEBUG Input                - Registered new binding: attack - Tab
10:43:59.720 [JavaFX Application Thread] DEBUG Input                - Registered new binding: Up Down - Space
10:43:59.720 [JavaFX Application Thread] DEBUG FXGLAssetLoaderServi - Loading from file system: jar:file:///C:/Users/jessy/.m2/repository/com/github/almasb/fxgl/17.1/fxgl-17.1.jar!/fxglassets/textures/fxgl_icon.png
10:43:59.740 [JavaFX Application Thread] DEBUG FXGLAssetLoaderServi - Loading from file system: jar:file:///C:/Users/jessy/.m2/repository/com/github/almasb/fxgl/17.1/fxgl-17.1.jar!/fxglassets/textures/fxgl_default_cursor.png
10:43:59.743 [JavaFX Application Thread] DEBUG Input                - Registered new binding: Screenshot - CTRL+8
10:43:59.743 [JavaFX Application Thread] DEBUG Input                - Registered new binding: System info dump - CTRL+9
10:43:59.744 [JavaFX Application Thread] DEBUG Input                - Registered new binding: Restart - CTRL+R
10:43:59.744 [JavaFX Application Thread] DEBUG Input                - Registered new binding: Toggle Debug Camera - CTRL+7
10:43:59.747 [FXGL Background Thread 4 ] DEBUG FXGLAssetLoaderServi - Loading from file system: jar:file:///C:/Users/jessy/.m2/repository/com/github/almasb/fxgl/17.1/fxgl-17.1.jar!/fxglassets/ui/fonts/Abel-Regular.ttf
10:43:59.748 [JavaFX Application Thread] DEBUG LoopRunner           - Starting loop
10:43:59.748 [JavaFX Application Thread] DEBUG LoopRunner           - Initializing JavaFX AnimationTimerLoop
10:43:59.749 [JavaFX Application Thread] DEBUG GameApplicationServi - Starting new game
10:43:59.750 [JavaFX Application Thread] DEBUG Input                - Clearing active input actions
10:43:59.751 [FXGL Background Thread 4 ] DEBUG FXGLAssetLoaderServi - Loading from file system: jar:file:///C:/Users/jessy/.m2/repository/com/github/almasb/fxgl/17.1/fxgl-17.1.jar!/fxglassets/ui/fonts/TerminalLandMono-Regular.otf
10:43:59.756 [FXGL Background Thread 4 ] DEBUG FXGLAssetLoaderServi - Loading from file system: jar:file:///C:/Users/jessy/.m2/repository/com/github/almasb/fxgl/17.1/fxgl-17.1.jar!/fxglassets/ui/fonts/Courier-Prime.ttf
10:43:59.769 [JavaFX Application Thread] DEBUG GameApplicationServi - Removing overlay from FXGLStartupScene and adding to FXGLLoadingScene
10:43:59.769 [JavaFX Application Thread] DEBUG PrimaryStageWindow   - FXGLStartupScene -> FXGLLoadingScene
10:43:59.770 [JavaFX Application Thread] DEBUG GameApplicationServi - Clearing previous game
10:43:59.770 [JavaFX Application Thread] DEBUG GameScene            - Clearing game scene
10:43:59.770 [JavaFX Application Thread] DEBUG GameWorld            - Clearing game world
10:43:59.770 [JavaFX Application Thread] DEBUG PhysicsWorld         - Clearing physics world
10:43:59.773 [FXGL Background Thread 4 ] DEBUG FXGLApplication      - Initializing game
10:43:59.823 [JavaFX Application Thread] DEBUG FXGLApplication      - Registering font factories with UI factory
10:43:59.827 [FXGL Background Thread 4 ] WARN  TMXLevelLoader       - TiledMap generated from 1.2.3. Supported version: 1.4.2. Some features may not be parsed fully.
10:43:59.838 [FXGL Background Thread 4 ] DEBUG TMXLevelLoader       - Parsed TiledMap: file:/C:/Users/jessy/OneDrive/School/Informatica/Leerjaar%201/Periode%203/IPOSE/code/AcademicRumble/target/classes/assets/levels/naamloos.tmx
10:43:59.851 [FXGL Background Thread 4 ] DEBUG TMXLevelLoader       - Creating tile layer entities
10:43:59.854 [FXGL Background Thread 4 ] DEBUG TilesetLoader        - Loading view for layer Tilelaag 1
10:43:59.859 [FXGL Background Thread 4 ] DEBUG TilesetLoader        - Created buffer with size 1280.0x640.0
10:43:59.867 [FXGL Background Thread 4 ] DEBUG TMXLevelLoader       - Creating object layer entities
10:43:59.887 [FXGL Background Thread 4 ] DEBUG GameWorld            - Clearing removable entities
10:43:59.888 [FXGL Background Thread 4 ] DEBUG GameWorld            - Setting level: com.almasb.fxgl.entity.level.Level@525ec8c6
10:43:59.897 [FXGL Background Thread 4 ] DEBUG FXGLAssetLoaderServi - Loading from file system: file:/C:/Users/jessy/OneDrive/School/Informatica/Leerjaar%201/Periode%203/IPOSE/code/AcademicRumble/target/classes/assets/textures/player/Idle.png
10:43:59.909 [FXGL Background Thread 4 ] DEBUG FXGLAssetLoaderServi - Loading from file system: file:/C:/Users/jessy/OneDrive/School/Informatica/Leerjaar%201/Periode%203/IPOSE/code/AcademicRumble/target/classes/assets/textures/player/Run.png
10:43:59.918 [FXGL Background Thread 4 ] DEBUG FXGLAssetLoaderServi - Loading from file system: file:/C:/Users/jessy/OneDrive/School/Informatica/Leerjaar%201/Periode%203/IPOSE/code/AcademicRumble/target/classes/assets/textures/player/Jump.png
10:43:59.921 [FXGL Background Thread 4 ] DEBUG FXGLAssetLoaderServi - Loading from file system: file:/C:/Users/jessy/OneDrive/School/Informatica/Leerjaar%201/Periode%203/IPOSE/code/AcademicRumble/target/classes/assets/textures/player/attack1.png
10:43:59.933 [FXGL Background Thread 4 ] DEBUG FXGLAssetLoaderServi - Loading from file system: file:/C:/Users/jessy/OneDrive/School/Informatica/Leerjaar%201/Periode%203/IPOSE/code/AcademicRumble/target/classes/assets/textures/
10:43:59.965 [FXGL Background Thread 4 ] WARN  FXGLAssetLoaderServi - Failed to load file:/C:/Users/jessy/OneDrive/School/Informatica/Leerjaar%201/Periode%203/IPOSE/code/AcademicRumble/target/classes/assets/textures/
com.sun.javafx.iio.ImageStorageException: No loader for image data
	at javafx.graphics@18.0.1/com.sun.javafx.iio.ImageStorage.loadAll(ImageStorage.java:274)
	at javafx.graphics@18.0.1/com.sun.javafx.tk.quantum.PrismImageLoader2.loadAll(PrismImageLoader2.java:142)
	at javafx.graphics@18.0.1/com.sun.javafx.tk.quantum.PrismImageLoader2.<init>(PrismImageLoader2.java:77)
	at javafx.graphics@18.0.1/com.sun.javafx.tk.quantum.QuantumToolkit.loadImage(QuantumToolkit.java:790)
	at javafx.graphics@18.0.1/javafx.scene.image.Image.loadImage(Image.java:1081)
	at javafx.graphics@18.0.1/javafx.scene.image.Image.initialize(Image.java:816)
	at javafx.graphics@18.0.1/javafx.scene.image.Image.<init>(Image.java:706)
	at com.almasb.fxgl.all@17.1/com.almasb.fxgl.app.services.ImageAssetLoader.load(FXGLAssetLoaderService.kt:641)
	at com.almasb.fxgl.all@17.1/com.almasb.fxgl.app.services.ImageAssetLoader.load(FXGLAssetLoaderService.kt:636)
	at com.almasb.fxgl.all@17.1/com.almasb.fxgl.app.services.AssetLoader.load(FXGLAssetLoaderService.kt:625)
	at com.almasb.fxgl.all@17.1/com.almasb.fxgl.app.services.FXGLAssetLoaderService.load(FXGLAssetLoaderService.kt:530)
	at com.almasb.fxgl.all@17.1/com.almasb.fxgl.app.services.FXGLAssetLoaderService.load(FXGLAssetLoaderService.kt:507)
	at com.almasb.fxgl.all@17.1/com.almasb.fxgl.app.services.FXGLAssetLoaderService.load(FXGLAssetLoaderService.kt:496)
	at com.almasb.fxgl.all@17.1/com.almasb.fxgl.app.services.FXGLAssetLoaderService.loadImage(FXGLAssetLoaderService.kt:166)
	at com.almasb.fxgl.all@17.1/com.almasb.fxgl.app.services.FXGLAssetLoaderService.loadTexture(FXGLAssetLoaderService.kt:125)
	at com.almasb.fxgl.all@17.1/com.almasb.fxgl.dsl.FXGL$Companion.texture(FXGL.kt:401)
	at com.almasb.fxgl.all@17.1/com.almasb.fxgl.dsl.EntityBuilder.view(EntityBuilder.kt:164)
	at com.example.academicrumble/com.example.academicrumble.Sprite.<init>(Sprite.java:30)
	at com.example.academicrumble/com.example.academicrumble.Fighter.<init>(Fighter.java:24)
	at com.example.academicrumble/com.example.academicrumble.AcademicRumbleFactory.spawnPlayer(AcademicRumbleFactory.java:38)
	at java.base/jdk.internal.reflect.DirectMethodHandleAccessor.invoke(DirectMethodHandleAccessor.java:104)
	at java.base/java.lang.reflect.Method.invoke(Method.java:577)
	at com.almasb.fxgl.core@17.1/com.almasb.fxgl.core.reflect.ReflectionUtils.call(ReflectionUtils.java:104)
	at com.almasb.fxgl.core@17.1/com.almasb.fxgl.core.reflect.ReflectionUtils.lambda$mapToFunction$3(ReflectionUtils.java:111)
	at com.almasb.fxgl.entity@17.1/com.almasb.fxgl.entity.GameWorld$create$2.invoke(GameWorld.kt:430)
	at com.almasb.fxgl.entity@17.1/com.almasb.fxgl.entity.GameWorld$create$2.invoke(GameWorld.kt:430)
	at com.almasb.fxgl.core@17.1/com.almasb.fxgl.core.util.DSLKt.tryCatchRoot(DSL.kt:34)
	at com.almasb.fxgl.entity@17.1/com.almasb.fxgl.entity.GameWorld.create(GameWorld.kt:430)
	at com.almasb.fxgl.entity@17.1/com.almasb.fxgl.entity.GameWorld.spawn(GameWorld.kt:396)
	at com.almasb.fxgl.all@17.1/com.almasb.fxgl.dsl.FXGL$Companion.spawn(FXGL.kt:565)
	at com.almasb.fxgl.all@17.1/com.almasb.fxgl.dsl.FXGL.spawn(FXGL.kt)
	at com.example.academicrumble/com.example.academicrumble.GameWorldController.spawn(GameWorldController.java:43)
	at com.example.academicrumble/com.example.academicrumble.Game.initGame(Game.java:61)
	at com.almasb.fxgl.all@17.1/com.almasb.fxgl.app.FXGLApplication$InitAppTask.initGame(FXGLApplication.kt:339)
	at com.almasb.fxgl.all@17.1/com.almasb.fxgl.app.FXGLApplication$InitAppTask.call(FXGLApplication.kt:319)
	at com.almasb.fxgl.all@17.1/com.almasb.fxgl.app.FXGLApplication$InitAppTask.call(FXGLApplication.kt:311)
	at javafx.graphics@18.0.1/javafx.concurrent.Task$TaskCallable.call(Task.java:1426)
	at java.base/java.util.concurrent.FutureTask.run(FutureTask.java:264)
	at java.base/java.util.concurrent.Executors$RunnableAdapter.call(Executors.java:539)
	at java.base/java.util.concurrent.FutureTask.run(FutureTask.java:264)
	at java.base/java.util.concurrent.ThreadPoolExecutor.runWorker(ThreadPoolExecutor.java:1136)
	at java.base/java.util.concurrent.ThreadPoolExecutor$Worker.run(ThreadPoolExecutor.java:635)
	at java.base/java.lang.Thread.run(Thread.java:833)

10:43:59.997 [FXGL Background Thread 4 ] DEBUG FXGLAssetLoaderServi - Loading from file system: file:/C:/Users/jessy/OneDrive/School/Informatica/Leerjaar%201/Periode%203/IPOSE/code/AcademicRumble/target/classes/assets/textures/pinky-left.png
10:43:59.998 [FXGL Background Thread 4 ] DEBUG FXGLAssetLoaderServi - Loading from file system: file:/C:/Users/jessy/OneDrive/School/Informatica/Leerjaar%201/Periode%203/IPOSE/code/AcademicRumble/target/classes/assets/textures/pinky-right.png
10:43:59.999 [FXGL Background Thread 4 ] DEBUG FXGLAssetLoaderServi - Loading from file system: file:/C:/Users/jessy/OneDrive/School/Informatica/Leerjaar%201/Periode%203/IPOSE/code/AcademicRumble/target/classes/assets/textures/pinky-up-down.png
10:44:00.001 [FXGL Background Thread 4 ] DEBUG FXGLAssetLoaderServi - Loading from file system: file:/C:/Users/jessy/OneDrive/School/Informatica/Leerjaar%201/Periode%203/IPOSE/code/AcademicRumble/target/classes/assets/textures/
10:44:00.003 [FXGL Background Thread 4 ] WARN  FXGLAssetLoaderServi - Failed to load file:/C:/Users/jessy/OneDrive/School/Informatica/Leerjaar%201/Periode%203/IPOSE/code/AcademicRumble/target/classes/assets/textures/
com.sun.javafx.iio.ImageStorageException: No loader for image data
	at javafx.graphics@18.0.1/com.sun.javafx.iio.ImageStorage.loadAll(ImageStorage.java:274)
	at javafx.graphics@18.0.1/com.sun.javafx.tk.quantum.PrismImageLoader2.loadAll(PrismImageLoader2.java:142)
	at javafx.graphics@18.0.1/com.sun.javafx.tk.quantum.PrismImageLoader2.<init>(PrismImageLoader2.java:77)
	at javafx.graphics@18.0.1/com.sun.javafx.tk.quantum.QuantumToolkit.loadImage(QuantumToolkit.java:790)
	at javafx.graphics@18.0.1/javafx.scene.image.Image.loadImage(Image.java:1081)
	at javafx.graphics@18.0.1/javafx.scene.image.Image.initialize(Image.java:816)
	at javafx.graphics@18.0.1/javafx.scene.image.Image.<init>(Image.java:706)
	at com.almasb.fxgl.all@17.1/com.almasb.fxgl.app.services.ImageAssetLoader.load(FXGLAssetLoaderService.kt:641)
	at com.almasb.fxgl.all@17.1/com.almasb.fxgl.app.services.ImageAssetLoader.load(FXGLAssetLoaderService.kt:636)
	at com.almasb.fxgl.all@17.1/com.almasb.fxgl.app.services.AssetLoader.load(FXGLAssetLoaderService.kt:625)
	at com.almasb.fxgl.all@17.1/com.almasb.fxgl.app.services.FXGLAssetLoaderService.load(FXGLAssetLoaderService.kt:530)
	at com.almasb.fxgl.all@17.1/com.almasb.fxgl.app.services.FXGLAssetLoaderService.load(FXGLAssetLoaderService.kt:507)
	at com.almasb.fxgl.all@17.1/com.almasb.fxgl.app.services.FXGLAssetLoaderService.load(FXGLAssetLoaderService.kt:496)
	at com.almasb.fxgl.all@17.1/com.almasb.fxgl.app.services.FXGLAssetLoaderService.loadImage(FXGLAssetLoaderService.kt:166)
	at com.almasb.fxgl.all@17.1/com.almasb.fxgl.app.services.FXGLAssetLoaderService.loadTexture(FXGLAssetLoaderService.kt:125)
	at com.almasb.fxgl.all@17.1/com.almasb.fxgl.dsl.FXGL$Companion.texture(FXGL.kt:401)
	at com.almasb.fxgl.all@17.1/com.almasb.fxgl.dsl.EntityBuilder.view(EntityBuilder.kt:164)
	at com.example.academicrumble/com.example.academicrumble.Sprite.<init>(Sprite.java:30)
	at com.example.academicrumble/com.example.academicrumble.Fighter.<init>(Fighter.java:24)
	at com.example.academicrumble/com.example.academicrumble.AcademicRumbleFactory.spawnEnemy(AcademicRumbleFactory.java:49)
	at java.base/jdk.internal.reflect.DirectMethodHandleAccessor.invoke(DirectMethodHandleAccessor.java:104)
	at java.base/java.lang.reflect.Method.invoke(Method.java:577)
	at com.almasb.fxgl.core@17.1/com.almasb.fxgl.core.reflect.ReflectionUtils.call(ReflectionUtils.java:104)
	at com.almasb.fxgl.core@17.1/com.almasb.fxgl.core.reflect.ReflectionUtils.lambda$mapToFunction$3(ReflectionUtils.java:111)
	at com.almasb.fxgl.entity@17.1/com.almasb.fxgl.entity.GameWorld$create$2.invoke(GameWorld.kt:430)
	at com.almasb.fxgl.entity@17.1/com.almasb.fxgl.entity.GameWorld$create$2.invoke(GameWorld.kt:430)
	at com.almasb.fxgl.core@17.1/com.almasb.fxgl.core.util.DSLKt.tryCatchRoot(DSL.kt:34)
	at com.almasb.fxgl.entity@17.1/com.almasb.fxgl.entity.GameWorld.create(GameWorld.kt:430)
	at com.almasb.fxgl.entity@17.1/com.almasb.fxgl.entity.GameWorld.spawn(GameWorld.kt:396)
	at com.almasb.fxgl.all@17.1/com.almasb.fxgl.dsl.FXGL$Companion.spawn(FXGL.kt:565)
	at com.almasb.fxgl.all@17.1/com.almasb.fxgl.dsl.FXGL.spawn(FXGL.kt)
	at com.example.academicrumble/com.example.academicrumble.GameWorldController.spawn(GameWorldController.java:43)
	at com.example.academicrumble/com.example.academicrumble.Game.initGame(Game.java:62)
	at com.almasb.fxgl.all@17.1/com.almasb.fxgl.app.FXGLApplication$InitAppTask.initGame(FXGLApplication.kt:339)
	at com.almasb.fxgl.all@17.1/com.almasb.fxgl.app.FXGLApplication$InitAppTask.call(FXGLApplication.kt:319)
	at com.almasb.fxgl.all@17.1/com.almasb.fxgl.app.FXGLApplication$InitAppTask.call(FXGLApplication.kt:311)
	at javafx.graphics@18.0.1/javafx.concurrent.Task$TaskCallable.call(Task.java:1426)
	at java.base/java.util.concurrent.FutureTask.run(FutureTask.java:264)
	at java.base/java.util.concurrent.Executors$RunnableAdapter.call(Executors.java:539)
	at java.base/java.util.concurrent.FutureTask.run(FutureTask.java:264)
	at java.base/java.util.concurrent.ThreadPoolExecutor.runWorker(ThreadPoolExecutor.java:1136)
	at java.base/java.util.concurrent.ThreadPoolExecutor$Worker.run(ThreadPoolExecutor.java:635)
	at java.base/java.lang.Thread.run(Thread.java:833)

10:44:00.009 [FXGL Background Thread 4 ] INFO  FXGLApplication      - Game initialization took: 0.236 sec
10:44:00.019 [JavaFX Application Thread] DEBUG Input                - Clearing active input actions
10:44:00.030 [JavaFX Application Thread] DEBUG GameApplicationServi - Removing overlay from FXGLLoadingScene and adding to GameScene
10:44:00.030 [JavaFX Application Thread] DEBUG PrimaryStageWindow   - FXGLLoadingScene -> GameScene
10:44:00.085 [FXGL Background Thread 2 ] INFO  UpdaterService       - Your current version:  17.1
10:44:00.085 [FXGL Background Thread 2 ] INFO  UpdaterService       - Latest stable version: 17.3
10:44:02.674 [FXGL Background Thread 3 ] DEBUG Engine               - Logging environment variables
10:44:02.675 [FXGL Background Thread 3 ] DEBUG Engine               - achievements: []
10:44:02.675 [FXGL Background Thread 3 ] DEBUG Engine               - actualHeight: 640.0
10:44:02.675 [FXGL Background Thread 3 ] DEBUG Engine               - actualHeightProperty: ReadOnlyDoubleProperty [value: 640.0]
10:44:02.675 [FXGL Background Thread 3 ] DEBUG Engine               - actualWidth: 1280.0
10:44:02.675 [FXGL Background Thread 3 ] DEBUG Engine               - actualWidthProperty: ReadOnlyDoubleProperty [value: 1280.0]
10:44:02.675 [FXGL Background Thread 3 ] DEBUG Engine               - appIcon: fxgl_icon.png
10:44:02.675 [FXGL Background Thread 3 ] DEBUG Engine               - applicationMode: DEVELOPER
10:44:02.675 [FXGL Background Thread 3 ] DEBUG Engine               - cSSList: [fxgl_dark.css]
10:44:02.675 [FXGL Background Thread 3 ] DEBUG Engine               - collisionDetectionStrategy: BRUTE_FORCE
10:44:02.675 [FXGL Background Thread 3 ] DEBUG Engine               - configClass: Optional.empty
10:44:02.675 [FXGL Background Thread 3 ] DEBUG Engine               - credits: []
10:44:02.676 [FXGL Background Thread 3 ] DEBUG Engine               - defaultCursor: CursorInfo(imageName=fxgl_default_cursor.png, hotspotX=7.0, hotspotY=6.0)
10:44:02.676 [FXGL Background Thread 3 ] DEBUG Engine               - devBBoxColorProperty: ObjectProperty [value: 0xff0000ff]
10:44:02.676 [FXGL Background Thread 3 ] DEBUG Engine               - devEnableDebugCameraProperty: BooleanProperty [value: false]
10:44:02.676 [FXGL Background Thread 3 ] DEBUG Engine               - devSensorColorProperty: ObjectProperty [value: 0xffff00ff]
10:44:02.676 [FXGL Background Thread 3 ] DEBUG Engine               - devShowBBoxProperty: BooleanProperty [value: false]
10:44:02.676 [FXGL Background Thread 3 ] DEBUG Engine               - devShowPositionProperty: BooleanProperty [value: false]
10:44:02.676 [FXGL Background Thread 3 ] DEBUG Engine               - enabledMenuItems: []
10:44:02.676 [FXGL Background Thread 3 ] DEBUG Engine               - engineServices: [class com.almasb.fxgl.app.services.FXGLAssetLoaderService, class com.almasb.fxgl.app.FXGLApplication$GameApplicationService, class com.almasb.fxgl.app.services.FXGLDialogService, class com.almasb.fxgl.app.services.IOTaskExecutorService, class com.almasb.fxgl.io.FileSystemService, class com.almasb.fxgl.localization.LocalizationService, class com.almasb.fxgl.app.services.SystemBundleService, class com.almasb.fxgl.profile.SaveLoadService, class com.almasb.fxgl.ui.FXGLUIFactoryServiceProvider, class com.almasb.fxgl.ui.FXGLDialogFactoryServiceProvider, class com.almasb.fxgl.audio.AudioPlayer, class com.almasb.fxgl.notification.impl.NotificationServiceProvider, class com.almasb.fxgl.achievement.AchievementService, class com.almasb.fxgl.cutscene.CutsceneService, class com.almasb.fxgl.minigames.MiniGameService, class com.almasb.fxgl.net.NetService, class com.almasb.fxgl.app.services.UpdaterService, class com.almasb.fxgl.dev.DevService]
10:44:02.676 [FXGL Background Thread 3 ] DEBUG Engine               - fontGame: Abel-Regular.ttf
10:44:02.676 [FXGL Background Thread 3 ] DEBUG Engine               - fontMono: TerminalLandMono-Regular.otf
10:44:02.676 [FXGL Background Thread 3 ] DEBUG Engine               - fontText: Courier-Prime.ttf
10:44:02.676 [FXGL Background Thread 3 ] DEBUG Engine               - fontUI: VarelaRound-Regular.ttf
10:44:02.676 [FXGL Background Thread 3 ] DEBUG Engine               - fullScreen: BooleanProperty [value: false]
10:44:02.676 [FXGL Background Thread 3 ] DEBUG Engine               - gameDifficulty: MEDIUM
10:44:02.676 [FXGL Background Thread 3 ] DEBUG Engine               - gameDifficultyProperty: ObjectProperty [value: MEDIUM]
10:44:02.676 [FXGL Background Thread 3 ] DEBUG Engine               - globalMusicVolume: 0.5
10:44:02.676 [FXGL Background Thread 3 ] DEBUG Engine               - globalMusicVolumeProperty: DoubleProperty [value: 0.5]
10:44:02.676 [FXGL Background Thread 3 ] DEBUG Engine               - globalSoundVolume: 0.5
10:44:02.676 [FXGL Background Thread 3 ] DEBUG Engine               - globalSoundVolumeProperty: DoubleProperty [value: 0.5]
10:44:02.677 [FXGL Background Thread 3 ] DEBUG Engine               - height: 640
10:44:02.677 [FXGL Background Thread 3 ] DEBUG Engine               - is3D: false
10:44:02.677 [FXGL Background Thread 3 ] DEBUG Engine               - isAndroid: false
10:44:02.677 [FXGL Background Thread 3 ] DEBUG Engine               - isBrowser: false
10:44:02.677 [FXGL Background Thread 3 ] DEBUG Engine               - isClickFeedbackEnabled: false
10:44:02.677 [FXGL Background Thread 3 ] DEBUG Engine               - isCloseConfirmation: false
10:44:02.677 [FXGL Background Thread 3 ] DEBUG Engine               - isDesktop: true
10:44:02.677 [FXGL Background Thread 3 ] DEBUG Engine               - isDeveloperMenuEnabled: false
10:44:02.677 [FXGL Background Thread 3 ] DEBUG Engine               - isEmbedded: false
10:44:02.677 [FXGL Background Thread 3 ] DEBUG Engine               - isEntityPreloadEnabled: true
10:44:02.677 [FXGL Background Thread 3 ] DEBUG Engine               - isExperimentalTiledLargeMap: false
10:44:02.677 [FXGL Background Thread 3 ] DEBUG Engine               - isFileSystemWriteAllowed: true
10:44:02.677 [FXGL Background Thread 3 ] DEBUG Engine               - isFullScreenAllowed: false
10:44:02.677 [FXGL Background Thread 3 ] DEBUG Engine               - isFullScreenFromStart: false
10:44:02.677 [FXGL Background Thread 3 ] DEBUG Engine               - isGameMenuEnabled: true
10:44:02.677 [FXGL Background Thread 3 ] DEBUG Engine               - isIOS: false
10:44:02.677 [FXGL Background Thread 3 ] DEBUG Engine               - isIntroEnabled: false
10:44:02.677 [FXGL Background Thread 3 ] DEBUG Engine               - isLinux: false
10:44:02.677 [FXGL Background Thread 3 ] DEBUG Engine               - isMac: false
10:44:02.677 [FXGL Background Thread 3 ] DEBUG Engine               - isMainMenuEnabled: false
10:44:02.677 [FXGL Background Thread 3 ] DEBUG Engine               - isManualResizeEnabled: false
10:44:02.677 [FXGL Background Thread 3 ] DEBUG Engine               - isMobile: false
10:44:02.677 [FXGL Background Thread 3 ] DEBUG Engine               - isNative: false
10:44:02.677 [FXGL Background Thread 3 ] DEBUG Engine               - isPauseMusicWhenMinimized: true
10:44:02.677 [FXGL Background Thread 3 ] DEBUG Engine               - isPreserveResizeRatio: false
10:44:02.677 [FXGL Background Thread 3 ] DEBUG Engine               - isProfilingEnabled: false
10:44:02.677 [FXGL Background Thread 3 ] DEBUG Engine               - isScaleAffectedOnResize: true
10:44:02.677 [FXGL Background Thread 3 ] DEBUG Engine               - isSingleStep: false
10:44:02.677 [FXGL Background Thread 3 ] DEBUG Engine               - isUserProfileEnabled: false
10:44:02.677 [FXGL Background Thread 3 ] DEBUG Engine               - isWindows: true
10:44:02.677 [FXGL Background Thread 3 ] DEBUG Engine               - language: ObjectProperty [value: ENGLISH]
10:44:02.677 [FXGL Background Thread 3 ] DEBUG Engine               - menuKey: ESCAPE
10:44:02.677 [FXGL Background Thread 3 ] DEBUG Engine               - mouseSensitivity: 0.2
10:44:02.677 [FXGL Background Thread 3 ] DEBUG Engine               - notificationViewClass: class com.almasb.fxgl.notification.view.XboxNotificationView
10:44:02.679 [FXGL Background Thread 3 ] DEBUG Engine               - pixelsPerMeter: 50.0
10:44:02.679 [FXGL Background Thread 3 ] DEBUG Engine               - platform: WINDOWS
10:44:02.679 [FXGL Background Thread 3 ] DEBUG Engine               - prefHeightProperty: ReadOnlyDoubleProperty [value: 640.0]
10:44:02.679 [FXGL Background Thread 3 ] DEBUG Engine               - prefWidthProperty: ReadOnlyDoubleProperty [value: 1280.0]
10:44:02.679 [FXGL Background Thread 3 ] DEBUG Engine               - profileDir: profiles/
10:44:02.679 [FXGL Background Thread 3 ] DEBUG Engine               - profileName: StringProperty [value: DEFAULT]
10:44:02.679 [FXGL Background Thread 3 ] DEBUG Engine               - randomSeed: -1
10:44:02.679 [FXGL Background Thread 3 ] DEBUG Engine               - runtimeInfo: RuntimeInfo(platform=WINDOWS, version=17.1, build=24.03.2022 17.34)
10:44:02.679 [FXGL Background Thread 3 ] DEBUG Engine               - saveFileExt: sav
10:44:02.679 [FXGL Background Thread 3 ] DEBUG Engine               - scaledHeightProp$fxgl: DoubleProperty [bound, value: 640.0]
10:44:02.679 [FXGL Background Thread 3 ] DEBUG Engine               - scaledWidthProp$fxgl: DoubleProperty [bound, value: 1280.0]
10:44:02.679 [FXGL Background Thread 3 ] DEBUG Engine               - sceneFactory: com.almasb.fxgl.app.scene.SceneFactory@2c5497c1
10:44:02.679 [FXGL Background Thread 3 ] DEBUG Engine               - secondsIn24h: 60
10:44:02.679 [FXGL Background Thread 3 ] DEBUG Engine               - soundMenuBack: menu/back.wav
10:44:02.679 [FXGL Background Thread 3 ] DEBUG Engine               - soundMenuPress: menu/press.wav
10:44:02.679 [FXGL Background Thread 3 ] DEBUG Engine               - soundMenuSelect: menu/select.wav
10:44:02.679 [FXGL Background Thread 3 ] DEBUG Engine               - soundNotification: core/notification.wav
10:44:02.679 [FXGL Background Thread 3 ] DEBUG Engine               - stageStyle: DECORATED
10:44:02.679 [FXGL Background Thread 3 ] DEBUG Engine               - supportedLanguages: [ENGLISH, FRENCH, GERMAN, HUNGARIAN, RUSSIAN]
10:44:02.679 [FXGL Background Thread 3 ] DEBUG Engine               - ticksPerSecond: -1
10:44:02.679 [FXGL Background Thread 3 ] DEBUG Engine               - title: Academic Rumble
10:44:02.679 [FXGL Background Thread 3 ] DEBUG Engine               - urlGithub: https://github.com/AlmasB/FXGL
10:44:02.679 [FXGL Background Thread 3 ] DEBUG Engine               - urlLeaderboard: http://fxgl-top.herokuapp.com/
10:44:02.679 [FXGL Background Thread 3 ] DEBUG Engine               - urlPOM: https://raw.githubusercontent.com/AlmasB/FXGL/release/README.md
10:44:02.679 [FXGL Background Thread 3 ] DEBUG Engine               - userAppClass: class com.example.academicrumble.Game
10:44:02.679 [FXGL Background Thread 3 ] DEBUG Engine               - version: 1.0
10:44:02.679 [FXGL Background Thread 3 ] DEBUG Engine               - versionCheckDays: 7
10:44:02.679 [FXGL Background Thread 3 ] DEBUG Engine               - width: 1280
10:44:02.679 [FXGL Background Thread 3 ] DEBUG Engine               - Logging services
10:44:02.679 [FXGL Background Thread 3 ] DEBUG Engine               - class com.almasb.fxgl.app.services.FXGLAssetLoaderService
10:44:02.679 [FXGL Background Thread 3 ] DEBUG Engine               - class com.almasb.fxgl.app.FXGLApplication$GameApplicationService
10:44:02.679 [FXGL Background Thread 3 ] DEBUG Engine               - class com.almasb.fxgl.app.services.FXGLDialogService
10:44:02.679 [FXGL Background Thread 3 ] DEBUG Engine               - class com.almasb.fxgl.app.services.IOTaskExecutorService
10:44:02.680 [FXGL Background Thread 3 ] DEBUG Engine               - class com.almasb.fxgl.io.FileSystemService
10:44:02.680 [FXGL Background Thread 3 ] DEBUG Engine               - class com.almasb.fxgl.localization.LocalizationService
10:44:02.680 [FXGL Background Thread 3 ] DEBUG Engine               - class com.almasb.fxgl.app.services.SystemBundleService
10:44:02.680 [FXGL Background Thread 3 ] DEBUG Engine               - class com.almasb.fxgl.profile.SaveLoadService
10:44:02.680 [FXGL Background Thread 3 ] DEBUG Engine               - class com.almasb.fxgl.ui.FXGLUIFactoryServiceProvider
10:44:02.680 [FXGL Background Thread 3 ] DEBUG Engine               - class com.almasb.fxgl.ui.FXGLDialogFactoryServiceProvider
10:44:02.680 [FXGL Background Thread 3 ] DEBUG Engine               - class com.almasb.fxgl.audio.AudioPlayer
10:44:02.680 [FXGL Background Thread 3 ] DEBUG Engine               - class com.almasb.fxgl.notification.impl.NotificationServiceProvider
10:44:02.680 [FXGL Background Thread 3 ] DEBUG Engine               - class com.almasb.fxgl.achievement.AchievementService
10:44:02.680 [FXGL Background Thread 3 ] DEBUG Engine               - class com.almasb.fxgl.cutscene.CutsceneService
10:44:02.680 [FXGL Background Thread 3 ] DEBUG Engine               - class com.almasb.fxgl.minigames.MiniGameService
10:44:02.680 [FXGL Background Thread 3 ] DEBUG Engine               - class com.almasb.fxgl.net.NetService
10:44:02.680 [FXGL Background Thread 3 ] DEBUG Engine               - class com.almasb.fxgl.app.services.UpdaterService
10:44:02.680 [FXGL Background Thread 3 ] DEBUG Engine               - class com.almasb.fxgl.dev.DevService
10:44:03.348 [JavaFX Application Thread] DEBUG FXGLApplication      - Exiting FXGL
10:44:03.348 [JavaFX Application Thread] DEBUG LoopRunner           - Stopping loop
10:44:03.348 [JavaFX Application Thread] DEBUG SystemBundleService  - Saving FXGL system data
10:44:03.351 [JavaFX Application Thread] DEBUG FileSystemAccess     - Writing to: C:\Users\jessy\OneDrive\School\Informatica\Leerjaar 1\Periode 3\IPOSE\code\AcademicRumble\system\fxgl.bundle
10:44:03.352 [JavaFX Application Thread] DEBUG Async                - Shutting down background threads
10:44:03.353 [JavaFX Application Thread] DEBUG PrimaryStageWindow   - Closing main window
10:44:03.364 [JavaFX Application Thread] DEBUG Logger               - Closing Logger
