12:48:21.693 [main                     ] DEBUG Logger               - Configured Logger
12:48:21.732 [main                     ] DEBUG GameApplication      - Logging settings
Title: Academic Rumble
Version: 1.0
Width: 640
Height: 600
Fullscreen: false
Intro: false
Profiling: false
Single step:false
App Mode: DEVELOPER
Menu Key: ESCAPE
Stage Style: DECORATED
Scene Factory: class com.almasb.fxgl.app.scene.SceneFactory

12:48:22.181 [JavaFX Application Thread] DEBUG FXGLApplication      - Initializing FXGL
12:48:22.192 [JavaFX Application Thread] INFO  Engine               - FXGL-17.1 (24.03.2022 17.34) on WINDOWS (J:18.0.2.1 FX:18.0.1)
12:48:22.192 [JavaFX Application Thread] DEBUG Engine               - JRE Vendor Name: Oracle Corporation
12:48:22.193 [JavaFX Application Thread] DEBUG Engine               - Running on OS: Windows 11 version 10.0
12:48:22.193 [JavaFX Application Thread] DEBUG Engine               - Architecture: amd64
12:48:22.193 [JavaFX Application Thread] INFO  Engine               - Source code and latest versions at: https://github.com/AlmasB/FXGL
12:48:22.193 [JavaFX Application Thread] INFO  Engine               -       Ask questions and discuss at: https://github.com/AlmasB/FXGL/discussions
12:48:22.193 [JavaFX Application Thread] INFO  Engine               -              Join the FXGL chat at: https://gitter.im/AlmasB/FXGL
12:48:22.331 [JavaFX Application Thread] DEBUG PrimaryStageWindow   - Creating a JavaFX scene
12:48:22.388 [JavaFX Application Thread] DEBUG PrimaryStageWindow   - Target settings size: 640.0 x 600.0
12:48:22.388 [JavaFX Application Thread] DEBUG PrimaryStageWindow   - Scaled scene size:    640.0 x 600.0
12:48:22.388 [JavaFX Application Thread] DEBUG PrimaryStageWindow   - Scaled ratio: (1.0, 1.0)
12:48:22.390 [JavaFX Application Thread] DEBUG PrimaryStageWindow   - Set initial scene to FXGLStartupScene
12:48:22.401 [JavaFX Application Thread] DEBUG PrimaryStageWindow   - Opening main window
12:48:22.525 [JavaFX Application Thread] DEBUG PrimaryStageWindow   - Window border size: (14.4000244140625, 37.5999755859375)
12:48:22.526 [JavaFX Application Thread] DEBUG PrimaryStageWindow   - Scaled size: 640.0 x 600.0
12:48:22.526 [JavaFX Application Thread] DEBUG PrimaryStageWindow   - Scaled ratio: (1.0, 1.0)
12:48:22.527 [JavaFX Application Thread] DEBUG PrimaryStageWindow   - Scene size: 640.0 x 600.0
12:48:22.527 [JavaFX Application Thread] DEBUG PrimaryStageWindow   - Stage size: 654.4000244140625 x 637.5999755859375
12:48:22.542 [FXGL Background Thread 1 ] DEBUG Engine               - Initializing environment variables
12:48:22.615 [FXGL Background Thread 1 ] DEBUG FXGLAssetLoaderServi - User app class for loading assets: class com.example.academicrumble.Game
12:48:22.615 [FXGL Background Thread 1 ] DEBUG GameApplicationServi - Applying CSS: fxgl_dark.css
12:48:22.617 [FXGL Background Thread 1 ] DEBUG FXGLAssetLoaderServi - Loading from file system: jar:file:///C:/Users/jessy/.m2/repository/com/github/almasb/fxgl/17.1/fxgl-17.1.jar!/fxglassets/ui/css/fxgl_dark.css
12:48:22.684 [FXGL Background Thread 1 ] DEBUG GameApplicationServi - Initializing application scenes
12:48:22.744 [FXGL Background Thread 1 ] DEBUG GameWorld            - Game world initialized
12:48:22.823 [FXGL Background Thread 1 ] DEBUG PhysicsWorld         - Physics world initialized: appHeight=600, physics.ppm=50.0
12:48:22.823 [FXGL Background Thread 1 ] DEBUG PhysicsWorld         - Using strategy: BRUTE_FORCE
12:48:22.830 [FXGL Background Thread 1 ] DEBUG GameScene            - Game scene initialized: 640x600
12:48:22.849 [FXGL Background Thread 1 ] WARN  FXGL.DefaultMenu     - FXGLDefaultMenu is not designed for resolutions < 800x600
12:48:22.849 [FXGL Background Thread 1 ] DEBUG FXGL.DefaultMenu     - createMenuBodyGameMenu()
12:48:22.870 [FXGL Background Thread 1 ] DEBUG FXGL.DefaultMenu     - createOptionsMenu()
12:48:22.885 [FXGL Background Thread 1 ] DEBUG FXGLAssetLoaderServi - Loading from file system: jar:file:///C:/Users/jessy/.m2/repository/com/github/almasb/fxgl/17.1/fxgl-17.1.jar!/fxglassets/textures/particles/smoke.png
12:48:23.004 [FXGL Background Thread 1 ] DEBUG FXGLAssetLoaderServi - Loading from file system: jar:file:///C:/Users/jessy/.m2/repository/com/github/almasb/fxgl/17.1/fxgl-17.1.jar!/fxglassets/textures/particles/trace_horizontal.png
12:48:23.041 [FXGL Background Thread 1 ] DEBUG GameApplicationServi - Application scenes initialized
12:48:23.059 [FXGL Background Thread 1 ] DEBUG SystemBundleService  - Loading FXGL system data
12:48:23.065 [FXGL Background Thread 1 ] DEBUG FileSystemAccess     - Reading from: C:\Users\jessy\OneDrive\School\Informatica\Leerjaar 1\Periode 3\IPOSE\code\AcademicRumble\system\fxgl.bundle
12:48:23.078 [FXGL Background Thread 1 ] DEBUG SystemBundleService  - Bundle FXGL: {}
12:48:23.079 [FXGL Background Thread 1 ] DEBUG UpdaterService       - Checking for updates
12:48:23.085 [FXGL Background Thread 4 ] DEBUG FXGLApplication      - Loading fonts
12:48:23.086 [FXGL Background Thread 1 ] DEBUG FXGLApplication      - Loading default localization
12:48:23.086 [FXGL Background Thread 4 ] DEBUG FXGLAssetLoaderServi - Loading from file system: jar:file:///C:/Users/jessy/.m2/repository/com/github/almasb/fxgl/17.1/fxgl-17.1.jar!/fxglassets/ui/fonts/VarelaRound-Regular.ttf
12:48:23.087 [FXGL Background Thread 1 ] DEBUG FXGLAssetLoaderServi - Loading from file system: jar:file:///C:/Users/jessy/.m2/repository/com/github/almasb/fxgl/17.1/fxgl-17.1.jar!/fxglassets/languages/english.lang
12:48:23.117 [FXGL Background Thread 1 ] INFO  FXGLApplication      - FXGL initialization took: 0.575 sec
12:48:23.135 [JavaFX Application Thread] DEBUG Input                - Registered new binding: Move Left - A
12:48:23.136 [JavaFX Application Thread] DEBUG Input                - Registered new binding: Move Right - D
12:48:23.137 [JavaFX Application Thread] DEBUG Input                - Registered new binding: Move Up - W
12:48:23.138 [JavaFX Application Thread] DEBUG Input                - Registered new binding: Move Down - S
12:48:23.139 [JavaFX Application Thread] DEBUG FXGLAssetLoaderServi - Loading from file system: jar:file:///C:/Users/jessy/.m2/repository/com/github/almasb/fxgl/17.1/fxgl-17.1.jar!/fxglassets/textures/fxgl_icon.png
12:48:23.172 [JavaFX Application Thread] DEBUG FXGLAssetLoaderServi - Loading from file system: jar:file:///C:/Users/jessy/.m2/repository/com/github/almasb/fxgl/17.1/fxgl-17.1.jar!/fxglassets/textures/fxgl_default_cursor.png
12:48:23.178 [JavaFX Application Thread] DEBUG Input                - Registered new binding: Screenshot - CTRL+8
12:48:23.179 [JavaFX Application Thread] DEBUG Input                - Registered new binding: System info dump - CTRL+9
12:48:23.180 [JavaFX Application Thread] DEBUG Input                - Registered new binding: Restart - CTRL+R
12:48:23.181 [JavaFX Application Thread] DEBUG Input                - Registered new binding: Toggle Debug Camera - CTRL+7
12:48:23.189 [JavaFX Application Thread] DEBUG LoopRunner           - Starting loop
12:48:23.190 [JavaFX Application Thread] DEBUG LoopRunner           - Initializing JavaFX AnimationTimerLoop
12:48:23.193 [JavaFX Application Thread] DEBUG GameApplicationServi - Starting new game
12:48:23.195 [JavaFX Application Thread] DEBUG Input                - Clearing active input actions
12:48:23.216 [FXGL Background Thread 4 ] DEBUG FXGLAssetLoaderServi - Loading from file system: jar:file:///C:/Users/jessy/.m2/repository/com/github/almasb/fxgl/17.1/fxgl-17.1.jar!/fxglassets/ui/fonts/Abel-Regular.ttf
12:48:23.217 [JavaFX Application Thread] DEBUG PrimaryStageWindow   - FXGLStartupScene -> FXGLLoadingScene
12:48:23.217 [JavaFX Application Thread] DEBUG GameApplicationServi - Clearing previous game
12:48:23.217 [JavaFX Application Thread] DEBUG GameScene            - Clearing game scene
12:48:23.217 [JavaFX Application Thread] DEBUG GameWorld            - Clearing game world
12:48:23.217 [JavaFX Application Thread] DEBUG PhysicsWorld         - Clearing physics world
12:48:23.221 [FXGL Background Thread 1 ] DEBUG FXGLApplication      - Initializing game
12:48:23.223 [FXGL Background Thread 4 ] DEBUG FXGLAssetLoaderServi - Loading from file system: jar:file:///C:/Users/jessy/.m2/repository/com/github/almasb/fxgl/17.1/fxgl-17.1.jar!/fxglassets/ui/fonts/TerminalLandMono-Regular.otf
12:48:23.230 [FXGL Background Thread 4 ] DEBUG FXGLAssetLoaderServi - Loading from file system: jar:file:///C:/Users/jessy/.m2/repository/com/github/almasb/fxgl/17.1/fxgl-17.1.jar!/fxglassets/ui/fonts/Courier-Prime.ttf
12:48:23.290 [JavaFX Application Thread] DEBUG FXGLApplication      - Registering font factories with UI factory
12:48:23.293 [FXGL Background Thread 1 ] WARN  TMXLevelLoader       - TiledMap generated from 1.2.3. Supported version: 1.4.2. Some features may not be parsed fully.
12:48:23.308 [FXGL Background Thread 1 ] DEBUG TMXLevelLoader       - Parsed TiledMap: file:/C:/Users/jessy/OneDrive/School/Informatica/Leerjaar%201/Periode%203/IPOSE/code/AcademicRumble/target/classes/assets/levels/naamloos.tmx
12:48:23.310 [FXGL Background Thread 1 ] DEBUG TMXLevelLoader       - Creating tile layer entities
12:48:23.312 [FXGL Background Thread 1 ] DEBUG TilesetLoader        - Loading view for layer Tilelaag 1
12:48:23.314 [FXGL Background Thread 1 ] DEBUG TilesetLoader        - Created buffer with size 1280.0x640.0
12:48:23.327 [FXGL Background Thread 1 ] DEBUG TMXLevelLoader       - Creating object layer entities
12:48:23.369 [FXGL Background Thread 1 ] DEBUG GameWorld            - Clearing removable entities
12:48:23.369 [FXGL Background Thread 1 ] DEBUG GameWorld            - Setting level: com.almasb.fxgl.entity.level.Level@7d624736
12:48:23.379 [FXGL Background Thread 1 ] DEBUG FXGLAssetLoaderServi - Loading from file system: file:/C:/Users/jessy/OneDrive/School/Informatica/Leerjaar%201/Periode%203/IPOSE/code/AcademicRumble/target/classes/assets/textures/
12:48:23.422 [FXGL Background Thread 1 ] WARN  FXGLAssetLoaderServi - Failed to load file:/C:/Users/jessy/OneDrive/School/Informatica/Leerjaar%201/Periode%203/IPOSE/code/AcademicRumble/target/classes/assets/textures/
com.sun.javafx.iio.ImageStorageException: No loader for image data
	at javafx.graphics@18.0.1/com.sun.javafx.iio.ImageStorage.loadAll(ImageStorage.java:274)
	at javafx.graphics@18.0.1/com.sun.javafx.tk.quantum.PrismImageLoader2.loadAll(PrismImageLoader2.java:142)
	at javafx.graphics@18.0.1/com.sun.javafx.tk.quantum.PrismImageLoader2.<init>(PrismImageLoader2.java:77)
	at javafx.graphics@18.0.1/com.sun.javafx.tk.quantum.QuantumToolkit.loadImage(QuantumToolkit.java:790)
	at javafx.graphics@18.0.1/javafx.scene.image.Image.loadImage(Image.java:1081)
	at javafx.graphics@18.0.1/javafx.scene.image.Image.initialize(Image.java:816)
	at javafx.graphics@18.0.1/javafx.scene.image.Image.<init>(Image.java:706)
	at com.almasb.fxgl.all@17.1/com.almasb.fxgl.app.services.ImageAssetLoader.load(FXGLAssetLoaderService.kt:641)
	at com.almasb.fxgl.all@17.1/com.almasb.fxgl.app.services.ImageAssetLoader.load(FXGLAssetLoaderService.kt:636)
	at com.almasb.fxgl.all@17.1/com.almasb.fxgl.app.services.AssetLoader.load(FXGLAssetLoaderService.kt:625)
	at com.almasb.fxgl.all@17.1/com.almasb.fxgl.app.services.FXGLAssetLoaderService.load(FXGLAssetLoaderService.kt:530)
	at com.almasb.fxgl.all@17.1/com.almasb.fxgl.app.services.FXGLAssetLoaderService.load(FXGLAssetLoaderService.kt:507)
	at com.almasb.fxgl.all@17.1/com.almasb.fxgl.app.services.FXGLAssetLoaderService.load(FXGLAssetLoaderService.kt:496)
	at com.almasb.fxgl.all@17.1/com.almasb.fxgl.app.services.FXGLAssetLoaderService.loadImage(FXGLAssetLoaderService.kt:166)
	at com.almasb.fxgl.all@17.1/com.almasb.fxgl.app.services.FXGLAssetLoaderService.loadTexture(FXGLAssetLoaderService.kt:125)
	at com.almasb.fxgl.all@17.1/com.almasb.fxgl.dsl.FXGL$Companion.texture(FXGL.kt:401)
	at com.almasb.fxgl.all@17.1/com.almasb.fxgl.dsl.EntityBuilder.view(EntityBuilder.kt:164)
	at com.example.academicrumble/com.example.academicrumble.Sprite.<init>(Sprite.java:30)
	at com.example.academicrumble/com.example.academicrumble.Fighter.<init>(Fighter.java:18)
	at com.example.academicrumble/com.example.academicrumble.AcademicRumbleFactory.spawnPlayer(AcademicRumbleFactory.java:37)
	at java.base/jdk.internal.reflect.DirectMethodHandleAccessor.invoke(DirectMethodHandleAccessor.java:104)
	at java.base/java.lang.reflect.Method.invoke(Method.java:577)
	at com.almasb.fxgl.core@17.1/com.almasb.fxgl.core.reflect.ReflectionUtils.call(ReflectionUtils.java:104)
	at com.almasb.fxgl.core@17.1/com.almasb.fxgl.core.reflect.ReflectionUtils.lambda$mapToFunction$3(ReflectionUtils.java:111)
	at com.almasb.fxgl.entity@17.1/com.almasb.fxgl.entity.GameWorld$create$2.invoke(GameWorld.kt:430)
	at com.almasb.fxgl.entity@17.1/com.almasb.fxgl.entity.GameWorld$create$2.invoke(GameWorld.kt:430)
	at com.almasb.fxgl.core@17.1/com.almasb.fxgl.core.util.DSLKt.tryCatchRoot(DSL.kt:34)
	at com.almasb.fxgl.entity@17.1/com.almasb.fxgl.entity.GameWorld.create(GameWorld.kt:430)
	at com.almasb.fxgl.entity@17.1/com.almasb.fxgl.entity.GameWorld.spawn(GameWorld.kt:396)
	at com.almasb.fxgl.all@17.1/com.almasb.fxgl.dsl.FXGL$Companion.spawn(FXGL.kt:565)
	at com.almasb.fxgl.all@17.1/com.almasb.fxgl.dsl.FXGL.spawn(FXGL.kt)
	at com.example.academicrumble/com.example.academicrumble.GameWorldController.spawn(GameWorldController.java:42)
	at com.example.academicrumble/com.example.academicrumble.Game.initGame(Game.java:39)
	at com.almasb.fxgl.all@17.1/com.almasb.fxgl.app.FXGLApplication$InitAppTask.initGame(FXGLApplication.kt:339)
	at com.almasb.fxgl.all@17.1/com.almasb.fxgl.app.FXGLApplication$InitAppTask.call(FXGLApplication.kt:319)
	at com.almasb.fxgl.all@17.1/com.almasb.fxgl.app.FXGLApplication$InitAppTask.call(FXGLApplication.kt:311)
	at javafx.graphics@18.0.1/javafx.concurrent.Task$TaskCallable.call(Task.java:1426)
	at java.base/java.util.concurrent.FutureTask.run(FutureTask.java:264)
	at java.base/java.util.concurrent.Executors$RunnableAdapter.call(Executors.java:539)
	at java.base/java.util.concurrent.FutureTask.run(FutureTask.java:264)
	at java.base/java.util.concurrent.ThreadPoolExecutor.runWorker(ThreadPoolExecutor.java:1136)
	at java.base/java.util.concurrent.ThreadPoolExecutor$Worker.run(ThreadPoolExecutor.java:635)
	at java.base/java.lang.Thread.run(Thread.java:833)

12:48:23.449 [FXGL Background Thread 1 ] DEBUG FXGLAssetLoaderServi - Loading from file system: file:/C:/Users/jessy/OneDrive/School/Informatica/Leerjaar%201/Periode%203/IPOSE/code/AcademicRumble/target/classes/assets/textures/player-left.png
12:48:23.451 [FXGL Background Thread 1 ] DEBUG FXGLAssetLoaderServi - Loading from file system: file:/C:/Users/jessy/OneDrive/School/Informatica/Leerjaar%201/Periode%203/IPOSE/code/AcademicRumble/target/classes/assets/textures/player-right.png
12:48:23.453 [FXGL Background Thread 1 ] DEBUG FXGLAssetLoaderServi - Loading from file system: file:/C:/Users/jessy/OneDrive/School/Informatica/Leerjaar%201/Periode%203/IPOSE/code/AcademicRumble/target/classes/assets/textures/player-up-down.png
12:48:23.476 [JavaFX Application Thread] DEBUG LoopRunner           - Stopping loop
12:48:23.477 [JavaFX Application Thread] FATAL FXGLApplication      - Uncaught Exception:
java.lang.RuntimeException: Initialization failed
	at com.almasb.fxgl.all@17.1/com.almasb.fxgl.app.FXGLApplication$InitAppTask.failed(FXGLApplication.kt:343)
	at javafx.graphics@18.0.1/javafx.concurrent.Task.setState(Task.java:710)
	at javafx.graphics@18.0.1/javafx.concurrent.Task$TaskCallable.lambda$call$2(Task.java:1456)
	at javafx.graphics@18.0.1/com.sun.javafx.application.PlatformImpl.lambda$runLater$10(PlatformImpl.java:457)
	at java.base/java.security.AccessController.doPrivileged(AccessController.java:399)
	at javafx.graphics@18.0.1/com.sun.javafx.application.PlatformImpl.lambda$runLater$11(PlatformImpl.java:456)
	at javafx.graphics@18.0.1/com.sun.glass.ui.InvokeLaterDispatcher$Future.run(InvokeLaterDispatcher.java:96)
	at javafx.graphics@18.0.1/com.sun.glass.ui.win.WinApplication._runLoop(Native Method)
	at javafx.graphics@18.0.1/com.sun.glass.ui.win.WinApplication.lambda$runLoop$3(WinApplication.java:184)
	at java.base/java.lang.Thread.run(Thread.java:833)
Caused by: com.almasb.fxgl.core.reflect.ReflectionException: Cannot inject Physics() into physics Error: java.lang.IllegalAccessException: class com.almasb.fxgl.core.reflect.ReflectionUtils (in module com.almasb.fxgl.core) cannot access a member of class com.example.academicrumble.PlayerComponent (in module com.example.academicrumble) with modifiers "private"
	at com.almasb.fxgl.core@17.1/com.almasb.fxgl.core.reflect.ReflectionUtils.inject(ReflectionUtils.java:203)
	at com.almasb.fxgl.entity@17.1/com.almasb.fxgl.entity.Entity.lambda$injectFields$2(Entity.java:510)
	at java.base/java.util.Optional.ifPresent(Optional.java:178)
	at com.almasb.fxgl.entity@17.1/com.almasb.fxgl.entity.Entity.lambda$injectFields$3(Entity.java:509)
	at java.base/java.lang.Iterable.forEach(Iterable.java:75)
	at com.almasb.fxgl.entity@17.1/com.almasb.fxgl.entity.Entity.injectFields(Entity.java:508)
	at com.almasb.fxgl.entity@17.1/com.almasb.fxgl.entity.Entity.addComponentNoChecks(Entity.java:399)
	at com.almasb.fxgl.entity@17.1/com.almasb.fxgl.entity.Entity.addComponent(Entity.java:393)
	at com.almasb.fxgl.all@17.1/com.almasb.fxgl.dsl.EntityBuilder.with(EntityBuilder.kt:206)
	at com.example.academicrumble/com.example.academicrumble.Fighter.<init>(Fighter.java:33)
	at com.example.academicrumble/com.example.academicrumble.AcademicRumbleFactory.spawnPlayer(AcademicRumbleFactory.java:37)
	at java.base/jdk.internal.reflect.DirectMethodHandleAccessor.invoke(DirectMethodHandleAccessor.java:104)
	at java.base/java.lang.reflect.Method.invoke(Method.java:577)
	at com.almasb.fxgl.core@17.1/com.almasb.fxgl.core.reflect.ReflectionUtils.call(ReflectionUtils.java:104)
	at com.almasb.fxgl.core@17.1/com.almasb.fxgl.core.reflect.ReflectionUtils.lambda$mapToFunction$3(ReflectionUtils.java:111)
	at com.almasb.fxgl.entity@17.1/com.almasb.fxgl.entity.GameWorld$create$2.invoke(GameWorld.kt:430)
	at com.almasb.fxgl.entity@17.1/com.almasb.fxgl.entity.GameWorld$create$2.invoke(GameWorld.kt:430)
	at com.almasb.fxgl.core@17.1/com.almasb.fxgl.core.util.DSLKt.tryCatchRoot(DSL.kt:34)
	at com.almasb.fxgl.entity@17.1/com.almasb.fxgl.entity.GameWorld.create(GameWorld.kt:430)
	at com.almasb.fxgl.entity@17.1/com.almasb.fxgl.entity.GameWorld.spawn(GameWorld.kt:396)
	at com.almasb.fxgl.all@17.1/com.almasb.fxgl.dsl.FXGL$Companion.spawn(FXGL.kt:565)
	at com.almasb.fxgl.all@17.1/com.almasb.fxgl.dsl.FXGL.spawn(FXGL.kt)
	at com.example.academicrumble/com.example.academicrumble.GameWorldController.spawn(GameWorldController.java:42)
	at com.example.academicrumble/com.example.academicrumble.Game.initGame(Game.java:39)
	at com.almasb.fxgl.all@17.1/com.almasb.fxgl.app.FXGLApplication$InitAppTask.initGame(FXGLApplication.kt:339)
	at com.almasb.fxgl.all@17.1/com.almasb.fxgl.app.FXGLApplication$InitAppTask.call(FXGLApplication.kt:319)
	at com.almasb.fxgl.all@17.1/com.almasb.fxgl.app.FXGLApplication$InitAppTask.call(FXGLApplication.kt:311)
	at javafx.graphics@18.0.1/javafx.concurrent.Task$TaskCallable.call(Task.java:1426)
	at java.base/java.util.concurrent.FutureTask.run(FutureTask.java:264)
	at java.base/java.util.concurrent.Executors$RunnableAdapter.call(Executors.java:539)
	at java.base/java.util.concurrent.FutureTask.run(FutureTask.java:264)
	at java.base/java.util.concurrent.ThreadPoolExecutor.runWorker(ThreadPoolExecutor.java:1136)
	at java.base/java.util.concurrent.ThreadPoolExecutor$Worker.run(ThreadPoolExecutor.java:635)
	... 1 more

12:48:23.478 [JavaFX Application Thread] FATAL FXGLApplication      - Application will now exit
12:48:23.508 [JavaFX Application Thread] DEBUG PrimaryStageWindow   - Push state: ErrorSubScene
12:48:23.508 [JavaFX Application Thread] DEBUG Input                - Clearing active input actions
12:48:23.513 [JavaFX Application Thread] DEBUG GameApplicationServi - Removing overlay from FXGLLoadingScene and adding to ErrorSubScene
12:48:23.515 [JavaFX Application Thread] DEBUG PrimaryStageWindow   - FXGLLoadingScene -> ErrorSubScene
12:48:23.656 [FXGL Background Thread 2 ] INFO  UpdaterService       - Your current version:  17.1
12:48:23.657 [FXGL Background Thread 2 ] INFO  UpdaterService       - Latest stable version: 17.3
12:48:26.083 [FXGL Background Thread 3 ] DEBUG Engine               - Logging environment variables
12:48:26.084 [FXGL Background Thread 3 ] DEBUG Engine               - achievements: []
12:48:26.084 [FXGL Background Thread 3 ] DEBUG Engine               - actualHeight: 600.0
12:48:26.084 [FXGL Background Thread 3 ] DEBUG Engine               - actualHeightProperty: ReadOnlyDoubleProperty [value: 600.0]
12:48:26.084 [FXGL Background Thread 3 ] DEBUG Engine               - actualWidth: 640.0
12:48:26.084 [FXGL Background Thread 3 ] DEBUG Engine               - actualWidthProperty: ReadOnlyDoubleProperty [value: 640.0]
12:48:26.084 [FXGL Background Thread 3 ] DEBUG Engine               - appIcon: fxgl_icon.png
12:48:26.085 [FXGL Background Thread 3 ] DEBUG Engine               - applicationMode: DEVELOPER
12:48:26.085 [FXGL Background Thread 3 ] DEBUG Engine               - cSSList: [fxgl_dark.css]
12:48:26.085 [FXGL Background Thread 3 ] DEBUG Engine               - collisionDetectionStrategy: BRUTE_FORCE
12:48:26.085 [FXGL Background Thread 3 ] DEBUG Engine               - configClass: Optional.empty
12:48:26.085 [FXGL Background Thread 3 ] DEBUG Engine               - credits: []
12:48:26.085 [FXGL Background Thread 3 ] DEBUG Engine               - defaultCursor: CursorInfo(imageName=fxgl_default_cursor.png, hotspotX=7.0, hotspotY=6.0)
12:48:26.085 [FXGL Background Thread 3 ] DEBUG Engine               - devBBoxColorProperty: ObjectProperty [value: 0xff0000ff]
12:48:26.085 [FXGL Background Thread 3 ] DEBUG Engine               - devEnableDebugCameraProperty: BooleanProperty [value: false]
12:48:26.085 [FXGL Background Thread 3 ] DEBUG Engine               - devSensorColorProperty: ObjectProperty [value: 0xffff00ff]
12:48:26.085 [FXGL Background Thread 3 ] DEBUG Engine               - devShowBBoxProperty: BooleanProperty [value: false]
12:48:26.085 [FXGL Background Thread 3 ] DEBUG Engine               - devShowPositionProperty: BooleanProperty [value: false]
12:48:26.085 [FXGL Background Thread 3 ] DEBUG Engine               - enabledMenuItems: []
12:48:26.085 [FXGL Background Thread 3 ] DEBUG Engine               - engineServices: [class com.almasb.fxgl.app.services.FXGLAssetLoaderService, class com.almasb.fxgl.app.FXGLApplication$GameApplicationService, class com.almasb.fxgl.app.services.FXGLDialogService, class com.almasb.fxgl.app.services.IOTaskExecutorService, class com.almasb.fxgl.io.FileSystemService, class com.almasb.fxgl.localization.LocalizationService, class com.almasb.fxgl.app.services.SystemBundleService, class com.almasb.fxgl.profile.SaveLoadService, class com.almasb.fxgl.ui.FXGLUIFactoryServiceProvider, class com.almasb.fxgl.ui.FXGLDialogFactoryServiceProvider, class com.almasb.fxgl.audio.AudioPlayer, class com.almasb.fxgl.notification.impl.NotificationServiceProvider, class com.almasb.fxgl.achievement.AchievementService, class com.almasb.fxgl.cutscene.CutsceneService, class com.almasb.fxgl.minigames.MiniGameService, class com.almasb.fxgl.net.NetService, class com.almasb.fxgl.app.services.UpdaterService, class com.almasb.fxgl.dev.DevService]
12:48:26.086 [FXGL Background Thread 3 ] DEBUG Engine               - fontGame: Abel-Regular.ttf
12:48:26.086 [FXGL Background Thread 3 ] DEBUG Engine               - fontMono: TerminalLandMono-Regular.otf
12:48:26.086 [FXGL Background Thread 3 ] DEBUG Engine               - fontText: Courier-Prime.ttf
12:48:26.086 [FXGL Background Thread 3 ] DEBUG Engine               - fontUI: VarelaRound-Regular.ttf
12:48:26.086 [FXGL Background Thread 3 ] DEBUG Engine               - fullScreen: BooleanProperty [value: false]
12:48:26.086 [FXGL Background Thread 3 ] DEBUG Engine               - gameDifficulty: MEDIUM
12:48:26.086 [FXGL Background Thread 3 ] DEBUG Engine               - gameDifficultyProperty: ObjectProperty [value: MEDIUM]
12:48:26.086 [FXGL Background Thread 3 ] DEBUG Engine               - globalMusicVolume: 0.5
12:48:26.086 [FXGL Background Thread 3 ] DEBUG Engine               - globalMusicVolumeProperty: DoubleProperty [value: 0.5]
12:48:26.086 [FXGL Background Thread 3 ] DEBUG Engine               - globalSoundVolume: 0.5
12:48:26.086 [FXGL Background Thread 3 ] DEBUG Engine               - globalSoundVolumeProperty: DoubleProperty [value: 0.5]
12:48:26.086 [FXGL Background Thread 3 ] DEBUG Engine               - height: 600
12:48:26.086 [FXGL Background Thread 3 ] DEBUG Engine               - is3D: false
12:48:26.087 [FXGL Background Thread 3 ] DEBUG Engine               - isAndroid: false
12:48:26.087 [FXGL Background Thread 3 ] DEBUG Engine               - isBrowser: false
12:48:26.087 [FXGL Background Thread 3 ] DEBUG Engine               - isClickFeedbackEnabled: false
12:48:26.087 [FXGL Background Thread 3 ] DEBUG Engine               - isCloseConfirmation: false
12:48:26.087 [FXGL Background Thread 3 ] DEBUG Engine               - isDesktop: true
12:48:26.087 [FXGL Background Thread 3 ] DEBUG Engine               - isDeveloperMenuEnabled: false
12:48:26.087 [FXGL Background Thread 3 ] DEBUG Engine               - isEmbedded: false
12:48:26.087 [FXGL Background Thread 3 ] DEBUG Engine               - isEntityPreloadEnabled: true
12:48:26.088 [FXGL Background Thread 3 ] DEBUG Engine               - isExperimentalTiledLargeMap: false
12:48:26.088 [FXGL Background Thread 3 ] DEBUG Engine               - isFileSystemWriteAllowed: true
12:48:26.088 [FXGL Background Thread 3 ] DEBUG Engine               - isFullScreenAllowed: false
12:48:26.088 [FXGL Background Thread 3 ] DEBUG Engine               - isFullScreenFromStart: false
12:48:26.088 [FXGL Background Thread 3 ] DEBUG Engine               - isGameMenuEnabled: true
12:48:26.088 [FXGL Background Thread 3 ] DEBUG Engine               - isIOS: false
12:48:26.088 [FXGL Background Thread 3 ] DEBUG Engine               - isIntroEnabled: false
12:48:26.088 [FXGL Background Thread 3 ] DEBUG Engine               - isLinux: false
12:48:26.088 [FXGL Background Thread 3 ] DEBUG Engine               - isMac: false
12:48:26.088 [FXGL Background Thread 3 ] DEBUG Engine               - isMainMenuEnabled: false
12:48:26.088 [FXGL Background Thread 3 ] DEBUG Engine               - isManualResizeEnabled: false
12:48:26.088 [FXGL Background Thread 3 ] DEBUG Engine               - isMobile: false
12:48:26.088 [FXGL Background Thread 3 ] DEBUG Engine               - isNative: false
12:48:26.088 [FXGL Background Thread 3 ] DEBUG Engine               - isPauseMusicWhenMinimized: true
12:48:26.088 [FXGL Background Thread 3 ] DEBUG Engine               - isPreserveResizeRatio: false
12:48:26.088 [FXGL Background Thread 3 ] DEBUG Engine               - isProfilingEnabled: false
12:48:26.088 [FXGL Background Thread 3 ] DEBUG Engine               - isScaleAffectedOnResize: true
12:48:26.088 [FXGL Background Thread 3 ] DEBUG Engine               - isSingleStep: false
12:48:26.088 [FXGL Background Thread 3 ] DEBUG Engine               - isUserProfileEnabled: false
12:48:26.088 [FXGL Background Thread 3 ] DEBUG Engine               - isWindows: true
12:48:26.088 [FXGL Background Thread 3 ] DEBUG Engine               - language: ObjectProperty [value: ENGLISH]
12:48:26.088 [FXGL Background Thread 3 ] DEBUG Engine               - menuKey: ESCAPE
12:48:26.089 [FXGL Background Thread 3 ] DEBUG Engine               - mouseSensitivity: 0.2
12:48:26.089 [FXGL Background Thread 3 ] DEBUG Engine               - notificationViewClass: class com.almasb.fxgl.notification.view.XboxNotificationView
12:48:26.089 [FXGL Background Thread 3 ] DEBUG Engine               - pixelsPerMeter: 50.0
12:48:26.089 [FXGL Background Thread 3 ] DEBUG Engine               - platform: WINDOWS
12:48:26.089 [FXGL Background Thread 3 ] DEBUG Engine               - prefHeightProperty: ReadOnlyDoubleProperty [value: 600.0]
12:48:26.089 [FXGL Background Thread 3 ] DEBUG Engine               - prefWidthProperty: ReadOnlyDoubleProperty [value: 640.0]
12:48:26.089 [FXGL Background Thread 3 ] DEBUG Engine               - profileDir: profiles/
12:48:26.089 [FXGL Background Thread 3 ] DEBUG Engine               - profileName: StringProperty [value: DEFAULT]
12:48:26.089 [FXGL Background Thread 3 ] DEBUG Engine               - randomSeed: -1
12:48:26.089 [FXGL Background Thread 3 ] DEBUG Engine               - runtimeInfo: RuntimeInfo(platform=WINDOWS, version=17.1, build=24.03.2022 17.34)
12:48:26.090 [FXGL Background Thread 3 ] DEBUG Engine               - saveFileExt: sav
12:48:26.090 [FXGL Background Thread 3 ] DEBUG Engine               - scaledHeightProp$fxgl: DoubleProperty [bound, value: 600.0]
12:48:26.090 [FXGL Background Thread 3 ] DEBUG Engine               - scaledWidthProp$fxgl: DoubleProperty [bound, value: 640.0]
12:48:26.090 [FXGL Background Thread 3 ] DEBUG Engine               - sceneFactory: com.almasb.fxgl.app.scene.SceneFactory@1a0e58ba
12:48:26.090 [FXGL Background Thread 3 ] DEBUG Engine               - secondsIn24h: 60
12:48:26.090 [FXGL Background Thread 3 ] DEBUG Engine               - soundMenuBack: menu/back.wav
12:48:26.090 [FXGL Background Thread 3 ] DEBUG Engine               - soundMenuPress: menu/press.wav
12:48:26.090 [FXGL Background Thread 3 ] DEBUG Engine               - soundMenuSelect: menu/select.wav
12:48:26.090 [FXGL Background Thread 3 ] DEBUG Engine               - soundNotification: core/notification.wav
12:48:26.090 [FXGL Background Thread 3 ] DEBUG Engine               - stageStyle: DECORATED
12:48:26.090 [FXGL Background Thread 3 ] DEBUG Engine               - supportedLanguages: [ENGLISH, FRENCH, GERMAN, HUNGARIAN, RUSSIAN]
12:48:26.090 [FXGL Background Thread 3 ] DEBUG Engine               - ticksPerSecond: -1
12:48:26.090 [FXGL Background Thread 3 ] DEBUG Engine               - title: Academic Rumble
12:48:26.090 [FXGL Background Thread 3 ] DEBUG Engine               - urlGithub: https://github.com/AlmasB/FXGL
12:48:26.090 [FXGL Background Thread 3 ] DEBUG Engine               - urlLeaderboard: http://fxgl-top.herokuapp.com/
12:48:26.090 [FXGL Background Thread 3 ] DEBUG Engine               - urlPOM: https://raw.githubusercontent.com/AlmasB/FXGL/release/README.md
12:48:26.090 [FXGL Background Thread 3 ] DEBUG Engine               - userAppClass: class com.example.academicrumble.Game
12:48:26.090 [FXGL Background Thread 3 ] DEBUG Engine               - version: 1.0
12:48:26.090 [FXGL Background Thread 3 ] DEBUG Engine               - versionCheckDays: 7
12:48:26.090 [FXGL Background Thread 3 ] DEBUG Engine               - width: 640
12:48:26.090 [FXGL Background Thread 3 ] DEBUG Engine               - Logging services
12:48:26.090 [FXGL Background Thread 3 ] DEBUG Engine               - class com.almasb.fxgl.app.services.FXGLAssetLoaderService
12:48:26.090 [FXGL Background Thread 3 ] DEBUG Engine               - class com.almasb.fxgl.app.FXGLApplication$GameApplicationService
12:48:26.090 [FXGL Background Thread 3 ] DEBUG Engine               - class com.almasb.fxgl.app.services.FXGLDialogService
12:48:26.091 [FXGL Background Thread 3 ] DEBUG Engine               - class com.almasb.fxgl.app.services.IOTaskExecutorService
12:48:26.091 [FXGL Background Thread 3 ] DEBUG Engine               - class com.almasb.fxgl.io.FileSystemService
12:48:26.091 [FXGL Background Thread 3 ] DEBUG Engine               - class com.almasb.fxgl.localization.LocalizationService
12:48:26.091 [FXGL Background Thread 3 ] DEBUG Engine               - class com.almasb.fxgl.app.services.SystemBundleService
12:48:26.091 [FXGL Background Thread 3 ] DEBUG Engine               - class com.almasb.fxgl.profile.SaveLoadService
12:48:26.091 [FXGL Background Thread 3 ] DEBUG Engine               - class com.almasb.fxgl.ui.FXGLUIFactoryServiceProvider
12:48:26.091 [FXGL Background Thread 3 ] DEBUG Engine               - class com.almasb.fxgl.ui.FXGLDialogFactoryServiceProvider
12:48:26.091 [FXGL Background Thread 3 ] DEBUG Engine               - class com.almasb.fxgl.audio.AudioPlayer
12:48:26.091 [FXGL Background Thread 3 ] DEBUG Engine               - class com.almasb.fxgl.notification.impl.NotificationServiceProvider
12:48:26.091 [FXGL Background Thread 3 ] DEBUG Engine               - class com.almasb.fxgl.achievement.AchievementService
12:48:26.091 [FXGL Background Thread 3 ] DEBUG Engine               - class com.almasb.fxgl.cutscene.CutsceneService
12:48:26.091 [FXGL Background Thread 3 ] DEBUG Engine               - class com.almasb.fxgl.minigames.MiniGameService
12:48:26.091 [FXGL Background Thread 3 ] DEBUG Engine               - class com.almasb.fxgl.net.NetService
12:48:26.091 [FXGL Background Thread 3 ] DEBUG Engine               - class com.almasb.fxgl.app.services.UpdaterService
12:48:26.091 [FXGL Background Thread 3 ] DEBUG Engine               - class com.almasb.fxgl.dev.DevService
12:49:07.449 [JavaFX Application Thread] DEBUG FXGLApplication      - Exiting FXGL
12:49:07.450 [JavaFX Application Thread] DEBUG Async                - Shutting down background threads
12:49:07.450 [JavaFX Application Thread] DEBUG PrimaryStageWindow   - Closing main window
12:49:07.485 [JavaFX Application Thread] DEBUG Logger               - Closing Logger
