09:46:27.808 [main                     ] DEBUG Logger               - Configured Logger
09:46:27.827 [main                     ] DEBUG GameApplication      - Logging settings
Title: Academic Rumble
Version: 1.0
Width: 800
Height: 600
Fullscreen: false
Intro: false
Profiling: false
Single step:false
App Mode: DEVELOPER
Menu Key: ESCAPE
Stage Style: DECORATED
Scene Factory: class com.almasb.fxgl.app.scene.SceneFactory

09:46:28.095 [JavaFX Application Thread] DEBUG FXGLApplication      - Initializing FXGL
09:46:28.100 [JavaFX Application Thread] INFO  Engine               - FXGL-17.1 (24.03.2022 17.34) on WINDOWS (J:18.0.2.1 FX:18.0.1)
09:46:28.100 [JavaFX Application Thread] DEBUG Engine               - JRE Vendor Name: Oracle Corporation
09:46:28.100 [JavaFX Application Thread] DEBUG Engine               - Running on OS: Windows 11 version 10.0
09:46:28.101 [JavaFX Application Thread] DEBUG Engine               - Architecture: amd64
09:46:28.101 [JavaFX Application Thread] INFO  Engine               - Source code and latest versions at: https://github.com/AlmasB/FXGL
09:46:28.101 [JavaFX Application Thread] INFO  Engine               -       Ask questions and discuss at: https://github.com/AlmasB/FXGL/discussions
09:46:28.101 [JavaFX Application Thread] INFO  Engine               -              Join the FXGL chat at: https://gitter.im/AlmasB/FXGL
09:46:28.155 [JavaFX Application Thread] DEBUG PrimaryStageWindow   - Creating a JavaFX scene
09:46:28.184 [JavaFX Application Thread] DEBUG PrimaryStageWindow   - Target settings size: 800.0 x 600.0
09:46:28.184 [JavaFX Application Thread] DEBUG PrimaryStageWindow   - Scaled scene size:    800.0 x 600.0
09:46:28.184 [JavaFX Application Thread] DEBUG PrimaryStageWindow   - Scaled ratio: (1.0, 1.0)
09:46:28.185 [JavaFX Application Thread] DEBUG PrimaryStageWindow   - Set initial scene to FXGLStartupScene
09:46:28.190 [JavaFX Application Thread] DEBUG PrimaryStageWindow   - Opening main window
09:46:28.249 [JavaFX Application Thread] DEBUG PrimaryStageWindow   - Window border size: (14.66668701171875, 37.33331298828125)
09:46:28.249 [JavaFX Application Thread] DEBUG PrimaryStageWindow   - Scaled size: 800.0 x 600.0
09:46:28.250 [JavaFX Application Thread] DEBUG PrimaryStageWindow   - Scaled ratio: (1.0, 1.0)
09:46:28.250 [JavaFX Application Thread] DEBUG PrimaryStageWindow   - Scene size: 800.0 x 600.0
09:46:28.250 [JavaFX Application Thread] DEBUG PrimaryStageWindow   - Stage size: 814.6666870117188 x 637.3333129882812
09:46:28.255 [FXGL Background Thread 1 ] DEBUG Engine               - Initializing environment variables
09:46:28.291 [FXGL Background Thread 1 ] DEBUG FXGLAssetLoaderServi - User app class for loading assets: class com.example.academicrumble.Game
09:46:28.292 [FXGL Background Thread 1 ] DEBUG GameApplicationServi - Applying CSS: fxgl_dark.css
09:46:28.292 [FXGL Background Thread 1 ] DEBUG FXGLAssetLoaderServi - Loading from file system: jar:file:///C:/Users/Ruben/.m2/repository/com/github/almasb/fxgl/17.1/fxgl-17.1.jar!/fxglassets/ui/css/fxgl_dark.css
09:46:28.328 [FXGL Background Thread 1 ] DEBUG GameApplicationServi - Initializing application scenes
09:46:28.359 [FXGL Background Thread 1 ] DEBUG GameWorld            - Game world initialized
09:46:28.403 [FXGL Background Thread 1 ] DEBUG PhysicsWorld         - Physics world initialized: appHeight=600, physics.ppm=50,0
09:46:28.403 [FXGL Background Thread 1 ] DEBUG PhysicsWorld         - Using strategy: BRUTE_FORCE
09:46:28.406 [FXGL Background Thread 1 ] DEBUG GameScene            - Game scene initialized: 800x600
09:46:28.415 [FXGL Background Thread 1 ] DEBUG FXGL.DefaultMenu     - createMenuBodyGameMenu()
09:46:28.425 [FXGL Background Thread 1 ] DEBUG FXGL.DefaultMenu     - createOptionsMenu()
09:46:28.433 [FXGL Background Thread 1 ] DEBUG FXGLAssetLoaderServi - Loading from file system: jar:file:///C:/Users/Ruben/.m2/repository/com/github/almasb/fxgl/17.1/fxgl-17.1.jar!/fxglassets/textures/particles/smoke.png
09:46:28.504 [FXGL Background Thread 1 ] DEBUG FXGLAssetLoaderServi - Loading from file system: jar:file:///C:/Users/Ruben/.m2/repository/com/github/almasb/fxgl/17.1/fxgl-17.1.jar!/fxglassets/textures/particles/trace_horizontal.png
09:46:28.525 [FXGL Background Thread 1 ] DEBUG GameApplicationServi - Application scenes initialized
09:46:28.534 [FXGL Background Thread 1 ] DEBUG SystemBundleService  - Loading FXGL system data
09:46:28.536 [FXGL Background Thread 1 ] DEBUG FileSystemAccess     - Reading from: C:\Users\Ruben\IdeaProjects\AcademicRumble\system\fxgl.bundle
09:46:28.544 [FXGL Background Thread 1 ] DEBUG SystemBundleService  - Bundle FXGL: {}
09:46:28.544 [FXGL Background Thread 1 ] DEBUG UpdaterService       - Checking for updates
09:46:28.546 [FXGL Background Thread 4 ] DEBUG FXGLApplication      - Loading fonts
09:46:28.547 [FXGL Background Thread 1 ] DEBUG FXGLApplication      - Loading default localization
09:46:28.547 [FXGL Background Thread 4 ] DEBUG FXGLAssetLoaderServi - Loading from file system: jar:file:///C:/Users/Ruben/.m2/repository/com/github/almasb/fxgl/17.1/fxgl-17.1.jar!/fxglassets/ui/fonts/VarelaRound-Regular.ttf
09:46:28.547 [FXGL Background Thread 1 ] DEBUG FXGLAssetLoaderServi - Loading from file system: jar:file:///C:/Users/Ruben/.m2/repository/com/github/almasb/fxgl/17.1/fxgl-17.1.jar!/fxglassets/languages/english.lang
09:46:28.570 [FXGL Background Thread 1 ] INFO  FXGLApplication      - FXGL initialization took: 0,314 sec
09:46:28.582 [JavaFX Application Thread] DEBUG Input                - Registered new binding: action0 - D
09:46:28.582 [JavaFX Application Thread] DEBUG Input                - Registered new binding: action1 - A
09:46:28.583 [JavaFX Application Thread] DEBUG Input                - Registered new binding: action2 - Space
09:46:28.584 [JavaFX Application Thread] DEBUG FXGLAssetLoaderServi - Loading from file system: jar:file:///C:/Users/Ruben/.m2/repository/com/github/almasb/fxgl/17.1/fxgl-17.1.jar!/fxglassets/textures/fxgl_icon.png
09:46:28.604 [JavaFX Application Thread] DEBUG FXGLAssetLoaderServi - Loading from file system: jar:file:///C:/Users/Ruben/.m2/repository/com/github/almasb/fxgl/17.1/fxgl-17.1.jar!/fxglassets/textures/fxgl_default_cursor.png
09:46:28.607 [FXGL Background Thread 4 ] DEBUG FXGLAssetLoaderServi - Loading from file system: jar:file:///C:/Users/Ruben/.m2/repository/com/github/almasb/fxgl/17.1/fxgl-17.1.jar!/fxglassets/ui/fonts/Abel-Regular.ttf
09:46:28.609 [JavaFX Application Thread] DEBUG Input                - Registered new binding: Screenshot - CTRL+8
09:46:28.609 [JavaFX Application Thread] DEBUG Input                - Registered new binding: System info dump - CTRL+9
09:46:28.610 [FXGL Background Thread 4 ] DEBUG FXGLAssetLoaderServi - Loading from file system: jar:file:///C:/Users/Ruben/.m2/repository/com/github/almasb/fxgl/17.1/fxgl-17.1.jar!/fxglassets/ui/fonts/TerminalLandMono-Regular.otf
09:46:28.610 [JavaFX Application Thread] DEBUG Input                - Registered new binding: Restart - CTRL+R
09:46:28.611 [JavaFX Application Thread] DEBUG Input                - Registered new binding: Toggle Debug Camera - CTRL+7
09:46:28.612 [FXGL Background Thread 4 ] DEBUG FXGLAssetLoaderServi - Loading from file system: jar:file:///C:/Users/Ruben/.m2/repository/com/github/almasb/fxgl/17.1/fxgl-17.1.jar!/fxglassets/ui/fonts/Courier-Prime.ttf
09:46:28.616 [JavaFX Application Thread] DEBUG LoopRunner           - Starting loop
09:46:28.616 [JavaFX Application Thread] DEBUG LoopRunner           - Initializing JavaFX AnimationTimerLoop
09:46:28.619 [JavaFX Application Thread] DEBUG GameApplicationServi - Starting new game
09:46:28.620 [JavaFX Application Thread] DEBUG Input                - Clearing active input actions
09:46:28.629 [JavaFX Application Thread] DEBUG GameApplicationServi - Removing overlay from FXGLStartupScene and adding to FXGLLoadingScene
09:46:28.629 [JavaFX Application Thread] DEBUG PrimaryStageWindow   - FXGLStartupScene -> FXGLLoadingScene
09:46:28.631 [JavaFX Application Thread] DEBUG GameApplicationServi - Clearing previous game
09:46:28.631 [JavaFX Application Thread] DEBUG GameScene            - Clearing game scene
09:46:28.631 [JavaFX Application Thread] DEBUG GameWorld            - Clearing game world
09:46:28.631 [JavaFX Application Thread] DEBUG PhysicsWorld         - Clearing physics world
09:46:28.633 [FXGL Background Thread 4 ] DEBUG FXGLApplication      - Initializing game
09:46:28.636 [JavaFX Application Thread] DEBUG FXGLApplication      - Registering font factories with UI factory
09:46:28.639 [FXGL Background Thread 4 ] WARN  FXGLAssetLoaderServi - Asset "/assets/levels/naamloos.tmx" was not found!
09:46:28.670 [JavaFX Application Thread] DEBUG LoopRunner           - Stopping loop
09:46:28.673 [JavaFX Application Thread] FATAL FXGLApplication      - Uncaught Exception:
java.lang.RuntimeException: Initialization failed
	at com.almasb.fxgl.all@17.1/com.almasb.fxgl.app.FXGLApplication$InitAppTask.failed(FXGLApplication.kt:343)
	at javafx.graphics@18.0.1/javafx.concurrent.Task.setState(Task.java:710)
	at javafx.graphics@18.0.1/javafx.concurrent.Task$TaskCallable.lambda$call$2(Task.java:1456)
	at javafx.graphics@18.0.1/com.sun.javafx.application.PlatformImpl.lambda$runLater$10(PlatformImpl.java:457)
	at java.base/java.security.AccessController.doPrivileged(AccessController.java:399)
	at javafx.graphics@18.0.1/com.sun.javafx.application.PlatformImpl.lambda$runLater$11(PlatformImpl.java:456)
	at javafx.graphics@18.0.1/com.sun.glass.ui.InvokeLaterDispatcher$Future.run(InvokeLaterDispatcher.java:96)
	at javafx.graphics@18.0.1/com.sun.glass.ui.win.WinApplication._runLoop(Native Method)
	at javafx.graphics@18.0.1/com.sun.glass.ui.win.WinApplication.lambda$runLoop$3(WinApplication.java:184)
	at java.base/java.lang.Thread.run(Thread.java:833)
Caused by: java.lang.IllegalArgumentException: Loading level failed. Asset not found: naamloos.tmx
	at com.almasb.fxgl.all@17.1/com.almasb.fxgl.app.services.FXGLAssetLoaderService.loadLevel(FXGLAssetLoaderService.kt:443)
	at com.almasb.fxgl.all@17.1/com.almasb.fxgl.dsl.FXGL$Companion.setLevelFromMap(FXGL.kt:634)
	at com.almasb.fxgl.all@17.1/com.almasb.fxgl.dsl.FXGL.setLevelFromMap(FXGL.kt)
	at com.example.academicrumble/com.example.academicrumble.Game.initGame(Game.java:34)
	at com.almasb.fxgl.all@17.1/com.almasb.fxgl.app.FXGLApplication$InitAppTask.initGame(FXGLApplication.kt:339)
	at com.almasb.fxgl.all@17.1/com.almasb.fxgl.app.FXGLApplication$InitAppTask.call(FXGLApplication.kt:319)
	at com.almasb.fxgl.all@17.1/com.almasb.fxgl.app.FXGLApplication$InitAppTask.call(FXGLApplication.kt:311)
	at javafx.graphics@18.0.1/javafx.concurrent.Task$TaskCallable.call(Task.java:1426)
	at java.base/java.util.concurrent.FutureTask.run(FutureTask.java:264)
	at java.base/java.util.concurrent.Executors$RunnableAdapter.call(Executors.java:539)
	at java.base/java.util.concurrent.FutureTask.run(FutureTask.java:264)
	at java.base/java.util.concurrent.ThreadPoolExecutor.runWorker(ThreadPoolExecutor.java:1136)
	at java.base/java.util.concurrent.ThreadPoolExecutor$Worker.run(ThreadPoolExecutor.java:635)
	... 1 more

09:46:28.674 [JavaFX Application Thread] FATAL FXGLApplication      - Application will now exit
09:46:28.686 [JavaFX Application Thread] DEBUG PrimaryStageWindow   - Push state: ErrorSubScene
09:46:28.690 [JavaFX Application Thread] DEBUG Input                - Clearing active input actions
09:46:28.696 [JavaFX Application Thread] DEBUG GameApplicationServi - Removing overlay from FXGLLoadingScene and adding to ErrorSubScene
09:46:28.696 [JavaFX Application Thread] DEBUG PrimaryStageWindow   - FXGLLoadingScene -> ErrorSubScene
09:46:28.881 [FXGL Background Thread 2 ] INFO  UpdaterService       - Your current version:  17.1
09:46:28.882 [FXGL Background Thread 2 ] INFO  UpdaterService       - Latest stable version: 17.3
09:46:31.160 [JavaFX Application Thread] DEBUG FXGLApplication      - Exiting FXGL
09:46:31.161 [JavaFX Application Thread] DEBUG Async                - Shutting down background threads
09:46:31.161 [JavaFX Application Thread] DEBUG PrimaryStageWindow   - Closing main window
09:46:31.174 [JavaFX Application Thread] DEBUG Logger               - Closing Logger
