09:58:55.563 [main                     ] DEBUG Logger               - Configured Logger
09:58:55.590 [main                     ] DEBUG GameApplication      - Logging settings
Title: Academic Rumble
Version: 1.0
Width: 1280
Height: 640
Fullscreen: false
Intro: false
Profiling: false
Single step:false
App Mode: DEVELOPER
Menu Key: ESCAPE
Stage Style: DECORATED
Scene Factory: class com.almasb.fxgl.app.scene.SceneFactory

09:58:56.081 [JavaFX Application Thread] DEBUG FXGLApplication      - Initializing FXGL
09:58:56.089 [JavaFX Application Thread] INFO  Engine               - FXGL-17.1 (24.03.2022 17.34) on WINDOWS (J:18.0.2 FX:18.0.1)
09:58:56.089 [JavaFX Application Thread] DEBUG Engine               - JRE Vendor Name: Amazon.com Inc.
09:58:56.090 [JavaFX Application Thread] DEBUG Engine               - Running on OS: Windows 11 version 10.0
09:58:56.090 [JavaFX Application Thread] DEBUG Engine               - Architecture: amd64
09:58:56.090 [JavaFX Application Thread] INFO  Engine               - Source code and latest versions at: https://github.com/AlmasB/FXGL
09:58:56.090 [JavaFX Application Thread] INFO  Engine               -       Ask questions and discuss at: https://github.com/AlmasB/FXGL/discussions
09:58:56.090 [JavaFX Application Thread] INFO  Engine               -              Join the FXGL chat at: https://gitter.im/AlmasB/FXGL
09:58:56.199 [JavaFX Application Thread] DEBUG PrimaryStageWindow   - Creating a JavaFX scene
09:58:56.238 [JavaFX Application Thread] DEBUG PrimaryStageWindow   - Target settings size: 1280.0 x 640.0
09:58:56.238 [JavaFX Application Thread] DEBUG PrimaryStageWindow   - Scaled scene size:    1280.0 x 640.0
09:58:56.238 [JavaFX Application Thread] DEBUG PrimaryStageWindow   - Scaled ratio: (1.0, 1.0)
09:58:56.239 [JavaFX Application Thread] DEBUG PrimaryStageWindow   - Set initial scene to FXGLStartupScene
09:58:56.246 [JavaFX Application Thread] DEBUG PrimaryStageWindow   - Opening main window
09:58:56.322 [JavaFX Application Thread] DEBUG PrimaryStageWindow   - Window border size: (16.0, 39.0)
09:58:56.322 [JavaFX Application Thread] DEBUG PrimaryStageWindow   - Scaled size: 1280.0 x 640.0
09:58:56.322 [JavaFX Application Thread] DEBUG PrimaryStageWindow   - Scaled ratio: (1.0, 1.0)
09:58:56.323 [JavaFX Application Thread] DEBUG PrimaryStageWindow   - Scene size: 1280.0 x 640.0
09:58:56.323 [JavaFX Application Thread] DEBUG PrimaryStageWindow   - Stage size: 1296.0 x 679.0
09:58:56.332 [FXGL Background Thread 1 ] DEBUG Engine               - Initializing environment variables
09:58:56.391 [FXGL Background Thread 1 ] DEBUG FXGLAssetLoaderServi - User app class for loading assets: class com.example.academicrumble.Game
09:58:56.392 [FXGL Background Thread 1 ] DEBUG GameApplicationServi - Applying CSS: fxgl_dark.css
09:58:56.393 [FXGL Background Thread 1 ] DEBUG FXGLAssetLoaderServi - Loading from file system: jar:file:///C:/Users/pelle/.m2/repository/com/github/almasb/fxgl/17.1/fxgl-17.1.jar!/fxglassets/ui/css/fxgl_dark.css
09:58:56.455 [FXGL Background Thread 1 ] DEBUG GameApplicationServi - Initializing application scenes
09:58:56.495 [FXGL Background Thread 1 ] DEBUG GameWorld            - Game world initialized
09:58:56.556 [FXGL Background Thread 1 ] DEBUG PhysicsWorld         - Physics world initialized: appHeight=640, physics.ppm=50,0
09:58:56.557 [FXGL Background Thread 1 ] DEBUG PhysicsWorld         - Using strategy: BRUTE_FORCE
09:58:56.562 [FXGL Background Thread 1 ] DEBUG GameScene            - Game scene initialized: 1280x640
09:58:56.575 [FXGL Background Thread 1 ] DEBUG FXGL.DefaultMenu     - createMenuBodyGameMenu()
09:58:56.585 [FXGL Background Thread 1 ] DEBUG FXGL.DefaultMenu     - createOptionsMenu()
09:58:56.593 [FXGL Background Thread 1 ] DEBUG FXGLAssetLoaderServi - Loading from file system: jar:file:///C:/Users/pelle/.m2/repository/com/github/almasb/fxgl/17.1/fxgl-17.1.jar!/fxglassets/textures/particles/smoke.png
09:58:56.683 [FXGL Background Thread 1 ] DEBUG FXGLAssetLoaderServi - Loading from file system: jar:file:///C:/Users/pelle/.m2/repository/com/github/almasb/fxgl/17.1/fxgl-17.1.jar!/fxglassets/textures/particles/trace_horizontal.png
09:58:56.713 [FXGL Background Thread 1 ] DEBUG GameApplicationServi - Application scenes initialized
09:58:56.726 [FXGL Background Thread 1 ] DEBUG SystemBundleService  - Loading FXGL system data
09:58:56.729 [FXGL Background Thread 1 ] DEBUG FileSystemAccess     - Reading from: D:\Leiden\Challange Week\AcademicRumble\system\fxgl.bundle
09:58:56.737 [FXGL Background Thread 1 ] DEBUG SystemBundleService  - Bundle FXGL: {}
09:58:56.737 [FXGL Background Thread 1 ] DEBUG UpdaterService       - Checking for updates
09:58:56.743 [FXGL Background Thread 4 ] DEBUG FXGLApplication      - Loading fonts
09:58:56.743 [FXGL Background Thread 1 ] DEBUG FXGLApplication      - Loading default localization
09:58:56.743 [FXGL Background Thread 4 ] DEBUG FXGLAssetLoaderServi - Loading from file system: jar:file:///C:/Users/pelle/.m2/repository/com/github/almasb/fxgl/17.1/fxgl-17.1.jar!/fxglassets/ui/fonts/VarelaRound-Regular.ttf
09:58:56.744 [FXGL Background Thread 1 ] DEBUG FXGLAssetLoaderServi - Loading from file system: jar:file:///C:/Users/pelle/.m2/repository/com/github/almasb/fxgl/17.1/fxgl-17.1.jar!/fxglassets/languages/english.lang
09:58:56.771 [FXGL Background Thread 1 ] INFO  FXGLApplication      - FXGL initialization took: 0,439 sec
09:58:56.785 [JavaFX Application Thread] DEBUG Input                - Registered new binding: Move Left - A
09:58:56.785 [JavaFX Application Thread] DEBUG Input                - Registered new binding: Move Right - D
09:58:56.786 [JavaFX Application Thread] DEBUG Input                - Registered new binding: Move Up - Space
09:58:56.787 [JavaFX Application Thread] DEBUG Input                - Registered new binding: action0 - Tab
09:58:56.787 [JavaFX Application Thread] DEBUG Input                - Registered new binding: eMove Left - Left
09:58:56.788 [JavaFX Application Thread] DEBUG Input                - Registered new binding: eMove Right - Right
09:58:56.789 [JavaFX Application Thread] DEBUG Input                - Registered new binding: eMove Up - Up
09:58:56.789 [JavaFX Application Thread] DEBUG Input                - Registered new binding: action1 - Slash
09:58:56.789 [JavaFX Application Thread] DEBUG FXGLAssetLoaderServi - Loading from file system: jar:file:///C:/Users/pelle/.m2/repository/com/github/almasb/fxgl/17.1/fxgl-17.1.jar!/fxglassets/textures/fxgl_icon.png
09:58:56.809 [JavaFX Application Thread] DEBUG FXGLAssetLoaderServi - Loading from file system: jar:file:///C:/Users/pelle/.m2/repository/com/github/almasb/fxgl/17.1/fxgl-17.1.jar!/fxglassets/textures/fxgl_default_cursor.png
09:58:56.813 [JavaFX Application Thread] DEBUG Input                - Registered new binding: Screenshot - CTRL+8
09:58:56.814 [JavaFX Application Thread] DEBUG Input                - Registered new binding: System info dump - CTRL+9
09:58:56.814 [JavaFX Application Thread] DEBUG Input                - Registered new binding: Restart - CTRL+R
09:58:56.815 [JavaFX Application Thread] DEBUG Input                - Registered new binding: Toggle Debug Camera - CTRL+7
09:58:56.817 [JavaFX Application Thread] DEBUG LoopRunner           - Starting loop
09:58:56.817 [JavaFX Application Thread] DEBUG LoopRunner           - Initializing JavaFX AnimationTimerLoop
09:58:56.819 [JavaFX Application Thread] DEBUG GameApplicationServi - Starting new game
09:58:56.819 [JavaFX Application Thread] DEBUG Input                - Clearing active input actions
09:58:56.832 [JavaFX Application Thread] DEBUG GameApplicationServi - Removing overlay from FXGLStartupScene and adding to FXGLLoadingScene
09:58:56.832 [JavaFX Application Thread] DEBUG PrimaryStageWindow   - FXGLStartupScene -> FXGLLoadingScene
09:58:56.832 [JavaFX Application Thread] DEBUG GameApplicationServi - Clearing previous game
09:58:56.832 [JavaFX Application Thread] DEBUG GameScene            - Clearing game scene
09:58:56.832 [JavaFX Application Thread] DEBUG GameWorld            - Clearing game world
09:58:56.832 [JavaFX Application Thread] DEBUG PhysicsWorld         - Clearing physics world
09:58:56.834 [FXGL Background Thread 1 ] DEBUG FXGLApplication      - Initializing game
09:58:56.915 [FXGL Background Thread 4 ] DEBUG FXGLAssetLoaderServi - Loading from file system: jar:file:///C:/Users/pelle/.m2/repository/com/github/almasb/fxgl/17.1/fxgl-17.1.jar!/fxglassets/ui/fonts/Abel-Regular.ttf
09:58:56.924 [FXGL Background Thread 4 ] DEBUG FXGLAssetLoaderServi - Loading from file system: jar:file:///C:/Users/pelle/.m2/repository/com/github/almasb/fxgl/17.1/fxgl-17.1.jar!/fxglassets/ui/fonts/TerminalLandMono-Regular.otf
09:58:56.926 [FXGL Background Thread 1 ] WARN  TMXLevelLoader       - TiledMap generated from 1.2.3. Supported version: 1.4.2. Some features may not be parsed fully.
09:58:56.933 [FXGL Background Thread 4 ] DEBUG FXGLAssetLoaderServi - Loading from file system: jar:file:///C:/Users/pelle/.m2/repository/com/github/almasb/fxgl/17.1/fxgl-17.1.jar!/fxglassets/ui/fonts/Courier-Prime.ttf
09:58:56.948 [FXGL Background Thread 1 ] DEBUG TMXLevelLoader       - Parsed TiledMap: file:/D:/Leiden/Challange%20Week/AcademicRumble/target/classes/assets/levels/naamloos.tmx
09:58:56.950 [FXGL Background Thread 1 ] DEBUG TMXLevelLoader       - Creating tile layer entities
09:58:56.955 [FXGL Background Thread 1 ] DEBUG TilesetLoader        - Loading view for layer Tilelaag 1
09:58:56.959 [FXGL Background Thread 1 ] DEBUG TilesetLoader        - Created buffer with size 1280.0x640.0
09:58:56.966 [FXGL Background Thread 1 ] DEBUG TMXLevelLoader       - Creating object layer entities
09:58:56.969 [JavaFX Application Thread] DEBUG FXGLApplication      - Registering font factories with UI factory
09:58:56.983 [FXGL Background Thread 1 ] DEBUG GameWorld            - Clearing removable entities
09:58:56.984 [FXGL Background Thread 1 ] DEBUG GameWorld            - Setting level: com.almasb.fxgl.entity.level.Level@3b72cfe9
09:58:56.991 [FXGL Background Thread 1 ] DEBUG FXGLAssetLoaderServi - Loading from file system: file:/D:/Leiden/Challange%20Week/AcademicRumble/target/classes/assets/textures/player-left.png
09:58:56.993 [FXGL Background Thread 1 ] DEBUG FXGLAssetLoaderServi - Loading from file system: file:/D:/Leiden/Challange%20Week/AcademicRumble/target/classes/assets/textures/player-right.png
09:58:56.994 [FXGL Background Thread 1 ] DEBUG FXGLAssetLoaderServi - Loading from file system: file:/D:/Leiden/Challange%20Week/AcademicRumble/target/classes/assets/textures/player-up-down.png
09:58:57.011 [FXGL Background Thread 1 ] DEBUG FXGLAssetLoaderServi - Loading from file system: file:/D:/Leiden/Challange%20Week/AcademicRumble/target/classes/assets/textures/
09:58:57.052 [FXGL Background Thread 1 ] WARN  FXGLAssetLoaderServi - Failed to load file:/D:/Leiden/Challange%20Week/AcademicRumble/target/classes/assets/textures/
com.sun.javafx.iio.ImageStorageException: No loader for image data
	at javafx.graphics@18.0.1/com.sun.javafx.iio.ImageStorage.loadAll(ImageStorage.java:274)
	at javafx.graphics@18.0.1/com.sun.javafx.tk.quantum.PrismImageLoader2.loadAll(PrismImageLoader2.java:142)
	at javafx.graphics@18.0.1/com.sun.javafx.tk.quantum.PrismImageLoader2.<init>(PrismImageLoader2.java:77)
	at javafx.graphics@18.0.1/com.sun.javafx.tk.quantum.QuantumToolkit.loadImage(QuantumToolkit.java:790)
	at javafx.graphics@18.0.1/javafx.scene.image.Image.loadImage(Image.java:1081)
	at javafx.graphics@18.0.1/javafx.scene.image.Image.initialize(Image.java:816)
	at javafx.graphics@18.0.1/javafx.scene.image.Image.<init>(Image.java:706)
	at com.almasb.fxgl.all@17.1/com.almasb.fxgl.app.services.ImageAssetLoader.load(FXGLAssetLoaderService.kt:641)
	at com.almasb.fxgl.all@17.1/com.almasb.fxgl.app.services.ImageAssetLoader.load(FXGLAssetLoaderService.kt:636)
	at com.almasb.fxgl.all@17.1/com.almasb.fxgl.app.services.AssetLoader.load(FXGLAssetLoaderService.kt:625)
	at com.almasb.fxgl.all@17.1/com.almasb.fxgl.app.services.FXGLAssetLoaderService.load(FXGLAssetLoaderService.kt:530)
	at com.almasb.fxgl.all@17.1/com.almasb.fxgl.app.services.FXGLAssetLoaderService.load(FXGLAssetLoaderService.kt:507)
	at com.almasb.fxgl.all@17.1/com.almasb.fxgl.app.services.FXGLAssetLoaderService.load(FXGLAssetLoaderService.kt:496)
	at com.almasb.fxgl.all@17.1/com.almasb.fxgl.app.services.FXGLAssetLoaderService.loadImage(FXGLAssetLoaderService.kt:166)
	at com.almasb.fxgl.all@17.1/com.almasb.fxgl.app.services.FXGLAssetLoaderService.loadTexture(FXGLAssetLoaderService.kt:125)
	at com.almasb.fxgl.all@17.1/com.almasb.fxgl.dsl.FXGL$Companion.texture(FXGL.kt:401)
	at com.almasb.fxgl.all@17.1/com.almasb.fxgl.dsl.EntityBuilder.view(EntityBuilder.kt:164)
	at com.example.academicrumble/com.example.academicrumble.Sprite.<init>(Sprite.java:30)
	at com.example.academicrumble/com.example.academicrumble.Fighter.<init>(Fighter.java:20)
	at com.example.academicrumble/com.example.academicrumble.AcademicRumbleFactory.spawnPlayer(AcademicRumbleFactory.java:37)
	at java.base/jdk.internal.reflect.DirectMethodHandleAccessor.invoke(DirectMethodHandleAccessor.java:104)
	at java.base/java.lang.reflect.Method.invoke(Method.java:577)
	at com.almasb.fxgl.core@17.1/com.almasb.fxgl.core.reflect.ReflectionUtils.call(ReflectionUtils.java:104)
	at com.almasb.fxgl.core@17.1/com.almasb.fxgl.core.reflect.ReflectionUtils.lambda$mapToFunction$3(ReflectionUtils.java:111)
	at com.almasb.fxgl.entity@17.1/com.almasb.fxgl.entity.GameWorld$create$2.invoke(GameWorld.kt:430)
	at com.almasb.fxgl.entity@17.1/com.almasb.fxgl.entity.GameWorld$create$2.invoke(GameWorld.kt:430)
	at com.almasb.fxgl.core@17.1/com.almasb.fxgl.core.util.DSLKt.tryCatchRoot(DSL.kt:34)
	at com.almasb.fxgl.entity@17.1/com.almasb.fxgl.entity.GameWorld.create(GameWorld.kt:430)
	at com.almasb.fxgl.entity@17.1/com.almasb.fxgl.entity.GameWorld.spawn(GameWorld.kt:396)
	at com.almasb.fxgl.all@17.1/com.almasb.fxgl.dsl.FXGL$Companion.spawn(FXGL.kt:565)
	at com.almasb.fxgl.all@17.1/com.almasb.fxgl.dsl.FXGL.spawn(FXGL.kt)
	at com.example.academicrumble/com.example.academicrumble.GameWorldController.spawn(GameWorldController.java:42)
	at com.example.academicrumble/com.example.academicrumble.Game.initGame(Game.java:68)
	at com.almasb.fxgl.all@17.1/com.almasb.fxgl.app.FXGLApplication$InitAppTask.initGame(FXGLApplication.kt:339)
	at com.almasb.fxgl.all@17.1/com.almasb.fxgl.app.FXGLApplication$InitAppTask.call(FXGLApplication.kt:319)
	at com.almasb.fxgl.all@17.1/com.almasb.fxgl.app.FXGLApplication$InitAppTask.call(FXGLApplication.kt:311)
	at javafx.graphics@18.0.1/javafx.concurrent.Task$TaskCallable.call(Task.java:1426)
	at java.base/java.util.concurrent.FutureTask.run(FutureTask.java:264)
	at java.base/java.util.concurrent.Executors$RunnableAdapter.call(Executors.java:539)
	at java.base/java.util.concurrent.FutureTask.run(FutureTask.java:264)
	at java.base/java.util.concurrent.ThreadPoolExecutor.runWorker(ThreadPoolExecutor.java:1136)
	at java.base/java.util.concurrent.ThreadPoolExecutor$Worker.run(ThreadPoolExecutor.java:635)
	at java.base/java.lang.Thread.run(Thread.java:833)

09:58:57.087 [FXGL Background Thread 1 ] DEBUG FXGLAssetLoaderServi - Loading from file system: file:/D:/Leiden/Challange%20Week/AcademicRumble/target/classes/assets/textures/pinky-left.png
09:58:57.089 [FXGL Background Thread 1 ] DEBUG FXGLAssetLoaderServi - Loading from file system: file:/D:/Leiden/Challange%20Week/AcademicRumble/target/classes/assets/textures/pinky-right.png
09:58:57.090 [FXGL Background Thread 1 ] DEBUG FXGLAssetLoaderServi - Loading from file system: file:/D:/Leiden/Challange%20Week/AcademicRumble/target/classes/assets/textures/pinky-up-down.png
09:58:57.093 [FXGL Background Thread 1 ] DEBUG FXGLAssetLoaderServi - Loading from file system: file:/D:/Leiden/Challange%20Week/AcademicRumble/target/classes/assets/textures/
09:58:57.095 [FXGL Background Thread 1 ] WARN  FXGLAssetLoaderServi - Failed to load file:/D:/Leiden/Challange%20Week/AcademicRumble/target/classes/assets/textures/
com.sun.javafx.iio.ImageStorageException: No loader for image data
	at javafx.graphics@18.0.1/com.sun.javafx.iio.ImageStorage.loadAll(ImageStorage.java:274)
	at javafx.graphics@18.0.1/com.sun.javafx.tk.quantum.PrismImageLoader2.loadAll(PrismImageLoader2.java:142)
	at javafx.graphics@18.0.1/com.sun.javafx.tk.quantum.PrismImageLoader2.<init>(PrismImageLoader2.java:77)
	at javafx.graphics@18.0.1/com.sun.javafx.tk.quantum.QuantumToolkit.loadImage(QuantumToolkit.java:790)
	at javafx.graphics@18.0.1/javafx.scene.image.Image.loadImage(Image.java:1081)
	at javafx.graphics@18.0.1/javafx.scene.image.Image.initialize(Image.java:816)
	at javafx.graphics@18.0.1/javafx.scene.image.Image.<init>(Image.java:706)
	at com.almasb.fxgl.all@17.1/com.almasb.fxgl.app.services.ImageAssetLoader.load(FXGLAssetLoaderService.kt:641)
	at com.almasb.fxgl.all@17.1/com.almasb.fxgl.app.services.ImageAssetLoader.load(FXGLAssetLoaderService.kt:636)
	at com.almasb.fxgl.all@17.1/com.almasb.fxgl.app.services.AssetLoader.load(FXGLAssetLoaderService.kt:625)
	at com.almasb.fxgl.all@17.1/com.almasb.fxgl.app.services.FXGLAssetLoaderService.load(FXGLAssetLoaderService.kt:530)
	at com.almasb.fxgl.all@17.1/com.almasb.fxgl.app.services.FXGLAssetLoaderService.load(FXGLAssetLoaderService.kt:507)
	at com.almasb.fxgl.all@17.1/com.almasb.fxgl.app.services.FXGLAssetLoaderService.load(FXGLAssetLoaderService.kt:496)
	at com.almasb.fxgl.all@17.1/com.almasb.fxgl.app.services.FXGLAssetLoaderService.loadImage(FXGLAssetLoaderService.kt:166)
	at com.almasb.fxgl.all@17.1/com.almasb.fxgl.app.services.FXGLAssetLoaderService.loadTexture(FXGLAssetLoaderService.kt:125)
	at com.almasb.fxgl.all@17.1/com.almasb.fxgl.dsl.FXGL$Companion.texture(FXGL.kt:401)
	at com.almasb.fxgl.all@17.1/com.almasb.fxgl.dsl.EntityBuilder.view(EntityBuilder.kt:164)
	at com.example.academicrumble/com.example.academicrumble.Sprite.<init>(Sprite.java:30)
	at com.example.academicrumble/com.example.academicrumble.Fighter.<init>(Fighter.java:20)
	at com.example.academicrumble/com.example.academicrumble.AcademicRumbleFactory.spawnEnemy(AcademicRumbleFactory.java:43)
	at java.base/jdk.internal.reflect.DirectMethodHandleAccessor.invoke(DirectMethodHandleAccessor.java:104)
	at java.base/java.lang.reflect.Method.invoke(Method.java:577)
	at com.almasb.fxgl.core@17.1/com.almasb.fxgl.core.reflect.ReflectionUtils.call(ReflectionUtils.java:104)
	at com.almasb.fxgl.core@17.1/com.almasb.fxgl.core.reflect.ReflectionUtils.lambda$mapToFunction$3(ReflectionUtils.java:111)
	at com.almasb.fxgl.entity@17.1/com.almasb.fxgl.entity.GameWorld$create$2.invoke(GameWorld.kt:430)
	at com.almasb.fxgl.entity@17.1/com.almasb.fxgl.entity.GameWorld$create$2.invoke(GameWorld.kt:430)
	at com.almasb.fxgl.core@17.1/com.almasb.fxgl.core.util.DSLKt.tryCatchRoot(DSL.kt:34)
	at com.almasb.fxgl.entity@17.1/com.almasb.fxgl.entity.GameWorld.create(GameWorld.kt:430)
	at com.almasb.fxgl.entity@17.1/com.almasb.fxgl.entity.GameWorld.spawn(GameWorld.kt:396)
	at com.almasb.fxgl.all@17.1/com.almasb.fxgl.dsl.FXGL$Companion.spawn(FXGL.kt:565)
	at com.almasb.fxgl.all@17.1/com.almasb.fxgl.dsl.FXGL.spawn(FXGL.kt)
	at com.example.academicrumble/com.example.academicrumble.GameWorldController.spawn(GameWorldController.java:42)
	at com.example.academicrumble/com.example.academicrumble.Game.initGame(Game.java:69)
	at com.almasb.fxgl.all@17.1/com.almasb.fxgl.app.FXGLApplication$InitAppTask.initGame(FXGLApplication.kt:339)
	at com.almasb.fxgl.all@17.1/com.almasb.fxgl.app.FXGLApplication$InitAppTask.call(FXGLApplication.kt:319)
	at com.almasb.fxgl.all@17.1/com.almasb.fxgl.app.FXGLApplication$InitAppTask.call(FXGLApplication.kt:311)
	at javafx.graphics@18.0.1/javafx.concurrent.Task$TaskCallable.call(Task.java:1426)
	at java.base/java.util.concurrent.FutureTask.run(FutureTask.java:264)
	at java.base/java.util.concurrent.Executors$RunnableAdapter.call(Executors.java:539)
	at java.base/java.util.concurrent.FutureTask.run(FutureTask.java:264)
	at java.base/java.util.concurrent.ThreadPoolExecutor.runWorker(ThreadPoolExecutor.java:1136)
	at java.base/java.util.concurrent.ThreadPoolExecutor$Worker.run(ThreadPoolExecutor.java:635)
	at java.base/java.lang.Thread.run(Thread.java:833)

09:58:57.099 [FXGL Background Thread 1 ] INFO  FXGLApplication      - Game initialization took: 0,265 sec
09:58:57.111 [JavaFX Application Thread] DEBUG Input                - Clearing active input actions
09:58:57.119 [JavaFX Application Thread] DEBUG GameApplicationServi - Removing overlay from FXGLLoadingScene and adding to GameScene
09:58:57.120 [JavaFX Application Thread] DEBUG PrimaryStageWindow   - FXGLLoadingScene -> GameScene
09:58:57.212 [FXGL Background Thread 2 ] INFO  UpdaterService       - Your current version:  17.1
09:58:57.212 [FXGL Background Thread 2 ] INFO  UpdaterService       - Latest stable version: 17.3
09:58:59.741 [FXGL Background Thread 3 ] DEBUG Engine               - Logging environment variables
09:58:59.742 [FXGL Background Thread 3 ] DEBUG Engine               - achievements: []
09:58:59.742 [FXGL Background Thread 3 ] DEBUG Engine               - actualHeight: 640.0
09:58:59.742 [FXGL Background Thread 3 ] DEBUG Engine               - actualHeightProperty: ReadOnlyDoubleProperty [value: 640.0]
09:58:59.742 [FXGL Background Thread 3 ] DEBUG Engine               - actualWidth: 1280.0
09:58:59.742 [FXGL Background Thread 3 ] DEBUG Engine               - actualWidthProperty: ReadOnlyDoubleProperty [value: 1280.0]
09:58:59.742 [FXGL Background Thread 3 ] DEBUG Engine               - appIcon: fxgl_icon.png
09:58:59.742 [FXGL Background Thread 3 ] DEBUG Engine               - applicationMode: DEVELOPER
09:58:59.742 [FXGL Background Thread 3 ] DEBUG Engine               - cSSList: [fxgl_dark.css]
09:58:59.742 [FXGL Background Thread 3 ] DEBUG Engine               - collisionDetectionStrategy: BRUTE_FORCE
09:58:59.742 [FXGL Background Thread 3 ] DEBUG Engine               - configClass: Optional.empty
09:58:59.742 [FXGL Background Thread 3 ] DEBUG Engine               - credits: []
09:58:59.742 [FXGL Background Thread 3 ] DEBUG Engine               - defaultCursor: CursorInfo(imageName=fxgl_default_cursor.png, hotspotX=7.0, hotspotY=6.0)
09:58:59.743 [FXGL Background Thread 3 ] DEBUG Engine               - devBBoxColorProperty: ObjectProperty [value: 0xff0000ff]
09:58:59.743 [FXGL Background Thread 3 ] DEBUG Engine               - devEnableDebugCameraProperty: BooleanProperty [value: false]
09:58:59.743 [FXGL Background Thread 3 ] DEBUG Engine               - devSensorColorProperty: ObjectProperty [value: 0xffff00ff]
09:58:59.743 [FXGL Background Thread 3 ] DEBUG Engine               - devShowBBoxProperty: BooleanProperty [value: false]
09:58:59.743 [FXGL Background Thread 3 ] DEBUG Engine               - devShowPositionProperty: BooleanProperty [value: false]
09:58:59.743 [FXGL Background Thread 3 ] DEBUG Engine               - enabledMenuItems: []
09:58:59.743 [FXGL Background Thread 3 ] DEBUG Engine               - engineServices: [class com.almasb.fxgl.app.services.FXGLAssetLoaderService, class com.almasb.fxgl.app.FXGLApplication$GameApplicationService, class com.almasb.fxgl.app.services.FXGLDialogService, class com.almasb.fxgl.app.services.IOTaskExecutorService, class com.almasb.fxgl.io.FileSystemService, class com.almasb.fxgl.localization.LocalizationService, class com.almasb.fxgl.app.services.SystemBundleService, class com.almasb.fxgl.profile.SaveLoadService, class com.almasb.fxgl.ui.FXGLUIFactoryServiceProvider, class com.almasb.fxgl.ui.FXGLDialogFactoryServiceProvider, class com.almasb.fxgl.audio.AudioPlayer, class com.almasb.fxgl.notification.impl.NotificationServiceProvider, class com.almasb.fxgl.achievement.AchievementService, class com.almasb.fxgl.cutscene.CutsceneService, class com.almasb.fxgl.minigames.MiniGameService, class com.almasb.fxgl.net.NetService, class com.almasb.fxgl.app.services.UpdaterService, class com.almasb.fxgl.dev.DevService]
09:58:59.743 [FXGL Background Thread 3 ] DEBUG Engine               - fontGame: Abel-Regular.ttf
09:58:59.743 [FXGL Background Thread 3 ] DEBUG Engine               - fontMono: TerminalLandMono-Regular.otf
09:58:59.743 [FXGL Background Thread 3 ] DEBUG Engine               - fontText: Courier-Prime.ttf
09:58:59.743 [FXGL Background Thread 3 ] DEBUG Engine               - fontUI: VarelaRound-Regular.ttf
09:58:59.743 [FXGL Background Thread 3 ] DEBUG Engine               - fullScreen: BooleanProperty [value: false]
09:58:59.743 [FXGL Background Thread 3 ] DEBUG Engine               - gameDifficulty: MEDIUM
09:58:59.743 [FXGL Background Thread 3 ] DEBUG Engine               - gameDifficultyProperty: ObjectProperty [value: MEDIUM]
09:58:59.743 [FXGL Background Thread 3 ] DEBUG Engine               - globalMusicVolume: 0.5
09:58:59.743 [FXGL Background Thread 3 ] DEBUG Engine               - globalMusicVolumeProperty: DoubleProperty [value: 0.5]
09:58:59.743 [FXGL Background Thread 3 ] DEBUG Engine               - globalSoundVolume: 0.5
09:58:59.744 [FXGL Background Thread 3 ] DEBUG Engine               - globalSoundVolumeProperty: DoubleProperty [value: 0.5]
09:58:59.744 [FXGL Background Thread 3 ] DEBUG Engine               - height: 640
09:58:59.744 [FXGL Background Thread 3 ] DEBUG Engine               - is3D: false
09:58:59.744 [FXGL Background Thread 3 ] DEBUG Engine               - isAndroid: false
09:58:59.744 [FXGL Background Thread 3 ] DEBUG Engine               - isBrowser: false
09:58:59.744 [FXGL Background Thread 3 ] DEBUG Engine               - isClickFeedbackEnabled: false
09:58:59.744 [FXGL Background Thread 3 ] DEBUG Engine               - isCloseConfirmation: false
09:58:59.744 [FXGL Background Thread 3 ] DEBUG Engine               - isDesktop: true
09:58:59.744 [FXGL Background Thread 3 ] DEBUG Engine               - isDeveloperMenuEnabled: false
09:58:59.744 [FXGL Background Thread 3 ] DEBUG Engine               - isEmbedded: false
09:58:59.744 [FXGL Background Thread 3 ] DEBUG Engine               - isEntityPreloadEnabled: true
09:58:59.744 [FXGL Background Thread 3 ] DEBUG Engine               - isExperimentalTiledLargeMap: false
09:58:59.744 [FXGL Background Thread 3 ] DEBUG Engine               - isFileSystemWriteAllowed: true
09:58:59.744 [FXGL Background Thread 3 ] DEBUG Engine               - isFullScreenAllowed: false
09:58:59.744 [FXGL Background Thread 3 ] DEBUG Engine               - isFullScreenFromStart: false
09:58:59.744 [FXGL Background Thread 3 ] DEBUG Engine               - isGameMenuEnabled: true
09:58:59.744 [FXGL Background Thread 3 ] DEBUG Engine               - isIOS: false
09:58:59.744 [FXGL Background Thread 3 ] DEBUG Engine               - isIntroEnabled: false
09:58:59.744 [FXGL Background Thread 3 ] DEBUG Engine               - isLinux: false
09:58:59.744 [FXGL Background Thread 3 ] DEBUG Engine               - isMac: false
09:58:59.745 [FXGL Background Thread 3 ] DEBUG Engine               - isMainMenuEnabled: false
09:58:59.745 [FXGL Background Thread 3 ] DEBUG Engine               - isManualResizeEnabled: false
09:58:59.745 [FXGL Background Thread 3 ] DEBUG Engine               - isMobile: false
09:58:59.745 [FXGL Background Thread 3 ] DEBUG Engine               - isNative: false
09:58:59.745 [FXGL Background Thread 3 ] DEBUG Engine               - isPauseMusicWhenMinimized: true
09:58:59.745 [FXGL Background Thread 3 ] DEBUG Engine               - isPreserveResizeRatio: false
09:58:59.745 [FXGL Background Thread 3 ] DEBUG Engine               - isProfilingEnabled: false
09:58:59.745 [FXGL Background Thread 3 ] DEBUG Engine               - isScaleAffectedOnResize: true
09:58:59.745 [FXGL Background Thread 3 ] DEBUG Engine               - isSingleStep: false
09:58:59.745 [FXGL Background Thread 3 ] DEBUG Engine               - isUserProfileEnabled: false
09:58:59.745 [FXGL Background Thread 3 ] DEBUG Engine               - isWindows: true
09:58:59.745 [FXGL Background Thread 3 ] DEBUG Engine               - language: ObjectProperty [value: ENGLISH]
09:58:59.745 [FXGL Background Thread 3 ] DEBUG Engine               - menuKey: ESCAPE
09:58:59.745 [FXGL Background Thread 3 ] DEBUG Engine               - mouseSensitivity: 0.2
09:58:59.745 [FXGL Background Thread 3 ] DEBUG Engine               - notificationViewClass: class com.almasb.fxgl.notification.view.XboxNotificationView
09:58:59.745 [FXGL Background Thread 3 ] DEBUG Engine               - pixelsPerMeter: 50.0
09:58:59.745 [FXGL Background Thread 3 ] DEBUG Engine               - platform: WINDOWS
09:58:59.745 [FXGL Background Thread 3 ] DEBUG Engine               - prefHeightProperty: ReadOnlyDoubleProperty [value: 640.0]
09:58:59.745 [FXGL Background Thread 3 ] DEBUG Engine               - prefWidthProperty: ReadOnlyDoubleProperty [value: 1280.0]
09:58:59.745 [FXGL Background Thread 3 ] DEBUG Engine               - profileDir: profiles/
09:58:59.746 [FXGL Background Thread 3 ] DEBUG Engine               - profileName: StringProperty [value: DEFAULT]
09:58:59.746 [FXGL Background Thread 3 ] DEBUG Engine               - randomSeed: -1
09:58:59.746 [FXGL Background Thread 3 ] DEBUG Engine               - runtimeInfo: RuntimeInfo(platform=WINDOWS, version=17.1, build=24.03.2022 17.34)
09:58:59.746 [FXGL Background Thread 3 ] DEBUG Engine               - saveFileExt: sav
09:58:59.746 [FXGL Background Thread 3 ] DEBUG Engine               - scaledHeightProp$fxgl: DoubleProperty [bound, value: 640.0]
09:58:59.746 [FXGL Background Thread 3 ] DEBUG Engine               - scaledWidthProp$fxgl: DoubleProperty [bound, value: 1280.0]
09:58:59.746 [FXGL Background Thread 3 ] DEBUG Engine               - sceneFactory: com.almasb.fxgl.app.scene.SceneFactory@f2a86f4
09:58:59.746 [FXGL Background Thread 3 ] DEBUG Engine               - secondsIn24h: 60
09:58:59.746 [FXGL Background Thread 3 ] DEBUG Engine               - soundMenuBack: menu/back.wav
09:58:59.746 [FXGL Background Thread 3 ] DEBUG Engine               - soundMenuPress: menu/press.wav
09:58:59.746 [FXGL Background Thread 3 ] DEBUG Engine               - soundMenuSelect: menu/select.wav
09:58:59.746 [FXGL Background Thread 3 ] DEBUG Engine               - soundNotification: core/notification.wav
09:58:59.746 [FXGL Background Thread 3 ] DEBUG Engine               - stageStyle: DECORATED
09:58:59.746 [FXGL Background Thread 3 ] DEBUG Engine               - supportedLanguages: [ENGLISH, FRENCH, GERMAN, HUNGARIAN, RUSSIAN]
09:58:59.746 [FXGL Background Thread 3 ] DEBUG Engine               - ticksPerSecond: -1
09:58:59.746 [FXGL Background Thread 3 ] DEBUG Engine               - title: Academic Rumble
09:58:59.746 [FXGL Background Thread 3 ] DEBUG Engine               - urlGithub: https://github.com/AlmasB/FXGL
09:58:59.746 [FXGL Background Thread 3 ] DEBUG Engine               - urlLeaderboard: http://fxgl-top.herokuapp.com/
09:58:59.747 [FXGL Background Thread 3 ] DEBUG Engine               - urlPOM: https://raw.githubusercontent.com/AlmasB/FXGL/release/README.md
09:58:59.747 [FXGL Background Thread 3 ] DEBUG Engine               - userAppClass: class com.example.academicrumble.Game
09:58:59.747 [FXGL Background Thread 3 ] DEBUG Engine               - version: 1.0
09:58:59.747 [FXGL Background Thread 3 ] DEBUG Engine               - versionCheckDays: 7
09:58:59.747 [FXGL Background Thread 3 ] DEBUG Engine               - width: 1280
09:58:59.747 [FXGL Background Thread 3 ] DEBUG Engine               - Logging services
09:58:59.747 [FXGL Background Thread 3 ] DEBUG Engine               - class com.almasb.fxgl.app.services.FXGLAssetLoaderService
09:58:59.747 [FXGL Background Thread 3 ] DEBUG Engine               - class com.almasb.fxgl.app.FXGLApplication$GameApplicationService
09:58:59.747 [FXGL Background Thread 3 ] DEBUG Engine               - class com.almasb.fxgl.app.services.FXGLDialogService
09:58:59.747 [FXGL Background Thread 3 ] DEBUG Engine               - class com.almasb.fxgl.app.services.IOTaskExecutorService
09:58:59.747 [FXGL Background Thread 3 ] DEBUG Engine               - class com.almasb.fxgl.io.FileSystemService
09:58:59.747 [FXGL Background Thread 3 ] DEBUG Engine               - class com.almasb.fxgl.localization.LocalizationService
09:58:59.747 [FXGL Background Thread 3 ] DEBUG Engine               - class com.almasb.fxgl.app.services.SystemBundleService
09:58:59.747 [FXGL Background Thread 3 ] DEBUG Engine               - class com.almasb.fxgl.profile.SaveLoadService
09:58:59.747 [FXGL Background Thread 3 ] DEBUG Engine               - class com.almasb.fxgl.ui.FXGLUIFactoryServiceProvider
09:58:59.747 [FXGL Background Thread 3 ] DEBUG Engine               - class com.almasb.fxgl.ui.FXGLDialogFactoryServiceProvider
09:58:59.747 [FXGL Background Thread 3 ] DEBUG Engine               - class com.almasb.fxgl.audio.AudioPlayer
09:58:59.747 [FXGL Background Thread 3 ] DEBUG Engine               - class com.almasb.fxgl.notification.impl.NotificationServiceProvider
09:58:59.747 [FXGL Background Thread 3 ] DEBUG Engine               - class com.almasb.fxgl.achievement.AchievementService
09:58:59.747 [FXGL Background Thread 3 ] DEBUG Engine               - class com.almasb.fxgl.cutscene.CutsceneService
09:58:59.747 [FXGL Background Thread 3 ] DEBUG Engine               - class com.almasb.fxgl.minigames.MiniGameService
09:58:59.747 [FXGL Background Thread 3 ] DEBUG Engine               - class com.almasb.fxgl.net.NetService
09:58:59.747 [FXGL Background Thread 3 ] DEBUG Engine               - class com.almasb.fxgl.app.services.UpdaterService
09:58:59.747 [FXGL Background Thread 3 ] DEBUG Engine               - class com.almasb.fxgl.dev.DevService
09:59:14.758 [JavaFX Application Thread] DEBUG FXGLApplication      - Exiting FXGL
09:59:14.759 [JavaFX Application Thread] DEBUG LoopRunner           - Stopping loop
09:59:14.759 [JavaFX Application Thread] DEBUG SystemBundleService  - Saving FXGL system data
09:59:14.760 [JavaFX Application Thread] DEBUG FileSystemAccess     - Writing to: D:\Leiden\Challange Week\AcademicRumble\system\fxgl.bundle
09:59:14.762 [JavaFX Application Thread] DEBUG Async                - Shutting down background threads
09:59:14.762 [JavaFX Application Thread] DEBUG PrimaryStageWindow   - Closing main window
09:59:14.775 [JavaFX Application Thread] DEBUG Logger               - Closing Logger
